 Opening abi2bgw.in
 Summary of input variables
 wfng_file_abi out_data/odat_WFK
 wfng_flag      T
 wfng_file     wfn.cplx
 wfng_nk1                 2
 wfng_nk2                 2
 wfng_nk3                 2
 wfng_dk1        0.50200000000000000     
 wfng_dk2        0.50000000000000000     
 wfng_dk3        0.50000000000000000     
 rhog_file_abi ../11-Density/out_data/odat_DEN
 rhog_flag      T
 rhog_file     rho.cplx
 cell_symmetry              0
 symrel_file_flag F
 #Generated list of g-vectors for density\/potential writen in file: gsphere_bgw.out
 spin            1 kpt            1 /           8
 spin            1 kpt            2 /           8
 spin            1 kpt            3 /           8
 spin            1 kpt            4 /           8
 spin            1 kpt            5 /           8
 spin            1 kpt            6 /           8
 spin            1 kpt            7 /           8
 spin            1 kpt            8 /           8
 Writing DEN file:
Reading header of density file
 Inconsistency found in the following input parameters
 List of stored \& read values:
nkpt         8 /=      4
nband        9 /=      5
 There may be a difference in kpoints/bands in the DEN/WFK calculations
 Assuming an experienced user, the calculation will continue
 Reading density array     16 x     16 x     16 x      1
 Norm of rho( spin = 1 ) =       8.00
 Calculation completed
