
 BerkeleyGW trunk revision 6943
 Epsilon code, Complex version, run on 04-Jan-2016 at 12:52:27 -0800

 Running MPI version (parallel)
 Running with 8 MPI task(s)
 Computing the static inverse dielectric matrix

 We are using matrix communication scheme

 We are communicating via MPI

 We are using no truncation

 Highest occupied band (unshifted grid) = 4
 Valence max    (unshifted grid) = 4.692360 eV
 Conduction min (unshifted grid) = 6.963710 eV
 Middle energy  (unshifted grid) = 5.828035 eV
 Fermi  energy  (unshifted grid) = 5.828035 eV

 Highest occupied band (shifted grid) = 4
 Running with 2 valence pools
 Number of conduction bands per processor: 1
 Number of valence bands per processor: 2

 Memory available:     771.9 MB per PE
 Memory required for execution:    0.7 MB per PE
 Memory required for vcoul:    0.0 MB per PE

 Cell Volume = 0.304851829E+03

 Number of electrons per unit cell (from ifmax) = 8.000000
 Number of electrons per unit cell (from occupations) = 8.000000
 Plasma Frequency = 1.148512 Ry

 Screened Coulomb cutoff: 10.000 Ry
 Total number of bands: 8
 Number of q-points: 3

 Scissors parameters
 Valence:    es =   0.0000 eV, e0 =   0.0000 eV, edel =   0.0000
 Conduction: es =   0.0000 eV, e0 =   0.0000 eV, edel =   0.0000
 Highest occupied band (shifted grid) = 4

 Crystal k+q WFs read from WFNq


     q= 0.0010 0.0000 0.0000  nmtx=     169  nrk= 10

           independent matrix elements of chi       spin index= 1 1

          g          g**2          gp          gp**2          chi(g,gp)
    0    0    0   0.00000         0    0    0   0.00000       -0.0000009826  -0.0000000000
    0    0    0   0.00000        -1   -1   -1   1.03764        0.0000004780   0.0000064427
    0    0    0   0.00000        -1    0    0   1.03764        0.0000017731  -0.0000199367
    0    0    0   0.00000         0   -1    0   1.03764       -0.0000007081   0.0000067622
    0    0    0   0.00000         0    0   -1   1.03764       -0.0000007081   0.0000067622
    0    0    0   0.00000         0    0    1   1.03764        0.0000004780   0.0000064427
    0    0    0   0.00000         0    1    0   1.03764        0.0000004780   0.0000064427
    0    0    0   0.00000         1    0    0   1.03764       -0.0000017855  -0.0000196785
    0    0    0   0.00000         1    1    1   1.03764       -0.0000007081   0.0000067622
    0    0    0   0.00000        -1   -1    0   1.38353       -0.0000098088  -0.0000001121
    0    0    0   0.00000        -1    0   -1   1.38353       -0.0000098088  -0.0000001121
    0    0    0   0.00000         0   -1   -1   1.38353        0.0000097615   0.0000001121
    0    0    0   0.00000         0    1    1   1.38353       -0.0000098088  -0.0000001121
    0    0    0   0.00000         1    0    1   1.38353        0.0000097615   0.0000001121
    0    0    0   0.00000         1    1    0   1.38353        0.0000097615   0.0000001121
    0    0    0   0.00000        -2   -1   -1   2.76705       -0.0000253629   0.0000005988
    0    0    0   0.00000        -1   -2   -1   2.76705       -0.0000000052  -0.0000006023
    0    0    0   0.00000        -1   -1   -2   2.76705       -0.0000000052  -0.0000006023
    0    0    0   0.00000        -1    0    1   2.76705       -0.0000253629   0.0000005988
    0    0    0   0.00000        -1    1    0   2.76705       -0.0000253629   0.0000005988
    0    0    0   0.00000         0   -1    1   2.76705       -0.0000000052  -0.0000006023
    0    0    0   0.00000         0    1   -1   2.76705       -0.0000000052  -0.0000006023
    0    0    0   0.00000         1   -1    0   2.76705        0.0000252548   0.0000006059
    0    0    0   0.00000         1    0   -1   2.76705        0.0000252548   0.0000006059
    0    0    0   0.00000         1    1    2   2.76705       -0.0000000052  -0.0000006023
    0    0    0   0.00000         1    2    1   2.76705       -0.0000000052  -0.0000006023
    0    0    0   0.00000         2    1    1   2.76705        0.0000252548   0.0000006059
    0    0    0   0.00000        -2   -2   -1   3.80470       -0.0000062313   0.0000081199
    0    0    0   0.00000        -2   -1   -2   3.80470       -0.0000062313   0.0000081199
    0    0    0   0.00000        -2   -1    0   3.80470       -0.0000150759  -0.0000201487
    0    0    0   0.00000        -2    0   -1   3.80470       -0.0000150759  -0.0000201487
    0    0    0   0.00000        -1   -2   -2   3.80470       -0.0000025172   0.0000038189
    0    0    0   0.00000         1    0    3   8.30115       -0.0000002764  -0.0000005422
    0    0    0   0.00000         1    1   -2   8.30115       -0.0000002754  -0.0000007276
    0    0    0   0.00000         1    3    0   8.30115       -0.0000002764  -0.0000005422
    0    0    0   0.00000         2   -1   -1   8.30115       -0.0000002764   0.0000019885
    0    0    0   0.00000         2    3    3   8.30115        0.0000003287  -0.0000005390
    0    0    0   0.00000         3    0    1   8.30115       -0.0000002764   0.0000019885
    0    0    0   0.00000         3    1    0   8.30115       -0.0000002764   0.0000019885
    0    0    0   0.00000         3    2    3   8.30115       -0.0000002754  -0.0000007276
    0    0    0   0.00000         3    3    2   8.30115       -0.0000002754  -0.0000007276
    0    0    0   0.00000        -3   -3   -3   9.33880       -0.0000005345   0.0000003205
    0    0    0   0.00000        -3   -3   -1   9.33880        0.0000005753   0.0000003769
    0    0    0   0.00000        -3   -2    0   9.33880        0.0000015745  -0.0000002737
    0    0    0   0.00000        -3   -1   -3   9.33880        0.0000005753   0.0000003769
    0    0    0   0.00000        -3    0   -2   9.33880        0.0000015745  -0.0000002737
    0    0    0   0.00000        -3    0    0   9.33880       -0.0000016070  -0.0000009619
    0    0    0   0.00000        -2   -3    0   9.33880       -0.0000004375  -0.0000004584
    0    0    0   0.00000        -2   -2    1   9.33880        0.0000005753   0.0000003769
    0    0    0   0.00000        -2    0   -3   9.33880       -0.0000004375  -0.0000004584
    0    0    0   0.00000        -2    1   -2   9.33880        0.0000005753   0.0000003769
    0    0    0   0.00000        -1   -3   -3   9.33880        0.0000004463  -0.0000004449
    0    0    0   0.00000        -1    2    2   9.33880        0.0000015745  -0.0000002737
    0    0    0   0.00000         0   -3   -2   9.33880       -0.0000005504   0.0000003465
    0    0    0   0.00000         0   -3    0   9.33880        0.0000005374   0.0000003292
    0    0    0   0.00000         0   -2   -3   9.33880       -0.0000005504   0.0000003465
    0    0    0   0.00000         0    0   -3   9.33880        0.0000005374   0.0000003292
    0    0    0   0.00000         0    0    3   9.33880       -0.0000005345   0.0000003205
    0    0    0   0.00000         0    2    3   9.33880        0.0000005753   0.0000003769
    0    0    0   0.00000         0    3    0   9.33880       -0.0000005345   0.0000003205
    0    0    0   0.00000         0    3    2   9.33880        0.0000005753   0.0000003769
    0    0    0   0.00000         1   -2   -2   9.33880       -0.0000015608  -0.0000002699
    0    0    0   0.00000         1    3    3   9.33880       -0.0000004375  -0.0000004584
    0    0    0   0.00000         2   -1    2   9.33880       -0.0000005504   0.0000003465
   -1   -1   -1   1.03764        -1   -1   -1   1.03764       -0.0126396356   0.0000000000
   -1    0    0   1.03764        -1    0    0   1.03764       -0.0126494209   0.0000000000
    0   -1    0   1.03764         0   -1    0   1.03764       -0.0126298077  -0.0000000000
    0    0   -1   1.03764         0    0   -1   1.03764       -0.0126298077  -0.0000000000
    0    0    1   1.03764         0    0    1   1.03764       -0.0126396356   0.0000000000
    0    1    0   1.03764         0    1    0   1.03764       -0.0126396356   0.0000000000
    1    0    0   1.03764         1    0    0   1.03764       -0.0126199385   0.0000000000
    1    1    1   1.03764         1    1    1   1.03764       -0.0126298077  -0.0000000000
   -1   -1    0   1.38353        -1   -1    0   1.38353       -0.0127699555  -0.0000000000
   -1    0   -1   1.38353        -1    0   -1   1.38353       -0.0127699555  -0.0000000000
    0   -1   -1   1.38353         0   -1   -1   1.38353       -0.0127370733   0.0000000000
    0    1    1   1.38353         0    1    1   1.38353       -0.0127699555  -0.0000000000
    1    0    1   1.38353         1    0    1   1.38353       -0.0127370733  -0.0000000000
    1    1    0   1.38353         1    1    0   1.38353       -0.0127370733   0.0000000000
   -2   -1   -1   2.76705        -2   -1   -1   2.76705       -0.0074476946  -0.0000000000
   -1   -2   -1   2.76705        -1   -2   -1   2.76705       -0.0074282918  -0.0000000000
   -1   -1   -2   2.76705        -1   -1   -2   2.76705       -0.0074282917   0.0000000000
   -1    0    1   2.76705        -1    0    1   2.76705       -0.0074476946   0.0000000000
   -1    1    0   2.76705        -1    1    0   2.76705       -0.0074476946  -0.0000000000
    0   -1    1   2.76705         0   -1    1   2.76705       -0.0074282917  -0.0000000000
    0    1   -1   2.76705         0    1   -1   2.76705       -0.0074282918   0.0000000000
    1   -1    0   2.76705         1   -1    0   2.76705       -0.0074087562  -0.0000000000
    1    0   -1   2.76705         1    0   -1   2.76705       -0.0074087562   0.0000000000
    1    1    2   2.76705         1    1    2   2.76705       -0.0074282917   0.0000000000
    1    2    1   2.76705         1    2    1   2.76705       -0.0074282917  -0.0000000000
    2    1    1   2.76705         2    1    1   2.76705       -0.0074087562  -0.0000000000
   -2   -2   -1   3.80470        -2   -2   -1   3.80470       -0.0034908638  -0.0000000000
   -2   -1   -2   3.80470        -2   -1   -2   3.80470       -0.0034908638  -0.0000000000
   -2   -1    0   3.80470        -2   -1    0   3.80470       -0.0034954403   0.0000000000
   -2    0   -1   3.80470        -2    0   -1   3.80470       -0.0034954403   0.0000000000
   -1   -2   -2   3.80470        -1   -2   -2   3.80470       -0.0034770084  -0.0000000000
    2    2    0   5.53410         1    0    3   8.30115        0.0000127849  -0.0000049934
   -3   -2   -2   6.57175         1    1   -2   8.30115       -0.0000187076   0.0000068396
   -3   -1   -1   6.57175         1    3    0   8.30115       -0.0000188717  -0.0000068988
   -2   -3   -2   6.57175         2   -1   -1   8.30115        0.0000068498  -0.0000384154
   -2   -2   -3   6.57175         2    3    3   8.30115       -0.0000127608   0.0000555798
   -2    0    1   6.57175         3    0    1   8.30115       -0.0000302508  -0.0000787482
   -2    1    0   6.57175         3    1    0   8.30115       -0.0000302508  -0.0000787482
   -1   -3   -1   6.57175         3    2    3   8.30115       -0.0000118822  -0.0000262742
   -1   -1   -3   6.57175         3    3    2   8.30115       -0.0000118822  -0.0000262742
   -1    0    2   6.57175        -3   -3   -3   9.33880        0.0000016686  -0.0000019451
   -1    2    0   6.57175        -3   -3   -1   9.33880        0.0000109687   0.0000021819
    0   -2    1   6.57175        -3   -2    0   9.33880        0.0000069550   0.0000072962
    0   -1    2   6.57175        -3   -1   -3   9.33880       -0.0000203202   0.0000047812
    0    1   -2   6.57175        -3    0   -2   9.33880        0.0000069550   0.0000072962
    0    2   -1   6.57175        -3    0    0   9.33880        0.0000026808  -0.0000023647
    1   -2    0   6.57175        -2   -3    0   9.33880       -0.0000147388   0.0000037849
    1    0   -2   6.57175        -2   -2    1   9.33880        0.0000400993  -0.0000019546
    1    1    3   6.57175        -2    0   -3   9.33880        0.0000401646   0.0000018966
    1    3    1   6.57175        -2    1   -2   9.33880       -0.0000148075  -0.0000037617
    2   -1    0   6.57175        -1   -3   -3   9.33880        0.0000069494  -0.0000072541
    2    0   -1   6.57175        -1    2    2   9.33880        0.0000400709   0.0000020032
    2    2    3   6.57175         0   -3   -2   9.33880       -0.0000200390  -0.0000048820
    2    3    2   6.57175         0   -3    0   9.33880        0.0000128780   0.0000166841
    3    1    1   6.57175         0   -2   -3   9.33880       -0.0000257116  -0.0000035810
    3    2    2   6.57175         0    0   -3   9.33880        0.0000016180   0.0000019301
   -3   -2   -1   6.91763         0    0    3   9.33880       -0.0000034970   0.0000011815
   -3   -1   -2   6.91763         0    2    3   9.33880       -0.0000071105  -0.0000103208
   -2   -3   -1   6.91763         0    3    0   9.33880       -0.0000267370  -0.0000316949
   -2   -1   -3   6.91763         0    3    2   9.33880       -0.0000017783   0.0000017812
   -2   -1    1   6.91763         1   -2   -2   9.33880        0.0000019002   0.0000252282
   -2    1   -1   6.91763         1    3    3   9.33880       -0.0000074338   0.0000144017
   -1   -3   -2   6.91763         2   -1    2   9.33880       -0.0000117124  -0.0000011969

 For q0 points, you should check the symmetry (eps(G,G') = eps*(-G,-G')) by
 using the eps0sym code. Wavefunction convergence, as well as a finite q-shift
 may cause this property of eps(G,G') to be broken.


             g                   gp         inverse epsilon           nspin= 1
         0    0    0         0    0    0        0.04472258  -0.00000000
        -1   -1   -1         0    0    0        0.00000033  -0.00000522
        -1   -1   -1        -1   -1   -1        0.79154242  -0.00000000
        -1    0    0        -1   -1   -1        0.00910270   0.00516591
        -1    0    0        -1    0    0        0.79644590   0.00000000
         0   -1    0        -1    0    0       -0.01324346   0.00000346
         0   -1    0         0   -1    0        0.79198796  -0.00000000
         0    0   -1         0   -1    0       -0.01073583   0.00000000
         0    0   -1         0    0   -1        0.79198796   0.00000000
         0    0    1         0    0   -1       -0.02442536  -0.08708583
         0    0    1         0    0    1        0.79154242   0.00000000
         0    1    0         0    0    1       -0.01064703  -0.00000000
         0    1    0         0    1    0        0.79154242  -0.00000000
         1    0    0         0    1    0       -0.01327092  -0.00000333
         1    0    0         1    0    0        0.79741455  -0.00000000
         1    1    1         1    0    0        0.00903187   0.00519881
         1    1    1         1    1    1        0.79198796   0.00000000
        -1   -1    0         1    1    1       -0.01133206  -0.00719493
        -1   -1    0        -1   -1    0        0.82817308  -0.00000000
        -1    0   -1        -1   -1    0        0.00543036  -0.00000000
        -1    0   -1        -1    0   -1        0.82817308  -0.00000000
         0   -1   -1        -1    0   -1        0.00357979  -0.00000005
         0   -1   -1         0   -1   -1        0.82881379   0.00000000
         0    1    1         0   -1   -1        0.00752688  -0.00000016
         0    1    1         0    1    1        0.82817308  -0.00000000
         1    0    1         0    1    1        0.00357979  -0.00000005
         1    0    1         1    0    1        0.82881379  -0.00000000
         1    1    0         1    0    1        0.00537331   0.00000000
         1    1    0         1    1    0        0.82881379  -0.00000000
        -2   -1   -1         1    1    0        0.00104243  -0.00002809
        -2   -1   -1        -2   -1   -1        0.94662094  -0.00000000
        -1   -2   -1        -2   -1   -1       -0.00078971  -0.00003231
        -1   -2   -1        -1   -2   -1        0.94190922   0.00000000
        -1   -1   -2        -1   -2   -1       -0.00079214  -0.00000000
        -1   -1   -2        -1   -1   -2        0.94190922  -0.00000000
        -1    0    1        -1   -1   -2        0.00449880   0.00063151
        -1    0    1        -1    0    1        0.94662094  -0.00000000
        -1    1    0        -1    0    1        0.00413338   0.00000000
        -1    1    0        -1    1    0        0.94662094  -0.00000000
         0   -1    1        -1    1    0        0.00449430  -0.00063087
         0   -1    1         0   -1    1        0.94190922   0.00000000
         0    1   -1         0   -1    1        0.01739322   0.00000000
         0    1   -1         0    1   -1        0.94190922   0.00000000
         1   -1    0         0    1   -1        0.00450010  -0.00062373
         1   -1    0         1   -1    0        0.94696213  -0.00000000
         1    0   -1         1   -1    0        0.00402910   0.00000000
         1    0   -1         1    0   -1        0.94696213  -0.00000000
         1    1    2         1    0   -1        0.00450460   0.00062435
         1    1    2         1    1    2        0.94190922   0.00000000
         1    2    1         1    1    2       -0.00080988   0.00000000
         1    2    1         1    2    1        0.94190922  -0.00000000
         2    1    1         1    2    1       -0.00081258  -0.00003031
         2    1    1         2    1    1        0.94696213  -0.00000000
        -2   -2   -1         2    1    1        0.00164666   0.00320484
        -2   -2   -1        -2   -2   -1        0.98079323   0.00000000
        -2   -1   -2        -2   -2   -1       -0.00522206  -0.00000000
        -2   -1   -2        -2   -1   -2        0.98079323  -0.00000000
        -2   -1    0        -2   -1   -2       -0.00052774   0.00150053
        -2   -1    0        -2   -1    0        0.98348620  -0.00000000
        -2    0   -1        -2   -1    0       -0.00249760   0.00000000
        -2    0   -1        -2    0   -1        0.98348620  -0.00000000
        -1   -2   -2        -2    0   -1       -0.00251319   0.00065058
        -1   -2   -2        -1   -2   -2        0.98038533   0.00000000
         2    2    0        -1   -2   -2        0.00008978  -0.00108652
         2    2    0         1    0    3        0.00004973  -0.00002150
        -3   -2   -2         1    0    3        0.00000396   0.00006257
        -3   -2   -2         1    1   -2       -0.00005778   0.00001225
        -3   -1   -1         1    1   -2       -0.00000778  -0.00007733
        -3   -1   -1         1    3    0       -0.00006942  -0.00002458
        -2   -3   -2         1    3    0        0.00004246   0.00003376
        -2   -3   -2         2   -1   -1        0.00000952  -0.00011880
        -2   -2   -3         2   -1   -1        0.00000952  -0.00011880
        -2   -2   -3         2    3    3       -0.00002960   0.00015402
        -2    0    1         2    3    3        0.00001184   0.00012361
        -2    0    1         3    0    1       -0.00008895  -0.00020667
        -2    1    0         3    0    1       -0.00002857  -0.00012264
        -2    1    0         3    1    0       -0.00008895  -0.00020667
        -1   -3   -1         3    1    0       -0.00005623  -0.00002968
        -1   -3   -1         3    2    3       -0.00005780  -0.00008216
        -1   -1   -3         3    2    3        0.00004629  -0.00003097
        -1   -1   -3         3    3    2       -0.00005780  -0.00008216
        -1    0    2         3    3    2       -0.00005778   0.00001225
        -1    0    2        -3   -3   -3       -0.00001286   0.00000021
        -1    2    0        -3   -3   -3       -0.00001286   0.00000021
        -1    2    0        -3   -3   -1        0.00004687   0.00001510
         0   -2    1        -3   -3   -1       -0.00005328   0.00001171
         0   -2    1        -3   -2    0        0.00001775   0.00002070
         0   -1    2        -3   -2    0       -0.00003976  -0.00002001
         0   -1    2        -3   -1   -3       -0.00005507   0.00001910
         0    1   -2        -3   -1   -3       -0.00005328   0.00001171
         0    1   -2        -3    0   -2        0.00001775   0.00002070
         0    2   -1        -3    0   -2       -0.00003976  -0.00002001
         0    2   -1        -3    0    0        0.00001422  -0.00000837
         1   -2    0        -3    0    0        0.00004043   0.00002769
         1   -2    0        -2   -3    0       -0.00003385   0.00001118
         1    0   -2        -2   -3    0       -0.00005448  -0.00001906
         1    0   -2        -2   -2    1        0.00010909  -0.00000292
         1    1    3        -2   -2    1       -0.00003423  -0.00001089
         1    1    3        -2    0   -3        0.00011083   0.00000339
         1    3    1        -2    0   -3       -0.00010062  -0.00000403
         1    3    1        -2    1   -2       -0.00003423  -0.00001089
         2   -1    0        -2    1   -2       -0.00007340   0.00002360
         2   -1    0        -1   -3   -3        0.00001966  -0.00001495
         2    0   -1        -1   -3   -3        0.00001966  -0.00001495
         2    0   -1        -1    2    2        0.00008563   0.00000494
         2    2    3        -1    2    2        0.00001775   0.00002070
         2    2    3         0   -3   -2       -0.00005459  -0.00001927
         2    3    2         0   -3   -2       -0.00006075  -0.00003495
         2    3    2         0   -3    0        0.00002474   0.00003401
         3    1    1         0   -3    0        0.00001890  -0.00001209
         3    1    1         0   -2   -3       -0.00008462  -0.00000584
         3    2    2         0   -2   -3        0.00004660  -0.00001513
         3    2    2         0    0   -3       -0.00001296  -0.00000015
        -3   -2   -1         0    0   -3       -0.00000908   0.00002133
        -3   -2   -1         0    0    3       -0.00000454   0.00002497
        -3   -1   -2         0    0    3       -0.00001847  -0.00001618
        -3   -1   -2         0    2    3       -0.00001220  -0.00003931
        -2   -3   -1         0    2    3       -0.00000055  -0.00000856
        -2   -3   -1         0    3    0       -0.00006021  -0.00007187
        -2   -1   -3         0    3    0        0.00000412   0.00002906
        -2   -1   -3         0    3    2       -0.00000055  -0.00000856
        -2   -1    1         0    3    2       -0.00001363  -0.00005006
        -2   -1    1         1   -2   -2       -0.00000601   0.00005208
        -2    1   -1         1   -2   -2       -0.00000601   0.00005208
        -2    1   -1         1    3    3       -0.00001685   0.00005065
        -1   -3   -2         1    3    3        0.00002361  -0.00010563
        -1   -3   -2         2   -1    2       -0.00003443   0.00001229
         1    0    3         2   -1    2       -0.00003189   0.00003832


     q= 0.0000 0.0000 0.5000  nmtx=     168  nrk= 10

           independent matrix elements of chi       spin index= 1 1

          g          g**2          gp          gp**2          chi(g,gp)
    0    0   -1   0.25941         0    0   -1   0.25941       -0.0156274324  -0.0000000000
    0    0    0   0.25941         0    0   -1   0.25941        0.0006928967  -0.0045773356
    0    0    0   0.25941         0    0    0   0.25941       -0.0156274325   0.0000000000
    0    0    0   0.25941        -1   -1   -1   0.95117       -0.0019956376  -0.0036877763
    0    0    0   0.25941        -1    0   -1   0.95117        0.0004767916  -0.0014296380
    0    0    0   0.25941         0   -1   -1   0.95117        0.0004767916  -0.0014296380
    0    0    0   0.25941         0    1    0   0.95117       -0.0019956376  -0.0036877763
    0    0    0   0.25941         1    0    0   0.95117       -0.0019956376  -0.0036877763
    0    0    0   0.25941         1    1    0   0.95117        0.0004767916  -0.0014296380
    0    0    0   0.25941        -1   -1   -2   1.64294       -0.0006436896  -0.0005329123
    0    0    0   0.25941        -1    0    0   1.64294       -0.0010632502   0.0026881611
    0    0    0   0.25941         0   -1    0   1.64294       -0.0010632502   0.0026881611
    0    0    0   0.25941         0    1   -1   1.64294       -0.0006436896  -0.0005329123
    0    0    0   0.25941         1    0   -1   1.64294       -0.0006436896  -0.0005329123
    0    0    0   0.25941         1    1    1   1.64294       -0.0010632502   0.0026881611
    0    0    0   0.25941        -1   -1    0   2.33470        0.0006771762   0.0005217995
    0    0    0   0.25941        -1    0   -2   2.33470       -0.0012243690  -0.0009435515
    0    0    0   0.25941         0   -1   -2   2.33470       -0.0012243690  -0.0009435516
    0    0    0   0.25941         0    0   -2   2.33470       -0.0001677278  -0.0058790129
    0    0    0   0.25941         0    0    1   2.33470       -0.0007402863  -0.0008447668
    0    0    0   0.25941         0    1    1   2.33470        0.0006771762   0.0005217995
    0    0    0   0.25941         1    0    1   2.33470        0.0006771762   0.0005217995
    0    0    0   0.25941         1    1   -1   2.33470       -0.0012243690  -0.0009435516
    0    0    0   0.25941        -2   -1   -2   3.02646       -0.0002676250   0.0002634424
    0    0    0   0.25941        -2   -1   -1   3.02646       -0.0000044807   0.0000960643
    0    0    0   0.25941        -1   -2   -2   3.02646       -0.0002676250   0.0002634423
    0    0    0   0.25941        -1   -2   -1   3.02646       -0.0000044807   0.0000960643
    0    0    0   0.25941        -1    1   -1   3.02646       -0.0002676250   0.0002634424
    0    0    0   0.25941        -1    1    0   3.02646       -0.0000044807   0.0000960643
    0    0    0   0.25941         1   -1   -1   3.02646       -0.0002676250   0.0002634424
    0    0    0   0.25941         1   -1    0   3.02646       -0.0000044807   0.0000960643
    0    0    0   0.25941         1    2    0   3.02646       -0.0002676250   0.0002634424
    0    0    0   0.25941         1    2    1   3.02646       -0.0000044807   0.0000960643
    0    0    0   0.25941         0   -2    1   8.56056        0.0001577287  -0.0002999957
    0    0    0   0.25941         0    2   -2   8.56056        0.0002006435   0.0000712309
    0    0    0   0.25941         0    3    0   8.56056       -0.0001211578   0.0000156971
    0    0    0   0.25941         0    3    1   8.56056        0.0002208489  -0.0000905274
    0    0    0   0.25941         2    0   -2   8.56056        0.0002006435   0.0000712309
    0    0    0   0.25941         2    2    3   8.56056        0.0001577287  -0.0002999957
    0    0    0   0.25941         3    0    0   8.56056       -0.0001211578   0.0000156971
    0    0    0   0.25941         3    0    1   8.56056        0.0002208489  -0.0000905274
    0    0    0   0.25941         3    3    1   8.56056       -0.0000294489  -0.0000727018
    0    0    0   0.25941         3    3    2   8.56056        0.0003637927  -0.0000188902
    0    0    0   0.25941        -2   -1   -4   9.25233        0.0000211655   0.0002225260
    0    0    0   0.25941        -2   -1    1   9.25233       -0.0001211559  -0.0000933922
    0    0    0   0.25941        -1   -2   -4   9.25233        0.0000211655   0.0002225260
    0    0    0   0.25941        -1   -2    1   9.25233       -0.0001211559  -0.0000933922
    0    0    0   0.25941        -1   -1   -4   9.25233       -0.0001155014  -0.0000025480
    0    0    0   0.25941        -1    0    2   9.25233        0.0000565493   0.0002033452
    0    0    0   0.25941        -1    1   -3   9.25233        0.0000211655   0.0002225260
    0    0    0   0.25941        -1    1    2   9.25233       -0.0001211559  -0.0000933922
    0    0    0   0.25941         0   -1    2   9.25233        0.0000565493   0.0002033452
    0    0    0   0.25941         0    1   -3   9.25233       -0.0001155014  -0.0000025480
    0    0    0   0.25941         1   -1   -3   9.25233        0.0000211655   0.0002225260
    0    0    0   0.25941         1   -1    2   9.25233       -0.0001211559  -0.0000933922
    0    0    0   0.25941         1    0   -3   9.25233       -0.0001155014  -0.0000025480
    0    0    0   0.25941         1    1    3   9.25233        0.0000565493   0.0002033452
    0    0    0   0.25941         1    2   -2   9.25233        0.0000211655   0.0002225260
    0    0    0   0.25941         1    2    3   9.25233       -0.0001211559  -0.0000933922
    0    0    0   0.25941         2    1   -2   9.25233        0.0000211655   0.0002225260
    0    0    0   0.25941         2    1    3   9.25233       -0.0001211559  -0.0000933922
    0    0    0   0.25941        -3   -2   -4   9.94409       -0.0000952774   0.0000425902
    0    0    0   0.25941        -3   -1    0   9.94409        0.0002580689   0.0000024986
    0    0    0   0.25941        -2   -3   -4   9.94409       -0.0000952774   0.0000425902
    0    0    0   0.25941        -2    1    1   9.94409        0.0002580689   0.0000024986
   -1   -1   -1   0.95117        -1   -1   -1   0.95117       -0.0148944615  -0.0000000000
   -1    0   -1   0.95117        -1    0   -1   0.95117       -0.0148944614   0.0000000000
    0   -1   -1   0.95117         0   -1   -1   0.95117       -0.0148944614   0.0000000000
    0    1    0   0.95117         0    1    0   0.95117       -0.0148944615   0.0000000000
    1    0    0   0.95117         1    0    0   0.95117       -0.0148944615  -0.0000000000
    1    1    0   0.95117         1    1    0   0.95117       -0.0148944614  -0.0000000000
   -1   -1   -2   1.64294        -1   -1   -2   1.64294       -0.0101239346  -0.0000000000
   -1    0    0   1.64294        -1    0    0   1.64294       -0.0101239347   0.0000000000
    0   -1    0   1.64294         0   -1    0   1.64294       -0.0101239347  -0.0000000000
    0    1   -1   1.64294         0    1   -1   1.64294       -0.0101239346   0.0000000000
    1    0   -1   1.64294         1    0   -1   1.64294       -0.0101239346  -0.0000000000
    1    1    1   1.64294         1    1    1   1.64294       -0.0101239347  -0.0000000000
   -1   -1    0   2.33470        -1   -1    0   2.33470       -0.0081496393  -0.0000000000
   -1    0   -2   2.33470        -1    0   -2   2.33470       -0.0081496393   0.0000000000
    0   -1   -2   2.33470         0   -1   -2   2.33470       -0.0081496393  -0.0000000000
    0    0   -2   2.33470         0    0   -2   2.33470       -0.0082368471   0.0000000000
    0    0    1   2.33470         0    0    1   2.33470       -0.0082368471   0.0000000000
    0    1    1   2.33470         0    1    1   2.33470       -0.0081496393  -0.0000000000
    1    0    1   2.33470         1    0    1   2.33470       -0.0081496393  -0.0000000000
    1    1   -1   2.33470         1    1   -1   2.33470       -0.0081496393  -0.0000000000
   -2   -1   -2   3.02646        -2   -1   -2   3.02646       -0.0061785513  -0.0000000000
   -2   -1   -1   3.02646        -2   -1   -1   3.02646       -0.0061785513   0.0000000000
   -1   -2   -2   3.02646        -1   -2   -2   3.02646       -0.0061785512   0.0000000000
   -1   -2   -1   3.02646        -1   -2   -1   3.02646       -0.0061785513  -0.0000000000
   -1    1   -1   3.02646        -1    1   -1   3.02646       -0.0061785512   0.0000000000
   -1    1    0   3.02646        -1    1    0   3.02646       -0.0061785513   0.0000000000
    1   -1   -1   3.02646         1   -1   -1   3.02646       -0.0061785513   0.0000000000
    1   -1    0   3.02646         1   -1    0   3.02646       -0.0061785513  -0.0000000000
    1    2    0   3.02646         1    2    0   3.02646       -0.0061785513   0.0000000000
    1    2    1   3.02646         1    2    1   3.02646       -0.0061785513  -0.0000000000
    1    2   -1   5.10175         0   -2    1   8.56056       -0.0000167984  -0.0001180774
    1    2    2   5.10175         0    2   -2   8.56056        0.0000212849  -0.0000487151
    2    0   -1   5.10175         0    3    0   8.56056        0.0000066352  -0.0000009288
    2    1   -1   5.10175         0    3    1   8.56056       -0.0000249730  -0.0000244385
    2    1    2   5.10175         2    0   -2   8.56056        0.0000212849  -0.0000487151
    2    2    2   5.10175         2    2    3   8.56056       -0.0000877244  -0.0001554397
   -1   -1    1   5.79351         3    0    0   8.56056       -0.0000293856  -0.0000101497
   -1    0   -3   5.79351         3    0    1   8.56056       -0.0000536029  -0.0000062437
    0   -1   -3   5.79351         3    3    1   8.56056        0.0000077298  -0.0000121632
    0    1    2   5.79351         3    3    2   8.56056        0.0000077041   0.0000156545
    1    0    2   5.79351        -2   -1   -4   9.25233        0.0000497188   0.0000102790
    1    1   -2   5.79351        -2   -1    1   9.25233        0.0000497188  -0.0000102790
   -3   -2   -2   6.48528        -1   -2   -4   9.25233       -0.0000148454  -0.0000017071
   -3   -1   -2   6.48528        -1   -2    1   9.25233        0.0000026376   0.0000051740
   -2   -3   -2   6.48528        -1   -1   -4   9.25233       -0.0000112054   0.0000136957
   -2    1   -1   6.48528        -1    0    2   9.25233       -0.0000112054  -0.0000136957
   -1   -3   -2   6.48528        -1    1   -3   9.25233       -0.0000008846   0.0000191976
   -1    2    0   6.48528        -1    1    2   9.25233       -0.0000086412  -0.0000022911
    0    0   -3   6.48528         0   -1    2   9.25233       -0.0000381232   0.0000213088
    0    0    2   6.48528         0    1   -3   9.25233       -0.0000381232  -0.0000213088
    1   -2   -1   6.48528         1   -1   -3   9.25233       -0.0000086412   0.0000022911
    1    3    1   6.48528         1   -1    2   9.25233       -0.0000008846  -0.0000191976
    2   -1    0   6.48528         1    0   -3   9.25233       -0.0000112054   0.0000136957
    2    3    1   6.48528         1    1    3   9.25233       -0.0000112054  -0.0000136957
    3    1    1   6.48528         1    2   -2   9.25233        0.0000026376  -0.0000051740
    3    2    1   6.48528         1    2    3   9.25233       -0.0000148454   0.0000017071
   -3   -2   -3   7.17704         2    1   -2   9.25233       -0.0000063446  -0.0000069926
   -3   -1   -1   7.17704         2    1    3   9.25233       -0.0000063446   0.0000069925
   -2   -3   -3   7.17704        -3   -2   -4   9.94409       -0.0000005325  -0.0000048328
   -2   -2    0   7.17704        -3   -1    0   9.94409       -0.0000288249  -0.0000008987
   -2    0   -3   7.17704        -2   -3   -4   9.94409       -0.0000036691   0.0000021686
   -2    1    0   7.17704        -2    1    1   9.94409       -0.0000213040  -0.0000383930


             g                   gp         inverse epsilon           nspin= 1
         0    0   -1         0    0   -1        0.44361356  -0.00000000
         0    0    0         0    0   -1        0.00424079  -0.08050517
         0    0    0         0    0    0        0.44361356   0.00000000
        -1   -1   -1         0    0    0       -0.01550234   0.02744749
        -1   -1   -1        -1   -1   -1        0.74621391  -0.00000000
        -1    0   -1        -1   -1   -1       -0.02190621   0.04083517
        -1    0   -1        -1    0   -1        0.74621391  -0.00000000
         0   -1   -1        -1    0   -1       -0.00029564  -0.00000000
         0   -1   -1         0   -1   -1        0.74621391  -0.00000000
         0    1    0         0   -1   -1       -0.02035140   0.01478751
         0    1    0         0    1    0        0.74621391   0.00000000
         1    0    0         0    1    0       -0.00029564   0.00000000
         1    0    0         1    0    0        0.74621391  -0.00000000
         1    1    0         1    0    0       -0.02190621   0.04083517
         1    1    0         1    1    0        0.74621391  -0.00000000
        -1   -1   -2         1    1    0        0.00314911  -0.03612082
        -1   -1   -2        -1   -1   -2        0.88230635  -0.00000000
        -1    0    0        -1   -1   -2        0.00131443  -0.00294323
        -1    0    0        -1    0    0        0.88230634   0.00000000
         0   -1    0        -1    0    0        0.00021522   0.00000000
         0   -1    0         0   -1    0        0.88230634   0.00000000
         0    1   -1         0   -1    0        0.01935427  -0.02731224
         0    1   -1         0    1   -1        0.88230635   0.00000000
         1    0   -1         0    1   -1        0.00021522  -0.00000000
         1    0   -1         1    0   -1        0.88230635  -0.00000000
         1    1    1         1    0   -1        0.00131443  -0.00294323
         1    1    1         1    1    1        0.88230634  -0.00000000
        -1   -1    0         1    1    1        0.00001596   0.00459634
        -1   -1    0        -1   -1    0        0.92658916  -0.00000000
        -1    0   -2        -1   -1    0        0.00909241   0.00536792
        -1    0   -2        -1    0   -2        0.92658916   0.00000000
         0   -1   -2        -1    0   -2        0.00644514  -0.00000000
         0   -1   -2         0   -1   -2        0.92658916  -0.00000000
         0    0   -2         0   -1   -2       -0.01065942   0.01767845
         0    0   -2         0    0   -2        0.93453177  -0.00000000
         0    0    1         0    0   -2        0.00165128   0.01361333
         0    0    1         0    0    1        0.93453177  -0.00000000
         0    1    1         0    0    1       -0.01065942   0.01767845
         0    1    1         0    1    1        0.92658916  -0.00000000
         1    0    1         0    1    1        0.00644514   0.00000000
         1    0    1         1    0    1        0.92658916   0.00000000
         1    1   -1         1    0    1        0.00909241   0.00536792
         1    1   -1         1    1   -1        0.92658916  -0.00000000
        -2   -1   -2         1    1   -1        0.00025893  -0.00145304
        -2   -1   -2        -2   -1   -2        0.95583119  -0.00000000
        -2   -1   -1        -2   -1   -2       -0.01130374   0.02018629
        -2   -1   -1        -2   -1   -1        0.95583119   0.00000000
        -1   -2   -2        -2   -1   -1        0.00033481   0.00381336
        -1   -2   -2        -1   -2   -2        0.95583119   0.00000000
        -1   -2   -1        -1   -2   -2       -0.01130374   0.02018629
        -1   -2   -1        -1   -2   -1        0.95583119   0.00000000
        -1    1   -1        -1   -2   -1        0.00024383   0.00246719
        -1    1   -1        -1    1   -1        0.95583119   0.00000000
        -1    1    0        -1    1   -1       -0.01130374   0.02018629
        -1    1    0        -1    1    0        0.95583119   0.00000000
         1   -1   -1        -1    1    0        0.00375154   0.00907100
         1   -1   -1         1   -1   -1        0.95583119  -0.00000000
         1   -1    0         1   -1   -1       -0.01130374   0.02018629
         1   -1    0         1   -1    0        0.95583119  -0.00000000
         1    2    0         1   -1    0        0.00024383   0.00246719
         1    2    0         1    2    0        0.95583119   0.00000000
         1    2    1         1    2    0       -0.01130374   0.02018629
         1    2    1         1    2    1        0.95583119  -0.00000000
         1    2   -1         1    2    1        0.00008767  -0.00193075
         1    2   -1         0   -2    1       -0.00005118  -0.00042342
         1    2    2         0   -2    1       -0.00015456   0.00005726
         1    2    2         0    2   -2        0.00009234  -0.00025847
         2    0   -1         0    2   -2        0.00001663  -0.00020415
         2    0   -1         0    3    0       -0.00002328   0.00002737
         2    1   -1         0    3    0       -0.00003631   0.00013704
         2    1   -1         0    3    1       -0.00013265  -0.00009261
         2    1    2         0    3    1       -0.00002742  -0.00022736
         2    1    2         2    0   -2        0.00009234  -0.00025847
         2    2    2         2    0   -2       -0.00017791  -0.00019989
         2    2    2         2    2    3       -0.00037650  -0.00062507
        -1   -1    1         2    2    3        0.00007040   0.00001405
        -1   -1    1         3    0    0       -0.00005927  -0.00001125
        -1    0   -3         3    0    0       -0.00005571   0.00001409
        -1    0   -3         3    0    1       -0.00017595  -0.00005919
         0   -1   -3         3    0    1        0.00011930   0.00003104
         0   -1   -3         3    3    1        0.00002821  -0.00007752
         0    1    2         3    3    1        0.00011930  -0.00003104
         0    1    2         3    3    2        0.00001370   0.00008243
         1    0    2         3    3    2        0.00001370   0.00008243
         1    0    2        -2   -1   -4        0.00012879   0.00003226
         1    1   -2        -2   -1   -4        0.00002761   0.00008357
         1    1   -2        -2   -1    1        0.00012879  -0.00003226
        -3   -2   -2        -2   -1    1       -0.00002589   0.00002131
        -3   -2   -2        -1   -2   -4       -0.00002210  -0.00000881
        -3   -1   -2        -1   -2   -4       -0.00001690  -0.00002312
        -3   -1   -2        -1   -2    1        0.00003730   0.00000906
        -2   -3   -2        -1   -2    1       -0.00002589   0.00002131
        -2   -3   -2        -1   -1   -4       -0.00002511   0.00007315
        -2    1   -1        -1   -1   -4        0.00003468   0.00003129
        -2    1   -1        -1    0    2       -0.00002511  -0.00007315
        -1   -3   -2        -1    0    2       -0.00003669   0.00000654
        -1   -3   -2        -1    1   -3       -0.00000478   0.00003770
        -1    2    0        -1    1   -3        0.00002428  -0.00003658
        -1    2    0        -1    1    2       -0.00002589   0.00002131
         0    0   -3        -1    1    2       -0.00004300  -0.00009420
         0    0   -3         0   -1    2       -0.00010094   0.00004794
         0    0    2         0   -1    2       -0.00003001   0.00014694
         0    0    2         0    1   -3       -0.00010094  -0.00004794
         1   -2   -1         0    1   -3        0.00000496  -0.00001225
         1   -2   -1         1   -1   -3       -0.00002589  -0.00002131
         1    3    1         1   -1   -3       -0.00008959   0.00002127
         1    3    1         1   -1    2       -0.00000478  -0.00003770
         2   -1    0         1   -1    2       -0.00002589   0.00002131
         2   -1    0         1    0   -3       -0.00002511   0.00007315
         2    3    1         1    0   -3        0.00003468   0.00003129
         2    3    1         1    1    3       -0.00002511  -0.00007315
         3    1    1         1    1    3        0.00006620  -0.00003275
         3    1    1         1    2   -2        0.00003730  -0.00000906
         3    2    1         1    2   -2        0.00000202  -0.00006618
         3    2    1         1    2    3       -0.00002210   0.00000881
        -3   -2   -3         1    2    3        0.00004907   0.00002654
        -3   -2   -3         2    1   -2       -0.00002670  -0.00000549
        -3   -1   -1         2    1   -2        0.00006739  -0.00003617
        -3   -1   -1         2    1    3       -0.00002670   0.00000549
        -2   -3   -3         2    1    3        0.00004907   0.00002654
        -2   -3   -3        -3   -2   -4       -0.00000587  -0.00002549
        -2   -2    0        -3   -2   -4        0.00000931  -0.00002570
        -2   -2    0        -3   -1    0       -0.00007688  -0.00000438
        -2    0   -3        -3   -1    0        0.00000931   0.00002570
        -2    0   -3        -2   -3   -4        0.00000236   0.00000899
        -2    1    0        -2   -3   -4       -0.00007064  -0.00000005
        -2    1    0        -2    1    1       -0.00007234  -0.00011304
         0   -2    1        -2    1    1        0.00000357   0.00000449


     q= 0.0000 0.5000 0.5000  nmtx=     150  nrk=  6

           independent matrix elements of chi       spin index= 1 1

          g          g**2          gp          gp**2          chi(g,gp)
    0   -1   -1   0.34588         0   -1   -1   0.34588       -0.0191836068  -0.0000000000
    0    0    0   0.34588         0   -1   -1   0.34588       -0.0035011922  -0.0000000000
    0    0    0   0.34588         0    0    0   0.34588       -0.0191836068  -0.0000000000
    0    0    0   0.34588        -1   -1   -1   0.69176       -0.0018093758  -0.0029595912
    0    0    0   0.34588         0   -1    0   0.69176       -0.0018093758   0.0029595912
    0    0    0   0.34588         0    0   -1   0.69176       -0.0018093758   0.0029595912
    0    0    0   0.34588         1    0    0   0.69176       -0.0018093758  -0.0029595912
    0    0    0   0.34588        -1   -2   -1   1.72941       -0.0015017186   0.0000000000
    0    0    0   0.34588        -1   -1   -2   1.72941       -0.0015017186  -0.0000000000
    0    0    0   0.34588        -1   -1    0   1.72941        0.0012320699   0.0000000001
    0    0    0   0.34588        -1    0   -1   1.72941        0.0012320699  -0.0000000000
    0    0    0   0.34588         1   -1    0   1.72941       -0.0015017186  -0.0000000000
    0    0    0   0.34588         1    0   -1   1.72941       -0.0015017186   0.0000000000
    0    0    0   0.34588         1    0    1   1.72941        0.0012320699  -0.0000000000
    0    0    0   0.34588         1    1    0   1.72941        0.0012320699   0.0000000001
    0    0    0   0.34588        -1   -2   -2   2.07529       -0.0021367013   0.0009974077
    0    0    0   0.34588        -1    0    0   2.07529       -0.0010678368   0.0024696351
    0    0    0   0.34588         0   -2   -1   2.07529       -0.0021367013  -0.0009974077
    0    0    0   0.34588         0   -1   -2   2.07529       -0.0021367013  -0.0009974077
    0    0    0   0.34588         0    0    1   2.07529       -0.0010678367  -0.0024696351
    0    0    0   0.34588         0    1    0   2.07529       -0.0010678367  -0.0024696351
    0    0    0   0.34588         1   -1   -1   2.07529       -0.0021367013   0.0009974077
    0    0    0   0.34588         1    1    1   2.07529       -0.0010678368   0.0024696351
    0    0    0   0.34588        -2   -2   -2   3.11293        0.0004082341   0.0025770128
    0    0    0   0.34588        -2   -1   -1   3.11293        0.0009447413  -0.0001951980
    0    0    0   0.34588         0   -2   -2   3.11293       -0.0002032667   0.0000000000
    0    0    0   0.34588         0   -2    0   3.11293        0.0004082341  -0.0025770128
    0    0    0   0.34588         0   -1    1   3.11293        0.0009447413   0.0001951979
    0    0    0   0.34588         0    0   -2   3.11293        0.0004082341  -0.0025770128
    0    0    0   0.34588         0    1   -1   3.11293        0.0009447413   0.0001951979
    0    0    0   0.34588         0    1    1   3.11293        0.0008513875   0.0000000000
    0    0    0   0.34588         2    0    0   3.11293        0.0004082341   0.0025770128
    0    0    0   0.34588         2    1    1   3.11293        0.0009447413  -0.0001951980
    0    0    0   0.34588        -2   -4   -3   8.99292       -0.0000083724  -0.0001247076
    0    0    0   0.34588        -2   -3   -4   8.99292       -0.0000083724  -0.0001247076
    0    0    0   0.34588        -2   -3    0   8.99292        0.0002052098  -0.0001893749
    0    0    0   0.34588        -2    0   -3   8.99292        0.0002052098  -0.0001893749
    0    0    0   0.34588        -2    0    1   8.99292        0.0000891895  -0.0002605554
    0    0    0   0.34588        -2    1    0   8.99292        0.0000891895  -0.0002605554
    0    0    0   0.34588        -1   -4   -2   8.99292       -0.0000083724   0.0001247076
    0    0    0   0.34588        -1   -2   -4   8.99292       -0.0000083724   0.0001247076
    0    0    0   0.34588        -1    0    2   8.99292        0.0000891895   0.0002605554
    0    0    0   0.34588        -1    2    0   8.99292        0.0000891895   0.0002605554
    0    0    0   0.34588         1   -3   -1   8.99292       -0.0000083724   0.0001247076
    0    0    0   0.34588         1   -1   -3   8.99292       -0.0000083724   0.0001247076
    0    0    0   0.34588         1    1    3   8.99292        0.0000891895   0.0002605554
    0    0    0   0.34588         1    3    1   8.99292        0.0000891895   0.0002605554
    0    0    0   0.34588         2   -2   -1   8.99292       -0.0000083724  -0.0001247076
    0    0    0   0.34588         2   -1   -2   8.99292       -0.0000083724  -0.0001247076
    0    0    0   0.34588         2   -1    2   8.99292        0.0002052098  -0.0001893749
    0    0    0   0.34588         2    2   -1   8.99292        0.0002052098  -0.0001893749
    0    0    0   0.34588         2    2    3   8.99292        0.0000891895  -0.0002605554
    0    0    0   0.34588         2    3    2   8.99292        0.0000891895  -0.0002605554
    0    0    0   0.34588         3    0    2   8.99292        0.0002052098   0.0001893749
    0    0    0   0.34588         3    2    0   8.99292        0.0002052098   0.0001893749
   -1   -1   -1   0.69176        -1   -1   -1   0.69176       -0.0157513384   0.0000000000
    0   -1    0   0.69176         0   -1    0   0.69176       -0.0157513384   0.0000000000
    0    0   -1   0.69176         0    0   -1   0.69176       -0.0157513384   0.0000000000
    1    0    0   0.69176         1    0    0   0.69176       -0.0157513384   0.0000000000
   -1   -2   -1   1.72941        -1   -2   -1   1.72941       -0.0105035599   0.0000000000
   -1   -1   -2   1.72941        -1   -1   -2   1.72941       -0.0105035600   0.0000000000
   -1   -1    0   1.72941        -1   -1    0   1.72941       -0.0105035599   0.0000000000
   -1    0   -1   1.72941        -1    0   -1   1.72941       -0.0105035600   0.0000000000
    1   -1    0   1.72941         1   -1    0   1.72941       -0.0105035600   0.0000000000
    1    0   -1   1.72941         1    0   -1   1.72941       -0.0105035599   0.0000000000
    1    0    1   1.72941         1    0    1   1.72941       -0.0105035600   0.0000000000
    1    1    0   1.72941         1    1    0   1.72941       -0.0105035599   0.0000000000
   -1   -2   -2   2.07529        -1   -2   -2   2.07529       -0.0088949974  -0.0000000000
   -1    0    0   2.07529        -1    0    0   2.07529       -0.0088949974   0.0000000000
    0   -2   -1   2.07529         0   -2   -1   2.07529       -0.0088949974   0.0000000000
    0   -1   -2   2.07529         0   -1   -2   2.07529       -0.0088949974   0.0000000000
    0    0    1   2.07529         0    0    1   2.07529       -0.0088949974  -0.0000000000
    0    1    0   2.07529         0    1    0   2.07529       -0.0088949974  -0.0000000000
    1   -1   -1   2.07529         1   -1   -1   2.07529       -0.0088949974  -0.0000000000
    1    1    1   2.07529         1    1    1   2.07529       -0.0088949974   0.0000000000
   -2   -2   -2   3.11293        -2   -2   -2   3.11293       -0.0061005245   0.0000000000
   -2   -1   -1   3.11293        -2   -1   -1   3.11293       -0.0061005245  -0.0000000000
    0   -2   -2   3.11293         0   -2   -2   3.11293       -0.0052540552   0.0000000000
    0   -2    0   3.11293         0   -2    0   3.11293       -0.0061005245   0.0000000000
    0   -1    1   3.11293         0   -1    1   3.11293       -0.0061005245   0.0000000000
    0    0   -2   3.11293         0    0   -2   3.11293       -0.0061005245   0.0000000000
    0    1   -1   3.11293         0    1   -1   3.11293       -0.0061005245   0.0000000000
    0    1    1   3.11293         0    1    1   3.11293       -0.0052540552   0.0000000000
    2    0    0   3.11293         2    0    0   3.11293       -0.0061005245   0.0000000000
    2    1    1   3.11293         2    1    1   3.11293       -0.0061005245   0.0000000000
   -2   -3   -3   5.87998        -2   -4   -3   8.99292       -0.0000366208   0.0000851205
   -2   -3   -1   5.87998        -2   -3   -4   8.99292       -0.0000058578   0.0000304191
   -2   -2    0   5.87998        -2   -3    0   8.99292       -0.0000016942   0.0000774596
   -2   -1   -3   5.87998        -2    0   -3   8.99292       -0.0000016942  -0.0000774596
   -2    0   -2   5.87998        -2    0    1   8.99292       -0.0000058578  -0.0000304191
   -2    0    0   5.87998        -2    1    0   8.99292       -0.0000366208  -0.0000851205
    0   -3   -1   5.87998        -1   -4   -2   8.99292       -0.0000366208  -0.0000851205
    0   -1   -3   5.87998        -1   -2   -4   8.99292       -0.0000366208  -0.0000851205
    0    0    2   5.87998        -1    0    2   8.99292       -0.0000366208   0.0000851205
    0    2    0   5.87998        -1    2    0   8.99292       -0.0000366208   0.0000851205
    2   -1   -1   5.87998         1   -3   -1   8.99292        0.0000036937  -0.0000386838
    2   -1    1   5.87998         1   -1   -3   8.99292       -0.0000026888   0.0000040674
    2    0    2   5.87998         1    1    3   8.99292        0.0000136888  -0.0000020671
    2    1   -1   5.87998         1    3    1   8.99292       -0.0000068342  -0.0000239854
    2    2    0   5.87998         2   -2   -1   8.99292        0.0000114954  -0.0000343157
    2    2    2   5.87998         2   -1   -2   8.99292       -0.0000322639  -0.0000166074
   -3   -2   -2   6.22587         2   -1    2   8.99292        0.0000207165   0.0000000000
   -1   -3   -3   6.22587         2    2   -1   8.99292       -0.0000090665  -0.0000113233
   -1    1    1   6.22587         2    2    3   8.99292       -0.0000004844  -0.0000039769
    0   -3   -2   6.22587         2    3    2   8.99292       -0.0000571842   0.0000092217
    0   -2   -3   6.22587         3    0    2   8.99292       -0.0000090665   0.0000113233
    0   -2    1   6.22587         3    2    0   8.99292        0.0000207165  -0.0000000000


             g                   gp         inverse epsilon           nspin= 1
         0   -1   -1         0   -1   -1        0.45232622  -0.00000000
         0    0    0         0   -1   -1       -0.05593599  -0.00000000
         0    0    0         0    0    0        0.45232622   0.00000000
        -1   -1   -1         0    0    0       -0.01937647   0.02998383
        -1   -1   -1        -1   -1   -1        0.66929210   0.00000000
         0   -1    0        -1   -1   -1        0.02098794  -0.00000000
         0   -1    0         0   -1    0        0.66929210   0.00000000
         0    0   -1         0   -1    0        0.04451526  -0.00000000
         0    0   -1         0    0   -1        0.66929210  -0.00000000
         1    0    0         0    0   -1        0.02098794   0.00000000
         1    0    0         1    0    0        0.66929210   0.00000000
        -1   -2   -1         1    0    0       -0.00283699  -0.00491431
        -1   -2   -1        -1   -2   -1        0.88099276   0.00000000
        -1   -1   -2        -1   -2   -1        0.00687988  -0.00000000
        -1   -1   -2        -1   -1   -2        0.88099276  -0.00000000
        -1   -1    0        -1   -1   -2        0.00340479  -0.02197218
        -1   -1    0        -1   -1    0        0.88099276   0.00000000
        -1    0   -1        -1   -1    0        0.00687988  -0.00000000
        -1    0   -1        -1    0   -1        0.88099276  -0.00000000
         1   -1    0        -1    0   -1       -0.01260795  -0.00000000
         1   -1    0         1   -1    0        0.88099276   0.00000000
         1    0   -1         1   -1    0        0.00687988   0.00000000
         1    0   -1         1    0   -1        0.88099276   0.00000000
         1    0    1         1    0   -1        0.00340479  -0.02197218
         1    0    1         1    0    1        0.88099276   0.00000000
         1    1    0         1    0    1        0.00687988   0.00000000
         1    1    0         1    1    0        0.88099276   0.00000000
        -1   -2   -2         1    1    0        0.01210195  -0.00862273
        -1   -2   -2        -1   -2   -2        0.91466706  -0.00000000
        -1    0    0        -1   -2   -2        0.00402249  -0.00447527
        -1    0    0        -1    0    0        0.91466706   0.00000000
         0   -2   -1        -1    0    0        0.00144811   0.00000000
         0   -2   -1         0   -2   -1        0.91466706   0.00000000
         0   -1   -2         0   -2   -1        0.00293451  -0.00000000
         0   -1   -2         0   -1   -2        0.91466706   0.00000000
         0    0    1         0   -1   -2        0.01848722   0.00390770
         0    0    1         0    0    1        0.91466706  -0.00000000
         0    1    0         0    0    1        0.00293451  -0.00000000
         0    1    0         0    1    0        0.91466706  -0.00000000
         1   -1   -1         0    1    0        0.00144811  -0.00000000
         1   -1   -1         1   -1   -1        0.91466706  -0.00000000
         1    1    1         1   -1   -1        0.00402249  -0.00447527
         1    1    1         1    1    1        0.91466706  -0.00000000
        -2   -2   -2         1    1    1        0.00036595   0.00426506
        -2   -2   -2        -2   -2   -2        0.95927417   0.00000000
        -2   -1   -1        -2   -2   -2        0.00726666   0.00904072
        -2   -1   -1        -2   -1   -1        0.95927417  -0.00000000
         0   -2   -2        -2   -1   -1        0.00528095   0.00221151
         0   -2   -2         0   -2   -2        0.96251067  -0.00000000
         0   -2    0         0   -2   -2       -0.00309556  -0.00181088
         0   -2    0         0   -2    0        0.95927417  -0.00000000
         0   -1    1         0   -2    0        0.00726666  -0.00904072
         0   -1    1         0   -1    1        0.95927417   0.00000000
         0    0   -2         0   -1    1       -0.00603266  -0.00841559
         0    0   -2         0    0   -2        0.95927417   0.00000000
         0    1   -1         0    0   -2        0.00726666  -0.00904072
         0    1   -1         0    1   -1        0.95927417   0.00000000
         0    1    1         0    1   -1       -0.00309556  -0.00181088
         0    1    1         0    1    1        0.96251067   0.00000000
         2    0    0         0    1    1        0.00528095   0.00221151
         2    0    0         2    0    0        0.95927417   0.00000000
         2    1    1         2    0    0        0.00726666   0.00904072
         2    1    1         2    1    1        0.95927417   0.00000000
        -2   -3   -3         2    1    1       -0.00124253  -0.00098591
        -2   -3   -3        -2   -4   -3       -0.00013130   0.00028890
        -2   -3   -1        -2   -4   -3        0.00006028   0.00003308
        -2   -3   -1        -2   -3   -4       -0.00000453   0.00015538
        -2   -2    0        -2   -3   -4        0.00004984  -0.00015576
        -2   -2    0        -2   -3    0        0.00001237   0.00026993
        -2   -1   -3        -2   -3    0       -0.00000306   0.00006258
        -2   -1   -3        -2    0   -3        0.00001237  -0.00026993
        -2    0   -2        -2    0   -3        0.00001237   0.00026993
        -2    0   -2        -2    0    1       -0.00000453  -0.00015538
        -2    0    0        -2    0    1       -0.00013130  -0.00028890
        -2    0    0        -2    1    0       -0.00013130  -0.00028890
         0   -3   -1        -2    1    0        0.00001495   0.00011404
         0   -3   -1        -1   -4   -2       -0.00013130  -0.00028890
         0   -1   -3        -1   -4   -2        0.00004879   0.00013977
         0   -1   -3        -1   -2   -4       -0.00013130  -0.00028890
         0    0    2        -1   -2   -4       -0.00001140   0.00015035
         0    0    2        -1    0    2       -0.00013130   0.00028890
         0    2    0        -1    0    2        0.00004879  -0.00013977
         0    2    0        -1    2    0       -0.00013130   0.00028890
         2   -1   -1        -1    2    0        0.00001495  -0.00011404
         2   -1   -1         1   -3   -1        0.00001390  -0.00009946
         2   -1    1         1   -3   -1        0.00006028  -0.00003308
         2   -1    1         1   -1   -3       -0.00000051  -0.00001523
         2    0    2         1   -1   -3       -0.00004709  -0.00006087
         2    0    2         1    1    3        0.00006028   0.00003308
         2    1   -1         1    1    3       -0.00004709   0.00006087
         2    1   -1         1    3    1       -0.00002070  -0.00011662
         2    2    0         1    3    1        0.00006028   0.00003308
         2    2    0         2   -2   -1        0.00004984  -0.00015576
         2    2    2         2   -2   -1       -0.00010488  -0.00003768
         2    2    2         2   -1   -2       -0.00010488  -0.00003768
        -3   -2   -2         2   -1   -2        0.00011005  -0.00003968
        -3   -2   -2         2   -1    2        0.00007298   0.00000000
        -1   -3   -3         2   -1    2       -0.00004452  -0.00004426
        -1   -3   -3         2    2   -1       -0.00004452  -0.00004426
        -1    1    1         2    2   -1       -0.00004452   0.00004426
        -1    1    1         2    2    3       -0.00003058  -0.00000733
         0   -3   -2         2    2    3       -0.00011671  -0.00001180
         0   -3   -2         2    3    2       -0.00016396   0.00001581
         0   -2   -3         2    3    2       -0.00011671  -0.00001180
         0   -2   -3         3    0    2       -0.00004452   0.00004426
         0   -2    1         3    0    2       -0.00007763  -0.00000000
         0   -2    1         3    2    0        0.00007298  -0.00000000
         0    1   -2         3    2    0       -0.00007763   0.00000000
