
 BerkeleyGW trunk revision 6898
 BSE/Kernel code, Complex version, run on 13-Nov-2015 at 13:59:25 -0800

                                                                 ..o.          
                                                                .oxxo.         
                                                               .oxxxxo...      
                                                               oxxxxxxo.       
                                                              .oxxxxxxx.       
                                                              .ooooooxxo..     
                                                              .oooooooxo..     
                                                              .oooooxxo...     
                                                       .........oxooo......    
                                                 ............................  
                                             ................................. 
                                          .................................... 
           .          ..oo. ....  .................................oooxxxxxxxo.
     .............oxxxx@ox@@@x@x.....................o...........ooooooooooxx. 
    .o.........oox@x.oo........xxx@@............ooxxxxo..........ooooxxxxxoxo  
    .x........x@xxo...............o@xxo........oxxx@@@xoooooooooooooooxxxo...  
    .o......ox@@o..................oox@o.....ooxxx@xoooxxxxxxxoooooooooooo.... 
    o..ooooo@@xoooo....ooo...........x@o.....ooxxxxo   .oxxxxxxxxxxooooooo.... 
    . .oooo@@@@@@@@@@@@@@@@@@@@@@@@@@@@@@....ooooox.     .oxx@@@@@xxoo........ 
      .ooooxxxxxxxooooooxooooooooooooooxo...oooooxx.        ..ox@xxxoo.........
      .ooooooxxxx@xoooooooooooooxxoooooooooooxxxxx.            .oxxooooooooxxo.
     .oooooxxxxx@@@xxxxxxxxxxxxxxxxxxxxxxxxoxxxxo.                .oxxxxxxxxo. 
   ....oooxxxxx@@@xo..oxxx@@@@@@xxxxoxxoooooooxx.                  .oxxxoo..   
  .....ooxxxx@@xo.       ........    .ooooooooxxo                              
  ..oooxxxx@@@o                       .oooooooxoo.                             
  ....oxooxxxxx.                       .ooo..oooo.                             
  .....o.ooxxxxxo.                     .oooooooxo.                             
 ......ooooxxxxxxo.                     .ooooooxoo..                           
........ooxxxxxxxo..                     .o....oxoo...                         
.......ooooxxxxxxxo.                     ........oooo.                         
.ooooooo..ooxxxxoooo.                    .........ooo...                       
..oxo...ooooxxxoooo..                    .ooo......oooo...                     
  .ooooo....o.                            .oxxxoo....ooo....                   
    .oooooo...                              ...ooooo...ooo..                   
       ...                                     .oo.......                      
                                               ....ooo...                      
                      __              __                                       
 ______              [  |            [  |                 ._____  _          _ 
|_   _ \              | |  _          | |                /  ___ \| |        | |
  | |_) | .---.  _. _.| | / |  .---.  | | .---.  _    _ / /    \_|\ \  /\  / / 
  |  __'./ /__\\[ /`\_| '' <  / /__\\ | |/ /__\\| \  | | |   _____ \ \/  \/ /  
 _| |__| | \__. | |   | |`\ \ | \___. | || \___. \ \/ / \ \.___| |  \  /\  /   
|_______/ \.__./[_]  [__|  \_] \.__./[___]\.__./  \  /   \.____./    \/  \/    
                                                  / /                          
                                                 /_/                           
--------------------------------------------------------------------------------
 Please cite the following papers when using results from BerkeleyGW:

 Jack Deslippe, Georgy Samsonidze, David A. Strubbe, Manish Jain, Marvin L.
 Cohen, and Steven G. Louie, "BerkeleyGW: A Massively Parallel Computer Package
 for the Calculation of the Quasiparticle and Optical Properties of Materials
 and Nanostructures," Comput. Phys. Commun. 183, 1269 (2012)

 Mark S. Hybertsen and Steven G. Louie, "Electron correlation in semiconductors
 and insulators: Band gaps and quasiparticle energies," Phys. Rev. B 34, 5390
 (1986)

 Michael Rohlfing and Steven G. Louie, "Electron-hole excitations and optical
 spectra from first principles," Phys. Rev. B 62, 4927 (2000)
--------------------------------------------------------------------------------

 Running MPI version (parallel)
 Running with 2 MPI task(s)

 Compilation flags:
 - Compiler: GNU
 - Para. flags: MPI
 - Math  flags: USESCALAPACK, USEFFTW3
 - Debug flags: 

 Calculating the kernel only for (v,c)->(v',c') transitions.

 Running with Semiconductor Screening

 We are communicating via MPI

 We are using no truncation

 Highest occupied band (coarse grid) = 4
 Valence max    (coarse grid) = 5.551607 eV
 Conduction min (coarse grid) = 6.066319 eV
 Middle energy  (coarse grid) = 5.808963 eV
 Fermi  energy  (coarse grid) = 5.808963 eV

 Using symmetries to expand the coarse grid sampling

 Parallelizing over (k)^2
 We will not reuse wavefunction FFTs.
 Using pools:  nproc = 2  npool = 1  nown = 8  npown = 4                                                                         
 Memory available: 1483.8 MB per PE
 Memory required for execution: 1.6 MB per PE
 Extra memory required for vcoul: 0.0 MB per PE
        8192  elements per PE
          24  wavefunctions stored per PE
         169  G-vectors per wavefunction
 Crystal wavefunctions read from unit WFN_co

 nrk = 3

 nfk = 8  ksz =   0.289573

 Bethe-Salpeter Calculation

 Cutoff of the bare Coulomb interaction (Ry): 10.00
 Cutoff of the screened Coulomb interaction (Ry): 10.00
 Number of G-vectors up to the bare int. cutoff: 169
 Number of G-vectors up to the screened int. cutoff: 169
 Number of valence bands: 4
 Number of conduction bands: 4
 Number of spins: 1


 Epsilon matrix for q->0 read from eps0mat
 nrq0 = 1  gmax =    10.000000

 Head of epsilon inverse :  (  4.4723260219611080E-002,  1.0714966782766899E-019)


 Epsilon matrix for q/=0 read from epsmat
 nrq = 2  gmax =    10.000000
 nfq = 8  qsz =   0.289573


 Calculating Vcoul

 For G=0: setting q0 =  0.001000  0.000000  0.000000


 Started calculation of matrix elements with 32 block(s) at 13:59:25.
 [ 13:59:25 |   0% ] block  1 / 32.

WARNING: at least one vector from the epsilon G-space could not be mapped to 
 the WFN G-space. This means that either:
 (1) The WFN cutoff is too small (most likely and dangerous); or
 (2) The cutoff of the dielectric matrix is simply huge.
 Consider using the gsphere.py utility to figure out the cause of this warning.

 [ 13:59:25 |   6% ] block  3 / 32, remaining: 0 s.
 [ 13:59:25 |   9% ] block  4 / 32, remaining: 0 s.
 [ 13:59:25 |  19% ] block  7 / 32, remaining: 0 s.
 [ 13:59:25 |  28% ] block 10 / 32, remaining: 0 s.
 [ 13:59:25 |  38% ] block 13 / 32, remaining: 0 s.
 [ 13:59:25 |  50% ] block 17 / 32, remaining: 0 s.
 [ 13:59:25 |  59% ] block 20 / 32, remaining: 0 s.
 [ 13:59:25 |  69% ] block 23 / 32, remaining: 0 s.
 [ 13:59:25 |  78% ] block 26 / 32, remaining: 0 s.
 [ 13:59:25 |  88% ] block 29 / 32, remaining: 0 s.
 Finished calculation of matrix elements at 13:59:25.
 Elapsed time: 0 s.

 Expected size of the BSE matrices:
   bsexmat:           0.282 MB
   bsedmat:           0.847 MB


 Started writing out BSE matrices with 512 records(s) at 13:59:25.
 [ 13:59:25 |   0% ] records   1 / 512.
 [ 13:59:25 |   0% ] records   3 / 512, remaining: 0 s.
 [ 13:59:25 |  10% ] records  52 / 512, remaining: 0 s.
 [ 13:59:25 |  20% ] records 103 / 512, remaining: 0 s.
 [ 13:59:25 |  30% ] records 154 / 512, remaining: 0 s.
 [ 13:59:25 |  40% ] records 205 / 512, remaining: 0 s.
 [ 13:59:25 |  50% ] records 257 / 512, remaining: 0 s.
 [ 13:59:25 |  60% ] records 308 / 512, remaining: 0 s.
 [ 13:59:25 |  70% ] records 359 / 512, remaining: 0 s.
 [ 13:59:25 |  80% ] records 410 / 512, remaining: 0 s.
 [ 13:59:25 |  90% ] records 461 / 512, remaining: 0 s.
 Finished writing out BSE matrices at 13:59:25.
 Elapsed time: 0 s.


 Frobenius norm of the matrices per spin:
 - Head :  1.818053788918E+0001
 - Wing :  3.165068877857E+0000
 - Body :  2.614152280708E+0001
 - X    :  2.455416191714E+0001


                            CPU (s)        WALL (s)          #

 INPUT:          (min.)        0.002           0.005          1
                 (PE 0)        0.002           0.005
                 (max.)        0.002           0.005
 EPSCOPY:        (min.)        0.004           0.005          1
                 (PE 0)        0.004           0.005
                 (max.)        0.005           0.005
 GENWF:          (min.)        0.006           0.002         32
                 (PE 0)        0.006           0.009
                 (max.)        0.007           0.009
 EXCWF:          (min.)        0.000           0.000          0
                 (PE 0)        0.000           0.000
                 (max.)        0.000           0.000
 MTXEL:          (min.)        0.348           0.347         32
                 (PE 0)        0.349           0.347
                 (max.)        0.349           0.353
 FULLBZ:         (min.)        0.000           0.001          2
                 (PE 0)        0.000           0.001
                 (max.)        0.000           0.001
 BSEWRITE:       (min.)        0.007           0.007          1
                 (PE 0)        0.007           0.007
                 (max.)        0.007           0.008
 MTXEL Setup:    (min.)        0.000           0.000         64
                 (PE 0)        0.000           0.000
                 (max.)        0.014           0.016
 MTXEL Vcoul:    (min.)        0.000           0.000         64
                 (PE 0)        0.000           0.000
                 (max.)        0.000           0.000
 MTXEL W:        (min.)        0.006           0.000       4720
                 (PE 0)        0.006           0.000
                 (max.)        0.007           0.006
 MTXEL W-Sum:    (min.)        0.023           0.022       4752
                 (PE 0)        0.023           0.022
                 (max.)        0.023           0.024
 MTXEL FFT Dir:  (min.)        0.124           0.120         32
                 (PE 0)        0.138           0.139
                 (max.)        0.138           0.139
 MTXEL High G:   (min.)        0.000           0.000         32
                 (PE 0)        0.000           0.000
                 (max.)        0.000           0.001
 MTXEL FFT X:    (min.)        0.119           0.124         32
                 (PE 0)        0.132           0.134
                 (max.)        0.132           0.134
 MTXEL BSEX:     (min.)        0.001           0.001         32
                 (PE 0)        0.001           0.001
                 (max.)        0.001           0.001
 MTXEL INDEX:    (min.)        0.000           0.001         32
                 (PE 0)        0.000           0.001
                 (max.)        0.001           0.001
 MTXEL EPSHEAD:  (min.)        0.000           0.000         32
                 (PE 0)        0.000           0.000
                 (max.)        0.000           0.000
 MTXEL EPSREAD:  (min.)        0.005           0.003       5408
                 (PE 0)        0.005           0.003
                 (max.)        0.005           0.007
 MTXEL EPSOPEN:  (min.)        0.000           0.000          0
                 (PE 0)        0.000           0.000
                 (max.)        0.000           0.000
 MTXEL G SUM:    (min.)        0.003           0.001         32
                 (PE 0)        0.003           0.001
                 (max.)        0.003           0.003
 MTXEL COMM:     (min.)        0.027           0.024         64
                 (PE 0)        0.027           0.024
                 (max.)        0.040           0.042
 BSEWRITE COMM:  (min.)        0.001           0.000        512
                 (PE 0)        0.001           0.000
                 (max.)        0.005           0.005
 BSEWRITE I/O:   (min.)        0.000           0.000        512
                 (PE 0)        0.003           0.003
                 (max.)        0.003           0.003
 MTXEL FFT CC:   (min.)        0.064           0.062         32
                 (PE 0)        0.070           0.072
                 (max.)        0.070           0.072
 MTXEL FFT VV:   (min.)        0.060           0.057         32
                 (PE 0)        0.067           0.067
                 (max.)        0.067           0.067
 MTXEL FIND:     (min.)        0.000           0.000         32
                 (PE 0)        0.000           0.000
                 (max.)        0.000           0.000
 MTXEL ALLOC:    (min.)        0.000           0.000         32
                 (PE 0)        0.000           0.000
                 (max.)        0.000           0.000
 MTXEL FFTBOX:   (min.)        0.000           0.000         32
                 (PE 0)        0.000           0.000
                 (max.)        0.000           0.001
 MTXEL FFT VC:   (min.)        0.119           0.124         32
                 (PE 0)        0.132           0.134
                 (max.)        0.132           0.134

 TOTAL:          (min.)        0.370           0.374
                 (PE 0)        0.370           0.374
                 (max.)        0.370           0.374

