
 BerkeleyGW branch 1.2.x revision 7090
 Sigma code, Complex version, run on 04-Nov-2016 at 14:20:02 -0700

                                                                 ..o.          
                                                                .oxxo.         
                                                               .oxxxxo...      
                                                               oxxxxxxo.       
                                                              .oxxxxxxx.       
                                                              .ooooooxxo..     
                                                              .oooooooxo..     
                                                              .oooooxxo...     
                                                       .........oxooo......    
                                                 ............................  
                                             ................................. 
                                          .................................... 
           .          ..oo. ....  .................................oooxxxxxxxo.
     .............oxxxx@ox@@@x@x.....................o...........ooooooooooxx. 
    .o.........oox@x.oo........xxx@@............ooxxxxo..........ooooxxxxxoxo  
    .x........x@xxo...............o@xxo........oxxx@@@xoooooooooooooooxxxo...  
    .o......ox@@o..................oox@o.....ooxxx@xoooxxxxxxxoooooooooooo.... 
    o..ooooo@@xoooo....ooo...........x@o.....ooxxxxo   .oxxxxxxxxxxooooooo.... 
    . .oooo@@@@@@@@@@@@@@@@@@@@@@@@@@@@@@....ooooox.     .oxx@@@@@xxoo........ 
      .ooooxxxxxxxooooooxooooooooooooooxo...oooooxx.        ..ox@xxxoo.........
      .ooooooxxxx@xoooooooooooooxxoooooooooooxxxxx.            .oxxooooooooxxo.
     .oooooxxxxx@@@xxxxxxxxxxxxxxxxxxxxxxxxoxxxxo.                .oxxxxxxxxo. 
   ....oooxxxxx@@@xo..oxxx@@@@@@xxxxoxxoooooooxx.                  .oxxxoo..   
  .....ooxxxx@@xo.       ........    .ooooooooxxo                              
  ..oooxxxx@@@o                       .oooooooxoo.                             
  ....oxooxxxxx.                       .ooo..oooo.                             
  .....o.ooxxxxxo.                     .oooooooxo.                             
 ......ooooxxxxxxo.                     .ooooooxoo..                           
........ooxxxxxxxo..                     .o....oxoo...                         
.......ooooxxxxxxxo.                     ........oooo.                         
.ooooooo..ooxxxxoooo.                    .........ooo...                       
..oxo...ooooxxxoooo..                    .ooo......oooo...                     
  .ooooo....o.                            .oxxxoo....ooo....                   
    .oooooo...                              ...ooooo...ooo..                   
       ...                                     .oo.......                      
                                               ....ooo...                      
                      __              __                                       
 ______              [  |            [  |                 ._____  _          _ 
|_   _ \              | |  _          | |                /  ___ \| |        | |
  | |_) | .---.  _. _.| | / |  .---.  | | .---.  _    _ / /    \_|\ \  /\  / / 
  |  __'./ /__\\[ /`\_| '' <  / /__\\ | |/ /__\\| \  | | |   _____ \ \/  \/ /  
 _| |__| | \__. | |   | |`\ \ | \___. | || \___. \ \/ / \ \.___| |  \  /\  /   
|_______/ \.__./[_]  [__|  \_] \.__./[___]\.__./  \  /   \.____./    \/  \/    
                                                  / /                          
                                                 /_/                           
--------------------------------------------------------------------------------
 Please cite the following papers when using results from BerkeleyGW:

 F. H. da Jornada, J. Deslippe, D. Vigil-Fowler, J. I. Mustafa, T. Rangel,
 F. Bruneval, F. Liu, D. Y. Qiu, D. A. Strubbe, G. Samsonidze, J. Lischner,
 C. Yang, J. B. Neaton, and S. G. Louie, In preparation. (2016)

 Jack Deslippe, Georgy Samsonidze, David A. Strubbe, Manish Jain, Marvin L.
 Cohen, and Steven G. Louie, "BerkeleyGW: A Massively Parallel Computer Package
 for the Calculation of the Quasiparticle and Optical Properties of Materials
 and Nanostructures," Comput. Phys. Commun. 183, 1269 (2012)

 Mark S. Hybertsen and Steven G. Louie, "Electron correlation in semiconductors
 and insulators: Band gaps and quasiparticle energies," Phys. Rev. B 34, 5390
 (1986)

 Michael Rohlfing and Steven G. Louie, "Electron-hole excitations and optical
 spectra from first principles," Phys. Rev. B 62, 4927 (2000)
--------------------------------------------------------------------------------

 Running MPI version (parallel)
 Running with 2 MPI task(s)

 Compilation flags:
 - Compiler: GNU
 - Para. flags: MPI
 - Math  flags: USESCALAPACK, USEFFTW3, HDF5
 - Debug flags: 

 Running with verbosity level 1 (default).

 Using the Generalized Plasmon Pole model

 We are communicating via MPI

 Computing CH as a partial sum over empty bands

 Running with semiconductor screening

 We are using no truncation

 Cutoff for Monte-Carlo average of Coulomb potential: 1.000E+012 Ry

 Reading exchange-correlation matrix elements from vxc.dat file

 Treating W within the Hybertsen-Louie Generalized Plasmon Pole model

 Memory available: 977.6 MB per PE

 Read from eps0mat.h5:
 - Number of G-vectors in the charge-density grid: 1291
 - Max. number of G-vectors for dielectric matrices: 169
 - Cutoff of the dielectric matrix (Ry): 10.000
 - Number of imaginary frequencies: 0
 - Total number of frequencies: 1
 - Frequency dependence: 0
 - Number of q-points: 1
 - Q grid: 2 2 2

 Read from epsmat.h5:
 - Number of G-vectors in the charge-density grid: 1291
 - Max. number of G-vectors for dielectric matrices: 168
 - Cutoff of the dielectric matrix: 10.000
 - Number of imaginary frequencies: 0
 - Total number of frequencies: 1
 - Frequency dependence: 0
 - Number of q-points: 2
 - Q grid: 2 2 2

 Reading header of WFN_inner
 Highest occupied band (unshifted grid) = 4
 Valence max    (unshifted grid) = 5.551607 eV
 Conduction min (unshifted grid) = 6.066319 eV
 Middle energy  (unshifted grid) = 5.808963 eV
 Fermi  energy  (unshifted grid) = 5.808963 eV


 Calculation parameters:
 - Cutoff of the bare Coulomb interaction (Ry): 10.00
 - Cutoff of the screened Coulomb interaction (Ry): 10.00
 - Number of G-vectors up to the bare int. cutoff: 169
 - Number of G-vectors up to the screened int. cutoff: 169
 - Total number of bands in the calculation: 8
 - Number of fully occupied valence bands: 4
 - Number of partially occ. conduction bands: 0

 Memory required for execution: 1.6 MB per PE
 Memory required for vcoul: 114.4 MB per PE

 Number of electrons per unit cell (from ifmax) = 8.000000
 Number of electrons per unit cell (from occupations) = 8.000000
 Plasma Frequency = 1.148512 Ry

 Q-grid symmetries are being used.

 Parallelization report:
 - Using 2 processor(s), 1 pool(s), 2 processor(s) per pool.
 - Each pool is computing 8 diagonal sigma matrix element(s).
 - Each pool is computing 0 off-diagonal sigma matrix element(s).
 - Each processor is holding 4 band(s).


 Started reading wavefunctions (WFN_inner) with 24 state(s) at 14:20:02.
 [ 14:20:02 |   0% ] state  1 / 24.
 [ 14:20:02 |   8% ] state  3 / 24, remaining: 0 s.
 [ 14:20:02 |  17% ] state  5 / 24, remaining: 0 s.
 [ 14:20:02 |  29% ] state  8 / 24, remaining: 0 s.
 [ 14:20:02 |  38% ] state 10 / 24, remaining: 0 s.
 [ 14:20:02 |  46% ] state 12 / 24, remaining: 0 s.
 [ 14:20:02 |  58% ] state 15 / 24, remaining: 0 s.
 [ 14:20:02 |  67% ] state 17 / 24, remaining: 0 s.
 [ 14:20:02 |  79% ] state 20 / 24, remaining: 0 s.
 [ 14:20:02 |  88% ] state 22 / 24, remaining: 0 s.
 [ 14:20:02 |  96% ] state 24 / 24, remaining: 0 s.
 Finished reading wavefunctions (WFN_inner) at 14:20:02.
 Elapsed time: 0 s.


 Scissors parameters:
 - Valence:    es =   0.0000 eV, e0 =   0.0000 eV, edel =   0.0000
 - Conduction: es =   0.0000 eV, e0 =   0.0000 eV, edel =   0.0000

 Scissors parameters (outer):
 - Valence:    es =   0.0000 eV, e0 =   0.0000 eV, edel =   0.0000
 - Conduction: es =   0.0000 eV, e0 =   0.0000 eV, edel =   0.0000


 Data for sum rule:
 - rho(0,1) = 8.000000 electrons
 - wp = 15.626301 eV

 Number of bands to compute diagonal self-energy matrix elements: 8
 Bands:
 - 1
 - 2
 - 3
 - 4
 - 5
 - 6
 - 7
 - 8
 Number of off-diagonal bands to compute self-energy matrix elements: 0


 Total number of frequencies in the dielectric matrix: 1
 Number of imag. frequencies in the dielectric matrix: 0


 Started reading eps0mat.h5 with 1 q-point(s) at 14:20:02.
 [ 14:20:02 |   0% ] q-point 1 / 1.
 Finished reading eps0mat.h5 at 14:20:02.
 Elapsed time: 0 s.


 Started reading epsmat.h5 with 2 q-point(s) at 14:20:02.
 [ 14:20:02 |   0% ] q-point 1 / 2.
 [ 14:20:02 |  50% ] q-point 2 / 2.
 Finished reading epsmat.h5 at 14:20:02.
 Elapsed time: 0 s.

 Number of k-points in WFN_inner: 3
 Number of k-points in the full BZ of WFN_inner: 8
 k+G sampling:   0.612372  0.577350  0.540062 (reciprocal lattice units)

================================================================================
 14:20:02   Dealing with k =  0.000000  0.000000  0.000000                 1 / 3
================================================================================

 Reading vxc.dat
 Number of q-points in the irreducible BZ(k) (nrq): 3

 Started calculating Sigma with 24 block(s) at 14:20:02.
 [ 14:20:03 |   0% ] block  1 / 24.
 [ 14:20:03 |   8% ] block  3 / 24, remaining: 0 s.
 [ 14:20:03 |  17% ] block  5 / 24, remaining: 0 s.
 [ 14:20:03 |  29% ] block  8 / 24, remaining: 0 s.
 [ 14:20:03 |  38% ] block 10 / 24, remaining: 0 s.
 [ 14:20:03 |  46% ] block 12 / 24, remaining: 0 s.
 [ 14:20:03 |  58% ] block 15 / 24, remaining: 0 s.
 [ 14:20:04 |  67% ] block 17 / 24, remaining: 0 s.
 [ 14:20:04 |  79% ] block 20 / 24, remaining: 0 s.
 [ 14:20:04 |  88% ] block 22 / 24, remaining: 0 s.
 [ 14:20:04 |  96% ] block 24 / 24, remaining: 0 s.
 Finished calculating Sigma at 14:20:04.
 Elapsed time: 1 s.

 Unsymmetrized values for ik =   1 spin = 1

     n      Emf       Eo      Vxc        X     SX-X       CH      Cor      Sig
     1   -7.528   -7.528  -10.743  -17.398   11.023   -5.277    5.746  -11.652
     2    5.552    5.552  -11.271  -14.017    8.528   -5.046    3.481  -10.535
     3    5.552    5.552  -11.271  -13.554    8.496   -5.182    3.314  -10.240
     4    5.552    5.552  -11.271  -13.740    8.520   -5.089    3.431  -10.309
     5    6.066    6.066  -10.174   -5.135    2.548   -5.221   -2.673   -7.808
     6    9.032    9.032   -9.377   -4.437    2.421   -4.981   -2.560   -6.997
     7    9.032    9.032   -9.377   -4.619    1.860   -4.396   -2.536   -7.155
     8    9.032    9.032   -9.377   -4.799    2.141   -4.569   -2.428   -7.227

 Symmetrized values from band-averaging:

       k =  0.000000  0.000000  0.000000 ik =   1 spin = 1

     n      Emf       Eo      Vxc        X      Cor     Eqp0     Eqp1      Znk
     1   -7.528   -7.528  -10.743  -17.398    5.746   -8.438   -8.227    0.768
     2    5.552    5.552  -11.271  -13.770    3.408    6.461    6.309    0.833
     3    5.552    5.552  -11.271  -13.770    3.408    6.461    6.309    0.833
     4    5.552    5.552  -11.271  -13.770    3.408    6.461    6.309    0.833
     5    6.066    6.066  -10.174   -5.135   -2.673    8.432    8.000    0.817
     6    9.032    9.032   -9.377   -4.619   -2.508   11.283   10.876    0.819
     7    9.032    9.032   -9.377   -4.619   -2.508   11.283   10.876    0.819
     8    9.032    9.032   -9.377   -4.619   -2.508   11.283   10.876    0.819

================================================================================
 14:20:04   Dealing with k =  0.000000  0.000000  0.500000                 2 / 3
================================================================================

 Reading vxc.dat
 Number of q-points in the irreducible BZ(k) (nrq): 4

 Started calculating Sigma with 32 block(s) at 14:20:04.
 [ 14:20:04 |   0% ] block  1 / 32.
 [ 14:20:04 |   6% ] block  3 / 32, remaining: 0 s.
 [ 14:20:04 |   9% ] block  4 / 32, remaining: 0 s.
 [ 14:20:04 |  19% ] block  7 / 32, remaining: 0 s.
 [ 14:20:04 |  28% ] block 10 / 32, remaining: 1 s.
 [ 14:20:04 |  38% ] block 13 / 32, remaining: 0 s.
 [ 14:20:04 |  50% ] block 17 / 32, remaining: 0 s.
 [ 14:20:04 |  59% ] block 20 / 32, remaining: 0 s.
 [ 14:20:04 |  69% ] block 23 / 32, remaining: 0 s.
 [ 14:20:04 |  78% ] block 26 / 32, remaining: 0 s.
 [ 14:20:04 |  88% ] block 29 / 32, remaining: 0 s.
 Finished calculating Sigma at 14:20:04.
 Elapsed time: 1 s.

 Unsymmetrized values for ik =   2 spin = 1

     n      Emf       Eo      Vxc        X     SX-X       CH      Cor      Sig
     1   -5.799   -5.799  -11.262  -17.316   10.876   -5.366    5.510  -11.807
     2   -1.478   -1.478   -9.811  -13.441    8.432   -4.968    3.464   -9.977
     3    4.145    4.145  -10.869  -13.178    8.201   -4.978    3.223   -9.955
     4    4.145    4.145  -10.869  -13.744    8.264   -4.838    3.426  -10.318
     5    6.402    6.402   -9.434   -4.785    2.283   -4.835   -2.553   -7.338
     6   10.325   10.325   -9.123   -4.204    1.914   -4.499   -2.585   -6.789
     7   10.325   10.325   -9.123   -4.340    2.111   -4.672   -2.561   -6.901
     8   13.182   13.182   -7.130   -1.940    0.776   -4.069   -3.292   -5.233

 Symmetrized values from band-averaging:

       k =  0.000000  0.000000  0.500000 ik =   2 spin = 1

     n      Emf       Eo      Vxc        X      Cor     Eqp0     Eqp1      Znk
     1   -5.799   -5.799  -11.262  -17.316    5.510   -6.344   -6.192    0.721
     2   -1.478   -1.478   -9.811  -13.441    3.464   -1.644   -1.610    0.792
     3    4.145    4.145  -10.869  -13.461    3.325    4.877    4.751    0.828
     4    4.145    4.145  -10.869  -13.461    3.325    4.877    4.751    0.828
     5    6.402    6.402   -9.434   -4.785   -2.553    8.498    8.123    0.821
     6   10.325   10.325   -9.123   -4.272   -2.573   12.603   12.198    0.822
     7   10.325   10.325   -9.123   -4.272   -2.573   12.603   12.198    0.822
     8   13.182   13.182   -7.130   -1.940   -3.292   15.080   14.720    0.810

================================================================================
 14:20:04   Dealing with k =  0.000000  0.500000  0.500000                 3 / 3
================================================================================

 Reading vxc.dat
 Number of q-points in the irreducible BZ(k) (nrq): 4

 Started calculating Sigma with 32 block(s) at 14:20:04.
 [ 14:20:04 |   0% ] block  1 / 32.
 [ 14:20:04 |   6% ] block  3 / 32, remaining: 0 s.
 [ 14:20:04 |   9% ] block  4 / 32, remaining: 0 s.
 [ 14:20:04 |  19% ] block  7 / 32, remaining: 0 s.
 [ 14:20:05 |  28% ] block 10 / 32, remaining: 1 s.
 [ 14:20:05 |  38% ] block 13 / 32, remaining: 0 s.
 [ 14:20:05 |  50% ] block 17 / 32, remaining: 0 s.
 [ 14:20:05 |  59% ] block 20 / 32, remaining: 0 s.
 [ 14:20:05 |  69% ] block 23 / 32, remaining: 0 s.
 [ 14:20:05 |  78% ] block 26 / 32, remaining: 0 s.
 [ 14:20:05 |  88% ] block 29 / 32, remaining: 0 s.
 Finished calculating Sigma at 14:20:05.
 Elapsed time: 1 s.

 Unsymmetrized values for ik =   3 spin = 1

     n      Emf       Eo      Vxc        X     SX-X       CH      Cor      Sig
     1   -4.813   -4.813  -11.478  -17.220   10.662   -5.444    5.218  -12.002
     2   -1.584   -1.584  -10.008  -13.871    8.656   -4.985    3.671  -10.201
     3    2.480    2.480  -10.353  -12.971    8.099   -4.866    3.233   -9.737
     4    2.480    2.480  -10.353  -13.283    8.044   -4.771    3.273  -10.010
     5    7.230    7.230   -8.082   -3.689    1.864   -4.663   -2.798   -6.487
     6    7.300    7.300   -8.689   -4.253    1.872   -4.441   -2.569   -6.822
     7   15.980   15.980  -10.181   -3.937    1.887   -5.186   -3.299   -7.236
     8   15.980   15.980  -10.181   -4.069    1.919   -5.087   -3.169   -7.238

 Symmetrized values from band-averaging:

       k =  0.000000  0.500000  0.500000 ik =   3 spin = 1

     n      Emf       Eo      Vxc        X      Cor     Eqp0     Eqp1      Znk
     1   -4.813   -4.813  -11.478  -17.220    5.218   -5.337   -5.201    0.740
     2   -1.584   -1.584  -10.008  -13.871    3.671   -1.777   -1.735    0.785
     3    2.480    2.480  -10.353  -13.127    3.253    2.960    2.875    0.823
     4    2.480    2.480  -10.353  -13.127    3.253    2.960    2.875    0.823
     5    7.230    7.230   -8.082   -3.689   -2.798    8.826    8.545    0.824
     6    7.300    7.300   -8.689   -4.253   -2.569    9.167    8.837    0.823
     7   15.980   15.980  -10.181   -4.003   -3.234   18.924   18.596    0.889
     8   15.980   15.980  -10.181   -4.003   -3.234   18.924   18.596    0.889

================================================================================

    n = band index.
  Emf = "inner" mean-field energy eigenvalue used to construct Sigma(E),
        read from WFN_inner.
   Eo = "outer" mean-field energy eigenvalue where we center the evaluation
        frequency grid {E} of Sigma(E). Defaults to Emf, unless
        you use WFN_outer and eqp_outer.dat / scissors_outer.
  Vxc = exchange-correlation pot., calculated from VXC or read from vxc.dat.
    X = bare exchange.
   SX = screened exchange contrib. to Sigma(E) at energy E=Eo
   CH = Coulomb hole contrib. to Sigma(E) at energy E=Eo
  Cor = SX-X + CH = correlation portion of Sigma(E) at energy E=Eo.
  Sig = X + Cor = self energy, Sigma(E), at energy E=Eo.
 Eqp0 = on-shell QP energy = Emf - Vxc + Sig(Eo)
        Eqp0 is *not* the recommended quantity to use for QP properties.
 Eqp1 = off-shell solution to the linearized  Dyson`s equation
      = Eqp0 + (dSig/dE) / (1 - dSig/dE) * (Eqp0 - Eo),
        or a full linear interpolation if more freq. points where computed.
        Eqp1 is the recommended quantity to use for QP properties.
  Znk = quasiparticle renormalization factor

 Notes on the finite_difference_form from sigma.inp file:
   none    : -2 => dSig/dE = 0 (skip the expansion)
   backward: -1 => dSig/dE = (Sig(Eo) - Sig(Eo-dE)) / dE
   central :  0 => dSig/dE = (Sig(Eo+dE) - Sig(Eo-dE)) / (2*dE)
   forward :  1 => dSig/dE = (Sig(Eo+dE) - Sig(Eo)) / dE
   default :  2 => forward for diagonal and none for off-diagonal
   dE is finite_difference_spacing from Sigma.inp file.
   We are using the form #2 with dE = 1.000 eV.

 General notes:
 - All energies are reported here in eV.
 - Both Emf and Vxc contain the average pot. Vxc0, so Vxc0 doesn`t affect Sigma.
 - Eqp1 and Eqp0 are Eqs. (36-37) from Hybertsen & Louie PRB 34 5390.
 - We recommend you use Eqp1 for QP properties of materials.

================================================================================


WARNING: |Eqp0 - Eo| > finite_difference_spacing. Linear extrapolation for eqp1
may be inaccurate. You should test the validity of eqp1 by rerunning the
calculation with the self energy evaluated at the eqp0 energies. For that,
use the eqp_outer.dat file, created with eqp.py script and point WFN_outer to
WFN_inner, if you were not already using WFN_outer.


                      CPU (s)        WALL (s)           #

FULLBZ:                 0.000           0.000           2
IRRBZ:                  0.000           0.000           3
SUBGRP:                 0.000           0.000           3
GMAP:                   0.000           0.000          11
INPUT:                  0.011           0.014           1
INPUT I/O               0.000           0.001          33
INPUT COMM              0.000           0.000          33
INPUT (READ):           0.001           0.001          31
INPUT (WRITE):          0.000           0.000          27
INPUT_OUTER:            0.000           0.000           1
GENWF:                  0.001           0.000          11
WF COMM:                0.000           0.000           3
WF_CH COMM:             0.000           0.000           0
EPSCOPY:                0.021           0.022           1
EPSCOPY IO:             0.019           0.019           3
EPSCOPY COMM:           0.000           0.000           0
READ NEPS:              0.001           0.000           1
EPSREAD:                0.001           0.000          11
MTXEL:                  0.056           0.060          88
MTXEL_CH:               0.000           0.000           0
MTXEL COMM:             0.000           0.000          11
VCOUL:                  2.221           2.225          11
VXC:                    0.000           0.000           6
BARE X:                 0.000           0.002          91
MTXEL_COR TOT:          0.505           0.501          88
M.COR INIT:             0.002           0.003          88
M.COR EPSINIT:          0.184           0.179          88
M.COR COMM:             0.002           0.005         176
M.COR PP PREP:          0.112           0.116        7128
M.COR SX+CH:            0.315           0.314         704
M.COR RA SX:            0.000           0.000           0
M.COR RA CH:            0.000           0.000           0
M.COR RA CH2:           0.000           0.000           0
M.COR RA SUM:           0.000           0.000           0
M.COR CD RES:           0.000           0.000           0
M.COR CD INT:           0.000           0.000           0
M.COR CD SUM:           0.000           0.000           0
M.COR REMAIN:           0.000           0.000           0
FFT ZERO                0.003           0.003         440
FFT PUT                 0.002           0.001         440
FFT PLAN                0.029           0.033         792
FFT EXEC                0.014           0.017         792
FFT MLTPLY              0.002           0.001         352

TOTAL:                  2.828           2.834

