 #ng=         1291
 g1 g2 g3   gx (bohrs) gy (bohrs) gz (bohrs)   ecut (Ha)
   -4   -6   -7    -5.293051    -2.940584    -1.764350      19.888181
   -5   -5   -7    -4.116818    -4.116818    -1.764350      18.504655
   -4   -5   -7    -4.704935    -3.528701    -1.176234      17.985833
   -3   -5   -7    -5.293051    -2.940584    -0.588117      18.504655
   -6   -4   -7    -2.940584    -5.293051    -1.764350      19.888181
   -5   -4   -7    -3.528701    -4.704935    -1.176234      17.985833
   -4   -4   -7    -4.116818    -4.116818    -0.588117      17.121129
   -3   -4   -7    -4.704935    -3.528701     0.000000      17.294070
   -2   -4   -7    -5.293051    -2.940584     0.588117      18.504655
   -5   -3   -7    -2.940584    -5.293051    -0.588117      18.504655
   -4   -3   -7    -3.528701    -4.704935     0.000000      17.294070
   -3   -3   -7    -4.116818    -4.116818     0.588117      17.121129
   -2   -3   -7    -4.704935    -3.528701     1.176234      17.985833
   -1   -3   -7    -5.293051    -2.940584     1.764350      19.888181
   -4   -2   -7    -2.940584    -5.293051     0.588117      18.504655
   -3   -2   -7    -3.528701    -4.704935     1.176234      17.985833
   -2   -2   -7    -4.116818    -4.116818     1.764350      18.504655
   -3   -1   -7    -2.940584    -5.293051     1.764350      19.888181
   -4   -7   -6    -5.293051    -1.764350    -2.940584      19.888181
   -6   -6   -6    -3.528701    -3.528701    -3.528701      18.677596
   -5   -6   -6    -4.116818    -2.940584    -2.940584      17.121129
   -4   -6   -6    -4.704935    -2.352467    -2.352467      16.602307
   -3   -6   -6    -5.293051    -1.764350    -1.764350      17.121129
   -2   -6   -6    -5.881168    -1.176234    -1.176234      18.677596
   -6   -5   -6    -2.940584    -4.116818    -2.940584      17.121129
   -5   -5   -6    -3.528701    -3.528701    -2.352467      15.218782
   -4   -5   -6    -4.116818    -2.940584    -1.764350      14.354078
   -3   -5   -6    -4.704935    -2.352467    -1.176234      14.527019
   -2   -5   -6    -5.293051    -1.764350    -0.588117      15.737604
   -1   -5   -6    -5.881168    -1.176234     0.000000      17.985833
   -7   -4   -6    -1.764350    -5.293051    -2.940584      19.888181
   -6   -4   -6    -2.352467    -4.704935    -2.352467      16.602307
   -5   -4   -6    -2.940584    -4.116818    -1.764350      14.354078
   -4   -4   -6    -3.528701    -3.528701    -1.176234      13.143493
   -3   -4   -6    -4.116818    -2.940584    -0.588117      12.970553
   -2   -4   -6    -4.704935    -2.352467     0.000000      13.835256
   -1   -4   -6    -5.293051    -1.764350     0.588117      15.737604
    0   -4   -6    -5.881168    -1.176234     1.176234      18.677596
   -6   -3   -6    -1.764350    -5.293051    -1.764350      17.121129
   -5   -3   -6    -2.352467    -4.704935    -1.176234      14.527019
   -4   -3   -6    -2.940584    -4.116818    -0.588117      12.970553
   -3   -3   -6    -3.528701    -3.528701     0.000000      12.451730
   -2   -3   -6    -4.116818    -2.940584     0.588117      12.970553
   -1   -3   -6    -4.704935    -2.352467     1.176234      14.527019
    0   -3   -6    -5.293051    -1.764350     1.764350      17.121129
   -6   -2   -6    -1.176234    -5.881168    -1.176234      18.677596
   -5   -2   -6    -1.764350    -5.293051    -0.588117      15.737604
   -4   -2   -6    -2.352467    -4.704935     0.000000      13.835256
   -3   -2   -6    -2.940584    -4.116818     0.588117      12.970553
   -2   -2   -6    -3.528701    -3.528701     1.176234      13.143493
   -1   -2   -6    -4.116818    -2.940584     1.764350      14.354078
    0   -2   -6    -4.704935    -2.352467     2.352467      16.602307
    1   -2   -6    -5.293051    -1.764350     2.940584      19.888181
   -5   -1   -6    -1.176234    -5.881168     0.000000      17.985833
   -4   -1   -6    -1.764350    -5.293051     0.588117      15.737604
   -3   -1   -6    -2.352467    -4.704935     1.176234      14.527019
   -2   -1   -6    -2.940584    -4.116818     1.764350      14.354078
   -1   -1   -6    -3.528701    -3.528701     2.352467      15.218782
    0   -1   -6    -4.116818    -2.940584     2.940584      17.121129
   -4    0   -6    -1.176234    -5.881168     1.176234      18.677596
   -3    0   -6    -1.764350    -5.293051     1.764350      17.121129
   -2    0   -6    -2.352467    -4.704935     2.352467      16.602307
   -1    0   -6    -2.940584    -4.116818     2.940584      17.121129
    0    0   -6    -3.528701    -3.528701     3.528701      18.677596
   -2    1   -6    -1.764350    -5.293051     2.940584      19.888181
   -5   -7   -5    -4.116818    -1.764350    -4.116818      18.504655
   -4   -7   -5    -4.704935    -1.176234    -3.528701      17.985833
   -3   -7   -5    -5.293051    -0.588117    -2.940584      18.504655
   -6   -6   -5    -2.940584    -2.940584    -4.116818      17.121129
   -5   -6   -5    -3.528701    -2.352467    -3.528701      15.218782
   -4   -6   -5    -4.116818    -1.764350    -2.940584      14.354078
   -3   -6   -5    -4.704935    -1.176234    -2.352467      14.527019
   -2   -6   -5    -5.293051    -0.588117    -1.764350      15.737604
   -1   -6   -5    -5.881168     0.000000    -1.176234      17.985833
   -7   -5   -5    -1.764350    -4.116818    -4.116818      18.504655
   -6   -5   -5    -2.352467    -3.528701    -3.528701      15.218782
   -5   -5   -5    -2.940584    -2.940584    -2.940584      12.970553
   -4   -5   -5    -3.528701    -2.352467    -2.352467      11.759968
   -3   -5   -5    -4.116818    -1.764350    -1.764350      11.587027
   -2   -5   -5    -4.704935    -1.176234    -1.176234      12.451730
   -1   -5   -5    -5.293051    -0.588117    -0.588117      14.354078
    0   -5   -5    -5.881168     0.000000     0.000000      17.294070
   -7   -4   -5    -1.176234    -4.704935    -3.528701      17.985833
   -6   -4   -5    -1.764350    -4.116818    -2.940584      14.354078
   -5   -4   -5    -2.352467    -3.528701    -2.352467      11.759968
   -4   -4   -5    -2.940584    -2.940584    -1.764350      10.203501
   -3   -4   -5    -3.528701    -2.352467    -1.176234       9.684679
   -2   -4   -5    -4.116818    -1.764350    -0.588117      10.203501
   -1   -4   -5    -4.704935    -1.176234     0.000000      11.759968
    0   -4   -5    -5.293051    -0.588117     0.588117      14.354078
    1   -4   -5    -5.881168     0.000000     1.176234      17.985833
   -7   -3   -5    -0.588117    -5.293051    -2.940584      18.504655
   -6   -3   -5    -1.176234    -4.704935    -2.352467      14.527019
   -5   -3   -5    -1.764350    -4.116818    -1.764350      11.587027
   -4   -3   -5    -2.352467    -3.528701    -1.176234       9.684679
   -3   -3   -5    -2.940584    -2.940584    -0.588117       8.819976
   -2   -3   -5    -3.528701    -2.352467    -0.000000       8.992916
   -1   -3   -5    -4.116818    -1.764350     0.588117      10.203501
    0   -3   -5    -4.704935    -1.176234     1.176234      12.451730
    1   -3   -5    -5.293051    -0.588117     1.764350      15.737604
   -6   -2   -5    -0.588117    -5.293051    -1.764350      15.737604
   -5   -2   -5    -1.176234    -4.704935    -1.176234      12.451730
   -4   -2   -5    -1.764350    -4.116818    -0.588117      10.203501
   -3   -2   -5    -2.352467    -3.528701    -0.000000       8.992916
   -2   -2   -5    -2.940584    -2.940584     0.588117       8.819976
   -1   -2   -5    -3.528701    -2.352467     1.176234       9.684679
    0   -2   -5    -4.116818    -1.764350     1.764350      11.587027
    1   -2   -5    -4.704935    -1.176234     2.352467      14.527019
    2   -2   -5    -5.293051    -0.588117     2.940584      18.504655
   -6   -1   -5     0.000000    -5.881168    -1.176234      17.985833
   -5   -1   -5    -0.588117    -5.293051    -0.588117      14.354078
   -4   -1   -5    -1.176234    -4.704935     0.000000      11.759968
   -3   -1   -5    -1.764350    -4.116818     0.588117      10.203501
   -2   -1   -5    -2.352467    -3.528701     1.176234       9.684679
   -1   -1   -5    -2.940584    -2.940584     1.764350      10.203501
    0   -1   -5    -3.528701    -2.352467     2.352467      11.759968
    1   -1   -5    -4.116818    -1.764350     2.940584      14.354078
    2   -1   -5    -4.704935    -1.176234     3.528701      17.985833
   -5    0   -5     0.000000    -5.881168     0.000000      17.294070
   -4    0   -5    -0.588117    -5.293051     0.588117      14.354078
   -3    0   -5    -1.176234    -4.704935     1.176234      12.451730
   -2    0   -5    -1.764350    -4.116818     1.764350      11.587027
   -1    0   -5    -2.352467    -3.528701     2.352467      11.759968
    0    0   -5    -2.940584    -2.940584     2.940584      12.970553
    1    0   -5    -3.528701    -2.352467     3.528701      15.218782
    2    0   -5    -4.116818    -1.764350     4.116818      18.504655
   -4    1   -5     0.000000    -5.881168     1.176234      17.985833
   -3    1   -5    -0.588117    -5.293051     1.764350      15.737604
   -2    1   -5    -1.176234    -4.704935     2.352467      14.527019
   -1    1   -5    -1.764350    -4.116818     2.940584      14.354078
    0    1   -5    -2.352467    -3.528701     3.528701      15.218782
    1    1   -5    -2.940584    -2.940584     4.116818      17.121129
   -2    2   -5    -0.588117    -5.293051     2.940584      18.504655
   -1    2   -5    -1.176234    -4.704935     3.528701      17.985833
    0    2   -5    -1.764350    -4.116818     4.116818      18.504655
   -6   -7   -4    -2.940584    -1.764350    -5.293051      19.888181
   -5   -7   -4    -3.528701    -1.176234    -4.704935      17.985833
   -4   -7   -4    -4.116818    -0.588117    -4.116818      17.121129
   -3   -7   -4    -4.704935     0.000000    -3.528701      17.294070
   -2   -7   -4    -5.293051     0.588117    -2.940584      18.504655
   -7   -6   -4    -1.764350    -2.940584    -5.293051      19.888181
   -6   -6   -4    -2.352467    -2.352467    -4.704935      16.602307
   -5   -6   -4    -2.940584    -1.764350    -4.116818      14.354078
   -4   -6   -4    -3.528701    -1.176234    -3.528701      13.143493
   -3   -6   -4    -4.116818    -0.588117    -2.940584      12.970553
   -2   -6   -4    -4.704935     0.000000    -2.352467      13.835256
   -1   -6   -4    -5.293051     0.588117    -1.764350      15.737604
    0   -6   -4    -5.881168     1.176234    -1.176234      18.677596
   -7   -5   -4    -1.176234    -3.528701    -4.704935      17.985833
   -6   -5   -4    -1.764350    -2.940584    -4.116818      14.354078
   -5   -5   -4    -2.352467    -2.352467    -3.528701      11.759968
   -4   -5   -4    -2.940584    -1.764350    -2.940584      10.203501
   -3   -5   -4    -3.528701    -1.176234    -2.352467       9.684679
   -2   -5   -4    -4.116818    -0.588117    -1.764350      10.203501
   -1   -5   -4    -4.704935     0.000000    -1.176234      11.759968
    0   -5   -4    -5.293051     0.588117    -0.588117      14.354078
    1   -5   -4    -5.881168     1.176234     0.000000      17.985833
   -7   -4   -4    -0.588117    -4.116818    -4.116818      17.121129
   -6   -4   -4    -1.176234    -3.528701    -3.528701      13.143493
   -5   -4   -4    -1.764350    -2.940584    -2.940584      10.203501
   -4   -4   -4    -2.352467    -2.352467    -2.352467       8.301154
   -3   -4   -4    -2.940584    -1.764350    -1.764350       7.436450
   -2   -4   -4    -3.528701    -1.176234    -1.176234       7.609391
   -1   -4   -4    -4.116818    -0.588117    -0.588117       8.819976
    0   -4   -4    -4.704935     0.000000     0.000000      11.068205
    1   -4   -4    -5.293051     0.588117     0.588117      14.354078
    2   -4   -4    -5.881168     1.176234     1.176234      18.677596
   -7   -3   -4     0.000000    -4.704935    -3.528701      17.294070
   -6   -3   -4    -0.588117    -4.116818    -2.940584      12.970553
   -5   -3   -4    -1.176234    -3.528701    -2.352467       9.684679
   -4   -3   -4    -1.764350    -2.940584    -1.764350       7.436450
   -3   -3   -4    -2.352467    -2.352467    -1.176234       6.225865
   -2   -3   -4    -2.940584    -1.764350    -0.588117       6.052925
   -1   -3   -4    -3.528701    -1.176234     0.000000       6.917628
    0   -3   -4    -4.116818    -0.588117     0.588117       8.819976
    1   -3   -4    -4.704935     0.000000     1.176234      11.759968
    2   -3   -4    -5.293051     0.588117     1.764350      15.737604
   -7   -2   -4     0.588117    -5.293051    -2.940584      18.504655
   -6   -2   -4     0.000000    -4.704935    -2.352467      13.835256
   -5   -2   -4    -0.588117    -4.116818    -1.764350      10.203501
   -4   -2   -4    -1.176234    -3.528701    -1.176234       7.609391
   -3   -2   -4    -1.764350    -2.940584    -0.588117       6.052925
   -2   -2   -4    -2.352467    -2.352467     0.000000       5.534102
   -1   -2   -4    -2.940584    -1.764350     0.588117       6.052925
    0   -2   -4    -3.528701    -1.176234     1.176234       7.609391
    1   -2   -4    -4.116818    -0.588117     1.764350      10.203501
    2   -2   -4    -4.704935     0.000000     2.352467      13.835256
    3   -2   -4    -5.293051     0.588117     2.940584      18.504655
   -6   -1   -4     0.588117    -5.293051    -1.764350      15.737604
   -5   -1   -4     0.000000    -4.704935    -1.176234      11.759968
   -4   -1   -4    -0.588117    -4.116818    -0.588117       8.819976
   -3   -1   -4    -1.176234    -3.528701     0.000000       6.917628
   -2   -1   -4    -1.764350    -2.940584     0.588117       6.052925
   -1   -1   -4    -2.352467    -2.352467     1.176234       6.225865
    0   -1   -4    -2.940584    -1.764350     1.764350       7.436450
    1   -1   -4    -3.528701    -1.176234     2.352467       9.684679
    2   -1   -4    -4.116818    -0.588117     2.940584      12.970553
    3   -1   -4    -4.704935     0.000000     3.528701      17.294070
   -6    0   -4     1.176234    -5.881168    -1.176234      18.677596
   -5    0   -4     0.588117    -5.293051    -0.588117      14.354078
   -4    0   -4     0.000000    -4.704935     0.000000      11.068205
   -3    0   -4    -0.588117    -4.116818     0.588117       8.819976
   -2    0   -4    -1.176234    -3.528701     1.176234       7.609391
   -1    0   -4    -1.764350    -2.940584     1.764350       7.436450
    0    0   -4    -2.352467    -2.352467     2.352467       8.301154
    1    0   -4    -2.940584    -1.764350     2.940584      10.203501
    2    0   -4    -3.528701    -1.176234     3.528701      13.143493
    3    0   -4    -4.116818    -0.588117     4.116818      17.121129
   -5    1   -4     1.176234    -5.881168     0.000000      17.985833
   -4    1   -4     0.588117    -5.293051     0.588117      14.354078
   -3    1   -4     0.000000    -4.704935     1.176234      11.759968
   -2    1   -4    -0.588117    -4.116818     1.764350      10.203501
   -1    1   -4    -1.176234    -3.528701     2.352467       9.684679
    0    1   -4    -1.764350    -2.940584     2.940584      10.203501
    1    1   -4    -2.352467    -2.352467     3.528701      11.759968
    2    1   -4    -2.940584    -1.764350     4.116818      14.354078
    3    1   -4    -3.528701    -1.176234     4.704935      17.985833
   -4    2   -4     1.176234    -5.881168     1.176234      18.677596
   -3    2   -4     0.588117    -5.293051     1.764350      15.737604
   -2    2   -4     0.000000    -4.704935     2.352467      13.835256
   -1    2   -4    -0.588117    -4.116818     2.940584      12.970553
    0    2   -4    -1.176234    -3.528701     3.528701      13.143493
    1    2   -4    -1.764350    -2.940584     4.116818      14.354078
    2    2   -4    -2.352467    -2.352467     4.704935      16.602307
    3    2   -4    -2.940584    -1.764350     5.293051      19.888181
   -2    3   -4     0.588117    -5.293051     2.940584      18.504655
   -1    3   -4     0.000000    -4.704935     3.528701      17.294070
    0    3   -4    -0.588117    -4.116818     4.116818      17.121129
    1    3   -4    -1.176234    -3.528701     4.704935      17.985833
    2    3   -4    -1.764350    -2.940584     5.293051      19.888181
   -5   -7   -3    -2.940584    -0.588117    -5.293051      18.504655
   -4   -7   -3    -3.528701     0.000000    -4.704935      17.294070
   -3   -7   -3    -4.116818     0.588117    -4.116818      17.121129
   -2   -7   -3    -4.704935     1.176234    -3.528701      17.985833
   -1   -7   -3    -5.293051     1.764350    -2.940584      19.888181
   -6   -6   -3    -1.764350    -1.764350    -5.293051      17.121129
   -5   -6   -3    -2.352467    -1.176234    -4.704935      14.527019
   -4   -6   -3    -2.940584    -0.588117    -4.116818      12.970553
   -3   -6   -3    -3.528701     0.000000    -3.528701      12.451730
   -2   -6   -3    -4.116818     0.588117    -2.940584      12.970553
   -1   -6   -3    -4.704935     1.176234    -2.352467      14.527019
    0   -6   -3    -5.293051     1.764350    -1.764350      17.121129
   -7   -5   -3    -0.588117    -2.940584    -5.293051      18.504655
   -6   -5   -3    -1.176234    -2.352467    -4.704935      14.527019
   -5   -5   -3    -1.764350    -1.764350    -4.116818      11.587027
   -4   -5   -3    -2.352467    -1.176234    -3.528701       9.684679
   -3   -5   -3    -2.940584    -0.588117    -2.940584       8.819976
   -2   -5   -3    -3.528701    -0.000000    -2.352467       8.992916
   -1   -5   -3    -4.116818     0.588117    -1.764350      10.203501
    0   -5   -3    -4.704935     1.176234    -1.176234      12.451730
    1   -5   -3    -5.293051     1.764350    -0.588117      15.737604
   -7   -4   -3     0.000000    -3.528701    -4.704935      17.294070
   -6   -4   -3    -0.588117    -2.940584    -4.116818      12.970553
   -5   -4   -3    -1.176234    -2.352467    -3.528701       9.684679
   -4   -4   -3    -1.764350    -1.764350    -2.940584       7.436450
   -3   -4   -3    -2.352467    -1.176234    -2.352467       6.225865
   -2   -4   -3    -2.940584    -0.588117    -1.764350       6.052925
   -1   -4   -3    -3.528701     0.000000    -1.176234       6.917628
    0   -4   -3    -4.116818     0.588117    -0.588117       8.819976
    1   -4   -3    -4.704935     1.176234     0.000000      11.759968
    2   -4   -3    -5.293051     1.764350     0.588117      15.737604
   -7   -3   -3     0.588117    -4.116818    -4.116818      17.121129
   -6   -3   -3     0.000000    -3.528701    -3.528701      12.451730
   -5   -3   -3    -0.588117    -2.940584    -2.940584       8.819976
   -4   -3   -3    -1.176234    -2.352467    -2.352467       6.225865
   -3   -3   -3    -1.764350    -1.764350    -1.764350       4.669399
   -2   -3   -3    -2.352467    -1.176234    -1.176234       4.150577
   -1   -3   -3    -2.940584    -0.588117    -0.588117       4.669399
    0   -3   -3    -3.528701     0.000000     0.000000       6.225865
    1   -3   -3    -4.116818     0.588117     0.588117       8.819976
    2   -3   -3    -4.704935     1.176234     1.176234      12.451730
    3   -3   -3    -5.293051     1.764350     1.764350      17.121129
   -7   -2   -3     1.176234    -4.704935    -3.528701      17.985833
   -6   -2   -3     0.588117    -4.116818    -2.940584      12.970553
   -5   -2   -3    -0.000000    -3.528701    -2.352467       8.992916
   -4   -2   -3    -0.588117    -2.940584    -1.764350       6.052925
   -3   -2   -3    -1.176234    -2.352467    -1.176234       4.150577
   -2   -2   -3    -1.764350    -1.764350    -0.588117       3.285873
   -1   -2   -3    -2.352467    -1.176234     0.000000       3.458814
    0   -2   -3    -2.940584    -0.588117     0.588117       4.669399
    1   -2   -3    -3.528701     0.000000     1.176234       6.917628
    2   -2   -3    -4.116818     0.588117     1.764350      10.203501
    3   -2   -3    -4.704935     1.176234     2.352467      14.527019
    4   -2   -3    -5.293051     1.764350     2.940584      19.888181
   -7   -1   -3     1.764350    -5.293051    -2.940584      19.888181
   -6   -1   -3     1.176234    -4.704935    -2.352467      14.527019
   -5   -1   -3     0.588117    -4.116818    -1.764350      10.203501
   -4   -1   -3     0.000000    -3.528701    -1.176234       6.917628
   -3   -1   -3    -0.588117    -2.940584    -0.588117       4.669399
   -2   -1   -3    -1.176234    -2.352467     0.000000       3.458814
   -1   -1   -3    -1.764350    -1.764350     0.588117       3.285873
    0   -1   -3    -2.352467    -1.176234     1.176234       4.150577
    1   -1   -3    -2.940584    -0.588117     1.764350       6.052925
    2   -1   -3    -3.528701     0.000000     2.352467       8.992916
    3   -1   -3    -4.116818     0.588117     2.940584      12.970553
    4   -1   -3    -4.704935     1.176234     3.528701      17.985833
   -6    0   -3     1.764350    -5.293051    -1.764350      17.121129
   -5    0   -3     1.176234    -4.704935    -1.176234      12.451730
   -4    0   -3     0.588117    -4.116818    -0.588117       8.819976
   -3    0   -3     0.000000    -3.528701     0.000000       6.225865
   -2    0   -3    -0.588117    -2.940584     0.588117       4.669399
   -1    0   -3    -1.176234    -2.352467     1.176234       4.150577
    0    0   -3    -1.764350    -1.764350     1.764350       4.669399
    1    0   -3    -2.352467    -1.176234     2.352467       6.225865
    2    0   -3    -2.940584    -0.588117     2.940584       8.819976
    3    0   -3    -3.528701     0.000000     3.528701      12.451730
    4    0   -3    -4.116818     0.588117     4.116818      17.121129
   -5    1   -3     1.764350    -5.293051    -0.588117      15.737604
   -4    1   -3     1.176234    -4.704935     0.000000      11.759968
   -3    1   -3     0.588117    -4.116818     0.588117       8.819976
   -2    1   -3     0.000000    -3.528701     1.176234       6.917628
   -1    1   -3    -0.588117    -2.940584     1.764350       6.052925
    0    1   -3    -1.176234    -2.352467     2.352467       6.225865
    1    1   -3    -1.764350    -1.764350     2.940584       7.436450
    2    1   -3    -2.352467    -1.176234     3.528701       9.684679
    3    1   -3    -2.940584    -0.588117     4.116818      12.970553
    4    1   -3    -3.528701     0.000000     4.704935      17.294070
   -4    2   -3     1.764350    -5.293051     0.588117      15.737604
   -3    2   -3     1.176234    -4.704935     1.176234      12.451730
   -2    2   -3     0.588117    -4.116818     1.764350      10.203501
   -1    2   -3     0.000000    -3.528701     2.352467       8.992916
    0    2   -3    -0.588117    -2.940584     2.940584       8.819976
    1    2   -3    -1.176234    -2.352467     3.528701       9.684679
    2    2   -3    -1.764350    -1.764350     4.116818      11.587027
    3    2   -3    -2.352467    -1.176234     4.704935      14.527019
    4    2   -3    -2.940584    -0.588117     5.293051      18.504655
   -3    3   -3     1.764350    -5.293051     1.764350      17.121129
   -2    3   -3     1.176234    -4.704935     2.352467      14.527019
   -1    3   -3     0.588117    -4.116818     2.940584      12.970553
    0    3   -3     0.000000    -3.528701     3.528701      12.451730
    1    3   -3    -0.588117    -2.940584     4.116818      12.970553
    2    3   -3    -1.176234    -2.352467     4.704935      14.527019
    3    3   -3    -1.764350    -1.764350     5.293051      17.121129
   -2    4   -3     1.764350    -5.293051     2.940584      19.888181
   -1    4   -3     1.176234    -4.704935     3.528701      17.985833
    0    4   -3     0.588117    -4.116818     4.116818      17.121129
    1    4   -3     0.000000    -3.528701     4.704935      17.294070
    2    4   -3    -0.588117    -2.940584     5.293051      18.504655
   -4   -7   -2    -2.940584     0.588117    -5.293051      18.504655
   -3   -7   -2    -3.528701     1.176234    -4.704935      17.985833
   -2   -7   -2    -4.116818     1.764350    -4.116818      18.504655
   -6   -6   -2    -1.176234    -1.176234    -5.881168      18.677596
   -5   -6   -2    -1.764350    -0.588117    -5.293051      15.737604
   -4   -6   -2    -2.352467     0.000000    -4.704935      13.835256
   -3   -6   -2    -2.940584     0.588117    -4.116818      12.970553
   -2   -6   -2    -3.528701     1.176234    -3.528701      13.143493
   -1   -6   -2    -4.116818     1.764350    -2.940584      14.354078
    0   -6   -2    -4.704935     2.352467    -2.352467      16.602307
    1   -6   -2    -5.293051     2.940584    -1.764350      19.888181
   -6   -5   -2    -0.588117    -1.764350    -5.293051      15.737604
   -5   -5   -2    -1.176234    -1.176234    -4.704935      12.451730
   -4   -5   -2    -1.764350    -0.588117    -4.116818      10.203501
   -3   -5   -2    -2.352467    -0.000000    -3.528701       8.992916
   -2   -5   -2    -2.940584     0.588117    -2.940584       8.819976
   -1   -5   -2    -3.528701     1.176234    -2.352467       9.684679
    0   -5   -2    -4.116818     1.764350    -1.764350      11.587027
    1   -5   -2    -4.704935     2.352467    -1.176234      14.527019
    2   -5   -2    -5.293051     2.940584    -0.588117      18.504655
   -7   -4   -2     0.588117    -2.940584    -5.293051      18.504655
   -6   -4   -2     0.000000    -2.352467    -4.704935      13.835256
   -5   -4   -2    -0.588117    -1.764350    -4.116818      10.203501
   -4   -4   -2    -1.176234    -1.176234    -3.528701       7.609391
   -3   -4   -2    -1.764350    -0.588117    -2.940584       6.052925
   -2   -4   -2    -2.352467     0.000000    -2.352467       5.534102
   -1   -4   -2    -2.940584     0.588117    -1.764350       6.052925
    0   -4   -2    -3.528701     1.176234    -1.176234       7.609391
    1   -4   -2    -4.116818     1.764350    -0.588117      10.203501
    2   -4   -2    -4.704935     2.352467     0.000000      13.835256
    3   -4   -2    -5.293051     2.940584     0.588117      18.504655
   -7   -3   -2     1.176234    -3.528701    -4.704935      17.985833
   -6   -3   -2     0.588117    -2.940584    -4.116818      12.970553
   -5   -3   -2    -0.000000    -2.352467    -3.528701       8.992916
   -4   -3   -2    -0.588117    -1.764350    -2.940584       6.052925
   -3   -3   -2    -1.176234    -1.176234    -2.352467       4.150577
   -2   -3   -2    -1.764350    -0.588117    -1.764350       3.285873
   -1   -3   -2    -2.352467     0.000000    -1.176234       3.458814
    0   -3   -2    -2.940584     0.588117    -0.588117       4.669399
    1   -3   -2    -3.528701     1.176234    -0.000000       6.917628
    2   -3   -2    -4.116818     1.764350     0.588117      10.203501
    3   -3   -2    -4.704935     2.352467     1.176234      14.527019
    4   -3   -2    -5.293051     2.940584     1.764350      19.888181
   -7   -2   -2     1.764350    -4.116818    -4.116818      18.504655
   -6   -2   -2     1.176234    -3.528701    -3.528701      13.143493
   -5   -2   -2     0.588117    -2.940584    -2.940584       8.819976
   -4   -2   -2     0.000000    -2.352467    -2.352467       5.534102
   -3   -2   -2    -0.588117    -1.764350    -1.764350       3.285873
   -2   -2   -2    -1.176234    -1.176234    -1.176234       2.075288
   -1   -2   -2    -1.764350    -0.588117    -0.588117       1.902348
    0   -2   -2    -2.352467     0.000000     0.000000       2.767051
    1   -2   -2    -2.940584     0.588117     0.588117       4.669399
    2   -2   -2    -3.528701     1.176234     1.176234       7.609391
    3   -2   -2    -4.116818     1.764350     1.764350      11.587027
    4   -2   -2    -4.704935     2.352467     2.352467      16.602307
   -6   -1   -2     1.764350    -4.116818    -2.940584      14.354078
   -5   -1   -2     1.176234    -3.528701    -2.352467       9.684679
   -4   -1   -2     0.588117    -2.940584    -1.764350       6.052925
   -3   -1   -2     0.000000    -2.352467    -1.176234       3.458814
   -2   -1   -2    -0.588117    -1.764350    -0.588117       1.902348
   -1   -1   -2    -1.176234    -1.176234     0.000000       1.383526
    0   -1   -2    -1.764350    -0.588117     0.588117       1.902348
    1   -1   -2    -2.352467     0.000000     1.176234       3.458814
    2   -1   -2    -2.940584     0.588117     1.764350       6.052925
    3   -1   -2    -3.528701     1.176234     2.352467       9.684679
    4   -1   -2    -4.116818     1.764350     2.940584      14.354078
   -6    0   -2     2.352467    -4.704935    -2.352467      16.602307
   -5    0   -2     1.764350    -4.116818    -1.764350      11.587027
   -4    0   -2     1.176234    -3.528701    -1.176234       7.609391
   -3    0   -2     0.588117    -2.940584    -0.588117       4.669399
   -2    0   -2     0.000000    -2.352467     0.000000       2.767051
   -1    0   -2    -0.588117    -1.764350     0.588117       1.902348
    0    0   -2    -1.176234    -1.176234     1.176234       2.075288
    1    0   -2    -1.764350    -0.588117     1.764350       3.285873
    2    0   -2    -2.352467     0.000000     2.352467       5.534102
    3    0   -2    -2.940584     0.588117     2.940584       8.819976
    4    0   -2    -3.528701     1.176234     3.528701      13.143493
    5    0   -2    -4.116818     1.764350     4.116818      18.504655
   -6    1   -2     2.940584    -5.293051    -1.764350      19.888181
   -5    1   -2     2.352467    -4.704935    -1.176234      14.527019
   -4    1   -2     1.764350    -4.116818    -0.588117      10.203501
   -3    1   -2     1.176234    -3.528701    -0.000000       6.917628
   -2    1   -2     0.588117    -2.940584     0.588117       4.669399
   -1    1   -2     0.000000    -2.352467     1.176234       3.458814
    0    1   -2    -0.588117    -1.764350     1.764350       3.285873
    1    1   -2    -1.176234    -1.176234     2.352467       4.150577
    2    1   -2    -1.764350    -0.588117     2.940584       6.052925
    3    1   -2    -2.352467     0.000000     3.528701       8.992916
    4    1   -2    -2.940584     0.588117     4.116818      12.970553
    5    1   -2    -3.528701     1.176234     4.704935      17.985833
   -5    2   -2     2.940584    -5.293051    -0.588117      18.504655
   -4    2   -2     2.352467    -4.704935     0.000000      13.835256
   -3    2   -2     1.764350    -4.116818     0.588117      10.203501
   -2    2   -2     1.176234    -3.528701     1.176234       7.609391
   -1    2   -2     0.588117    -2.940584     1.764350       6.052925
    0    2   -2     0.000000    -2.352467     2.352467       5.534102
    1    2   -2    -0.588117    -1.764350     2.940584       6.052925
    2    2   -2    -1.176234    -1.176234     3.528701       7.609391
    3    2   -2    -1.764350    -0.588117     4.116818      10.203501
    4    2   -2    -2.352467     0.000000     4.704935      13.835256
    5    2   -2    -2.940584     0.588117     5.293051      18.504655
   -4    3   -2     2.940584    -5.293051     0.588117      18.504655
   -3    3   -2     2.352467    -4.704935     1.176234      14.527019
   -2    3   -2     1.764350    -4.116818     1.764350      11.587027
   -1    3   -2     1.176234    -3.528701     2.352467       9.684679
    0    3   -2     0.588117    -2.940584     2.940584       8.819976
    1    3   -2     0.000000    -2.352467     3.528701       8.992916
    2    3   -2    -0.588117    -1.764350     4.116818      10.203501
    3    3   -2    -1.176234    -1.176234     4.704935      12.451730
    4    3   -2    -1.764350    -0.588117     5.293051      15.737604
   -3    4   -2     2.940584    -5.293051     1.764350      19.888181
   -2    4   -2     2.352467    -4.704935     2.352467      16.602307
   -1    4   -2     1.764350    -4.116818     2.940584      14.354078
    0    4   -2     1.176234    -3.528701     3.528701      13.143493
    1    4   -2     0.588117    -2.940584     4.116818      12.970553
    2    4   -2     0.000000    -2.352467     4.704935      13.835256
    3    4   -2    -0.588117    -1.764350     5.293051      15.737604
    4    4   -2    -1.176234    -1.176234     5.881168      18.677596
    0    5   -2     1.764350    -4.116818     4.116818      18.504655
    1    5   -2     1.176234    -3.528701     4.704935      17.985833
    2    5   -2     0.588117    -2.940584     5.293051      18.504655
   -3   -7   -1    -2.940584     1.764350    -5.293051      19.888181
   -5   -6   -1    -1.176234     0.000000    -5.881168      17.985833
   -4   -6   -1    -1.764350     0.588117    -5.293051      15.737604
   -3   -6   -1    -2.352467     1.176234    -4.704935      14.527019
   -2   -6   -1    -2.940584     1.764350    -4.116818      14.354078
   -1   -6   -1    -3.528701     2.352467    -3.528701      15.218782
    0   -6   -1    -4.116818     2.940584    -2.940584      17.121129
   -6   -5   -1     0.000000    -1.176234    -5.881168      17.985833
   -5   -5   -1    -0.588117    -0.588117    -5.293051      14.354078
   -4   -5   -1    -1.176234    -0.000000    -4.704935      11.759968
   -3   -5   -1    -1.764350     0.588117    -4.116818      10.203501
   -2   -5   -1    -2.352467     1.176234    -3.528701       9.684679
   -1   -5   -1    -2.940584     1.764350    -2.940584      10.203501
    0   -5   -1    -3.528701     2.352467    -2.352467      11.759968
    1   -5   -1    -4.116818     2.940584    -1.764350      14.354078
    2   -5   -1    -4.704935     3.528701    -1.176234      17.985833
   -6   -4   -1     0.588117    -1.764350    -5.293051      15.737604
   -5   -4   -1    -0.000000    -1.176234    -4.704935      11.759968
   -4   -4   -1    -0.588117    -0.588117    -4.116818       8.819976
   -3   -4   -1    -1.176234    -0.000000    -3.528701       6.917628
   -2   -4   -1    -1.764350     0.588117    -2.940584       6.052925
   -1   -4   -1    -2.352467     1.176234    -2.352467       6.225865
    0   -4   -1    -2.940584     1.764350    -1.764350       7.436450
    1   -4   -1    -3.528701     2.352467    -1.176234       9.684679
    2   -4   -1    -4.116818     2.940584    -0.588117      12.970553
    3   -4   -1    -4.704935     3.528701     0.000000      17.294070
   -7   -3   -1     1.764350    -2.940584    -5.293051      19.888181
   -6   -3   -1     1.176234    -2.352467    -4.704935      14.527019
   -5   -3   -1     0.588117    -1.764350    -4.116818      10.203501
   -4   -3   -1    -0.000000    -1.176234    -3.528701       6.917628
   -3   -3   -1    -0.588117    -0.588117    -2.940584       4.669399
   -2   -3   -1    -1.176234     0.000000    -2.352467       3.458814
   -1   -3   -1    -1.764350     0.588117    -1.764350       3.285873
    0   -3   -1    -2.352467     1.176234    -1.176234       4.150577
    1   -3   -1    -2.940584     1.764350    -0.588117       6.052925
    2   -3   -1    -3.528701     2.352467    -0.000000       8.992916
    3   -3   -1    -4.116818     2.940584     0.588117      12.970553
    4   -3   -1    -4.704935     3.528701     1.176234      17.985833
   -6   -2   -1     1.764350    -2.940584    -4.116818      14.354078
   -5   -2   -1     1.176234    -2.352467    -3.528701       9.684679
   -4   -2   -1     0.588117    -1.764350    -2.940584       6.052925
   -3   -2   -1     0.000000    -1.176234    -2.352467       3.458814
   -2   -2   -1    -0.588117    -0.588117    -1.764350       1.902348
   -1   -2   -1    -1.176234     0.000000    -1.176234       1.383526
    0   -2   -1    -1.764350     0.588117    -0.588117       1.902348
    1   -2   -1    -2.352467     1.176234     0.000000       3.458814
    2   -2   -1    -2.940584     1.764350     0.588117       6.052925
    3   -2   -1    -3.528701     2.352467     1.176234       9.684679
    4   -2   -1    -4.116818     2.940584     1.764350      14.354078
   -6   -1   -1     2.352467    -3.528701    -3.528701      15.218782
   -5   -1   -1     1.764350    -2.940584    -2.940584      10.203501
   -4   -1   -1     1.176234    -2.352467    -2.352467       6.225865
   -3   -1   -1     0.588117    -1.764350    -1.764350       3.285873
   -2   -1   -1     0.000000    -1.176234    -1.176234       1.383526
   -1   -1   -1    -0.588117    -0.588117    -0.588117       0.518822
    0   -1   -1    -1.176234     0.000000     0.000000       0.691763
    1   -1   -1    -1.764350     0.588117     0.588117       1.902348
    2   -1   -1    -2.352467     1.176234     1.176234       4.150577
    3   -1   -1    -2.940584     1.764350     1.764350       7.436450
    4   -1   -1    -3.528701     2.352467     2.352467      11.759968
    5   -1   -1    -4.116818     2.940584     2.940584      17.121129
   -6    0   -1     2.940584    -4.116818    -2.940584      17.121129
   -5    0   -1     2.352467    -3.528701    -2.352467      11.759968
   -4    0   -1     1.764350    -2.940584    -1.764350       7.436450
   -3    0   -1     1.176234    -2.352467    -1.176234       4.150577
   -2    0   -1     0.588117    -1.764350    -0.588117       1.902348
   -1    0   -1     0.000000    -1.176234     0.000000       0.691763
    0    0   -1    -0.588117    -0.588117     0.588117       0.518822
    1    0   -1    -1.176234     0.000000     1.176234       1.383526
    2    0   -1    -1.764350     0.588117     1.764350       3.285873
    3    0   -1    -2.352467     1.176234     2.352467       6.225865
    4    0   -1    -2.940584     1.764350     2.940584      10.203501
    5    0   -1    -3.528701     2.352467     3.528701      15.218782
   -5    1   -1     2.940584    -4.116818    -1.764350      14.354078
   -4    1   -1     2.352467    -3.528701    -1.176234       9.684679
   -3    1   -1     1.764350    -2.940584    -0.588117       6.052925
   -2    1   -1     1.176234    -2.352467     0.000000       3.458814
   -1    1   -1     0.588117    -1.764350     0.588117       1.902348
    0    1   -1     0.000000    -1.176234     1.176234       1.383526
    1    1   -1    -0.588117    -0.588117     1.764350       1.902348
    2    1   -1    -1.176234     0.000000     2.352467       3.458814
    3    1   -1    -1.764350     0.588117     2.940584       6.052925
    4    1   -1    -2.352467     1.176234     3.528701       9.684679
    5    1   -1    -2.940584     1.764350     4.116818      14.354078
   -5    2   -1     3.528701    -4.704935    -1.176234      17.985833
   -4    2   -1     2.940584    -4.116818    -0.588117      12.970553
   -3    2   -1     2.352467    -3.528701    -0.000000       8.992916
   -2    2   -1     1.764350    -2.940584     0.588117       6.052925
   -1    2   -1     1.176234    -2.352467     1.176234       4.150577
    0    2   -1     0.588117    -1.764350     1.764350       3.285873
    1    2   -1     0.000000    -1.176234     2.352467       3.458814
    2    2   -1    -0.588117    -0.588117     2.940584       4.669399
    3    2   -1    -1.176234     0.000000     3.528701       6.917628
    4    2   -1    -1.764350     0.588117     4.116818      10.203501
    5    2   -1    -2.352467     1.176234     4.704935      14.527019
    6    2   -1    -2.940584     1.764350     5.293051      19.888181
   -4    3   -1     3.528701    -4.704935     0.000000      17.294070
   -3    3   -1     2.940584    -4.116818     0.588117      12.970553
   -2    3   -1     2.352467    -3.528701     1.176234       9.684679
   -1    3   -1     1.764350    -2.940584     1.764350       7.436450
    0    3   -1     1.176234    -2.352467     2.352467       6.225865
    1    3   -1     0.588117    -1.764350     2.940584       6.052925
    2    3   -1     0.000000    -1.176234     3.528701       6.917628
    3    3   -1    -0.588117    -0.588117     4.116818       8.819976
    4    3   -1    -1.176234    -0.000000     4.704935      11.759968
    5    3   -1    -1.764350     0.588117     5.293051      15.737604
   -3    4   -1     3.528701    -4.704935     1.176234      17.985833
   -2    4   -1     2.940584    -4.116818     1.764350      14.354078
   -1    4   -1     2.352467    -3.528701     2.352467      11.759968
    0    4   -1     1.764350    -2.940584     2.940584      10.203501
    1    4   -1     1.176234    -2.352467     3.528701       9.684679
    2    4   -1     0.588117    -1.764350     4.116818      10.203501
    3    4   -1    -0.000000    -1.176234     4.704935      11.759968
    4    4   -1    -0.588117    -0.588117     5.293051      14.354078
    5    4   -1    -1.176234    -0.000000     5.881168      17.985833
   -1    5   -1     2.940584    -4.116818     2.940584      17.121129
    0    5   -1     2.352467    -3.528701     3.528701      15.218782
    1    5   -1     1.764350    -2.940584     4.116818      14.354078
    2    5   -1     1.176234    -2.352467     4.704935      14.527019
    3    5   -1     0.588117    -1.764350     5.293051      15.737604
    4    5   -1    -0.000000    -1.176234     5.881168      17.985833
    2    6   -1     1.764350    -2.940584     5.293051      19.888181
   -4   -6    0    -1.176234     1.176234    -5.881168      18.677596
   -3   -6    0    -1.764350     1.764350    -5.293051      17.121129
   -2   -6    0    -2.352467     2.352467    -4.704935      16.602307
   -1   -6    0    -2.940584     2.940584    -4.116818      17.121129
    0   -6    0    -3.528701     3.528701    -3.528701      18.677596
   -5   -5    0     0.000000     0.000000    -5.881168      17.294070
   -4   -5    0    -0.588117     0.588117    -5.293051      14.354078
   -3   -5    0    -1.176234     1.176234    -4.704935      12.451730
   -2   -5    0    -1.764350     1.764350    -4.116818      11.587027
   -1   -5    0    -2.352467     2.352467    -3.528701      11.759968
    0   -5    0    -2.940584     2.940584    -2.940584      12.970553
    1   -5    0    -3.528701     3.528701    -2.352467      15.218782
    2   -5    0    -4.116818     4.116818    -1.764350      18.504655
   -6   -4    0     1.176234    -1.176234    -5.881168      18.677596
   -5   -4    0     0.588117    -0.588117    -5.293051      14.354078
   -4   -4    0     0.000000     0.000000    -4.704935      11.068205
   -3   -4    0    -0.588117     0.588117    -4.116818       8.819976
   -2   -4    0    -1.176234     1.176234    -3.528701       7.609391
   -1   -4    0    -1.764350     1.764350    -2.940584       7.436450
    0   -4    0    -2.352467     2.352467    -2.352467       8.301154
    1   -4    0    -2.940584     2.940584    -1.764350      10.203501
    2   -4    0    -3.528701     3.528701    -1.176234      13.143493
    3   -4    0    -4.116818     4.116818    -0.588117      17.121129
   -6   -3    0     1.764350    -1.764350    -5.293051      17.121129
   -5   -3    0     1.176234    -1.176234    -4.704935      12.451730
   -4   -3    0     0.588117    -0.588117    -4.116818       8.819976
   -3   -3    0     0.000000     0.000000    -3.528701       6.225865
   -2   -3    0    -0.588117     0.588117    -2.940584       4.669399
   -1   -3    0    -1.176234     1.176234    -2.352467       4.150577
    0   -3    0    -1.764350     1.764350    -1.764350       4.669399
    1   -3    0    -2.352467     2.352467    -1.176234       6.225865
    2   -3    0    -2.940584     2.940584    -0.588117       8.819976
    3   -3    0    -3.528701     3.528701     0.000000      12.451730
    4   -3    0    -4.116818     4.116818     0.588117      17.121129
   -6   -2    0     2.352467    -2.352467    -4.704935      16.602307
   -5   -2    0     1.764350    -1.764350    -4.116818      11.587027
   -4   -2    0     1.176234    -1.176234    -3.528701       7.609391
   -3   -2    0     0.588117    -0.588117    -2.940584       4.669399
   -2   -2    0     0.000000     0.000000    -2.352467       2.767051
   -1   -2    0    -0.588117     0.588117    -1.764350       1.902348
    0   -2    0    -1.176234     1.176234    -1.176234       2.075288
    1   -2    0    -1.764350     1.764350    -0.588117       3.285873
    2   -2    0    -2.352467     2.352467     0.000000       5.534102
    3   -2    0    -2.940584     2.940584     0.588117       8.819976
    4   -2    0    -3.528701     3.528701     1.176234      13.143493
    5   -2    0    -4.116818     4.116818     1.764350      18.504655
   -6   -1    0     2.940584    -2.940584    -4.116818      17.121129
   -5   -1    0     2.352467    -2.352467    -3.528701      11.759968
   -4   -1    0     1.764350    -1.764350    -2.940584       7.436450
   -3   -1    0     1.176234    -1.176234    -2.352467       4.150577
   -2   -1    0     0.588117    -0.588117    -1.764350       1.902348
   -1   -1    0     0.000000     0.000000    -1.176234       0.691763
    0   -1    0    -0.588117     0.588117    -0.588117       0.518822
    1   -1    0    -1.176234     1.176234     0.000000       1.383526
    2   -1    0    -1.764350     1.764350     0.588117       3.285873
    3   -1    0    -2.352467     2.352467     1.176234       6.225865
    4   -1    0    -2.940584     2.940584     1.764350      10.203501
    5   -1    0    -3.528701     3.528701     2.352467      15.218782
   -6    0    0     3.528701    -3.528701    -3.528701      18.677596
   -5    0    0     2.940584    -2.940584    -2.940584      12.970553
   -4    0    0     2.352467    -2.352467    -2.352467       8.301154
   -3    0    0     1.764350    -1.764350    -1.764350       4.669399
   -2    0    0     1.176234    -1.176234    -1.176234       2.075288
   -1    0    0     0.588117    -0.588117    -0.588117       0.518822
    0    0    0     0.000000     0.000000     0.000000       0.000000
    1    0    0    -0.588117     0.588117     0.588117       0.518822
    2    0    0    -1.176234     1.176234     1.176234       2.075288
    3    0    0    -1.764350     1.764350     1.764350       4.669399
    4    0    0    -2.352467     2.352467     2.352467       8.301154
    5    0    0    -2.940584     2.940584     2.940584      12.970553
    6    0    0    -3.528701     3.528701     3.528701      18.677596
   -5    1    0     3.528701    -3.528701    -2.352467      15.218782
   -4    1    0     2.940584    -2.940584    -1.764350      10.203501
   -3    1    0     2.352467    -2.352467    -1.176234       6.225865
   -2    1    0     1.764350    -1.764350    -0.588117       3.285873
   -1    1    0     1.176234    -1.176234     0.000000       1.383526
    0    1    0     0.588117    -0.588117     0.588117       0.518822
    1    1    0     0.000000     0.000000     1.176234       0.691763
    2    1    0    -0.588117     0.588117     1.764350       1.902348
    3    1    0    -1.176234     1.176234     2.352467       4.150577
    4    1    0    -1.764350     1.764350     2.940584       7.436450
    5    1    0    -2.352467     2.352467     3.528701      11.759968
    6    1    0    -2.940584     2.940584     4.116818      17.121129
   -5    2    0     4.116818    -4.116818    -1.764350      18.504655
   -4    2    0     3.528701    -3.528701    -1.176234      13.143493
   -3    2    0     2.940584    -2.940584    -0.588117       8.819976
   -2    2    0     2.352467    -2.352467     0.000000       5.534102
   -1    2    0     1.764350    -1.764350     0.588117       3.285873
    0    2    0     1.176234    -1.176234     1.176234       2.075288
    1    2    0     0.588117    -0.588117     1.764350       1.902348
    2    2    0     0.000000     0.000000     2.352467       2.767051
    3    2    0    -0.588117     0.588117     2.940584       4.669399
    4    2    0    -1.176234     1.176234     3.528701       7.609391
    5    2    0    -1.764350     1.764350     4.116818      11.587027
    6    2    0    -2.352467     2.352467     4.704935      16.602307
   -4    3    0     4.116818    -4.116818    -0.588117      17.121129
   -3    3    0     3.528701    -3.528701     0.000000      12.451730
   -2    3    0     2.940584    -2.940584     0.588117       8.819976
   -1    3    0     2.352467    -2.352467     1.176234       6.225865
    0    3    0     1.764350    -1.764350     1.764350       4.669399
    1    3    0     1.176234    -1.176234     2.352467       4.150577
    2    3    0     0.588117    -0.588117     2.940584       4.669399
    3    3    0     0.000000     0.000000     3.528701       6.225865
    4    3    0    -0.588117     0.588117     4.116818       8.819976
    5    3    0    -1.176234     1.176234     4.704935      12.451730
    6    3    0    -1.764350     1.764350     5.293051      17.121129
   -3    4    0     4.116818    -4.116818     0.588117      17.121129
   -2    4    0     3.528701    -3.528701     1.176234      13.143493
   -1    4    0     2.940584    -2.940584     1.764350      10.203501
    0    4    0     2.352467    -2.352467     2.352467       8.301154
    1    4    0     1.764350    -1.764350     2.940584       7.436450
    2    4    0     1.176234    -1.176234     3.528701       7.609391
    3    4    0     0.588117    -0.588117     4.116818       8.819976
    4    4    0     0.000000     0.000000     4.704935      11.068205
    5    4    0    -0.588117     0.588117     5.293051      14.354078
    6    4    0    -1.176234     1.176234     5.881168      18.677596
   -2    5    0     4.116818    -4.116818     1.764350      18.504655
   -1    5    0     3.528701    -3.528701     2.352467      15.218782
    0    5    0     2.940584    -2.940584     2.940584      12.970553
    1    5    0     2.352467    -2.352467     3.528701      11.759968
    2    5    0     1.764350    -1.764350     4.116818      11.587027
    3    5    0     1.176234    -1.176234     4.704935      12.451730
    4    5    0     0.588117    -0.588117     5.293051      14.354078
    5    5    0     0.000000     0.000000     5.881168      17.294070
    0    6    0     3.528701    -3.528701     3.528701      18.677596
    1    6    0     2.940584    -2.940584     4.116818      17.121129
    2    6    0     2.352467    -2.352467     4.704935      16.602307
    3    6    0     1.764350    -1.764350     5.293051      17.121129
    4    6    0     1.176234    -1.176234     5.881168      18.677596
   -2   -6    1    -1.764350     2.940584    -5.293051      19.888181
   -4   -5    1     0.000000     1.176234    -5.881168      17.985833
   -3   -5    1    -0.588117     1.764350    -5.293051      15.737604
   -2   -5    1    -1.176234     2.352467    -4.704935      14.527019
   -1   -5    1    -1.764350     2.940584    -4.116818      14.354078
    0   -5    1    -2.352467     3.528701    -3.528701      15.218782
    1   -5    1    -2.940584     4.116818    -2.940584      17.121129
   -5   -4    1     1.176234     0.000000    -5.881168      17.985833
   -4   -4    1     0.588117     0.588117    -5.293051      14.354078
   -3   -4    1     0.000000     1.176234    -4.704935      11.759968
   -2   -4    1    -0.588117     1.764350    -4.116818      10.203501
   -1   -4    1    -1.176234     2.352467    -3.528701       9.684679
    0   -4    1    -1.764350     2.940584    -2.940584      10.203501
    1   -4    1    -2.352467     3.528701    -2.352467      11.759968
    2   -4    1    -2.940584     4.116818    -1.764350      14.354078
    3   -4    1    -3.528701     4.704935    -1.176234      17.985833
   -5   -3    1     1.764350    -0.588117    -5.293051      15.737604
   -4   -3    1     1.176234     0.000000    -4.704935      11.759968
   -3   -3    1     0.588117     0.588117    -4.116818       8.819976
   -2   -3    1    -0.000000     1.176234    -3.528701       6.917628
   -1   -3    1    -0.588117     1.764350    -2.940584       6.052925
    0   -3    1    -1.176234     2.352467    -2.352467       6.225865
    1   -3    1    -1.764350     2.940584    -1.764350       7.436450
    2   -3    1    -2.352467     3.528701    -1.176234       9.684679
    3   -3    1    -2.940584     4.116818    -0.588117      12.970553
    4   -3    1    -3.528701     4.704935    -0.000000      17.294070
   -6   -2    1     2.940584    -1.764350    -5.293051      19.888181
   -5   -2    1     2.352467    -1.176234    -4.704935      14.527019
   -4   -2    1     1.764350    -0.588117    -4.116818      10.203501
   -3   -2    1     1.176234    -0.000000    -3.528701       6.917628
   -2   -2    1     0.588117     0.588117    -2.940584       4.669399
   -1   -2    1     0.000000     1.176234    -2.352467       3.458814
    0   -2    1    -0.588117     1.764350    -1.764350       3.285873
    1   -2    1    -1.176234     2.352467    -1.176234       4.150577
    2   -2    1    -1.764350     2.940584    -0.588117       6.052925
    3   -2    1    -2.352467     3.528701     0.000000       8.992916
    4   -2    1    -2.940584     4.116818     0.588117      12.970553
    5   -2    1    -3.528701     4.704935     1.176234      17.985833
   -5   -1    1     2.940584    -1.764350    -4.116818      14.354078
   -4   -1    1     2.352467    -1.176234    -3.528701       9.684679
   -3   -1    1     1.764350    -0.588117    -2.940584       6.052925
   -2   -1    1     1.176234     0.000000    -2.352467       3.458814
   -1   -1    1     0.588117     0.588117    -1.764350       1.902348
    0   -1    1     0.000000     1.176234    -1.176234       1.383526
    1   -1    1    -0.588117     1.764350    -0.588117       1.902348
    2   -1    1    -1.176234     2.352467     0.000000       3.458814
    3   -1    1    -1.764350     2.940584     0.588117       6.052925
    4   -1    1    -2.352467     3.528701     1.176234       9.684679
    5   -1    1    -2.940584     4.116818     1.764350      14.354078
   -5    0    1     3.528701    -2.352467    -3.528701      15.218782
   -4    0    1     2.940584    -1.764350    -2.940584      10.203501
   -3    0    1     2.352467    -1.176234    -2.352467       6.225865
   -2    0    1     1.764350    -0.588117    -1.764350       3.285873
   -1    0    1     1.176234     0.000000    -1.176234       1.383526
    0    0    1     0.588117     0.588117    -0.588117       0.518822
    1    0    1     0.000000     1.176234     0.000000       0.691763
    2    0    1    -0.588117     1.764350     0.588117       1.902348
    3    0    1    -1.176234     2.352467     1.176234       4.150577
    4    0    1    -1.764350     2.940584     1.764350       7.436450
    5    0    1    -2.352467     3.528701     2.352467      11.759968
    6    0    1    -2.940584     4.116818     2.940584      17.121129
   -5    1    1     4.116818    -2.940584    -2.940584      17.121129
   -4    1    1     3.528701    -2.352467    -2.352467      11.759968
   -3    1    1     2.940584    -1.764350    -1.764350       7.436450
   -2    1    1     2.352467    -1.176234    -1.176234       4.150577
   -1    1    1     1.764350    -0.588117    -0.588117       1.902348
    0    1    1     1.176234     0.000000     0.000000       0.691763
    1    1    1     0.588117     0.588117     0.588117       0.518822
    2    1    1     0.000000     1.176234     1.176234       1.383526
    3    1    1    -0.588117     1.764350     1.764350       3.285873
    4    1    1    -1.176234     2.352467     2.352467       6.225865
    5    1    1    -1.764350     2.940584     2.940584      10.203501
    6    1    1    -2.352467     3.528701     3.528701      15.218782
   -4    2    1     4.116818    -2.940584    -1.764350      14.354078
   -3    2    1     3.528701    -2.352467    -1.176234       9.684679
   -2    2    1     2.940584    -1.764350    -0.588117       6.052925
   -1    2    1     2.352467    -1.176234     0.000000       3.458814
    0    2    1     1.764350    -0.588117     0.588117       1.902348
    1    2    1     1.176234     0.000000     1.176234       1.383526
    2    2    1     0.588117     0.588117     1.764350       1.902348
    3    2    1    -0.000000     1.176234     2.352467       3.458814
    4    2    1    -0.588117     1.764350     2.940584       6.052925
    5    2    1    -1.176234     2.352467     3.528701       9.684679
    6    2    1    -1.764350     2.940584     4.116818      14.354078
   -4    3    1     4.704935    -3.528701    -1.176234      17.985833
   -3    3    1     4.116818    -2.940584    -0.588117      12.970553
   -2    3    1     3.528701    -2.352467     0.000000       8.992916
   -1    3    1     2.940584    -1.764350     0.588117       6.052925
    0    3    1     2.352467    -1.176234     1.176234       4.150577
    1    3    1     1.764350    -0.588117     1.764350       3.285873
    2    3    1     1.176234    -0.000000     2.352467       3.458814
    3    3    1     0.588117     0.588117     2.940584       4.669399
    4    3    1     0.000000     1.176234     3.528701       6.917628
    5    3    1    -0.588117     1.764350     4.116818      10.203501
    6    3    1    -1.176234     2.352467     4.704935      14.527019
    7    3    1    -1.764350     2.940584     5.293051      19.888181
   -3    4    1     4.704935    -3.528701    -0.000000      17.294070
   -2    4    1     4.116818    -2.940584     0.588117      12.970553
   -1    4    1     3.528701    -2.352467     1.176234       9.684679
    0    4    1     2.940584    -1.764350     1.764350       7.436450
    1    4    1     2.352467    -1.176234     2.352467       6.225865
    2    4    1     1.764350    -0.588117     2.940584       6.052925
    3    4    1     1.176234     0.000000     3.528701       6.917628
    4    4    1     0.588117     0.588117     4.116818       8.819976
    5    4    1     0.000000     1.176234     4.704935      11.759968
    6    4    1    -0.588117     1.764350     5.293051      15.737604
   -2    5    1     4.704935    -3.528701     1.176234      17.985833
   -1    5    1     4.116818    -2.940584     1.764350      14.354078
    0    5    1     3.528701    -2.352467     2.352467      11.759968
    1    5    1     2.940584    -1.764350     2.940584      10.203501
    2    5    1     2.352467    -1.176234     3.528701       9.684679
    3    5    1     1.764350    -0.588117     4.116818      10.203501
    4    5    1     1.176234     0.000000     4.704935      11.759968
    5    5    1     0.588117     0.588117     5.293051      14.354078
    6    5    1    -0.000000     1.176234     5.881168      17.985833
    0    6    1     4.116818    -2.940584     2.940584      17.121129
    1    6    1     3.528701    -2.352467     3.528701      15.218782
    2    6    1     2.940584    -1.764350     4.116818      14.354078
    3    6    1     2.352467    -1.176234     4.704935      14.527019
    4    6    1     1.764350    -0.588117     5.293051      15.737604
    5    6    1     1.176234    -0.000000     5.881168      17.985833
    3    7    1     2.940584    -1.764350     5.293051      19.888181
   -2   -5    2    -0.588117     2.940584    -5.293051      18.504655
   -1   -5    2    -1.176234     3.528701    -4.704935      17.985833
    0   -5    2    -1.764350     4.116818    -4.116818      18.504655
   -4   -4    2     1.176234     1.176234    -5.881168      18.677596
   -3   -4    2     0.588117     1.764350    -5.293051      15.737604
   -2   -4    2     0.000000     2.352467    -4.704935      13.835256
   -1   -4    2    -0.588117     2.940584    -4.116818      12.970553
    0   -4    2    -1.176234     3.528701    -3.528701      13.143493
    1   -4    2    -1.764350     4.116818    -2.940584      14.354078
    2   -4    2    -2.352467     4.704935    -2.352467      16.602307
    3   -4    2    -2.940584     5.293051    -1.764350      19.888181
   -4   -3    2     1.764350     0.588117    -5.293051      15.737604
   -3   -3    2     1.176234     1.176234    -4.704935      12.451730
   -2   -3    2     0.588117     1.764350    -4.116818      10.203501
   -1   -3    2    -0.000000     2.352467    -3.528701       8.992916
    0   -3    2    -0.588117     2.940584    -2.940584       8.819976
    1   -3    2    -1.176234     3.528701    -2.352467       9.684679
    2   -3    2    -1.764350     4.116818    -1.764350      11.587027
    3   -3    2    -2.352467     4.704935    -1.176234      14.527019
    4   -3    2    -2.940584     5.293051    -0.588117      18.504655
   -5   -2    2     2.940584    -0.588117    -5.293051      18.504655
   -4   -2    2     2.352467     0.000000    -4.704935      13.835256
   -3   -2    2     1.764350     0.588117    -4.116818      10.203501
   -2   -2    2     1.176234     1.176234    -3.528701       7.609391
   -1   -2    2     0.588117     1.764350    -2.940584       6.052925
    0   -2    2     0.000000     2.352467    -2.352467       5.534102
    1   -2    2    -0.588117     2.940584    -1.764350       6.052925
    2   -2    2    -1.176234     3.528701    -1.176234       7.609391
    3   -2    2    -1.764350     4.116818    -0.588117      10.203501
    4   -2    2    -2.352467     4.704935     0.000000      13.835256
    5   -2    2    -2.940584     5.293051     0.588117      18.504655
   -5   -1    2     3.528701    -1.176234    -4.704935      17.985833
   -4   -1    2     2.940584    -0.588117    -4.116818      12.970553
   -3   -1    2     2.352467    -0.000000    -3.528701       8.992916
   -2   -1    2     1.764350     0.588117    -2.940584       6.052925
   -1   -1    2     1.176234     1.176234    -2.352467       4.150577
    0   -1    2     0.588117     1.764350    -1.764350       3.285873
    1   -1    2     0.000000     2.352467    -1.176234       3.458814
    2   -1    2    -0.588117     2.940584    -0.588117       4.669399
    3   -1    2    -1.176234     3.528701     0.000000       6.917628
    4   -1    2    -1.764350     4.116818     0.588117      10.203501
    5   -1    2    -2.352467     4.704935     1.176234      14.527019
    6   -1    2    -2.940584     5.293051     1.764350      19.888181
   -5    0    2     4.116818    -1.764350    -4.116818      18.504655
   -4    0    2     3.528701    -1.176234    -3.528701      13.143493
   -3    0    2     2.940584    -0.588117    -2.940584       8.819976
   -2    0    2     2.352467     0.000000    -2.352467       5.534102
   -1    0    2     1.764350     0.588117    -1.764350       3.285873
    0    0    2     1.176234     1.176234    -1.176234       2.075288
    1    0    2     0.588117     1.764350    -0.588117       1.902348
    2    0    2     0.000000     2.352467     0.000000       2.767051
    3    0    2    -0.588117     2.940584     0.588117       4.669399
    4    0    2    -1.176234     3.528701     1.176234       7.609391
    5    0    2    -1.764350     4.116818     1.764350      11.587027
    6    0    2    -2.352467     4.704935     2.352467      16.602307
   -4    1    2     4.116818    -1.764350    -2.940584      14.354078
   -3    1    2     3.528701    -1.176234    -2.352467       9.684679
   -2    1    2     2.940584    -0.588117    -1.764350       6.052925
   -1    1    2     2.352467     0.000000    -1.176234       3.458814
    0    1    2     1.764350     0.588117    -0.588117       1.902348
    1    1    2     1.176234     1.176234     0.000000       1.383526
    2    1    2     0.588117     1.764350     0.588117       1.902348
    3    1    2    -0.000000     2.352467     1.176234       3.458814
    4    1    2    -0.588117     2.940584     1.764350       6.052925
    5    1    2    -1.176234     3.528701     2.352467       9.684679
    6    1    2    -1.764350     4.116818     2.940584      14.354078
   -4    2    2     4.704935    -2.352467    -2.352467      16.602307
   -3    2    2     4.116818    -1.764350    -1.764350      11.587027
   -2    2    2     3.528701    -1.176234    -1.176234       7.609391
   -1    2    2     2.940584    -0.588117    -0.588117       4.669399
    0    2    2     2.352467     0.000000     0.000000       2.767051
    1    2    2     1.764350     0.588117     0.588117       1.902348
    2    2    2     1.176234     1.176234     1.176234       2.075288
    3    2    2     0.588117     1.764350     1.764350       3.285873
    4    2    2     0.000000     2.352467     2.352467       5.534102
    5    2    2    -0.588117     2.940584     2.940584       8.819976
    6    2    2    -1.176234     3.528701     3.528701      13.143493
    7    2    2    -1.764350     4.116818     4.116818      18.504655
   -4    3    2     5.293051    -2.940584    -1.764350      19.888181
   -3    3    2     4.704935    -2.352467    -1.176234      14.527019
   -2    3    2     4.116818    -1.764350    -0.588117      10.203501
   -1    3    2     3.528701    -1.176234     0.000000       6.917628
    0    3    2     2.940584    -0.588117     0.588117       4.669399
    1    3    2     2.352467    -0.000000     1.176234       3.458814
    2    3    2     1.764350     0.588117     1.764350       3.285873
    3    3    2     1.176234     1.176234     2.352467       4.150577
    4    3    2     0.588117     1.764350     2.940584       6.052925
    5    3    2     0.000000     2.352467     3.528701       8.992916
    6    3    2    -0.588117     2.940584     4.116818      12.970553
    7    3    2    -1.176234     3.528701     4.704935      17.985833
   -3    4    2     5.293051    -2.940584    -0.588117      18.504655
   -2    4    2     4.704935    -2.352467     0.000000      13.835256
   -1    4    2     4.116818    -1.764350     0.588117      10.203501
    0    4    2     3.528701    -1.176234     1.176234       7.609391
    1    4    2     2.940584    -0.588117     1.764350       6.052925
    2    4    2     2.352467     0.000000     2.352467       5.534102
    3    4    2     1.764350     0.588117     2.940584       6.052925
    4    4    2     1.176234     1.176234     3.528701       7.609391
    5    4    2     0.588117     1.764350     4.116818      10.203501
    6    4    2    -0.000000     2.352467     4.704935      13.835256
    7    4    2    -0.588117     2.940584     5.293051      18.504655
   -2    5    2     5.293051    -2.940584     0.588117      18.504655
   -1    5    2     4.704935    -2.352467     1.176234      14.527019
    0    5    2     4.116818    -1.764350     1.764350      11.587027
    1    5    2     3.528701    -1.176234     2.352467       9.684679
    2    5    2     2.940584    -0.588117     2.940584       8.819976
    3    5    2     2.352467     0.000000     3.528701       8.992916
    4    5    2     1.764350     0.588117     4.116818      10.203501
    5    5    2     1.176234     1.176234     4.704935      12.451730
    6    5    2     0.588117     1.764350     5.293051      15.737604
   -1    6    2     5.293051    -2.940584     1.764350      19.888181
    0    6    2     4.704935    -2.352467     2.352467      16.602307
    1    6    2     4.116818    -1.764350     2.940584      14.354078
    2    6    2     3.528701    -1.176234     3.528701      13.143493
    3    6    2     2.940584    -0.588117     4.116818      12.970553
    4    6    2     2.352467    -0.000000     4.704935      13.835256
    5    6    2     1.764350     0.588117     5.293051      15.737604
    6    6    2     1.176234     1.176234     5.881168      18.677596
    2    7    2     4.116818    -1.764350     4.116818      18.504655
    3    7    2     3.528701    -1.176234     4.704935      17.985833
    4    7    2     2.940584    -0.588117     5.293051      18.504655
   -2   -4    3     0.588117     2.940584    -5.293051      18.504655
   -1   -4    3     0.000000     3.528701    -4.704935      17.294070
    0   -4    3    -0.588117     4.116818    -4.116818      17.121129
    1   -4    3    -1.176234     4.704935    -3.528701      17.985833
    2   -4    3    -1.764350     5.293051    -2.940584      19.888181
   -3   -3    3     1.764350     1.764350    -5.293051      17.121129
   -2   -3    3     1.176234     2.352467    -4.704935      14.527019
   -1   -3    3     0.588117     2.940584    -4.116818      12.970553
    0   -3    3     0.000000     3.528701    -3.528701      12.451730
    1   -3    3    -0.588117     4.116818    -2.940584      12.970553
    2   -3    3    -1.176234     4.704935    -2.352467      14.527019
    3   -3    3    -1.764350     5.293051    -1.764350      17.121129
   -4   -2    3     2.940584     0.588117    -5.293051      18.504655
   -3   -2    3     2.352467     1.176234    -4.704935      14.527019
   -2   -2    3     1.764350     1.764350    -4.116818      11.587027
   -1   -2    3     1.176234     2.352467    -3.528701       9.684679
    0   -2    3     0.588117     2.940584    -2.940584       8.819976
    1   -2    3     0.000000     3.528701    -2.352467       8.992916
    2   -2    3    -0.588117     4.116818    -1.764350      10.203501
    3   -2    3    -1.176234     4.704935    -1.176234      12.451730
    4   -2    3    -1.764350     5.293051    -0.588117      15.737604
   -4   -1    3     3.528701     0.000000    -4.704935      17.294070
   -3   -1    3     2.940584     0.588117    -4.116818      12.970553
   -2   -1    3     2.352467     1.176234    -3.528701       9.684679
   -1   -1    3     1.764350     1.764350    -2.940584       7.436450
    0   -1    3     1.176234     2.352467    -2.352467       6.225865
    1   -1    3     0.588117     2.940584    -1.764350       6.052925
    2   -1    3     0.000000     3.528701    -1.176234       6.917628
    3   -1    3    -0.588117     4.116818    -0.588117       8.819976
    4   -1    3    -1.176234     4.704935     0.000000      11.759968
    5   -1    3    -1.764350     5.293051     0.588117      15.737604
   -4    0    3     4.116818    -0.588117    -4.116818      17.121129
   -3    0    3     3.528701     0.000000    -3.528701      12.451730
   -2    0    3     2.940584     0.588117    -2.940584       8.819976
   -1    0    3     2.352467     1.176234    -2.352467       6.225865
    0    0    3     1.764350     1.764350    -1.764350       4.669399
    1    0    3     1.176234     2.352467    -1.176234       4.150577
    2    0    3     0.588117     2.940584    -0.588117       4.669399
    3    0    3     0.000000     3.528701     0.000000       6.225865
    4    0    3    -0.588117     4.116818     0.588117       8.819976
    5    0    3    -1.176234     4.704935     1.176234      12.451730
    6    0    3    -1.764350     5.293051     1.764350      17.121129
   -4    1    3     4.704935    -1.176234    -3.528701      17.985833
   -3    1    3     4.116818    -0.588117    -2.940584      12.970553
   -2    1    3     3.528701     0.000000    -2.352467       8.992916
   -1    1    3     2.940584     0.588117    -1.764350       6.052925
    0    1    3     2.352467     1.176234    -1.176234       4.150577
    1    1    3     1.764350     1.764350    -0.588117       3.285873
    2    1    3     1.176234     2.352467     0.000000       3.458814
    3    1    3     0.588117     2.940584     0.588117       4.669399
    4    1    3     0.000000     3.528701     1.176234       6.917628
    5    1    3    -0.588117     4.116818     1.764350      10.203501
    6    1    3    -1.176234     4.704935     2.352467      14.527019
    7    1    3    -1.764350     5.293051     2.940584      19.888181
   -4    2    3     5.293051    -1.764350    -2.940584      19.888181
   -3    2    3     4.704935    -1.176234    -2.352467      14.527019
   -2    2    3     4.116818    -0.588117    -1.764350      10.203501
   -1    2    3     3.528701     0.000000    -1.176234       6.917628
    0    2    3     2.940584     0.588117    -0.588117       4.669399
    1    2    3     2.352467     1.176234     0.000000       3.458814
    2    2    3     1.764350     1.764350     0.588117       3.285873
    3    2    3     1.176234     2.352467     1.176234       4.150577
    4    2    3     0.588117     2.940584     1.764350       6.052925
    5    2    3     0.000000     3.528701     2.352467       8.992916
    6    2    3    -0.588117     4.116818     2.940584      12.970553
    7    2    3    -1.176234     4.704935     3.528701      17.985833
   -3    3    3     5.293051    -1.764350    -1.764350      17.121129
   -2    3    3     4.704935    -1.176234    -1.176234      12.451730
   -1    3    3     4.116818    -0.588117    -0.588117       8.819976
    0    3    3     3.528701     0.000000     0.000000       6.225865
    1    3    3     2.940584     0.588117     0.588117       4.669399
    2    3    3     2.352467     1.176234     1.176234       4.150577
    3    3    3     1.764350     1.764350     1.764350       4.669399
    4    3    3     1.176234     2.352467     2.352467       6.225865
    5    3    3     0.588117     2.940584     2.940584       8.819976
    6    3    3     0.000000     3.528701     3.528701      12.451730
    7    3    3    -0.588117     4.116818     4.116818      17.121129
   -2    4    3     5.293051    -1.764350    -0.588117      15.737604
   -1    4    3     4.704935    -1.176234     0.000000      11.759968
    0    4    3     4.116818    -0.588117     0.588117       8.819976
    1    4    3     3.528701     0.000000     1.176234       6.917628
    2    4    3     2.940584     0.588117     1.764350       6.052925
    3    4    3     2.352467     1.176234     2.352467       6.225865
    4    4    3     1.764350     1.764350     2.940584       7.436450
    5    4    3     1.176234     2.352467     3.528701       9.684679
    6    4    3     0.588117     2.940584     4.116818      12.970553
    7    4    3     0.000000     3.528701     4.704935      17.294070
   -1    5    3     5.293051    -1.764350     0.588117      15.737604
    0    5    3     4.704935    -1.176234     1.176234      12.451730
    1    5    3     4.116818    -0.588117     1.764350      10.203501
    2    5    3     3.528701     0.000000     2.352467       8.992916
    3    5    3     2.940584     0.588117     2.940584       8.819976
    4    5    3     2.352467     1.176234     3.528701       9.684679
    5    5    3     1.764350     1.764350     4.116818      11.587027
    6    5    3     1.176234     2.352467     4.704935      14.527019
    7    5    3     0.588117     2.940584     5.293051      18.504655
    0    6    3     5.293051    -1.764350     1.764350      17.121129
    1    6    3     4.704935    -1.176234     2.352467      14.527019
    2    6    3     4.116818    -0.588117     2.940584      12.970553
    3    6    3     3.528701     0.000000     3.528701      12.451730
    4    6    3     2.940584     0.588117     4.116818      12.970553
    5    6    3     2.352467     1.176234     4.704935      14.527019
    6    6    3     1.764350     1.764350     5.293051      17.121129
    1    7    3     5.293051    -1.764350     2.940584      19.888181
    2    7    3     4.704935    -1.176234     3.528701      17.985833
    3    7    3     4.116818    -0.588117     4.116818      17.121129
    4    7    3     3.528701     0.000000     4.704935      17.294070
    5    7    3     2.940584     0.588117     5.293051      18.504655
   -2   -3    4     1.764350     2.940584    -5.293051      19.888181
   -1   -3    4     1.176234     3.528701    -4.704935      17.985833
    0   -3    4     0.588117     4.116818    -4.116818      17.121129
    1   -3    4     0.000000     4.704935    -3.528701      17.294070
    2   -3    4    -0.588117     5.293051    -2.940584      18.504655
   -3   -2    4     2.940584     1.764350    -5.293051      19.888181
   -2   -2    4     2.352467     2.352467    -4.704935      16.602307
   -1   -2    4     1.764350     2.940584    -4.116818      14.354078
    0   -2    4     1.176234     3.528701    -3.528701      13.143493
    1   -2    4     0.588117     4.116818    -2.940584      12.970553
    2   -2    4     0.000000     4.704935    -2.352467      13.835256
    3   -2    4    -0.588117     5.293051    -1.764350      15.737604
    4   -2    4    -1.176234     5.881168    -1.176234      18.677596
   -3   -1    4     3.528701     1.176234    -4.704935      17.985833
   -2   -1    4     2.940584     1.764350    -4.116818      14.354078
   -1   -1    4     2.352467     2.352467    -3.528701      11.759968
    0   -1    4     1.764350     2.940584    -2.940584      10.203501
    1   -1    4     1.176234     3.528701    -2.352467       9.684679
    2   -1    4     0.588117     4.116818    -1.764350      10.203501
    3   -1    4     0.000000     4.704935    -1.176234      11.759968
    4   -1    4    -0.588117     5.293051    -0.588117      14.354078
    5   -1    4    -1.176234     5.881168     0.000000      17.985833
   -3    0    4     4.116818     0.588117    -4.116818      17.121129
   -2    0    4     3.528701     1.176234    -3.528701      13.143493
   -1    0    4     2.940584     1.764350    -2.940584      10.203501
    0    0    4     2.352467     2.352467    -2.352467       8.301154
    1    0    4     1.764350     2.940584    -1.764350       7.436450
    2    0    4     1.176234     3.528701    -1.176234       7.609391
    3    0    4     0.588117     4.116818    -0.588117       8.819976
    4    0    4     0.000000     4.704935     0.000000      11.068205
    5    0    4    -0.588117     5.293051     0.588117      14.354078
    6    0    4    -1.176234     5.881168     1.176234      18.677596
   -3    1    4     4.704935     0.000000    -3.528701      17.294070
   -2    1    4     4.116818     0.588117    -2.940584      12.970553
   -1    1    4     3.528701     1.176234    -2.352467       9.684679
    0    1    4     2.940584     1.764350    -1.764350       7.436450
    1    1    4     2.352467     2.352467    -1.176234       6.225865
    2    1    4     1.764350     2.940584    -0.588117       6.052925
    3    1    4     1.176234     3.528701     0.000000       6.917628
    4    1    4     0.588117     4.116818     0.588117       8.819976
    5    1    4     0.000000     4.704935     1.176234      11.759968
    6    1    4    -0.588117     5.293051     1.764350      15.737604
   -3    2    4     5.293051    -0.588117    -2.940584      18.504655
   -2    2    4     4.704935     0.000000    -2.352467      13.835256
   -1    2    4     4.116818     0.588117    -1.764350      10.203501
    0    2    4     3.528701     1.176234    -1.176234       7.609391
    1    2    4     2.940584     1.764350    -0.588117       6.052925
    2    2    4     2.352467     2.352467     0.000000       5.534102
    3    2    4     1.764350     2.940584     0.588117       6.052925
    4    2    4     1.176234     3.528701     1.176234       7.609391
    5    2    4     0.588117     4.116818     1.764350      10.203501
    6    2    4    -0.000000     4.704935     2.352467      13.835256
    7    2    4    -0.588117     5.293051     2.940584      18.504655
   -2    3    4     5.293051    -0.588117    -1.764350      15.737604
   -1    3    4     4.704935     0.000000    -1.176234      11.759968
    0    3    4     4.116818     0.588117    -0.588117       8.819976
    1    3    4     3.528701     1.176234     0.000000       6.917628
    2    3    4     2.940584     1.764350     0.588117       6.052925
    3    3    4     2.352467     2.352467     1.176234       6.225865
    4    3    4     1.764350     2.940584     1.764350       7.436450
    5    3    4     1.176234     3.528701     2.352467       9.684679
    6    3    4     0.588117     4.116818     2.940584      12.970553
    7    3    4     0.000000     4.704935     3.528701      17.294070
   -2    4    4     5.881168    -1.176234    -1.176234      18.677596
   -1    4    4     5.293051    -0.588117    -0.588117      14.354078
    0    4    4     4.704935     0.000000     0.000000      11.068205
    1    4    4     4.116818     0.588117     0.588117       8.819976
    2    4    4     3.528701     1.176234     1.176234       7.609391
    3    4    4     2.940584     1.764350     1.764350       7.436450
    4    4    4     2.352467     2.352467     2.352467       8.301154
    5    4    4     1.764350     2.940584     2.940584      10.203501
    6    4    4     1.176234     3.528701     3.528701      13.143493
    7    4    4     0.588117     4.116818     4.116818      17.121129
   -1    5    4     5.881168    -1.176234     0.000000      17.985833
    0    5    4     5.293051    -0.588117     0.588117      14.354078
    1    5    4     4.704935     0.000000     1.176234      11.759968
    2    5    4     4.116818     0.588117     1.764350      10.203501
    3    5    4     3.528701     1.176234     2.352467       9.684679
    4    5    4     2.940584     1.764350     2.940584      10.203501
    5    5    4     2.352467     2.352467     3.528701      11.759968
    6    5    4     1.764350     2.940584     4.116818      14.354078
    7    5    4     1.176234     3.528701     4.704935      17.985833
    0    6    4     5.881168    -1.176234     1.176234      18.677596
    1    6    4     5.293051    -0.588117     1.764350      15.737604
    2    6    4     4.704935    -0.000000     2.352467      13.835256
    3    6    4     4.116818     0.588117     2.940584      12.970553
    4    6    4     3.528701     1.176234     3.528701      13.143493
    5    6    4     2.940584     1.764350     4.116818      14.354078
    6    6    4     2.352467     2.352467     4.704935      16.602307
    7    6    4     1.764350     2.940584     5.293051      19.888181
    2    7    4     5.293051    -0.588117     2.940584      18.504655
    3    7    4     4.704935     0.000000     3.528701      17.294070
    4    7    4     4.116818     0.588117     4.116818      17.121129
    5    7    4     3.528701     1.176234     4.704935      17.985833
    6    7    4     2.940584     1.764350     5.293051      19.888181
    0   -2    5     1.764350     4.116818    -4.116818      18.504655
    1   -2    5     1.176234     4.704935    -3.528701      17.985833
    2   -2    5     0.588117     5.293051    -2.940584      18.504655
   -1   -1    5     2.940584     2.940584    -4.116818      17.121129
    0   -1    5     2.352467     3.528701    -3.528701      15.218782
    1   -1    5     1.764350     4.116818    -2.940584      14.354078
    2   -1    5     1.176234     4.704935    -2.352467      14.527019
    3   -1    5     0.588117     5.293051    -1.764350      15.737604
    4   -1    5     0.000000     5.881168    -1.176234      17.985833
   -2    0    5     4.116818     1.764350    -4.116818      18.504655
   -1    0    5     3.528701     2.352467    -3.528701      15.218782
    0    0    5     2.940584     2.940584    -2.940584      12.970553
    1    0    5     2.352467     3.528701    -2.352467      11.759968
    2    0    5     1.764350     4.116818    -1.764350      11.587027
    3    0    5     1.176234     4.704935    -1.176234      12.451730
    4    0    5     0.588117     5.293051    -0.588117      14.354078
    5    0    5     0.000000     5.881168     0.000000      17.294070
   -2    1    5     4.704935     1.176234    -3.528701      17.985833
   -1    1    5     4.116818     1.764350    -2.940584      14.354078
    0    1    5     3.528701     2.352467    -2.352467      11.759968
    1    1    5     2.940584     2.940584    -1.764350      10.203501
    2    1    5     2.352467     3.528701    -1.176234       9.684679
    3    1    5     1.764350     4.116818    -0.588117      10.203501
    4    1    5     1.176234     4.704935     0.000000      11.759968
    5    1    5     0.588117     5.293051     0.588117      14.354078
    6    1    5    -0.000000     5.881168     1.176234      17.985833
   -2    2    5     5.293051     0.588117    -2.940584      18.504655
   -1    2    5     4.704935     1.176234    -2.352467      14.527019
    0    2    5     4.116818     1.764350    -1.764350      11.587027
    1    2    5     3.528701     2.352467    -1.176234       9.684679
    2    2    5     2.940584     2.940584    -0.588117       8.819976
    3    2    5     2.352467     3.528701     0.000000       8.992916
    4    2    5     1.764350     4.116818     0.588117      10.203501
    5    2    5     1.176234     4.704935     1.176234      12.451730
    6    2    5     0.588117     5.293051     1.764350      15.737604
   -1    3    5     5.293051     0.588117    -1.764350      15.737604
    0    3    5     4.704935     1.176234    -1.176234      12.451730
    1    3    5     4.116818     1.764350    -0.588117      10.203501
    2    3    5     3.528701     2.352467     0.000000       8.992916
    3    3    5     2.940584     2.940584     0.588117       8.819976
    4    3    5     2.352467     3.528701     1.176234       9.684679
    5    3    5     1.764350     4.116818     1.764350      11.587027
    6    3    5     1.176234     4.704935     2.352467      14.527019
    7    3    5     0.588117     5.293051     2.940584      18.504655
   -1    4    5     5.881168     0.000000    -1.176234      17.985833
    0    4    5     5.293051     0.588117    -0.588117      14.354078
    1    4    5     4.704935     1.176234     0.000000      11.759968
    2    4    5     4.116818     1.764350     0.588117      10.203501
    3    4    5     3.528701     2.352467     1.176234       9.684679
    4    4    5     2.940584     2.940584     1.764350      10.203501
    5    4    5     2.352467     3.528701     2.352467      11.759968
    6    4    5     1.764350     4.116818     2.940584      14.354078
    7    4    5     1.176234     4.704935     3.528701      17.985833
    0    5    5     5.881168     0.000000     0.000000      17.294070
    1    5    5     5.293051     0.588117     0.588117      14.354078
    2    5    5     4.704935     1.176234     1.176234      12.451730
    3    5    5     4.116818     1.764350     1.764350      11.587027
    4    5    5     3.528701     2.352467     2.352467      11.759968
    5    5    5     2.940584     2.940584     2.940584      12.970553
    6    5    5     2.352467     3.528701     3.528701      15.218782
    7    5    5     1.764350     4.116818     4.116818      18.504655
    1    6    5     5.881168    -0.000000     1.176234      17.985833
    2    6    5     5.293051     0.588117     1.764350      15.737604
    3    6    5     4.704935     1.176234     2.352467      14.527019
    4    6    5     4.116818     1.764350     2.940584      14.354078
    5    6    5     3.528701     2.352467     3.528701      15.218782
    6    6    5     2.940584     2.940584     4.116818      17.121129
    3    7    5     5.293051     0.588117     2.940584      18.504655
    4    7    5     4.704935     1.176234     3.528701      17.985833
    5    7    5     4.116818     1.764350     4.116818      18.504655
    2   -1    6     1.764350     5.293051    -2.940584      19.888181
    0    0    6     3.528701     3.528701    -3.528701      18.677596
    1    0    6     2.940584     4.116818    -2.940584      17.121129
    2    0    6     2.352467     4.704935    -2.352467      16.602307
    3    0    6     1.764350     5.293051    -1.764350      17.121129
    4    0    6     1.176234     5.881168    -1.176234      18.677596
    0    1    6     4.116818     2.940584    -2.940584      17.121129
    1    1    6     3.528701     3.528701    -2.352467      15.218782
    2    1    6     2.940584     4.116818    -1.764350      14.354078
    3    1    6     2.352467     4.704935    -1.176234      14.527019
    4    1    6     1.764350     5.293051    -0.588117      15.737604
    5    1    6     1.176234     5.881168    -0.000000      17.985833
   -1    2    6     5.293051     1.764350    -2.940584      19.888181
    0    2    6     4.704935     2.352467    -2.352467      16.602307
    1    2    6     4.116818     2.940584    -1.764350      14.354078
    2    2    6     3.528701     3.528701    -1.176234      13.143493
    3    2    6     2.940584     4.116818    -0.588117      12.970553
    4    2    6     2.352467     4.704935     0.000000      13.835256
    5    2    6     1.764350     5.293051     0.588117      15.737604
    6    2    6     1.176234     5.881168     1.176234      18.677596
    0    3    6     5.293051     1.764350    -1.764350      17.121129
    1    3    6     4.704935     2.352467    -1.176234      14.527019
    2    3    6     4.116818     2.940584    -0.588117      12.970553
    3    3    6     3.528701     3.528701     0.000000      12.451730
    4    3    6     2.940584     4.116818     0.588117      12.970553
    5    3    6     2.352467     4.704935     1.176234      14.527019
    6    3    6     1.764350     5.293051     1.764350      17.121129
    0    4    6     5.881168     1.176234    -1.176234      18.677596
    1    4    6     5.293051     1.764350    -0.588117      15.737604
    2    4    6     4.704935     2.352467     0.000000      13.835256
    3    4    6     4.116818     2.940584     0.588117      12.970553
    4    4    6     3.528701     3.528701     1.176234      13.143493
    5    4    6     2.940584     4.116818     1.764350      14.354078
    6    4    6     2.352467     4.704935     2.352467      16.602307
    7    4    6     1.764350     5.293051     2.940584      19.888181
    1    5    6     5.881168     1.176234    -0.000000      17.985833
    2    5    6     5.293051     1.764350     0.588117      15.737604
    3    5    6     4.704935     2.352467     1.176234      14.527019
    4    5    6     4.116818     2.940584     1.764350      14.354078
    5    5    6     3.528701     3.528701     2.352467      15.218782
    6    5    6     2.940584     4.116818     2.940584      17.121129
    2    6    6     5.881168     1.176234     1.176234      18.677596
    3    6    6     5.293051     1.764350     1.764350      17.121129
    4    6    6     4.704935     2.352467     2.352467      16.602307
    5    6    6     4.116818     2.940584     2.940584      17.121129
    6    6    6     3.528701     3.528701     3.528701      18.677596
    4    7    6     5.293051     1.764350     2.940584      19.888181
    3    1    7     2.940584     5.293051    -1.764350      19.888181
    2    2    7     4.116818     4.116818    -1.764350      18.504655
    3    2    7     3.528701     4.704935    -1.176234      17.985833
    4    2    7     2.940584     5.293051    -0.588117      18.504655
    1    3    7     5.293051     2.940584    -1.764350      19.888181
    2    3    7     4.704935     3.528701    -1.176234      17.985833
    3    3    7     4.116818     4.116818    -0.588117      17.121129
    4    3    7     3.528701     4.704935     0.000000      17.294070
    5    3    7     2.940584     5.293051     0.588117      18.504655
    2    4    7     5.293051     2.940584    -0.588117      18.504655
    3    4    7     4.704935     3.528701     0.000000      17.294070
    4    4    7     4.116818     4.116818     0.588117      17.121129
    5    4    7     3.528701     4.704935     1.176234      17.985833
    6    4    7     2.940584     5.293051     1.764350      19.888181
    3    5    7     5.293051     2.940584     0.588117      18.504655
    4    5    7     4.704935     3.528701     1.176234      17.985833
    5    5    7     4.116818     4.116818     1.764350      18.504655
    4    6    7     5.293051     2.940584     1.764350      19.888181
