
 BerkeleyGW tag 1.1 beta2 revision 6543

 BSE/Kernel  Complex version  Run on  10-Nov-2015  at  13:35:30 -0800

--------------------------------------------------------------------------------
 Please cite the following papers when using results from BerkeleyGW:

 Jack Deslippe, Georgy Samsonidze, David A. Strubbe, Manish Jain, Marvin L.
 Cohen, and Steven G. Louie, "BerkeleyGW: A Massively Parallel Computer Package
 for the Calculation of the Quasiparticle and Optical Properties of Materials
 and Nanostructures," Comput. Phys. Commun. 183, 1269 (2012)

 Mark S. Hybertsen and Steven G. Louie, "Electron correlation in semiconductors
 and insulators: Band gaps and quasiparticle energies," Phys. Rev. B 34, 5390
 (1986)

 Michael Rohlfing and Steven G. Louie, "Electron-hole excitations and optical
 spectra from first principles," Phys. Rev. B 62, 4927 (2000)
--------------------------------------------------------------------------------

 Running MPI version (parallel)

 Running with 2 MPI task(s)

 Calculating the kernel only for (v,c)->(v',c') transitions.

 Running with Semiconductor Screening

 We are communicating via MPI

 We are using no truncation

 Highest occupied band (coarse grid) =  4
 Valence max    (coarse grid) =      5.550491 eV
 Conduction min (coarse grid) =      6.064461 eV
 Middle energy  (coarse grid) =      5.807476 eV
 Fermi  energy  (coarse grid) =      5.807476 eV

Screened coulomb cutoff =    10.000000 Ry :     169 G-vectors
Bare coulomb cutoff     =    15.000000 Ry :     307 G-vectors
 Using symmetries to expand the coarse grid sampling

 Parallelizing over (k)^2
 We will not reuse wavefunction FFTs.
 Using pools:  nproc = 2  npool = 1  nown = 8  npown = 4                                                                         

 Memory available:    1820.0 MB per PE
 Memory required for execution:    1.6 MB per PE
 Memory required for vcoul:    0.0 MB per PE
        8192  elements per PE
          24  wavefunctions stored per PE
         169  G-vectors per wavefunction
 Crystal wavefunctions read from unit WFN_co

 nrk = 3

 nfk = 8  ksz =   0.289562

  Bethe-Salpeter Calculation
  valence bands limits :            4  (total) 
  cond.   bands limits :            4  (total) 
  number of spins   =            1

 Epsilon matrix for q->0 read from eps0mat
 nrq0 = 1  gmax =    10.000000

 Head of epsilon inverse :  (  4.4713539506177215E-002, -1.1369324079790243E-019)


 Epsilon matrix for q/=0 read from epsmat
 nrq = 2  gmax =    10.000000
 nfq = 8  qsz =   0.289562


 Calculating Vcoul

 For G=0: setting q0 =  0.001000  0.000000  0.000000

 Starting calculation of kernel with    32 blocks of pairs per PE


 Started calculation of matrix elements with 32 block(s) at 13:35:30.
 [ 13:35:30 |   0% ] block  1 / 32.
 [ 13:35:30 |   6% ] block  3 / 32, remaining: 0 s.
 [ 13:35:30 |   9% ] block  4 / 32, remaining: 0 s.
 [ 13:35:30 |  19% ] block  7 / 32, remaining: 0 s.
 [ 13:35:30 |  28% ] block 10 / 32, remaining: 0 s.
 [ 13:35:30 |  38% ] block 13 / 32, remaining: 0 s.
 [ 13:35:30 |  50% ] block 17 / 32, remaining: 0 s.
 [ 13:35:30 |  59% ] block 20 / 32, remaining: 0 s.
 [ 13:35:30 |  69% ] block 23 / 32, remaining: 0 s.
 [ 13:35:31 |  78% ] block 26 / 32, remaining: 0 s.
 [ 13:35:31 |  88% ] block 29 / 32, remaining: 0 s.
 Finished calculation of matrix elements at 13:35:31.
 Elapsed time: 0 s.

 Expected size of the BSE matrices:
   bsexmat:           0.282 MB
   bsedmat:           0.847 MB


 Started writing out BSE matrices with 512 records(s) at 13:35:31.
 [ 13:35:31 |   0% ] records   1 / 512.
 [ 13:35:31 |   0% ] records   3 / 512, remaining: 0 s.
 [ 13:35:31 |  10% ] records  52 / 512, remaining: 0 s.
 [ 13:35:31 |  20% ] records 103 / 512, remaining: 0 s.
 [ 13:35:31 |  30% ] records 154 / 512, remaining: 0 s.
 [ 13:35:31 |  40% ] records 205 / 512, remaining: 0 s.
 [ 13:35:31 |  50% ] records 257 / 512, remaining: 0 s.
 [ 13:35:31 |  60% ] records 308 / 512, remaining: 0 s.
 [ 13:35:31 |  70% ] records 359 / 512, remaining: 0 s.
 [ 13:35:31 |  80% ] records 410 / 512, remaining: 0 s.
 [ 13:35:31 |  90% ] records 461 / 512, remaining: 0 s.
 Finished writing out BSE matrices at 13:35:31.
 Elapsed time: 0 s.


maximum: head       1.000000000000002
         wing       0.115579126451149
         body       0.832462185573694
         x          1.319037827201265

                            CPU [s]        WALL [s]          #

 INPUT:          (min.)        0.002           0.005          1
                 (PE 0)        0.002           0.005
                 (max.)        0.002           0.005
 EPSCOPY:        (min.)        0.004           0.004          1
                 (PE 0)        0.004           0.004
                 (max.)        0.004           0.004
 GENWF:          (min.)        0.006           0.004         32
                 (PE 0)        0.006           0.006
                 (max.)        0.007           0.006
 EXCWF:          (min.)        0.000           0.000          0
                 (PE 0)        0.000           0.000
                 (max.)        0.000           0.000
 MTXEL:          (min.)        0.369           0.371         32
                 (PE 0)        0.369           0.371
                 (max.)        0.369           0.372
 FULLBZ:         (min.)        0.000           0.001          2
                 (PE 0)        0.000           0.001
                 (max.)        0.000           0.001
 BSEWRITE:       (min.)        0.007           0.010          1
                 (PE 0)        0.007           0.010
                 (max.)        0.011           0.011
 MTXEL Setup:    (min.)        0.000           0.001         64
                 (PE 0)        0.000           0.001
                 (max.)        0.015           0.017
 MTXEL Vcoul:    (min.)        0.000           0.000         64
                 (PE 0)        0.000           0.001
                 (max.)        0.000           0.001
 MTXEL W:        (min.)        0.008           0.010       5164
                 (PE 0)        0.008           0.012
                 (max.)        0.009           0.012
 MTXEL W-Sum:    (min.)        0.033           0.029       5196
                 (PE 0)        0.034           0.031
                 (max.)        0.034           0.031
 MTXEL FFT Dir:  (min.)        0.126           0.123         32
                 (PE 0)        0.140           0.140
                 (max.)        0.140           0.140
 MTXEL High G:   (min.)        0.001           0.000         32
                 (PE 0)        0.001           0.001
                 (max.)        0.001           0.001
 MTXEL FFT X:    (min.)        0.120           0.125         32
                 (PE 0)        0.135           0.134
                 (max.)        0.135           0.134
 MTXEL BSEX:     (min.)        0.002           0.002         32
                 (PE 0)        0.002           0.004
                 (max.)        0.002           0.004
 MTXEL INDEX:    (min.)        0.001           0.000         32
                 (PE 0)        0.001           0.000
                 (max.)        0.001           0.001
 MTXEL EPSHEAD:  (min.)        0.000           0.000         32
                 (PE 0)        0.000           0.000
                 (max.)        0.000           0.000
 MTXEL EPSREAD:  (min.)        0.005           0.003       5408
                 (PE 0)        0.005           0.003
                 (max.)        0.005           0.007
 MTXEL EPSOPEN:  (min.)        0.000           0.000         32
                 (PE 0)        0.000           0.000
                 (max.)        0.000           0.000
 MTXEL G SUM:    (min.)        0.004           0.002         32
                 (PE 0)        0.004           0.002
                 (max.)        0.004           0.002
 MTXEL COMM:     (min.)        0.027           0.028         64
                 (PE 0)        0.027           0.028
                 (max.)        0.041           0.044
 BSEWRITE COMM:  (min.)        0.001           0.002        512
                 (PE 0)        0.001           0.002
                 (max.)        0.008           0.009
 BSEWRITE I/O:   (min.)        0.000           0.000        512
                 (PE 0)        0.002           0.002
                 (max.)        0.002           0.002
 MTXEL FFT CC:   (min.)        0.064           0.063         32
                 (PE 0)        0.072           0.071
                 (max.)        0.072           0.071
 MTXEL FFT VV:   (min.)        0.061           0.059         32
                 (PE 0)        0.068           0.068
                 (max.)        0.068           0.068
 MTXEL FIND:     (min.)        0.000           0.000         32
                 (PE 0)        0.000           0.001
                 (max.)        0.000           0.001
 MTXEL ALLOC:    (min.)        0.000           0.000         32
                 (PE 0)        0.000           0.001
                 (max.)        0.000           0.001
 MTXEL FFTBOX:   (min.)        0.000           0.000         32
                 (PE 0)        0.000           0.001
                 (max.)        0.000           0.001
 MTXEL FFT VC:   (min.)        0.120           0.125         32
                 (PE 0)        0.135           0.134
                 (max.)        0.135           0.134

 TOTAL:          (min.)        0.390           0.397
                 (PE 0)        0.390           0.397
                 (max.)        0.394           0.397

