
 BerkeleyGW tag 1.1 beta2 revision 6543

 Epsilon  Complex version  Run on  12-Nov-2015  at  11:29:52 -0800

 Running MPI version (parallel)

 Running with 2 MPI task(s)

 Computing the static inverse dielectric matrix

 We are using matrix communication scheme

 We are communicating via MPI

 We are using no truncation

 Running with 1 valence pools
 Number of conduction bands per processor: 2
 Number of valence bands per processor: 4

 Memory available:    3240.6 MB per PE
 Memory required for execution:    2.0 MB per PE
 Memory required for vcoul:    0.0 MB per PE

 Cell Volume = 0.304851829E+03

 Highest occupied band (unshifted grid) =  4
 Valence max    (unshifted grid) =      4.692343 eV
 Conduction min (unshifted grid) =      6.963706 eV
 Middle energy  (unshifted grid) =      5.828025 eV
 Fermi  energy  (unshifted grid) =      5.828025 eV

 Number of electrons per unit cell =   8.000000
 Plasma Frequency =   1.148512 Rydberg

 Screened Coulomb cutoff: 10.000 Ry
 Total number of bands: 8
 Number of q-points: 3

 Scissors parameters
 Valence:    es =   0.0000 eV, e0 =   0.0000 eV, edel =   0.0000
 Conduction: es =   0.0000 eV, e0 =   0.0000 eV, edel =   0.0000
 Highest occupied band (shifted grid) =  4

 Crystal k+q WFs read from WFNq


     q= 0.0010 0.0000 0.0000  nmtx=     169  nrk= 10

           independent matrix elements of chi       spin index= 1 1

          g          g**2          gp          gp**2          chi(g,gp)
    0    0    0   0.00000         0    0    0   0.00000       -0.0000009825  -0.0000000000
    0    0    0   0.00000        -1   -1   -1   1.03764        0.0000004780   0.0000064427
    0    0    0   0.00000        -1    0    0   1.03764        0.0000017731  -0.0000199368
    0    0    0   0.00000         0   -1    0   1.03764       -0.0000007081   0.0000067622
    0    0    0   0.00000         0    0   -1   1.03764       -0.0000007081   0.0000067622
    0    0    0   0.00000         0    0    1   1.03764        0.0000004780   0.0000064427
    0    0    0   0.00000         0    1    0   1.03764        0.0000004780   0.0000064427
    0    0    0   0.00000         1    0    0   1.03764       -0.0000017855  -0.0000196785
    0    0    0   0.00000         1    1    1   1.03764       -0.0000007081   0.0000067622
    0    0    0   0.00000        -1   -1    0   1.38353       -0.0000098089  -0.0000001121
    0    0    0   0.00000        -1    0   -1   1.38353       -0.0000098089  -0.0000001121
    0    0    0   0.00000         0   -1   -1   1.38353        0.0000097616   0.0000001121
    0    0    0   0.00000         0    1    1   1.38353       -0.0000098089  -0.0000001121
    0    0    0   0.00000         1    0    1   1.38353        0.0000097616   0.0000001121
    0    0    0   0.00000         1    1    0   1.38353        0.0000097616   0.0000001121
    0    0    0   0.00000        -2   -1   -1   2.76705       -0.0000253626   0.0000005988
    0    0    0   0.00000        -1   -2   -1   2.76705       -0.0000000052  -0.0000006023
    0    0    0   0.00000        -1   -1   -2   2.76705       -0.0000000052  -0.0000006023
    0    0    0   0.00000        -1    0    1   2.76705       -0.0000253626   0.0000005988
    0    0    0   0.00000        -1    1    0   2.76705       -0.0000253626   0.0000005988
    0    0    0   0.00000         0   -1    1   2.76705       -0.0000000052  -0.0000006023
    0    0    0   0.00000         0    1   -1   2.76705       -0.0000000052  -0.0000006023
    0    0    0   0.00000         1   -1    0   2.76705        0.0000252545   0.0000006059
    0    0    0   0.00000         1    0   -1   2.76705        0.0000252545   0.0000006059
    0    0    0   0.00000         1    1    2   2.76705       -0.0000000052  -0.0000006023
    0    0    0   0.00000         1    2    1   2.76705       -0.0000000052  -0.0000006023
    0    0    0   0.00000         2    1    1   2.76705        0.0000252545   0.0000006059
    0    0    0   0.00000        -2   -2   -1   3.80470       -0.0000062312   0.0000081198
    0    0    0   0.00000        -2   -1   -2   3.80470       -0.0000062312   0.0000081198
    0    0    0   0.00000        -2   -1    0   3.80470       -0.0000150757  -0.0000201485
    0    0    0   0.00000        -2    0   -1   3.80470       -0.0000150757  -0.0000201485
    0    0    0   0.00000        -1   -2   -2   3.80470       -0.0000025172   0.0000038189
    0    0    0   0.00000         2    2    0   5.53410        0.0000045137  -0.0000000045
    0    0    0   0.00000        -3   -2   -2   6.57175        0.0000011536  -0.0000026224
    0    0    0   0.00000        -3   -1   -1   6.57175        0.0000062395   0.0000015559
    0    0    0   0.00000        -2   -3   -2   6.57175        0.0000025630   0.0000005581
    0    0    0   0.00000        -2   -2   -3   6.57175        0.0000025630   0.0000005581
    0    0    0   0.00000        -2    0    1   6.57175        0.0000062395   0.0000015559
    0    0    0   0.00000        -2    1    0   6.57175        0.0000062395   0.0000015559
    0    0    0   0.00000        -1   -3   -1   6.57175       -0.0000025088   0.0000005117
    0    0    0   0.00000        -1   -1   -3   6.57175       -0.0000025088   0.0000005117
    0    0    0   0.00000        -1    0    2   6.57175        0.0000011536  -0.0000026224
    0    0    0   0.00000        -1    2    0   6.57175        0.0000011536  -0.0000026224
    0    0    0   0.00000         0   -2    1   6.57175       -0.0000025088   0.0000005117
    0    0    0   0.00000         0   -1    2   6.57175        0.0000025630   0.0000005581
    0    0    0   0.00000         0    1   -2   6.57175       -0.0000025088   0.0000005117
    0    0    0   0.00000         0    2   -1   6.57175        0.0000025630   0.0000005581
    0    0    0   0.00000         1   -2    0   6.57175       -0.0000010952  -0.0000026551
    0    0    0   0.00000         1    0   -2   6.57175       -0.0000010952  -0.0000026551
    0    0    0   0.00000         1    1    3   6.57175        0.0000025630   0.0000005581
    0    0    0   0.00000         1    3    1   6.57175        0.0000025630   0.0000005581
    0    0    0   0.00000         2   -1    0   6.57175       -0.0000061530   0.0000015819
    0    0    0   0.00000         2    0   -1   6.57175       -0.0000061530   0.0000015819
    0    0    0   0.00000         2    2    3   6.57175       -0.0000025088   0.0000005117
    0    0    0   0.00000         2    3    2   6.57175       -0.0000025088   0.0000005117
    0    0    0   0.00000         3    1    1   6.57175       -0.0000061530   0.0000015819
    0    0    0   0.00000         3    2    2   6.57175       -0.0000010952  -0.0000026551
    0    0    0   0.00000        -3   -2   -1   6.91763        0.0000031345  -0.0000024204
    0    0    0   0.00000        -3   -1   -2   6.91763        0.0000031345  -0.0000024204
    0    0    0   0.00000        -2   -3   -1   6.91763       -0.0000001627   0.0000024243
    0    0    0   0.00000        -2   -1   -3   6.91763       -0.0000001627   0.0000024243
    0    0    0   0.00000        -2   -1    1   6.91763        0.0000031345  -0.0000024204
    0    0    0   0.00000        -2    1   -1   6.91763        0.0000031345  -0.0000024204
    0    0    0   0.00000        -1   -3   -2   6.91763        0.0000001596   0.0000024132
    0    0    0   0.00000         1    0    3   8.30115       -0.0000002764  -0.0000005422
    0    0    0   0.00000         1    1   -2   8.30115       -0.0000002754  -0.0000007276
    0    0    0   0.00000         1    3    0   8.30115       -0.0000002764  -0.0000005422
    0    0    0   0.00000         2   -1   -1   8.30115       -0.0000002764   0.0000019885
    0    0    0   0.00000         2    3    3   8.30115        0.0000003287  -0.0000005390
    0    0    0   0.00000         3    0    1   8.30115       -0.0000002764   0.0000019885
    0    0    0   0.00000         3    1    0   8.30115       -0.0000002764   0.0000019885
    0    0    0   0.00000         3    2    3   8.30115       -0.0000002754  -0.0000007276
    0    0    0   0.00000         3    3    2   8.30115       -0.0000002754  -0.0000007276
    0    0    0   0.00000        -3   -3   -3   9.33880       -0.0000005345   0.0000003205
    0    0    0   0.00000        -3   -3   -1   9.33880        0.0000005753   0.0000003769
    0    0    0   0.00000        -3   -2    0   9.33880        0.0000015744  -0.0000002736
    0    0    0   0.00000        -3   -1   -3   9.33880        0.0000005753   0.0000003769
    0    0    0   0.00000        -3    0   -2   9.33880        0.0000015744  -0.0000002736
    0    0    0   0.00000        -3    0    0   9.33880       -0.0000016070  -0.0000009619
    0    0    0   0.00000        -2   -3    0   9.33880       -0.0000004375  -0.0000004584
    0    0    0   0.00000        -2   -2    1   9.33880        0.0000005753   0.0000003769
    0    0    0   0.00000        -2    0   -3   9.33880       -0.0000004375  -0.0000004584
    0    0    0   0.00000        -2    1   -2   9.33880        0.0000005753   0.0000003769
    0    0    0   0.00000        -1   -3   -3   9.33880        0.0000004463  -0.0000004449
    0    0    0   0.00000        -1    2    2   9.33880        0.0000015744  -0.0000002736
    0    0    0   0.00000         0   -3   -2   9.33880       -0.0000005504   0.0000003465
    0    0    0   0.00000         0   -3    0   9.33880        0.0000005374   0.0000003292
    0    0    0   0.00000         0   -2   -3   9.33880       -0.0000005504   0.0000003465
    0    0    0   0.00000         0    0   -3   9.33880        0.0000005374   0.0000003292
    0    0    0   0.00000         0    0    3   9.33880       -0.0000005345   0.0000003205
    0    0    0   0.00000         0    2    3   9.33880        0.0000005753   0.0000003769
    0    0    0   0.00000         0    3    0   9.33880       -0.0000005345   0.0000003205
    0    0    0   0.00000         0    3    2   9.33880        0.0000005753   0.0000003769
    0    0    0   0.00000         1   -2   -2   9.33880       -0.0000015608  -0.0000002699
    0    0    0   0.00000         1    3    3   9.33880       -0.0000004375  -0.0000004584
    0    0    0   0.00000         2   -1    2   9.33880       -0.0000005504   0.0000003465
   -1   -1   -1   1.03764        -1   -1   -1   1.03764       -0.0126396135  -0.0000000000
   -1    0    0   1.03764        -1    0    0   1.03764       -0.0126493989   0.0000000000
    0   -1    0   1.03764         0   -1    0   1.03764       -0.0126297858   0.0000000000
    0    0   -1   1.03764         0    0   -1   1.03764       -0.0126297858   0.0000000000
    0    0    1   1.03764         0    0    1   1.03764       -0.0126396135  -0.0000000000
    0    1    0   1.03764         0    1    0   1.03764       -0.0126396135  -0.0000000000
    1    0    0   1.03764         1    0    0   1.03764       -0.0126199166  -0.0000000000
    1    1    1   1.03764         1    1    1   1.03764       -0.0126297858   0.0000000000
   -1   -1    0   1.38353        -1   -1    0   1.38353       -0.0127699280  -0.0000000000
   -1    0   -1   1.38353        -1    0   -1   1.38353       -0.0127699280   0.0000000000
    0   -1   -1   1.38353         0   -1   -1   1.38353       -0.0127370463   0.0000000000
    0    1    1   1.38353         0    1    1   1.38353       -0.0127699280   0.0000000000
    1    0    1   1.38353         1    0    1   1.38353       -0.0127370463  -0.0000000000
    1    1    0   1.38353         1    1    0   1.38353       -0.0127370463  -0.0000000000
   -2   -1   -1   2.76705        -2   -1   -1   2.76705       -0.0074476733   0.0000000000
   -1   -2   -1   2.76705        -1   -2   -1   2.76705       -0.0074282707   0.0000000000
   -1   -1   -2   2.76705        -1   -1   -2   2.76705       -0.0074282707   0.0000000000
   -1    0    1   2.76705        -1    0    1   2.76705       -0.0074476733   0.0000000000
   -1    1    0   2.76705        -1    1    0   2.76705       -0.0074476733   0.0000000000
    0   -1    1   2.76705         0   -1    1   2.76705       -0.0074282707  -0.0000000000
    0    1   -1   2.76705         0    1   -1   2.76705       -0.0074282707  -0.0000000000
    1   -1    0   2.76705         1   -1    0   2.76705       -0.0074087354  -0.0000000000
    1    0   -1   2.76705         1    0   -1   2.76705       -0.0074087354   0.0000000000
    1    1    2   2.76705         1    1    2   2.76705       -0.0074282707   0.0000000000
    1    2    1   2.76705         1    2    1   2.76705       -0.0074282707   0.0000000000
    2    1    1   2.76705         2    1    1   2.76705       -0.0074087354  -0.0000000000
   -2   -2   -1   3.80470        -2   -2   -1   3.80470       -0.0034908580   0.0000000000
   -2   -1   -2   3.80470        -2   -1   -2   3.80470       -0.0034908580  -0.0000000000
   -2   -1    0   3.80470        -2   -1    0   3.80470       -0.0034954345   0.0000000000
   -2    0   -1   3.80470        -2    0   -1   3.80470       -0.0034954345  -0.0000000000
   -1   -2   -2   3.80470        -1   -2   -2   3.80470       -0.0034770028   0.0000000000
   -1   -2    0   3.80470         2    2    0   5.53410       -0.0000156883   0.0000943130
   -1   -1    1   3.80470        -3   -2   -2   6.57175       -0.0001447875   0.0000572354
   -1    0   -2   3.80470        -3   -1   -1   6.57175       -0.0001447938  -0.0000569817
   -1    1   -1   3.80470        -2   -3   -2   6.57175       -0.0001083841  -0.0001170808
   -1    1    1   3.80470        -2   -2   -3   6.57175        0.0000408921   0.0000028682
    0   -2   -1   3.80470        -2    0    1   6.57175       -0.0000159397  -0.0000060764
    0   -1   -2   3.80470        -2    1    0   6.57175       -0.0000159397  -0.0000060764
    0    1    2   3.80470        -1   -3   -1   6.57175        0.0000405453  -0.0000031507
    0    2    1   3.80470        -1   -1   -3   6.57175        0.0000405453  -0.0000031507
    1   -1   -1   3.80470        -1    0    2   6.57175       -0.0000524976   0.0001102968
    1   -1    1   3.80470        -1    2    0   6.57175       -0.0002131759   0.0001830188
    1    0    2   3.80470         0   -2    1   6.57175       -0.0002676749   0.0000708615
    1    1   -1   3.80470         0   -1    2   6.57175       -0.0002130750   0.0001832126
    1    2    0   3.80470         0    1   -2   6.57175       -0.0002676749   0.0000708614
    1    2    2   3.80470         0    2   -1   6.57175        0.0002925715   0.0000390196
    2    0    1   3.80470         1   -2    0   6.57175       -0.0002685017   0.0000706167
    2    1    0   3.80470         1    0   -2   6.57175       -0.0002685017   0.0000706167
    2    1    2   3.80470         1    1    3   6.57175       -0.0002688627  -0.0000707373
    2    2    1   3.80470         1    3    1   6.57175       -0.0002688627  -0.0000707373
   -2   -2   -2   4.15058         2   -1    0   6.57175       -0.0000412781  -0.0001033929
   -2    0    0   4.15058         2    0   -1   6.57175        0.0000814839   0.0003631951
    0   -2    0   4.15058         2    2    3   6.57175       -0.0000411184   0.0001034120
    0    0   -2   4.15058         2    3    2   6.57175       -0.0000411184   0.0001034120
    0    0    2   4.15058         3    1    1   6.57175       -0.0000412781  -0.0001033929
    0    2    0   4.15058         3    2    2   6.57175        0.0000746937   0.0001934762
    2    0    0   4.15058        -3   -2   -1   6.91763       -0.0001813802  -0.0001461444
    2    2    2   4.15058        -3   -1   -2   6.91763       -0.0001818972   0.0001465077
   -2   -2    0   5.53410        -2   -3   -1   6.91763        0.0001832513  -0.0000000173
   -2    0   -2   5.53410        -2   -1   -3   6.91763        0.0001832513  -0.0000000173
    0   -2   -2   5.53410        -2   -1    1   6.91763       -0.0000462729   0.0000001115
    0    2    2   5.53410        -2    1   -1   6.91763       -0.0000247583   0.0000001354
    2    0    2   5.53410        -1   -3   -2   6.91763       -0.0000919186  -0.0000165662
    2    2    0   5.53410         1    0    3   8.30115        0.0000127850  -0.0000049936
   -3   -2   -2   6.57175         1    1   -2   8.30115       -0.0000187075   0.0000068395
   -3   -1   -1   6.57175         1    3    0   8.30115       -0.0000188716  -0.0000068988
   -2   -3   -2   6.57175         2   -1   -1   8.30115        0.0000068497  -0.0000384156
   -2   -2   -3   6.57175         2    3    3   8.30115       -0.0000127611   0.0000555800
   -2    0    1   6.57175         3    0    1   8.30115       -0.0000302511  -0.0000787485
   -2    1    0   6.57175         3    1    0   8.30115       -0.0000302511  -0.0000787485
   -1   -3   -1   6.57175         3    2    3   8.30115       -0.0000118821  -0.0000262742
   -1   -1   -3   6.57175         3    3    2   8.30115       -0.0000118821  -0.0000262742
   -1    0    2   6.57175        -3   -3   -3   9.33880        0.0000016686  -0.0000019451
   -1    2    0   6.57175        -3   -3   -1   9.33880        0.0000109688   0.0000021819
    0   -2    1   6.57175        -3   -2    0   9.33880        0.0000069552   0.0000072963
    0   -1    2   6.57175        -3   -1   -3   9.33880       -0.0000203203   0.0000047811
    0    1   -2   6.57175        -3    0   -2   9.33880        0.0000069552   0.0000072963
    0    2   -1   6.57175        -3    0    0   9.33880        0.0000026810  -0.0000023647
    1   -2    0   6.57175        -2   -3    0   9.33880       -0.0000147387   0.0000037848
    1    0   -2   6.57175        -2   -2    1   9.33880        0.0000400994  -0.0000019548
    1    1    3   6.57175        -2    0   -3   9.33880        0.0000401647   0.0000018967
    1    3    1   6.57175        -2    1   -2   9.33880       -0.0000148074  -0.0000037617
    2   -1    0   6.57175        -1   -3   -3   9.33880        0.0000069496  -0.0000072542
    2    0   -1   6.57175        -1    2    2   9.33880        0.0000400711   0.0000020033
    2    2    3   6.57175         0   -3   -2   9.33880       -0.0000200392  -0.0000048820
    2    3    2   6.57175         0   -3    0   9.33880        0.0000128781   0.0000166841
    3    1    1   6.57175         0   -2   -3   9.33880       -0.0000257118  -0.0000035810
    3    2    2   6.57175         0    0   -3   9.33880        0.0000016179   0.0000019302
   -3   -2   -1   6.91763         0    0    3   9.33880       -0.0000034970   0.0000011816
   -3   -1   -2   6.91763         0    2    3   9.33880       -0.0000071106  -0.0000103209
   -2   -3   -1   6.91763         0    3    0   9.33880       -0.0000267371  -0.0000316949
   -2   -1   -3   6.91763         0    3    2   9.33880       -0.0000017783   0.0000017812
   -2   -1    1   6.91763         1   -2   -2   9.33880        0.0000019003   0.0000252283
   -2    1   -1   6.91763         1    3    3   9.33880       -0.0000074339   0.0000144018
   -1   -3   -2   6.91763         2   -1    2   9.33880       -0.0000117124  -0.0000011968

 For q0 points, you should check the symmetry (eps(G,G') = eps*(-G,-G')) by
 using the eps0sym code. Wavefunction convergence, as well as a finite q-shift
 may cause this property of eps(G,G') to be broken.


             g                   gp         inverse epsilon           nspin= 1
         0    0    0         0    0    0        0.04472326  -0.00000000
        -1   -1   -1         0    0    0        0.00000033  -0.00000522
        -1   -1   -1        -1   -1   -1        0.79154269   0.00000000
        -1    0    0        -1   -1   -1        0.00910271   0.00516596
        -1    0    0        -1    0    0        0.79644627   0.00000000
         0   -1    0        -1    0    0       -0.01324348   0.00000346
         0   -1    0         0   -1    0        0.79198822   0.00000000
         0    0   -1         0   -1    0       -0.01073579   0.00000000
         0    0   -1         0    0   -1        0.79198822  -0.00000000
         0    0    1         0    0   -1       -0.02442560  -0.08708555
         0    0    1         0    0    1        0.79154269  -0.00000000
         0    1    0         0    0    1       -0.01064700   0.00000000
         0    1    0         0    1    0        0.79154269  -0.00000000
         1    0    0         0    1    0       -0.01327094  -0.00000333
         1    0    0         1    0    0        0.79741491  -0.00000000
         1    1    1         1    0    0        0.00903188   0.00519886
         1    1    1         1    1    1        0.79198822  -0.00000000
        -1   -1    0         1    1    1       -0.01133204  -0.00719488
        -1   -1    0        -1   -1    0        0.82817344  -0.00000000
        -1    0   -1        -1   -1    0        0.00543027  -0.00000000
        -1    0   -1        -1    0   -1        0.82817344   0.00000000
         0   -1   -1        -1    0   -1        0.00357966  -0.00000005
         0   -1   -1         0   -1   -1        0.82881414   0.00000000
         0    1    1         0   -1   -1        0.00752721  -0.00000016
         0    1    1         0    1    1        0.82817344  -0.00000000
         1    0    1         0    1    1        0.00357966  -0.00000005
         1    0    1         1    0    1        0.82881414  -0.00000000
         1    1    0         1    0    1        0.00537322   0.00000000
         1    1    0         1    1    0        0.82881414  -0.00000000
        -2   -1   -1         1    1    0        0.00104244  -0.00002809
        -2   -1   -1        -2   -1   -1        0.94662104   0.00000000
        -1   -2   -1        -2   -1   -1       -0.00078968  -0.00003231
        -1   -2   -1        -1   -2   -1        0.94190937   0.00000000
        -1   -1   -2        -1   -2   -1       -0.00079210  -0.00000000
        -1   -1   -2        -1   -1   -2        0.94190937  -0.00000000
        -1    0    1        -1   -1   -2        0.00449876   0.00063151
        -1    0    1        -1    0    1        0.94662104  -0.00000000
        -1    1    0        -1    0    1        0.00413336  -0.00000000
        -1    1    0        -1    1    0        0.94662104  -0.00000000
         0   -1    1        -1    1    0        0.00449427  -0.00063088
         0   -1    1         0   -1    1        0.94190937  -0.00000000
         0    1   -1         0   -1    1        0.01739315   0.00000000
         0    1   -1         0    1   -1        0.94190937  -0.00000000
         1   -1    0         0    1   -1        0.00450007  -0.00062373
         1   -1    0         1   -1    0        0.94696223  -0.00000000
         1    0   -1         1   -1    0        0.00402909   0.00000000
         1    0   -1         1    0   -1        0.94696223   0.00000000
         1    1    2         1    0   -1        0.00450457   0.00062435
         1    1    2         1    1    2        0.94190937   0.00000000
         1    2    1         1    1    2       -0.00080985  -0.00000000
         1    2    1         1    2    1        0.94190937   0.00000000
         2    1    1         1    2    1       -0.00081255  -0.00003031
         2    1    1         2    1    1        0.94696223  -0.00000000
        -2   -2   -1         2    1    1        0.00164665   0.00320482
        -2   -2   -1        -2   -2   -1        0.98079325   0.00000000
        -2   -1   -2        -2   -2   -1       -0.00522204  -0.00000000
        -2   -1   -2        -2   -1   -2        0.98079325  -0.00000000
        -2   -1    0        -2   -1   -2       -0.00052775   0.00150051
        -2   -1    0        -2   -1    0        0.98348620  -0.00000000
        -2    0   -1        -2   -1    0       -0.00249760  -0.00000000
        -2    0   -1        -2    0   -1        0.98348620  -0.00000000
        -1   -2   -2        -2    0   -1       -0.00251321   0.00065058
        -1   -2   -2        -1   -2   -2        0.98038536   0.00000000
        -1   -2    0        -1   -2   -2       -0.00002115   0.00287771
        -1   -2    0         2    2    0       -0.00011713   0.00048045
        -1   -1    1         2    2    0       -0.00031909  -0.00077576
        -1   -1    1        -3   -2   -2       -0.00100466   0.00032100
        -1    0   -2        -3   -2   -2        0.00126196  -0.00028290
        -1    0   -2        -3   -1   -1       -0.00075375  -0.00037762
        -1    1   -1        -3   -1   -1        0.00117917  -0.00008510
        -1    1   -1        -2   -3   -2       -0.00066765  -0.00080068
        -1    1    1        -2   -3   -2        0.00000054   0.00018010
        -1    1    1        -2   -2   -3        0.00000054   0.00018010
         0   -2   -1        -2   -2   -3        0.00139031  -0.00032130
         0   -2   -1        -2    0    1        0.00022067  -0.00010715
         0   -1   -2        -2    0    1       -0.00005876  -0.00069052
         0   -1   -2        -2    1    0        0.00022067  -0.00010715
         0    1    2        -2    1    0        0.00117917  -0.00008510
         0    1    2        -1   -3   -1        0.00033791   0.00012414
         0    2    1        -1   -3   -1       -0.00096189  -0.00085626
         0    2    1        -1   -1   -3        0.00033791   0.00012414
         1   -1   -1        -1   -1   -3        0.00105411   0.00001862
         1   -1   -1        -1    0    2        0.00005363   0.00040419
         1   -1    1        -1    0    2        0.00164322  -0.00004798
         1   -1    1        -1    2    0       -0.00114166   0.00080648
         1    0    2        -1    2    0       -0.00009945  -0.00010049
         1    0    2         0   -2    1       -0.00143408   0.00055545
         1    1   -1         0   -2    1       -0.00036900  -0.00035465
         1    1   -1         0   -1    2       -0.00095954   0.00085601
         1    2    0         0   -1    2       -0.00033563   0.00042895
         1    2    0         0    1   -2       -0.00143408   0.00055545
         1    2    2         0    1   -2       -0.00085658  -0.00022748
         1    2    2         0    2   -1        0.00176427   0.00005287
         2    0    1         0    2   -1        0.00007975   0.00018818
         2    0    1         1   -2    0       -0.00127253   0.00019665
         2    1    0         1   -2    0        0.00153526  -0.00012951
         2    1    0         1    0   -2       -0.00127253   0.00019665
         2    1    2         1    0   -2       -0.00099254  -0.00030413
         2    1    2         1    1    3       -0.00137223  -0.00060890
         2    2    1         1    1    3        0.00144372  -0.00028256
         2    2    1         1    3    1       -0.00137223  -0.00060890
        -2   -2   -2         1    3    1       -0.00030595  -0.00017943
        -2   -2   -2         2   -1    0       -0.00017988  -0.00026776
        -2    0    0         2   -1    0       -0.00009300   0.00099648
        -2    0    0         2    0   -1       -0.00009300   0.00099648
         0   -2    0         2    0   -1        0.00050660  -0.00087909
         0   -2    0         2    2    3       -0.00007543   0.00063695
         0    0   -2         2    2    3       -0.00030537   0.00017672
         0    0   -2         2    3    2       -0.00007543   0.00063695
         0    0    2         2    3    2        0.00031568   0.00121454
         0    0    2         3    1    1       -0.00017988  -0.00026776
         0    2    0         3    1    1       -0.00017988  -0.00026776
         0    2    0         3    2    2        0.00020168   0.00110500
         2    0    0         3    2    2       -0.00007554  -0.00016016
         2    0    0        -3   -2   -1       -0.00063318  -0.00015265
         2    2    2        -3   -2   -1       -0.00090729   0.00058418
         2    2    2        -3   -1   -2       -0.00090729   0.00058418
        -2   -2    0        -3   -1   -2       -0.00014445   0.00003891
        -2   -2    0        -2   -3   -1        0.00071818  -0.00003854
        -2    0   -2        -2   -3   -1       -0.00035370   0.00003787
        -2    0   -2        -2   -1   -3        0.00071818  -0.00003854
         0   -2   -2        -2   -1   -3       -0.00009228   0.00003840
         0   -2   -2        -2   -1    1       -0.00011545  -0.00003837
         0    2    2        -2   -1    1       -0.00014445   0.00003891
         0    2    2        -2    1   -1       -0.00014445   0.00003891
         2    0    2        -2    1   -1        0.00032281  -0.00003847
         2    0    2        -1   -3   -2       -0.00035182  -0.00003805
         2    2    0        -1   -3   -2       -0.00016648   0.00003829
         2    2    0         1    0    3        0.00004973  -0.00002150
        -3   -2   -2         1    0    3        0.00000396   0.00006257
        -3   -2   -2         1    1   -2       -0.00005778   0.00001225
        -3   -1   -1         1    1   -2       -0.00000778  -0.00007733
        -3   -1   -1         1    3    0       -0.00006942  -0.00002458
        -2   -3   -2         1    3    0        0.00004246   0.00003376
        -2   -3   -2         2   -1   -1        0.00000952  -0.00011880
        -2   -2   -3         2   -1   -1        0.00000952  -0.00011880
        -2   -2   -3         2    3    3       -0.00002960   0.00015402
        -2    0    1         2    3    3        0.00001184   0.00012361
        -2    0    1         3    0    1       -0.00008895  -0.00020667
        -2    1    0         3    0    1       -0.00002857  -0.00012264
        -2    1    0         3    1    0       -0.00008895  -0.00020667
        -1   -3   -1         3    1    0       -0.00005623  -0.00002968
        -1   -3   -1         3    2    3       -0.00005780  -0.00008216
        -1   -1   -3         3    2    3        0.00004629  -0.00003097
        -1   -1   -3         3    3    2       -0.00005780  -0.00008216
        -1    0    2         3    3    2       -0.00005778   0.00001225
        -1    0    2        -3   -3   -3       -0.00001286   0.00000021
        -1    2    0        -3   -3   -3       -0.00001286   0.00000021
        -1    2    0        -3   -3   -1        0.00004687   0.00001510
         0   -2    1        -3   -3   -1       -0.00005328   0.00001171
         0   -2    1        -3   -2    0        0.00001775   0.00002070
         0   -1    2        -3   -2    0       -0.00003976  -0.00002001
         0   -1    2        -3   -1   -3       -0.00005507   0.00001910
         0    1   -2        -3   -1   -3       -0.00005328   0.00001171
         0    1   -2        -3    0   -2        0.00001775   0.00002070
         0    2   -1        -3    0   -2       -0.00003976  -0.00002001
         0    2   -1        -3    0    0        0.00001423  -0.00000837
         1   -2    0        -3    0    0        0.00004043   0.00002769
         1   -2    0        -2   -3    0       -0.00003385   0.00001118
         1    0   -2        -2   -3    0       -0.00005448  -0.00001906
         1    0   -2        -2   -2    1        0.00010909  -0.00000292
         1    1    3        -2   -2    1       -0.00003423  -0.00001089
         1    1    3        -2    0   -3        0.00011083   0.00000339
         1    3    1        -2    0   -3       -0.00010062  -0.00000403
         1    3    1        -2    1   -2       -0.00003423  -0.00001089
         2   -1    0        -2    1   -2       -0.00007340   0.00002360
         2   -1    0        -1   -3   -3        0.00001966  -0.00001495
         2    0   -1        -1   -3   -3        0.00001966  -0.00001495
         2    0   -1        -1    2    2        0.00008563   0.00000494
         2    2    3        -1    2    2        0.00001775   0.00002070
         2    2    3         0   -3   -2       -0.00005459  -0.00001927
         2    3    2         0   -3   -2       -0.00006075  -0.00003495
         2    3    2         0   -3    0        0.00002474   0.00003401
         3    1    1         0   -3    0        0.00001890  -0.00001209
         3    1    1         0   -2   -3       -0.00008462  -0.00000584
         3    2    2         0   -2   -3        0.00004660  -0.00001513
         3    2    2         0    0   -3       -0.00001296  -0.00000015
        -3   -2   -1         0    0   -3       -0.00000908   0.00002133
        -3   -2   -1         0    0    3       -0.00000454   0.00002497
        -3   -1   -2         0    0    3       -0.00001847  -0.00001618
        -3   -1   -2         0    2    3       -0.00001220  -0.00003931
        -2   -3   -1         0    2    3       -0.00000055  -0.00000856
        -2   -3   -1         0    3    0       -0.00006021  -0.00007187
        -2   -1   -3         0    3    0        0.00000412   0.00002906
        -2   -1   -3         0    3    2       -0.00000055  -0.00000856
        -2   -1    1         0    3    2       -0.00001363  -0.00005006
        -2   -1    1         1   -2   -2       -0.00000601   0.00005208
        -2    1   -1         1   -2   -2       -0.00000601   0.00005208
        -2    1   -1         1    3    3       -0.00001685   0.00005065
        -1   -3   -2         1    3    3        0.00002361  -0.00010563
        -1   -3   -2         2   -1    2       -0.00003443   0.00001229
        -1   -2   -3         2   -1    2       -0.00000034   0.00000854


     q= 0.0000 0.0000 0.5000  nmtx=     168  nrk= 10

           independent matrix elements of chi       spin index= 1 1

          g          g**2          gp          gp**2          chi(g,gp)
    0    0   -1   0.25941         0    0   -1   0.25941       -0.0156274063  -0.0000000000
    0    0    0   0.25941         0    0   -1   0.25941        0.0006928736  -0.0045773519
    0    0    0   0.25941         0    0    0   0.25941       -0.0156274063  -0.0000000000
    0    0    0   0.25941        -1   -1   -1   0.95117       -0.0019956267  -0.0036877798
    0    0    0   0.25941        -1    0   -1   0.95117        0.0004767896  -0.0014296322
    0    0    0   0.25941         0   -1   -1   0.95117        0.0004767896  -0.0014296322
    0    0    0   0.25941         0    1    0   0.95117       -0.0019956267  -0.0036877798
    0    0    0   0.25941         1    0    0   0.95117       -0.0019956267  -0.0036877798
    0    0    0   0.25941         1    1    0   0.95117        0.0004767896  -0.0014296322
    0    0    0   0.25941        -1   -1   -2   1.64294       -0.0006436840  -0.0005329186
    0    0    0   0.25941        -1    0    0   1.64294       -0.0010632420   0.0026881676
    0    0    0   0.25941         0   -1    0   1.64294       -0.0010632420   0.0026881676
    0    0    0   0.25941         0    1   -1   1.64294       -0.0006436840  -0.0005329186
    0    0    0   0.25941         1    0   -1   1.64294       -0.0006436840  -0.0005329186
    0    0    0   0.25941         1    1    1   1.64294       -0.0010632420   0.0026881676
    0    0    0   0.25941        -1   -1    0   2.33470        0.0006771812   0.0005217971
    0    0    0   0.25941        -1    0   -2   2.33470       -0.0012243642  -0.0009435458
    0    0    0   0.25941         0   -1   -2   2.33470       -0.0012243642  -0.0009435458
    0    0    0   0.25941         0    0   -2   2.33470       -0.0001677299  -0.0058789967
    0    0    0   0.25941         0    0    1   2.33470       -0.0007402848  -0.0008447674
    0    0    0   0.25941         0    1    1   2.33470        0.0006771812   0.0005217971
    0    0    0   0.25941         1    0    1   2.33470        0.0006771812   0.0005217971
    0    0    0   0.25941         1    1   -1   2.33470       -0.0012243642  -0.0009435458
    0    0    0   0.25941        -2   -1   -2   3.02646       -0.0002676270   0.0002634420
    0    0    0   0.25941        -2   -1   -1   3.02646       -0.0000044832   0.0000960650
    0    0    0   0.25941        -1   -2   -2   3.02646       -0.0002676270   0.0002634420
    0    0    0   0.25941        -1   -2   -1   3.02646       -0.0000044832   0.0000960650
    0    0    0   0.25941        -1    1   -1   3.02646       -0.0002676270   0.0002634420
    0    0    0   0.25941        -1    1    0   3.02646       -0.0000044832   0.0000960650
    0    0    0   0.25941         1   -1   -1   3.02646       -0.0002676270   0.0002634420
    0    0    0   0.25941         1   -1    0   3.02646       -0.0000044832   0.0000960650
    0    0    0   0.25941         1    2    0   3.02646       -0.0002676270   0.0002634420
    0    0    0   0.25941         1    2    1   3.02646       -0.0000044832   0.0000960650
    0    0    0   0.25941         1    2   -1   5.10175        0.0000328685  -0.0000244399
    0    0    0   0.25941         1    2    2   5.10175        0.0003234881   0.0006310319
    0    0    0   0.25941         2    0   -1   5.10175        0.0006011560   0.0003141409
    0    0    0   0.25941         2    1   -1   5.10175        0.0000328685  -0.0000244399
    0    0    0   0.25941         2    1    2   5.10175        0.0003234881   0.0006310319
    0    0    0   0.25941         2    2    2   5.10175       -0.0002635505   0.0004947707
    0    0    0   0.25941        -1   -1    1   5.79351        0.0002533195  -0.0004268890
    0    0    0   0.25941        -1    0   -3   5.79351        0.0006849585   0.0006187552
    0    0    0   0.25941         0   -1   -3   5.79351        0.0006849585   0.0006187552
    0    0    0   0.25941         0    1    2   5.79351        0.0002533195  -0.0004268890
    0    0    0   0.25941         1    0    2   5.79351        0.0002533195  -0.0004268890
    0    0    0   0.25941         1    1   -2   5.79351        0.0006849585   0.0006187552
    0    0    0   0.25941        -3   -2   -2   6.48528        0.0005045788   0.0003849600
    0    0    0   0.25941        -3   -1   -2   6.48528       -0.0001040031   0.0004769328
    0    0    0   0.25941        -2   -3   -2   6.48528        0.0005045788   0.0003849600
    0    0    0   0.25941        -2    1   -1   6.48528       -0.0001040031   0.0004769328
    0    0    0   0.25941        -1   -3   -2   6.48528       -0.0001040031   0.0004769328
    0    0    0   0.25941        -1    2    0   6.48528        0.0005045788   0.0003849600
    0    0    0   0.25941         0    0   -3   6.48528       -0.0005184763   0.0003223106
    0    0    0   0.25941         0    0    2   6.48528       -0.0003417984  -0.0001104101
    0    0    0   0.25941         1   -2   -1   6.48528       -0.0001040031   0.0004769328
    0    0    0   0.25941         1    3    1   6.48528        0.0005045788   0.0003849600
    0    0    0   0.25941         2   -1    0   6.48528        0.0005045788   0.0003849600
    0    0    0   0.25941         2    3    1   6.48528       -0.0001040031   0.0004769328
    0    0    0   0.25941         3    1    1   6.48528        0.0005045788   0.0003849600
    0    0    0   0.25941         3    2    1   6.48528       -0.0001040031   0.0004769328
    0    0    0   0.25941        -3   -2   -3   7.17704        0.0002724581  -0.0001306833
    0    0    0   0.25941        -3   -1   -1   7.17704        0.0000430352  -0.0002205419
    0    0    0   0.25941        -2   -3   -3   7.17704        0.0002724581  -0.0001306833
    0    0    0   0.25941        -2   -2    0   7.17704        0.0004865156   0.0000390309
    0    0    0   0.25941        -2    0   -3   7.17704        0.0001734132  -0.0000442554
    0    0    0   0.25941        -2    1    0   7.17704        0.0000430352  -0.0002205419
    0    0    0   0.25941         0   -2    1   8.56056        0.0001577285  -0.0002999969
    0    0    0   0.25941         0    2   -2   8.56056        0.0002006431   0.0000712318
    0    0    0   0.25941         0    3    0   8.56056       -0.0001211580   0.0000156971
    0    0    0   0.25941         0    3    1   8.56056        0.0002208483  -0.0000905277
    0    0    0   0.25941         2    0   -2   8.56056        0.0002006431   0.0000712318
    0    0    0   0.25941         2    2    3   8.56056        0.0001577285  -0.0002999969
    0    0    0   0.25941         3    0    0   8.56056       -0.0001211580   0.0000156971
    0    0    0   0.25941         3    0    1   8.56056        0.0002208483  -0.0000905277
    0    0    0   0.25941         3    3    1   8.56056       -0.0000294493  -0.0000727021
    0    0    0   0.25941         3    3    2   8.56056        0.0003637923  -0.0000188897
    0    0    0   0.25941        -2   -1   -4   9.25233        0.0000211645   0.0002225259
    0    0    0   0.25941        -2   -1    1   9.25233       -0.0001211572  -0.0000933923
    0    0    0   0.25941        -1   -2   -4   9.25233        0.0000211645   0.0002225259
    0    0    0   0.25941        -1   -2    1   9.25233       -0.0001211572  -0.0000933923
    0    0    0   0.25941        -1   -1   -4   9.25233       -0.0001155015  -0.0000025492
    0    0    0   0.25941        -1    0    2   9.25233        0.0000565490   0.0002033462
    0    0    0   0.25941        -1    1   -3   9.25233        0.0000211645   0.0002225259
    0    0    0   0.25941        -1    1    2   9.25233       -0.0001211572  -0.0000933923
    0    0    0   0.25941         0   -1    2   9.25233        0.0000565490   0.0002033462
    0    0    0   0.25941         0    1   -3   9.25233       -0.0001155015  -0.0000025492
    0    0    0   0.25941         1   -1   -3   9.25233        0.0000211645   0.0002225259
    0    0    0   0.25941         1   -1    2   9.25233       -0.0001211572  -0.0000933923
    0    0    0   0.25941         1    0   -3   9.25233       -0.0001155015  -0.0000025492
    0    0    0   0.25941         1    1    3   9.25233        0.0000565490   0.0002033462
    0    0    0   0.25941         1    2   -2   9.25233        0.0000211645   0.0002225259
    0    0    0   0.25941         1    2    3   9.25233       -0.0001211572  -0.0000933923
    0    0    0   0.25941         2    1   -2   9.25233        0.0000211645   0.0002225259
    0    0    0   0.25941         2    1    3   9.25233       -0.0001211572  -0.0000933923
    0    0    0   0.25941        -3   -2   -4   9.94409       -0.0000952771   0.0000425902
    0    0    0   0.25941        -3   -1    0   9.94409        0.0002580689   0.0000024987
    0    0    0   0.25941        -2   -3   -4   9.94409       -0.0000952771   0.0000425902
    0    0    0   0.25941        -2    1    1   9.94409        0.0002580689   0.0000024987
   -1   -1   -1   0.95117        -1   -1   -1   0.95117       -0.0148944392  -0.0000000000
   -1    0   -1   0.95117        -1    0   -1   0.95117       -0.0148944392   0.0000000000
    0   -1   -1   0.95117         0   -1   -1   0.95117       -0.0148944392  -0.0000000000
    0    1    0   0.95117         0    1    0   0.95117       -0.0148944392  -0.0000000000
    1    0    0   0.95117         1    0    0   0.95117       -0.0148944392  -0.0000000000
    1    1    0   0.95117         1    1    0   0.95117       -0.0148944392   0.0000000000
   -1   -1   -2   1.64294        -1   -1   -2   1.64294       -0.0101239166   0.0000000000
   -1    0    0   1.64294        -1    0    0   1.64294       -0.0101239166   0.0000000000
    0   -1    0   1.64294         0   -1    0   1.64294       -0.0101239166  -0.0000000000
    0    1   -1   1.64294         0    1   -1   1.64294       -0.0101239166  -0.0000000000
    1    0   -1   1.64294         1    0   -1   1.64294       -0.0101239166   0.0000000000
    1    1    1   1.64294         1    1    1   1.64294       -0.0101239166   0.0000000000
   -1   -1    0   2.33470        -1   -1    0   2.33470       -0.0081496223   0.0000000000
   -1    0   -2   2.33470        -1    0   -2   2.33470       -0.0081496223  -0.0000000000
    0   -1   -2   2.33470         0   -1   -2   2.33470       -0.0081496223  -0.0000000000
    0    0   -2   2.33470         0    0   -2   2.33470       -0.0082368302   0.0000000000
    0    0    1   2.33470         0    0    1   2.33470       -0.0082368302  -0.0000000000
    0    1    1   2.33470         0    1    1   2.33470       -0.0081496223   0.0000000000
    1    0    1   2.33470         1    0    1   2.33470       -0.0081496223   0.0000000000
    1    1   -1   2.33470         1    1   -1   2.33470       -0.0081496223  -0.0000000000
   -2   -1   -2   3.02646        -2   -1   -2   3.02646       -0.0061785367  -0.0000000000
   -2   -1   -1   3.02646        -2   -1   -1   3.02646       -0.0061785367   0.0000000000
   -1   -2   -2   3.02646        -1   -2   -2   3.02646       -0.0061785367   0.0000000000
   -1   -2   -1   3.02646        -1   -2   -1   3.02646       -0.0061785367   0.0000000000
   -1    1   -1   3.02646        -1    1   -1   3.02646       -0.0061785367   0.0000000000
   -1    1    0   3.02646        -1    1    0   3.02646       -0.0061785367  -0.0000000000
    1   -1   -1   3.02646         1   -1   -1   3.02646       -0.0061785367  -0.0000000000
    1   -1    0   3.02646         1   -1    0   3.02646       -0.0061785367   0.0000000000
    1    2    0   3.02646         1    2    0   3.02646       -0.0061785367  -0.0000000000
    1    2    1   3.02646         1    2    1   3.02646       -0.0061785367   0.0000000000
    2    1    0   3.02646         1    2   -1   5.10175        0.0000109187  -0.0000384528
    2    1    1   3.02646         1    2    2   5.10175       -0.0001734369  -0.0001104105
   -2   -2   -2   3.71823         2    0   -1   5.10175       -0.0000056187  -0.0001630606
   -2    0   -1   3.71823         2    1   -1   5.10175       -0.0003339211  -0.0001133884
    0   -2   -1   3.71823         2    1    2   5.10175        0.0003006053   0.0001545865
    0    2    0   3.71823         2    2    2   5.10175        0.0003880522   0.0000378340
    2    0    0   3.71823        -1   -1    1   5.79351       -0.0000830218   0.0000666159
    2    2    1   3.71823        -1    0   -3   5.79351       -0.0000830218  -0.0000666159
   -2   -2   -1   4.40999         0   -1   -3   5.79351       -0.0000262017   0.0001612447
   -2    0   -2   4.40999         0    1    2   5.79351       -0.0000262017  -0.0001612447
   -1   -1   -3   4.40999         1    0    2   5.79351       -0.0002587835   0.0000929449
   -1    0    1   4.40999         1    1   -2   5.79351       -0.0002587835  -0.0000929449
    0   -2   -2   4.40999        -3   -2   -2   6.48528        0.0000219421   0.0002234030
    0   -1    1   4.40999        -3   -1   -2   6.48528       -0.0000706935   0.0000071324
    0    1   -2   4.40999        -2   -3   -2   6.48528       -0.0000289067  -0.0000193147
    0    2    1   4.40999        -2    1   -1   6.48528        0.0000494666   0.0000917283
    1    0   -2   4.40999        -1   -3   -2   6.48528       -0.0000065261  -0.0001215182
    1    1    2   4.40999        -1    2    0   6.48528       -0.0000065261   0.0001215182
    2    0    1   4.40999         0    0   -3   6.48528       -0.0000270550  -0.0000452860
    2    2    0   4.40999         0    0    2   6.48528       -0.0000270550   0.0000452860
   -2   -2   -3   5.10175         1   -2   -1   6.48528        0.0000076861   0.0000932179
   -2   -1   -3   5.10175         1    3    1   6.48528        0.0000085075  -0.0000472163
   -2   -1    0   5.10175         2   -1    0   6.48528       -0.0000561350   0.0000404086
   -2    0    0   5.10175         2    3    1   6.48528        0.0000477672   0.0000104271
   -1   -2   -3   5.10175         3    1    1   6.48528        0.0000085075  -0.0000472163
   -1   -2    0   5.10175         3    2    1   6.48528       -0.0000221152  -0.0000499978
   -1    1   -2   5.10175        -3   -2   -3   7.17704       -0.0000429748   0.0000211673
   -1    1    1   5.10175        -3   -1   -1   7.17704        0.0000554188  -0.0000139006
    0   -2    0   5.10175        -2   -3   -3   7.17704       -0.0000682648   0.0000374491
    0    2   -1   5.10175        -2   -2    0   7.17704       -0.0000088945   0.0000466154
    1   -1   -2   5.10175        -2    0   -3   7.17704       -0.0000466344   0.0000513010
    1   -1    1   5.10175        -2    1    0   7.17704       -0.0000161538  -0.0000291449
    1    2   -1   5.10175         0   -2    1   8.56056       -0.0000167980  -0.0001180775
    1    2    2   5.10175         0    2   -2   8.56056        0.0000212850  -0.0000487151
    2    0   -1   5.10175         0    3    0   8.56056        0.0000066353  -0.0000009288
    2    1   -1   5.10175         0    3    1   8.56056       -0.0000249732  -0.0000244386
    2    1    2   5.10175         2    0   -2   8.56056        0.0000212850  -0.0000487151
    2    2    2   5.10175         2    2    3   8.56056       -0.0000877243  -0.0001554403
   -1   -1    1   5.79351         3    0    0   8.56056       -0.0000293857  -0.0000101498
   -1    0   -3   5.79351         3    0    1   8.56056       -0.0000536031  -0.0000062439
    0   -1   -3   5.79351         3    3    1   8.56056        0.0000077300  -0.0000121632
    0    1    2   5.79351         3    3    2   8.56056        0.0000077043   0.0000156549
    1    0    2   5.79351        -2   -1   -4   9.25233        0.0000497191   0.0000102791
    1    1   -2   5.79351        -2   -1    1   9.25233        0.0000497191  -0.0000102791
   -3   -2   -2   6.48528        -1   -2   -4   9.25233       -0.0000148452  -0.0000017071
   -3   -1   -2   6.48528        -1   -2    1   9.25233        0.0000026377   0.0000051740
   -2   -3   -2   6.48528        -1   -1   -4   9.25233       -0.0000112055   0.0000136959
   -2    1   -1   6.48528        -1    0    2   9.25233       -0.0000112055  -0.0000136959
   -1   -3   -2   6.48528        -1    1   -3   9.25233       -0.0000008844   0.0000191977
   -1    2    0   6.48528        -1    1    2   9.25233       -0.0000086411  -0.0000022911
    0    0   -3   6.48528         0   -1    2   9.25233       -0.0000381233   0.0000213090
    0    0    2   6.48528         0    1   -3   9.25233       -0.0000381233  -0.0000213090
    1   -2   -1   6.48528         1   -1   -3   9.25233       -0.0000086411   0.0000022911
    1    3    1   6.48528         1   -1    2   9.25233       -0.0000008844  -0.0000191977
    2   -1    0   6.48528         1    0   -3   9.25233       -0.0000112055   0.0000136959
    2    3    1   6.48528         1    1    3   9.25233       -0.0000112055  -0.0000136959
    3    1    1   6.48528         1    2   -2   9.25233        0.0000026377  -0.0000051740
    3    2    1   6.48528         1    2    3   9.25233       -0.0000148452   0.0000017071
   -3   -2   -3   7.17704         2    1   -2   9.25233       -0.0000063445  -0.0000069926
   -3   -1   -1   7.17704         2    1    3   9.25233       -0.0000063445   0.0000069926
   -2   -3   -3   7.17704        -3   -2   -4   9.94409       -0.0000005325  -0.0000048327
   -2   -2    0   7.17704        -3   -1    0   9.94409       -0.0000288251  -0.0000008987
   -2    0   -3   7.17704        -2   -3   -4   9.94409       -0.0000036690   0.0000021686
   -2    1    0   7.17704        -2    1    1   9.94409       -0.0000213039  -0.0000383933


             g                   gp         inverse epsilon           nspin= 1
         0    0   -1         0    0   -1        0.44361412  -0.00000000
         0    0    0         0    0   -1        0.00424043  -0.08050565
         0    0    0         0    0    0        0.44361412  -0.00000000
        -1   -1   -1         0    0    0       -0.01550229   0.02744756
        -1   -1   -1        -1   -1   -1        0.74621424  -0.00000000
        -1    0   -1        -1   -1   -1       -0.02190618   0.04083533
        -1    0   -1        -1    0   -1        0.74621424   0.00000000
         0   -1   -1        -1    0   -1       -0.00029566   0.00000000
         0   -1   -1         0   -1   -1        0.74621424   0.00000000
         0    1    0         0   -1   -1       -0.02035137   0.01478788
         0    1    0         0    1    0        0.74621424  -0.00000000
         1    0    0         0    1    0       -0.00029566  -0.00000000
         1    0    0         1    0    0        0.74621424  -0.00000000
         1    1    0         1    0    0       -0.02190618   0.04083533
         1    1    0         1    1    0        0.74621424  -0.00000000
        -1   -1   -2         1    1    0        0.00314914  -0.03612073
        -1   -1   -2        -1   -1   -2        0.88230654   0.00000000
        -1    0    0        -1   -1   -2        0.00131443  -0.00294325
        -1    0    0        -1    0    0        0.88230654   0.00000000
         0   -1    0        -1    0    0        0.00021522   0.00000000
         0   -1    0         0   -1    0        0.88230654  -0.00000000
         0    1   -1         0   -1    0        0.01935420  -0.02731225
         0    1   -1         0    1   -1        0.88230654  -0.00000000
         1    0   -1         0    1   -1        0.00021522   0.00000000
         1    0   -1         1    0   -1        0.88230654   0.00000000
         1    1    1         1    0   -1        0.00131443  -0.00294325
         1    1    1         1    1    1        0.88230654   0.00000000
        -1   -1    0         1    1    1        0.00001594   0.00459636
        -1   -1    0        -1   -1    0        0.92658931  -0.00000000
        -1    0   -2        -1   -1    0        0.00909241   0.00536788
        -1    0   -2        -1    0   -2        0.92658931   0.00000000
         0   -1   -2        -1    0   -2        0.00644512   0.00000000
         0   -1   -2         0   -1   -2        0.92658931  -0.00000000
         0    0   -2         0   -1   -2       -0.01065937   0.01767846
         0    0   -2         0    0   -2        0.93453187   0.00000000
         0    0    1         0    0   -2        0.00165122   0.01361336
         0    0    1         0    0    1        0.93453187  -0.00000000
         0    1    1         0    0    1       -0.01065937   0.01767846
         0    1    1         0    1    1        0.92658931   0.00000000
         1    0    1         0    1    1        0.00644512  -0.00000000
         1    0    1         1    0    1        0.92658931  -0.00000000
         1    1   -1         1    0    1        0.00909241   0.00536788
         1    1   -1         1    1   -1        0.92658931  -0.00000000
        -2   -1   -2         1    1   -1        0.00025893  -0.00145303
        -2   -1   -2        -2   -1   -2        0.95583128  -0.00000000
        -2   -1   -1        -2   -1   -2       -0.01130365   0.02018627
        -2   -1   -1        -2   -1   -1        0.95583128   0.00000000
        -1   -2   -2        -2   -1   -1        0.00033480   0.00381338
        -1   -2   -2        -1   -2   -2        0.95583128   0.00000000
        -1   -2   -1        -1   -2   -2       -0.01130365   0.02018627
        -1   -2   -1        -1   -2   -1        0.95583128  -0.00000000
        -1    1   -1        -1   -2   -1        0.00024381   0.00246718
        -1    1   -1        -1    1   -1        0.95583128  -0.00000000
        -1    1    0        -1    1   -1       -0.01130365   0.02018627
        -1    1    0        -1    1    0        0.95583128   0.00000000
         1   -1   -1        -1    1    0        0.00375150   0.00907098
         1   -1   -1         1   -1   -1        0.95583128  -0.00000000
         1   -1    0         1   -1   -1       -0.01130365   0.02018627
         1   -1    0         1   -1    0        0.95583128   0.00000000
         1    2    0         1   -1    0        0.00024381   0.00246718
         1    2    0         1    2    0        0.95583128  -0.00000000
         1    2    1         1    2    0       -0.01130365   0.02018627
         1    2    1         1    2    1        0.95583128   0.00000000
         2    1    0         1    2    1        0.00033480   0.00381338
         2    1    0         1    2   -1        0.00050586  -0.00055104
         2    1    1         1    2   -1       -0.00223845  -0.00030069
         2    1    1         1    2    2       -0.00111542  -0.00045749
        -2   -2   -2         1    2    2       -0.00179843   0.00053978
        -2   -2   -2         2    0   -1        0.00028594  -0.00110425
        -2    0   -1         2    0   -1       -0.00331220   0.00236518
        -2    0   -1         2    1   -1       -0.00179843  -0.00053978
         0   -2   -1         2    1   -1        0.00020009   0.00150496
         0   -2   -1         2    1    2        0.00200359   0.00067911
         0    2    0         2    1    2        0.00020009  -0.00150496
         0    2    0         2    2    2        0.00248023   0.00060288
         2    0    0         2    2    2        0.00248023   0.00060288
         2    0    0        -1   -1    1       -0.00034144   0.00044008
         2    2    1        -1   -1    1       -0.00011957   0.00016625
         2    2    1        -1    0   -3       -0.00034144  -0.00044008
        -2   -2   -1        -1    0   -3       -0.00005389   0.00081257
        -2   -2   -1         0   -1   -3       -0.00005389   0.00081257
        -2    0   -2         0   -1   -3        0.00090013  -0.00040778
        -2    0   -2         0    1    2       -0.00005389  -0.00081257
        -1   -1   -3         0    1    2       -0.00097367   0.00032435
        -1   -1   -3         1    0    2       -0.00097367   0.00032435
        -1    0    1         1    0    2       -0.00017126   0.00040462
        -1    0    1         1    1   -2       -0.00097367  -0.00032435
         0   -2   -2         1    1   -2        0.00090013  -0.00040778
         0   -2   -2        -3   -2   -2        0.00023717   0.00114104
         0   -1    1        -3   -2   -2       -0.00000928   0.00059328
         0   -1    1        -3   -1   -2       -0.00030638   0.00000127
         0    1   -2        -3   -1   -2       -0.00000928  -0.00059328
         0    1   -2        -2   -3   -2       -0.00012153  -0.00003680
         0    2    1        -2   -3   -2       -0.00020254   0.00023424
         0    2    1        -2    1   -1        0.00035861   0.00040220
         1    0   -2        -2    1   -1        0.00009845  -0.00023863
         1    0   -2        -1   -3   -2       -0.00000928  -0.00059328
         1    1    2        -1   -3   -2       -0.00012153   0.00003680
         1    1    2        -1    2    0       -0.00000928   0.00059328
         2    0    1        -1    2    0       -0.00020254   0.00023424
         2    0    1         0    0   -3       -0.00016133  -0.00021403
         2    2    0         0    0   -3       -0.00003233   0.00019017
         2    2    0         0    0    2       -0.00016133   0.00021403
        -2   -2   -3         0    0    2        0.00002851  -0.00003734
        -2   -2   -3         1   -2   -1        0.00002081   0.00052514
        -2   -1   -3         1   -2   -1        0.00016584  -0.00001732
        -2   -1   -3         1    3    1        0.00006756  -0.00026564
        -2   -1    0         1    3    1        0.00016584   0.00001732
        -2   -1    0         2   -1    0       -0.00013514   0.00014959
        -2    0    0         2   -1    0        0.00027800   0.00063713
        -2    0    0         2    3    1        0.00029612   0.00000713
        -1   -2   -3         2    3    1       -0.00025125  -0.00032636
        -1   -2   -3         3    1    1        0.00006756  -0.00026564
        -1   -2    0         3    1    1        0.00016584   0.00001732
        -1   -2    0         3    2    1       -0.00000482  -0.00014270
        -1    1   -2         3    2    1        0.00016584  -0.00001732
        -1    1   -2        -3   -2   -3       -0.00023360   0.00012429
        -1    1    1        -3   -2   -3       -0.00004039  -0.00038654
        -1    1    1        -3   -1   -1        0.00015642  -0.00009989
         0   -2    0        -3   -1   -1       -0.00003445   0.00027983
         0   -2    0        -2   -3   -3       -0.00033771   0.00016527
         0    2   -1        -2   -3   -3       -0.00002832  -0.00007536
         0    2   -1        -2   -2    0       -0.00000195   0.00017811
         1   -1   -2        -2   -2    0       -0.00006527   0.00002129
         1   -1   -2        -2    0   -3       -0.00017426   0.00028933
         1   -1    1        -2    0   -3        0.00038915   0.00005963
         1   -1    1        -2    1    0       -0.00011371  -0.00012243
         1    2   -1        -2    1    0       -0.00004039   0.00038654
         1    2   -1         0   -2    1       -0.00005118  -0.00042342
         1    2    2         0   -2    1       -0.00015456   0.00005726
         1    2    2         0    2   -2        0.00009234  -0.00025848
         2    0   -1         0    2   -2        0.00001663  -0.00020415
         2    0   -1         0    3    0       -0.00002328   0.00002737
         2    1   -1         0    3    0       -0.00003631   0.00013704
         2    1   -1         0    3    1       -0.00013265  -0.00009261
         2    1    2         0    3    1       -0.00002742  -0.00022736
         2    1    2         2    0   -2        0.00009234  -0.00025848
         2    2    2         2    0   -2       -0.00017791  -0.00019989
         2    2    2         2    2    3       -0.00037650  -0.00062507
        -1   -1    1         2    2    3        0.00007040   0.00001405
        -1   -1    1         3    0    0       -0.00005927  -0.00001125
        -1    0   -3         3    0    0       -0.00005571   0.00001409
        -1    0   -3         3    0    1       -0.00017595  -0.00005919
         0   -1   -3         3    0    1        0.00011930   0.00003104
         0   -1   -3         3    3    1        0.00002821  -0.00007752
         0    1    2         3    3    1        0.00011930  -0.00003104
         0    1    2         3    3    2        0.00001370   0.00008243
         1    0    2         3    3    2        0.00001370   0.00008243
         1    0    2        -2   -1   -4        0.00012879   0.00003226
         1    1   -2        -2   -1   -4        0.00002761   0.00008357
         1    1   -2        -2   -1    1        0.00012879  -0.00003226
        -3   -2   -2        -2   -1    1       -0.00002589   0.00002131
        -3   -2   -2        -1   -2   -4       -0.00002210  -0.00000881
        -3   -1   -2        -1   -2   -4       -0.00001690  -0.00002312
        -3   -1   -2        -1   -2    1        0.00003730   0.00000906
        -2   -3   -2        -1   -2    1       -0.00002589   0.00002131
        -2   -3   -2        -1   -1   -4       -0.00002511   0.00007315
        -2    1   -1        -1   -1   -4        0.00003468   0.00003129
        -2    1   -1        -1    0    2       -0.00002511  -0.00007315
        -1   -3   -2        -1    0    2       -0.00003669   0.00000654
        -1   -3   -2        -1    1   -3       -0.00000478   0.00003770
        -1    2    0        -1    1   -3        0.00002428  -0.00003658
        -1    2    0        -1    1    2       -0.00002589   0.00002131
         0    0   -3        -1    1    2       -0.00004300  -0.00009420
         0    0   -3         0   -1    2       -0.00010094   0.00004794
         0    0    2         0   -1    2       -0.00003001   0.00014694
         0    0    2         0    1   -3       -0.00010094  -0.00004794
         1   -2   -1         0    1   -3        0.00000496  -0.00001225
         1   -2   -1         1   -1   -3       -0.00002589  -0.00002131
         1    3    1         1   -1   -3       -0.00008959   0.00002127
         1    3    1         1   -1    2       -0.00000478  -0.00003770
         2   -1    0         1   -1    2       -0.00002589   0.00002131
         2   -1    0         1    0   -3       -0.00002511   0.00007315
         2    3    1         1    0   -3        0.00003468   0.00003129
         2    3    1         1    1    3       -0.00002511  -0.00007315
         3    1    1         1    1    3        0.00006620  -0.00003275
         3    1    1         1    2   -2        0.00003730  -0.00000906
         3    2    1         1    2   -2        0.00000202  -0.00006618
         3    2    1         1    2    3       -0.00002210   0.00000881
        -3   -2   -3         1    2    3        0.00004907   0.00002654
        -3   -2   -3         2    1   -2       -0.00002670  -0.00000549
        -3   -1   -1         2    1   -2        0.00006739  -0.00003617
        -3   -1   -1         2    1    3       -0.00002670   0.00000549
        -2   -3   -3         2    1    3        0.00004907   0.00002654
        -2   -3   -3        -3   -2   -4       -0.00000587  -0.00002549
        -2   -2    0        -3   -2   -4        0.00000931  -0.00002570
        -2   -2    0        -3   -1    0       -0.00007688  -0.00000438
        -2    0   -3        -3   -1    0        0.00000931   0.00002570
        -2    0   -3        -2   -3   -4        0.00000236   0.00000899
        -2    1    0        -2   -3   -4       -0.00007064  -0.00000005
        -2    1    0        -2    1    1       -0.00007234  -0.00011304
        -1   -3   -1        -2    1    1        0.00000496  -0.00003044


     q= 0.0000 0.5000 0.5000  nmtx=     150  nrk=  6

           independent matrix elements of chi       spin index= 1 1

          g          g**2          gp          gp**2          chi(g,gp)
    0   -1   -1   0.34588         0   -1   -1   0.34588       -0.0191835719  -0.0000000000
    0    0    0   0.34588         0   -1   -1   0.34588       -0.0035012330   0.0000000000
    0    0    0   0.34588         0    0    0   0.34588       -0.0191835719  -0.0000000000
    0    0    0   0.34588        -1   -1   -1   0.69176       -0.0018093715  -0.0029595922
    0    0    0   0.34588         0   -1    0   0.69176       -0.0018093715   0.0029595922
    0    0    0   0.34588         0    0   -1   0.69176       -0.0018093715   0.0029595922
    0    0    0   0.34588         1    0    0   0.69176       -0.0018093715  -0.0029595922
    0    0    0   0.34588        -1   -2   -1   1.72941       -0.0015017170   0.0000000000
    0    0    0   0.34588        -1   -1   -2   1.72941       -0.0015017170   0.0000000000
    0    0    0   0.34588        -1   -1    0   1.72941        0.0012320769  -0.0000000000
    0    0    0   0.34588        -1    0   -1   1.72941        0.0012320769  -0.0000000000
    0    0    0   0.34588         1   -1    0   1.72941       -0.0015017170   0.0000000000
    0    0    0   0.34588         1    0   -1   1.72941       -0.0015017170   0.0000000000
    0    0    0   0.34588         1    0    1   1.72941        0.0012320769  -0.0000000000
    0    0    0   0.34588         1    1    0   1.72941        0.0012320769  -0.0000000000
    0    0    0   0.34588        -1   -2   -2   2.07529       -0.0021367002   0.0009973937
    0    0    0   0.34588        -1    0    0   2.07529       -0.0010678278   0.0024696399
    0    0    0   0.34588         0   -2   -1   2.07529       -0.0021367003  -0.0009973937
    0    0    0   0.34588         0   -1   -2   2.07529       -0.0021367003  -0.0009973937
    0    0    0   0.34588         0    0    1   2.07529       -0.0010678278  -0.0024696399
    0    0    0   0.34588         0    1    0   2.07529       -0.0010678278  -0.0024696399
    0    0    0   0.34588         1   -1   -1   2.07529       -0.0021367002   0.0009973937
    0    0    0   0.34588         1    1    1   2.07529       -0.0010678278   0.0024696399
    0    0    0   0.34588        -2   -2   -2   3.11293        0.0004082379   0.0025770075
    0    0    0   0.34588        -2   -1   -1   3.11293        0.0009447376  -0.0001951992
    0    0    0   0.34588         0   -2   -2   3.11293       -0.0002032555  -0.0000000000
    0    0    0   0.34588         0   -2    0   3.11293        0.0004082379  -0.0025770075
    0    0    0   0.34588         0   -1    1   3.11293        0.0009447376   0.0001951992
    0    0    0   0.34588         0    0   -2   3.11293        0.0004082379  -0.0025770075
    0    0    0   0.34588         0    1   -1   3.11293        0.0009447376   0.0001951992
    0    0    0   0.34588         0    1    1   3.11293        0.0008513946  -0.0000000000
    0    0    0   0.34588         2    0    0   3.11293        0.0004082379   0.0025770075
    0    0    0   0.34588         2    1    1   3.11293        0.0009447376  -0.0001951992
    0    0    0   0.34588        -2   -3   -3   5.87998        0.0005313055  -0.0005179206
    0    0    0   0.34588        -2   -3   -1   5.87998        0.0001081896  -0.0000000000
    0    0    0   0.34588        -2   -2    0   5.87998        0.0009916554  -0.0000000000
    0    0    0   0.34588        -2   -1   -3   5.87998        0.0001081896  -0.0000000000
    0    0    0   0.34588        -2    0   -2   5.87998        0.0009916554  -0.0000000000
    0    0    0   0.34588        -2    0    0   5.87998       -0.0002721812   0.0002406261
    0    0    0   0.34588         0   -3   -1   5.87998        0.0005313055   0.0005179206
    0    0    0   0.34588         0   -1   -3   5.87998        0.0005313055   0.0005179206
    0    0    0   0.34588         0    0    2   5.87998       -0.0002721812  -0.0002406261
    0    0    0   0.34588         0    2    0   5.87998       -0.0002721812  -0.0002406261
    0    0    0   0.34588         2   -1   -1   5.87998        0.0005313055  -0.0005179206
    0    0    0   0.34588         2   -1    1   5.87998        0.0001081896  -0.0000000000
    0    0    0   0.34588         2    0    2   5.87998        0.0009916554  -0.0000000000
    0    0    0   0.34588         2    1   -1   5.87998        0.0001081896  -0.0000000000
    0    0    0   0.34588         2    2    0   5.87998        0.0009916554  -0.0000000000
    0    0    0   0.34588         2    2    2   5.87998       -0.0002721812   0.0002406261
    0    0    0   0.34588        -3   -2   -2   6.22587        0.0009115148   0.0006517544
    0    0    0   0.34588        -1   -3   -3   6.22587        0.0003426217   0.0002453389
    0    0    0   0.34588        -1    1    1   6.22587        0.0001834056   0.0003085526
    0    0    0   0.34588         0   -3   -2   6.22587        0.0003426217  -0.0002453389
    0    0    0   0.34588         0   -2   -3   6.22587        0.0003426217  -0.0002453389
    0    0    0   0.34588         0   -2    1   6.22587        0.0009115148  -0.0006517544
    0    0    0   0.34588         0    1   -2   6.22587        0.0009115148  -0.0006517544
    0    0    0   0.34588         0    1    2   6.22587        0.0001834056  -0.0003085526
    0    0    0   0.34588         0    2    1   6.22587        0.0001834056  -0.0003085526
    0    0    0   0.34588         1   -2   -2   6.22587        0.0003426217   0.0002453389
    0    0    0   0.34588         1    2    2   6.22587        0.0001834056   0.0003085526
    0    0    0   0.34588         3    1    1   6.22587        0.0009115148   0.0006517544
    0    0    0   0.34588        -3   -3   -2   7.26351        0.0005751201  -0.0002702324
    0    0    0   0.34588        -3   -2   -3   7.26351        0.0005751201  -0.0002702324
    0    0    0   0.34588        -3   -2   -1   7.26351       -0.0001373920   0.0002083727
    0    0    0   0.34588        -3   -1   -2   7.26351       -0.0001373920   0.0002083727
    0    0    0   0.34588        -2   -4   -3   8.99292       -0.0000083729  -0.0001247076
    0    0    0   0.34588        -2   -3   -4   8.99292       -0.0000083729  -0.0001247076
    0    0    0   0.34588        -2   -3    0   8.99292        0.0002052096  -0.0001893747
    0    0    0   0.34588        -2    0   -3   8.99292        0.0002052096  -0.0001893747
    0    0    0   0.34588        -2    0    1   8.99292        0.0000891890  -0.0002605563
    0    0    0   0.34588        -2    1    0   8.99292        0.0000891890  -0.0002605563
    0    0    0   0.34588        -1   -4   -2   8.99292       -0.0000083729   0.0001247076
    0    0    0   0.34588        -1   -2   -4   8.99292       -0.0000083729   0.0001247076
    0    0    0   0.34588        -1    0    2   8.99292        0.0000891890   0.0002605563
    0    0    0   0.34588        -1    2    0   8.99292        0.0000891890   0.0002605563
    0    0    0   0.34588         1   -3   -1   8.99292       -0.0000083729   0.0001247076
    0    0    0   0.34588         1   -1   -3   8.99292       -0.0000083729   0.0001247076
    0    0    0   0.34588         1    1    3   8.99292        0.0000891890   0.0002605563
    0    0    0   0.34588         1    3    1   8.99292        0.0000891890   0.0002605563
    0    0    0   0.34588         2   -2   -1   8.99292       -0.0000083729  -0.0001247076
    0    0    0   0.34588         2   -1   -2   8.99292       -0.0000083729  -0.0001247076
    0    0    0   0.34588         2   -1    2   8.99292        0.0002052096  -0.0001893747
    0    0    0   0.34588         2    2   -1   8.99292        0.0002052096  -0.0001893747
    0    0    0   0.34588         2    2    3   8.99292        0.0000891890  -0.0002605563
    0    0    0   0.34588         2    3    2   8.99292        0.0000891890  -0.0002605563
    0    0    0   0.34588         3    0    2   8.99292        0.0002052096   0.0001893747
    0    0    0   0.34588         3    2    0   8.99292        0.0002052096   0.0001893747
   -1   -1   -1   0.69176        -1   -1   -1   0.69176       -0.0157513229   0.0000000000
    0   -1    0   0.69176         0   -1    0   0.69176       -0.0157513229  -0.0000000000
    0    0   -1   0.69176         0    0   -1   0.69176       -0.0157513229  -0.0000000000
    1    0    0   0.69176         1    0    0   0.69176       -0.0157513229   0.0000000000
   -1   -2   -1   1.72941        -1   -2   -1   1.72941       -0.0105035394   0.0000000000
   -1   -1   -2   1.72941        -1   -1   -2   1.72941       -0.0105035394  -0.0000000000
   -1   -1    0   1.72941        -1   -1    0   1.72941       -0.0105035394  -0.0000000000
   -1    0   -1   1.72941        -1    0   -1   1.72941       -0.0105035394   0.0000000000
    1   -1    0   1.72941         1   -1    0   1.72941       -0.0105035394  -0.0000000000
    1    0   -1   1.72941         1    0   -1   1.72941       -0.0105035394  -0.0000000000
    1    0    1   1.72941         1    0    1   1.72941       -0.0105035394  -0.0000000000
    1    1    0   1.72941         1    1    0   1.72941       -0.0105035394   0.0000000000
   -1   -2   -2   2.07529        -1   -2   -2   2.07529       -0.0088949798   0.0000000000
   -1    0    0   2.07529        -1    0    0   2.07529       -0.0088949798  -0.0000000000
    0   -2   -1   2.07529         0   -2   -1   2.07529       -0.0088949798   0.0000000000
    0   -1   -2   2.07529         0   -1   -2   2.07529       -0.0088949798   0.0000000000
    0    0    1   2.07529         0    0    1   2.07529       -0.0088949798  -0.0000000000
    0    1    0   2.07529         0    1    0   2.07529       -0.0088949798  -0.0000000000
    1   -1   -1   2.07529         1   -1   -1   2.07529       -0.0088949798   0.0000000000
    1    1    1   2.07529         1    1    1   2.07529       -0.0088949798   0.0000000000
   -2   -2   -2   3.11293        -2   -2   -2   3.11293       -0.0061005109   0.0000000000
   -2   -1   -1   3.11293        -2   -1   -1   3.11293       -0.0061005109   0.0000000000
    0   -2   -2   3.11293         0   -2   -2   3.11293       -0.0052540480   0.0000000000
    0   -2    0   3.11293         0   -2    0   3.11293       -0.0061005109  -0.0000000000
    0   -1    1   3.11293         0   -1    1   3.11293       -0.0061005109  -0.0000000000
    0    0   -2   3.11293         0    0   -2   3.11293       -0.0061005109  -0.0000000000
    0    1   -1   3.11293         0    1   -1   3.11293       -0.0061005109  -0.0000000000
    0    1    1   3.11293         0    1    1   3.11293       -0.0052540480   0.0000000000
    2    0    0   3.11293         2    0    0   3.11293       -0.0061005109   0.0000000000
    2    1    1   3.11293         2    1    1   3.11293       -0.0061005109  -0.0000000000
   -2   -2   -1   3.45881        -2   -3   -3   5.87998        0.0002629426   0.0000722820
   -2   -1   -2   3.45881        -2   -3   -1   5.87998       -0.0000043034  -0.0000954469
   -1   -2    0   3.45881        -2   -2    0   5.87998       -0.0001940887   0.0008447956
   -1    0   -2   3.45881        -2   -1   -3   5.87998       -0.0001940886  -0.0008447956
    1   -1    1   3.45881        -2    0   -2   5.87998        0.0000230108   0.0001204232
    1    1   -1   3.45881        -2    0    0   5.87998       -0.0000726257   0.0001390430
    2    0    1   3.45881         0   -3   -1   5.87998        0.0001287410   0.0001605228
    2    1    0   3.45881         0   -1   -3   5.87998        0.0001287410   0.0001605228
   -1   -3   -2   4.49646         0    0    2   5.87998        0.0000033527   0.0000091619
   -1   -2   -3   4.49646         0    2    0   5.87998        0.0000033527   0.0000091619
   -1    0    1   4.49646         2   -1   -1   5.87998       -0.0001796313   0.0000616533
   -1    1    0   4.49646         2   -1    1   5.87998        0.0000499604   0.0000000000
    1   -2   -1   4.49646         2    0    2   5.87998       -0.0001412263   0.0000000000
    1   -1   -2   4.49646         2    1   -1   5.87998       -0.0001487291  -0.0000000000
    1    1    2   4.49646         2    2    0   5.87998        0.0000852248   0.0000519906
    1    2    1   4.49646         2    2    2   5.87998        0.0003664599   0.0001244047
   -2   -3   -2   4.84234        -3   -2   -2   6.22587       -0.0002970055   0.0000806307
   -2   -2   -3   4.84234        -1   -3   -3   6.22587       -0.0001848247  -0.0000013506
   -2   -1    0   4.84234        -1    1    1   6.22587       -0.0001848247   0.0000013506
   -2    0   -1   4.84234         0   -3   -2   6.22587        0.0000120477   0.0000059570
   -1   -3   -1   4.84234         0   -2   -3   6.22587        0.0000813090   0.0000362317
   -1   -1   -3   4.84234         0   -2    1   6.22587       -0.0001518591   0.0001430172
   -1   -1    1   4.84234         0    1   -2   6.22587       -0.0001518591  -0.0001430172
   -1    1   -1   4.84234         0    1    2   6.22587        0.0000813090  -0.0000362317
    1   -2    0   4.84234         0    2    1   6.22587       -0.0001702929   0.0000577468
    1    0   -2   4.84234         1   -2   -2   6.22587        0.0000193125  -0.0000038651
    1    0    2   4.84234         1    2    2   6.22587        0.0000193125   0.0000038651
    1    2    0   4.84234         3    1    1   6.22587       -0.0001072142   0.0000128879
    2   -1    0   4.84234        -3   -3   -2   7.26351       -0.0000426993  -0.0000126110
    2    0   -1   4.84234        -3   -2   -3   7.26351       -0.0000426993  -0.0000126110
    2    1    2   4.84234        -3   -2   -1   7.26351       -0.0000426993   0.0000126110
    2    2    1   4.84234        -3   -1   -2   7.26351       -0.0000426993   0.0000126110
   -2   -3   -3   5.87998        -2   -4   -3   8.99292       -0.0000366207   0.0000851210
   -2   -3   -1   5.87998        -2   -3   -4   8.99292       -0.0000058579   0.0000304193
   -2   -2    0   5.87998        -2   -3    0   8.99292       -0.0000016941   0.0000774603
   -2   -1   -3   5.87998        -2    0   -3   8.99292       -0.0000016941  -0.0000774603
   -2    0   -2   5.87998        -2    0    1   8.99292       -0.0000058579  -0.0000304193
   -2    0    0   5.87998        -2    1    0   8.99292       -0.0000366207  -0.0000851210
    0   -3   -1   5.87998        -1   -4   -2   8.99292       -0.0000366207  -0.0000851210
    0   -1   -3   5.87998        -1   -2   -4   8.99292       -0.0000366207  -0.0000851210
    0    0    2   5.87998        -1    0    2   8.99292       -0.0000366207   0.0000851210
    0    2    0   5.87998        -1    2    0   8.99292       -0.0000366207   0.0000851210
    2   -1   -1   5.87998         1   -3   -1   8.99292        0.0000036939  -0.0000386841
    2   -1    1   5.87998         1   -1   -3   8.99292       -0.0000026886   0.0000040673
    2    0    2   5.87998         1    1    3   8.99292        0.0000136887  -0.0000020673
    2    1   -1   5.87998         1    3    1   8.99292       -0.0000068343  -0.0000239857
    2    2    0   5.87998         2   -2   -1   8.99292        0.0000114954  -0.0000343158
    2    2    2   5.87998         2   -1   -2   8.99292       -0.0000322638  -0.0000166073
   -3   -2   -2   6.22587         2   -1    2   8.99292        0.0000207168   0.0000000000
   -1   -3   -3   6.22587         2    2   -1   8.99292       -0.0000090665  -0.0000113232
   -1    1    1   6.22587         2    2    3   8.99292       -0.0000004845  -0.0000039769
    0   -3   -2   6.22587         2    3    2   8.99292       -0.0000571844   0.0000092218
    0   -2   -3   6.22587         3    0    2   8.99292       -0.0000090665   0.0000113232
    0   -2    1   6.22587         3    2    0   8.99292        0.0000207168   0.0000000000


             g                   gp         inverse epsilon           nspin= 1
         0   -1   -1         0   -1   -1        0.45232686  -0.00000000
         0    0    0         0   -1   -1       -0.05593673   0.00000000
         0    0    0         0    0    0        0.45232686  -0.00000000
        -1   -1   -1         0    0    0       -0.01937645   0.02998392
        -1   -1   -1        -1   -1   -1        0.66929238   0.00000000
         0   -1    0        -1   -1   -1        0.02098806  -0.00000000
         0   -1    0         0   -1    0        0.66929238  -0.00000000
         0    0   -1         0   -1    0        0.04451550  -0.00000000
         0    0   -1         0    0   -1        0.66929238  -0.00000000
         1    0    0         0    0   -1        0.02098806  -0.00000000
         1    0    0         1    0    0        0.66929238   0.00000000
        -1   -2   -1         1    0    0       -0.00283697  -0.00491429
        -1   -2   -1        -1   -2   -1        0.88099298   0.00000000
        -1   -1   -2        -1   -2   -1        0.00687985   0.00000000
        -1   -1   -2        -1   -1   -2        0.88099298   0.00000000
        -1   -1    0        -1   -1   -2        0.00340482  -0.02197212
        -1   -1    0        -1   -1    0        0.88099298   0.00000000
        -1    0   -1        -1   -1    0        0.00687985   0.00000000
        -1    0   -1        -1    0   -1        0.88099298   0.00000000
         1   -1    0        -1    0   -1       -0.01260807  -0.00000000
         1   -1    0         1   -1    0        0.88099298   0.00000000
         1    0   -1         1   -1    0        0.00687985  -0.00000000
         1    0   -1         1    0   -1        0.88099298   0.00000000
         1    0    1         1    0   -1        0.00340482  -0.02197212
         1    0    1         1    0    1        0.88099298  -0.00000000
         1    1    0         1    0    1        0.00687985  -0.00000000
         1    1    0         1    1    0        0.88099298   0.00000000
        -1   -2   -2         1    1    0        0.01210194  -0.00862269
        -1   -2   -2        -1   -2   -2        0.91466722   0.00000000
        -1    0    0        -1   -2   -2        0.00402248  -0.00447530
        -1    0    0        -1    0    0        0.91466722  -0.00000000
         0   -2   -1        -1    0    0        0.00144813   0.00000000
         0   -2   -1         0   -2   -1        0.91466722   0.00000000
         0   -1   -2         0   -2   -1        0.00293451   0.00000000
         0   -1   -2         0   -1   -2        0.91466722   0.00000000
         0    0    1         0   -1   -2        0.01848723   0.00390772
         0    0    1         0    0    1        0.91466722  -0.00000000
         0    1    0         0    0    1        0.00293451  -0.00000000
         0    1    0         0    1    0        0.91466722  -0.00000000
         1   -1   -1         0    1    0        0.00144813  -0.00000000
         1   -1   -1         1   -1   -1        0.91466722  -0.00000000
         1    1    1         1   -1   -1        0.00402248  -0.00447530
         1    1    1         1    1    1        0.91466722   0.00000000
        -2   -2   -2         1    1    1        0.00036593   0.00426506
        -2   -2   -2        -2   -2   -2        0.95927425   0.00000000
        -2   -1   -1        -2   -2   -2        0.00726670   0.00904066
        -2   -1   -1        -2   -1   -1        0.95927425   0.00000000
         0   -2   -2        -2   -1   -1        0.00528093   0.00221153
         0   -2   -2         0   -2   -2        0.96251073  -0.00000000
         0   -2    0         0   -2   -2       -0.00309558  -0.00181088
         0   -2    0         0   -2    0        0.95927425   0.00000000
         0   -1    1         0   -2    0        0.00726670  -0.00904066
         0   -1    1         0   -1    1        0.95927425  -0.00000000
         0    0   -2         0   -1    1       -0.00603268  -0.00841552
         0    0   -2         0    0   -2        0.95927425  -0.00000000
         0    1   -1         0    0   -2        0.00726670  -0.00904066
         0    1   -1         0    1   -1        0.95927425  -0.00000000
         0    1    1         0    1   -1       -0.00309558  -0.00181088
         0    1    1         0    1    1        0.96251073   0.00000000
         2    0    0         0    1    1        0.00528093   0.00221153
         2    0    0         2    0    0        0.95927425   0.00000000
         2    1    1         2    0    0        0.00726670   0.00904066
         2    1    1         2    1    1        0.95927425  -0.00000000
        -2   -2   -1         2    1    1        0.00179267   0.00451532
        -2   -2   -1        -2   -3   -3        0.00176904   0.00057476
        -2   -1   -2        -2   -3   -3        0.00176904   0.00057476
        -2   -1   -2        -2   -3   -1       -0.00006997  -0.00059075
        -1   -2    0        -2   -3   -1       -0.00127134  -0.00538699
        -1   -2    0        -2   -2    0       -0.00127134   0.00538699
        -1    0   -2        -2   -2    0        0.00004183  -0.00143733
        -1    0   -2        -2   -1   -3       -0.00127134  -0.00538699
         1   -1    1        -2   -1   -3        0.00012927  -0.00070989
         1   -1    1        -2    0   -2        0.00012927   0.00070989
         1    1   -1        -2    0   -2       -0.00006997  -0.00059075
         1    1   -1        -2    0    0       -0.00035821   0.00085440
         2    0    1        -2    0    0       -0.00049729  -0.00000802
         2    0    1         0   -3   -1        0.00073432   0.00104041
         2    1    0         0   -3   -1       -0.00035821   0.00085440
         2    1    0         0   -1   -3        0.00073432   0.00104041
        -1   -3   -2         0   -1   -3       -0.00055396  -0.00005945
        -1   -3   -2         0    0    2        0.00010516  -0.00001731
        -1   -2   -3         0    0    2       -0.00069714   0.00024449
        -1   -2   -3         0    2    0        0.00010516  -0.00001731
        -1    0    1         0    2    0       -0.00055396   0.00005945
        -1    0    1         2   -1   -1       -0.00069714   0.00024449
        -1    1    0         2   -1   -1       -0.00069714   0.00024449
        -1    1    0         2   -1    1        0.00024217   0.00000000
         1   -2   -1         2   -1    1       -0.00048364  -0.00000000
         1   -2   -1         2    0    2       -0.00068455   0.00000000
         1   -1   -2         2    0    2       -0.00079301   0.00035097
         1   -1   -2         2    1   -1       -0.00048364  -0.00000000
         1    1    2         2    1   -1       -0.00079301  -0.00035097
         1    1    2         2    2    0        0.00060585   0.00026468
         1    2    1         2    2    0       -0.00048364  -0.00000000
         1    2    1         2    2    2        0.00161765   0.00056666
        -2   -3   -2         2    2    2        0.00009373  -0.00098530
        -2   -3   -2        -3   -2   -2       -0.00102307   0.00046726
        -2   -2   -3        -3   -2   -2       -0.00102307   0.00046726
        -2   -2   -3        -1   -3   -3       -0.00063676  -0.00000935
        -2   -1    0        -1   -3   -3        0.00028359   0.00000755
        -2   -1    0        -1    1    1       -0.00063676   0.00000935
        -2    0   -1        -1    1    1       -0.00063676   0.00000935
        -2    0   -1         0   -3   -2        0.00003544   0.00000349
        -1   -3   -1         0   -3   -2       -0.00063676   0.00000935
        -1   -3   -1         0   -2   -3        0.00052775   0.00011820
        -1   -1   -3         0   -2   -3       -0.00063676   0.00000935
        -1   -1   -3         0   -2    1       -0.00038562   0.00058237
        -1   -1    1         0   -2    1       -0.00102307   0.00046726
        -1   -1    1         0    1   -2       -0.00038562  -0.00058237
        -1    1   -1         0    1   -2       -0.00102307   0.00046726
        -1    1   -1         0    1    2        0.00052775  -0.00011820
         1   -2    0         0    1    2        0.00028359   0.00000755
         1   -2    0         0    2    1       -0.00062184   0.00019372
         1    0   -2         0    2    1        0.00028359   0.00000755
         1    0   -2         1   -2   -2        0.00003374   0.00000248
         1    0    2         1   -2   -2       -0.00018090  -0.00015264
         1    0    2         1    2    2        0.00003374  -0.00000248
         1    2    0         1    2    2        0.00003374  -0.00000248
         1    2    0         3    1    1       -0.00045934   0.00005095
         2   -1    0         3    1    1       -0.00102307   0.00046726
         2   -1    0        -3   -3   -2       -0.00011499  -0.00015806
         2    0   -1        -3   -3   -2       -0.00024571   0.00014740
         2    0   -1        -3   -2   -3       -0.00011499  -0.00015806
         2    1    2        -3   -2   -3        0.00018746   0.00047306
         2    1    2        -3   -2   -1       -0.00011499   0.00015806
         2    2    1        -3   -2   -1       -0.00024571  -0.00014740
         2    2    1        -3   -1   -2       -0.00011499   0.00015806
        -2   -3   -3        -3   -1   -2       -0.00021601  -0.00019260
        -2   -3   -3        -2   -4   -3       -0.00013130   0.00028890
        -2   -3   -1        -2   -4   -3        0.00006028   0.00003308
        -2   -3   -1        -2   -3   -4       -0.00000453   0.00015538
        -2   -2    0        -2   -3   -4        0.00004984  -0.00015576
        -2   -2    0        -2   -3    0        0.00001237   0.00026993
        -2   -1   -3        -2   -3    0       -0.00000306   0.00006258
        -2   -1   -3        -2    0   -3        0.00001237  -0.00026993
        -2    0   -2        -2    0   -3        0.00001237   0.00026993
        -2    0   -2        -2    0    1       -0.00000453  -0.00015538
        -2    0    0        -2    0    1       -0.00013130  -0.00028890
        -2    0    0        -2    1    0       -0.00013130  -0.00028890
         0   -3   -1        -2    1    0        0.00001495   0.00011404
         0   -3   -1        -1   -4   -2       -0.00013130  -0.00028890
         0   -1   -3        -1   -4   -2        0.00004879   0.00013977
         0   -1   -3        -1   -2   -4       -0.00013130  -0.00028890
         0    0    2        -1   -2   -4       -0.00001140   0.00015035
         0    0    2        -1    0    2       -0.00013130   0.00028890
         0    2    0        -1    0    2        0.00004879  -0.00013977
         0    2    0        -1    2    0       -0.00013130   0.00028890
         2   -1   -1        -1    2    0        0.00001495  -0.00011404
         2   -1   -1         1   -3   -1        0.00001390  -0.00009946
         2   -1    1         1   -3   -1        0.00006028  -0.00003308
         2   -1    1         1   -1   -3       -0.00000051  -0.00001523
         2    0    2         1   -1   -3       -0.00004709  -0.00006087
         2    0    2         1    1    3        0.00006028   0.00003308
         2    1   -1         1    1    3       -0.00004709   0.00006087
         2    1   -1         1    3    1       -0.00002070  -0.00011662
         2    2    0         1    3    1        0.00006028   0.00003308
         2    2    0         2   -2   -1        0.00004984  -0.00015576
         2    2    2         2   -2   -1       -0.00010487  -0.00003768
         2    2    2         2   -1   -2       -0.00010487  -0.00003768
        -3   -2   -2         2   -1   -2        0.00011005  -0.00003968
        -3   -2   -2         2   -1    2        0.00007298   0.00000000
        -1   -3   -3         2   -1    2       -0.00004452  -0.00004426
        -1   -3   -3         2    2   -1       -0.00004452  -0.00004426
        -1    1    1         2    2   -1       -0.00004452   0.00004426
        -1    1    1         2    2    3       -0.00003058  -0.00000733
         0   -3   -2         2    2    3       -0.00011671  -0.00001180
         0   -3   -2         2    3    2       -0.00016396   0.00001581
         0   -2   -3         2    3    2       -0.00011671  -0.00001180
         0   -2   -3         3    0    2       -0.00004452   0.00004426
         0   -2    1         3    0    2       -0.00007763  -0.00000000
         0   -2    1         3    2    0        0.00007298   0.00000000
         0    1   -2         3    2    0       -0.00007763   0.00000000
