
 BerkeleyGW trunk revision 6943
 Sigma code, Complex version, run on 04-Jan-2016 at 12:52:27 -0800

                                                                 ..o.          
                                                                .oxxo.         
                                                               .oxxxxo...      
                                                               oxxxxxxo.       
                                                              .oxxxxxxx.       
                                                              .ooooooxxo..     
                                                              .oooooooxo..     
                                                              .oooooxxo...     
                                                       .........oxooo......    
                                                 ............................  
                                             ................................. 
                                          .................................... 
           .          ..oo. ....  .................................oooxxxxxxxo.
     .............oxxxx@ox@@@x@x.....................o...........ooooooooooxx. 
    .o.........oox@x.oo........xxx@@............ooxxxxo..........ooooxxxxxoxo  
    .x........x@xxo...............o@xxo........oxxx@@@xoooooooooooooooxxxo...  
    .o......ox@@o..................oox@o.....ooxxx@xoooxxxxxxxoooooooooooo.... 
    o..ooooo@@xoooo....ooo...........x@o.....ooxxxxo   .oxxxxxxxxxxooooooo.... 
    . .oooo@@@@@@@@@@@@@@@@@@@@@@@@@@@@@@....ooooox.     .oxx@@@@@xxoo........ 
      .ooooxxxxxxxooooooxooooooooooooooxo...oooooxx.        ..ox@xxxoo.........
      .ooooooxxxx@xoooooooooooooxxoooooooooooxxxxx.            .oxxooooooooxxo.
     .oooooxxxxx@@@xxxxxxxxxxxxxxxxxxxxxxxxoxxxxo.                .oxxxxxxxxo. 
   ....oooxxxxx@@@xo..oxxx@@@@@@xxxxoxxoooooooxx.                  .oxxxoo..   
  .....ooxxxx@@xo.       ........    .ooooooooxxo                              
  ..oooxxxx@@@o                       .oooooooxoo.                             
  ....oxooxxxxx.                       .ooo..oooo.                             
  .....o.ooxxxxxo.                     .oooooooxo.                             
 ......ooooxxxxxxo.                     .ooooooxoo..                           
........ooxxxxxxxo..                     .o....oxoo...                         
.......ooooxxxxxxxo.                     ........oooo.                         
.ooooooo..ooxxxxoooo.                    .........ooo...                       
..oxo...ooooxxxoooo..                    .ooo......oooo...                     
  .ooooo....o.                            .oxxxoo....ooo....                   
    .oooooo...                              ...ooooo...ooo..                   
       ...                                     .oo.......                      
                                               ....ooo...                      
                      __              __                                       
 ______              [  |            [  |                 ._____  _          _ 
|_   _ \              | |  _          | |                /  ___ \| |        | |
  | |_) | .---.  _. _.| | / |  .---.  | | .---.  _    _ / /    \_|\ \  /\  / / 
  |  __'./ /__\\[ /`\_| '' <  / /__\\ | |/ /__\\| \  | | |   _____ \ \/  \/ /  
 _| |__| | \__. | |   | |`\ \ | \___. | || \___. \ \/ / \ \.___| |  \  /\  /   
|_______/ \.__./[_]  [__|  \_] \.__./[___]\.__./  \  /   \.____./    \/  \/    
                                                  / /                          
                                                 /_/                           
--------------------------------------------------------------------------------
 Please cite the following papers when using results from BerkeleyGW:

 Jack Deslippe, Georgy Samsonidze, David A. Strubbe, Manish Jain, Marvin L.
 Cohen, and Steven G. Louie, "BerkeleyGW: A Massively Parallel Computer Package
 for the Calculation of the Quasiparticle and Optical Properties of Materials
 and Nanostructures," Comput. Phys. Commun. 183, 1269 (2012)

 Mark S. Hybertsen and Steven G. Louie, "Electron correlation in semiconductors
 and insulators: Band gaps and quasiparticle energies," Phys. Rev. B 34, 5390
 (1986)

 Michael Rohlfing and Steven G. Louie, "Electron-hole excitations and optical
 spectra from first principles," Phys. Rev. B 62, 4927 (2000)
--------------------------------------------------------------------------------

 Running MPI version (parallel)
 Running with 8 MPI task(s)

 Compilation flags:
 - Compiler: GNU
 - Para. flags: MPI
 - Math  flags: USESCALAPACK, USEFFTW3
 - Debug flags: 

 Using the Generalized Plasmon Pole model

 We are communicating via MPI

 Computing CH as a partial sum over empty bands

 Running with semiconductor screening

 We are using no truncation

 Reading exchange-correlation matrix elements from vxc.dat file

 Treating W within the Hybertsen-Louie Generalized Plasmon Pole model

 Memory available: 768.2 MB per PE
 Reading header of WFN_inner
 Highest occupied band (unshifted grid) = 4
 Valence max    (unshifted grid) = 5.551628 eV
 Conduction min (unshifted grid) = 6.066324 eV
 Middle energy  (unshifted grid) = 5.808976 eV
 Fermi  energy  (unshifted grid) = 5.808976 eV


 Calculation parameters:
 - Cutoff of the bare Coulomb interaction (Ry): 10.00
 - Cutoff of the screened Coulomb interaction (Ry): 10.00
 - Number of G-vectors up to the bare int. cutoff: 169
 - Number of G-vectors up to the screened int. cutoff: 169
 - Total number of bands in the calculation: 8
 - Number of fully occupied valence bands: 4
 - Number of partially occ. conduction bands: 0

 Memory required for execution: .9 MB per PE
 Memory required for vcoul: 114.4 MB per PE

 Number of electrons per unit cell (from ifmax) = 8.000000
 Number of electrons per unit cell (from occupations) = 8.000000
 Plasma Frequency = 1.148512 Ry

 Q-grid symmetries are being used.

 Parallelizatiion report:
 - Using 8 processor(s), 2 pool(s), 4 processor(s) per pool.
 - Each pool is computing 4 diagonal sigma matrix element(s).
 - Each pool is computing 0 off-diagonal sigma matrix element(s).
 - Each processor is holding 2 band(s).


 Started reading wavefunctions (WFN_inner) with 24 state(s) at 12:52:27.
 [ 12:52:27 |   0% ] state  1 / 24.
 [ 12:52:27 |   8% ] state  3 / 24, remaining: 0 s.
 [ 12:52:27 |  17% ] state  5 / 24, remaining: 0 s.
 [ 12:52:27 |  29% ] state  8 / 24, remaining: 0 s.
 [ 12:52:27 |  38% ] state 10 / 24, remaining: 0 s.
 [ 12:52:27 |  46% ] state 12 / 24, remaining: 0 s.
 [ 12:52:27 |  58% ] state 15 / 24, remaining: 0 s.
 [ 12:52:27 |  67% ] state 17 / 24, remaining: 0 s.
 [ 12:52:27 |  79% ] state 20 / 24, remaining: 0 s.
 [ 12:52:27 |  88% ] state 22 / 24, remaining: 0 s.
 [ 12:52:27 |  96% ] state 24 / 24, remaining: 0 s.
 Finished reading wavefunctions (WFN_inner) at 12:52:27.
 Elapsed time: 0 s.


 Scissors parameters
 Valence:    es =   0.0000 eV, e0 =   0.0000 eV, edel =   0.0000
 Conduction: es =   0.0000 eV, e0 =   0.0000 eV, edel =   0.0000

 Scissors parameters (outer)
 Valence:    es =   0.0000 eV, e0 =   0.0000 eV, edel =   0.0000
 Conduction: es =   0.0000 eV, e0 =   0.0000 eV, edel =   0.0000


 Data for sum rule:
 - rho(0,1) = 8.000000 electrons
 - wp = 15.626301 eV

 Number of bands to compute diagonal self-energy matrix elements: 8
 Bands:
 - 1
 - 2
 - 3
 - 4
 - 5
 - 6
 - 7
 - 8
 Number of off-diagonal bands to compute self-energy matrix elements: 0


 Total number of frequencies in the dielectric matrix: 1
 Number of imag. frequencies in the dielectric matrix: 0


 Started reading eps0mat with 1 q-point(s) at 12:52:27.
 [ 12:52:27 |   0% ] q-point 1 / 1.
 Finished reading eps0mat at 12:52:27.
 Elapsed time: 0 s.


 Started reading epsmat with 2 q-point(s) at 12:52:27.
 [ 12:52:27 |   0% ] q-point 1 / 2.
 [ 12:52:27 |  50% ] q-point 2 / 2.
 Finished reading epsmat at 12:52:27.
 Elapsed time: 0 s.

 k+G sampling:   0.612372  0.577350  0.540062 (reciprocal lattice units)

================================================================================
 12:52:27   Dealing with k =  0.000000  0.000000  0.000000                 1 / 3
================================================================================

 Reading vxc.dat
 Number of k-points in the irreducible BZ(q) (nrq): 3

               q                     neq      indrq      itrq         kg0

   0.00000   0.00000   0.00000        1        1       24        0   0   0
   0.00000   0.00000   0.50000        4        2       21        0   0   0
   0.00000   0.50000   0.50000        3        3       24        0   1   1

 Started calculating Sigma with 12 block(s) at 12:52:27.
 [ 12:52:32 |   0% ] block  1 / 12.
 [ 12:52:32 |   8% ] block  2 / 12.
 [ 12:52:32 |  17% ] block  3 / 12, remaining: 0 s.
 [ 12:52:32 |  25% ] block  4 / 12, remaining: 0 s.
 [ 12:52:32 |  33% ] block  5 / 12, remaining: 0 s.
 [ 12:52:32 |  42% ] block  6 / 12, remaining: 0 s.
 [ 12:52:33 |  58% ] block  8 / 12, remaining: 0 s.
 [ 12:52:33 |  67% ] block  9 / 12, remaining: 0 s.
 [ 12:52:33 |  75% ] block 10 / 12, remaining: 0 s.
 [ 12:52:33 |  83% ] block 11 / 12, remaining: 0 s.
 [ 12:52:33 |  92% ] block 12 / 12, remaining: 0 s.
 Finished calculating Sigma at 12:52:33.
 Elapsed time: 6 s.

 Unsymmetrized values for ik =   1 spin = 1

     n      Emf       Eo      Vxc        X     SX-X       CH      Cor      Sig
     1   -7.528   -7.528  -10.743  -16.883   10.755   -5.144    5.611  -11.272
     2    5.552    5.552  -11.271  -13.607    8.352   -4.970    3.382  -10.225
     3    5.552    5.552  -11.271  -12.973    8.321   -5.115    3.206   -9.767
     4    5.552    5.552  -11.271  -13.804    8.358   -4.886    3.472  -10.331
     5    6.066    6.066  -10.174   -5.000    2.534   -5.182   -2.648   -7.648
     6    9.032    9.032   -9.377   -4.456    1.773   -4.308   -2.534   -6.990
     7    9.032    9.032   -9.377   -4.745    2.509   -4.838   -2.329   -7.074
     8    9.032    9.032   -9.377   -4.224    1.873   -4.497   -2.624   -6.848

 Symmetrized values from band-averaging:

       k =  0.000000  0.000000  0.000000 ik =   1 spin = 1

     n      Emf       Eo      Vxc        X      Cor     Eqp0     Eqp1      Znk
     1   -7.528   -7.528  -10.743  -16.883    5.611   -8.057   -7.934    0.767
     2    5.552    5.552  -11.271  -13.461    3.353    6.715    6.522    0.834
     3    5.552    5.552  -11.271  -13.461    3.353    6.715    6.522    0.834
     4    5.552    5.552  -11.271  -13.461    3.353    6.715    6.522    0.834
     5    6.066    6.066  -10.174   -5.000   -2.648    8.592    8.133    0.818
     6    9.032    9.032   -9.377   -4.475   -2.496   11.439   11.006    0.820
     7    9.032    9.032   -9.377   -4.475   -2.496   11.439   11.006    0.820
     8    9.032    9.032   -9.377   -4.475   -2.496   11.439   11.006    0.820

================================================================================
 12:52:33   Dealing with k =  0.000000  0.000000  0.500000                 2 / 3
================================================================================

 Reading vxc.dat
 Number of k-points in the irreducible BZ(q) (nrq): 4

               q                     neq      indrq      itrq         kg0

   0.00000   0.00000   0.00000        1        1       24        0   0   0
   0.00000   0.00000   0.50000        1        2       21        0   0   0
   0.50000   0.50000   0.50000        3        2       23        1   1   1
   0.00000   0.50000   0.50000        3        3       24        0   1   1

 Started calculating Sigma with 16 block(s) at 12:52:33.
 [ 12:52:33 |   0% ] block  1 / 16.
 [ 12:52:33 |   6% ] block  2 / 16.
 [ 12:52:33 |  13% ] block  3 / 16, remaining: 0 s.
 [ 12:52:33 |  19% ] block  4 / 16, remaining: 0 s.
 [ 12:52:33 |  25% ] block  5 / 16, remaining: 0 s.
 [ 12:52:33 |  38% ] block  7 / 16, remaining: 0 s.
 [ 12:52:33 |  50% ] block  9 / 16, remaining: 0 s.
 [ 12:52:33 |  56% ] block 10 / 16, remaining: 0 s.
 [ 12:52:33 |  69% ] block 12 / 16, remaining: 0 s.
 [ 12:52:33 |  75% ] block 13 / 16, remaining: 0 s.
 [ 12:52:33 |  88% ] block 15 / 16, remaining: 0 s.
 Finished calculating Sigma at 12:52:33.
 Elapsed time: 0 s.

 Unsymmetrized values for ik =   2 spin = 1

     n      Emf       Eo      Vxc        X     SX-X       CH      Cor      Sig
     1   -5.799   -5.799  -11.262  -16.830   10.650   -5.234    5.416  -11.413
     2   -1.478   -1.478   -9.811  -13.095    8.259   -4.846    3.413   -9.682
     3    4.145    4.145  -10.869  -13.333    8.139   -4.836    3.302  -10.030
     4    4.145    4.145  -10.869  -12.978    8.017   -4.768    3.248   -9.730
     5    6.402    6.402   -9.434   -4.645    2.240   -4.773   -2.532   -7.177
     6   10.325   10.325   -9.123   -3.845    1.861   -4.599   -2.738   -6.583
     7   10.325   10.325   -9.123   -4.443    2.039   -4.421   -2.382   -6.825
     8   13.182   13.182   -7.130   -1.897    0.735   -3.984   -3.249   -5.145

 Symmetrized values from band-averaging:

       k =  0.000000  0.000000  0.500000 ik =   2 spin = 1

     n      Emf       Eo      Vxc        X      Cor     Eqp0     Eqp1      Znk
     1   -5.799   -5.799  -11.262  -16.830    5.416   -5.951   -5.907    0.711
     2   -1.478   -1.478   -9.811  -13.095    3.413   -1.349   -1.376    0.793
     3    4.145    4.145  -10.869  -13.155    3.275    5.134    4.965    0.829
     4    4.145    4.145  -10.869  -13.155    3.275    5.134    4.965    0.829
     5    6.402    6.402   -9.434   -4.645   -2.532    8.659    8.258    0.822
     6   10.325   10.325   -9.123   -4.144   -2.560   12.744   12.316    0.823
     7   10.325   10.325   -9.123   -4.144   -2.560   12.744   12.316    0.823
     8   13.182   13.182   -7.130   -1.897   -3.249   15.167   14.784    0.807

================================================================================
 12:52:33   Dealing with k =  0.000000  0.500000  0.500000                 3 / 3
================================================================================

 Reading vxc.dat
 Number of k-points in the irreducible BZ(q) (nrq): 4

               q                     neq      indrq      itrq         kg0

   0.00000   0.00000   0.00000        1        1       24        0   0   0
   0.00000   0.00000   0.50000        4        2       21        0   0   0
   0.00000   0.50000   0.50000        1        3       24        0   1   1
   0.50000   0.00000   0.50000        2        3       16        0   0   0

 Started calculating Sigma with 16 block(s) at 12:52:33.
 [ 12:52:33 |   0% ] block  1 / 16.
 [ 12:52:33 |   6% ] block  2 / 16.
 [ 12:52:33 |  13% ] block  3 / 16, remaining: 0 s.
 [ 12:52:33 |  19% ] block  4 / 16, remaining: 0 s.
 [ 12:52:33 |  25% ] block  5 / 16, remaining: 0 s.
 [ 12:52:33 |  38% ] block  7 / 16, remaining: 0 s.
 [ 12:52:33 |  50% ] block  9 / 16, remaining: 0 s.
 [ 12:52:33 |  56% ] block 10 / 16, remaining: 0 s.
 [ 12:52:33 |  69% ] block 12 / 16, remaining: 0 s.
 [ 12:52:33 |  75% ] block 13 / 16, remaining: 0 s.
 [ 12:52:33 |  88% ] block 15 / 16, remaining: 0 s.
 Finished calculating Sigma at 12:52:33.
 Elapsed time: 0 s.

 Unsymmetrized values for ik =   3 spin = 1

     n      Emf       Eo      Vxc        X     SX-X       CH      Cor      Sig
     1   -4.813   -4.813  -11.478  -16.750   10.453   -5.311    5.142  -11.608
     2   -1.584   -1.584  -10.008  -13.500    8.466   -4.862    3.604   -9.896
     3    2.480    2.480  -10.353  -12.460    7.869   -4.718    3.151   -9.310
     4    2.480    2.480  -10.353  -13.184    7.994   -4.726    3.268   -9.915
     5    7.230    7.230   -8.082   -3.571    1.657   -4.424   -2.767   -6.338
     6    7.300    7.300   -8.689   -4.122    1.998   -4.547   -2.549   -6.670
     7   15.980   15.980  -10.181   -4.019    1.885   -5.010   -3.124   -7.143
     8   15.980   15.980  -10.181   -3.803    1.850   -5.196   -3.346   -7.148

 Symmetrized values from band-averaging:

       k =  0.000000  0.500000  0.500000 ik =   3 spin = 1

     n      Emf       Eo      Vxc        X      Cor     Eqp0     Eqp1      Znk
     1   -4.813   -4.813  -11.478  -16.750    5.142   -4.944   -4.908    0.725
     2   -1.584   -1.584  -10.008  -13.500    3.604   -1.472   -1.496    0.788
     3    2.480    2.480  -10.353  -12.822    3.210    3.221    3.091    0.824
     4    2.480    2.480  -10.353  -12.822    3.210    3.221    3.091    0.824
     5    7.230    7.230   -8.082   -3.571   -2.767    8.975    8.670    0.825
     6    7.300    7.300   -8.689   -4.122   -2.549    9.319    8.965    0.824
     7   15.980   15.980  -10.181   -3.911   -3.235   19.015   18.728    0.905
     8   15.980   15.980  -10.181   -3.911   -3.235   19.015   18.728    0.905

================================================================================

    n = band index.
  Emf = "inner" mean-field energy eigenvalue used to construct Sigma(E),
        read from WFN_inner.
   Eo = "outer" mean-field energy eigenvalue where we center the evaluation
        frequency grid {E} of Sigma(E). Defaults to Emf, unless
        you use WFN_outer and eqp_outer.dat / scissors_outer.
  Vxc = exchange-correlation pot., calculated from VXC or read from vxc.dat.
    X = bare exchange.
   SX = screened exchange contrib. to Sigma(E) at energy E=Eo
   CH = Coulomb hole contrib. to Sigma(E) at energy E=Eo
  Cor = SX-X + CH = correlation portion of Sigma(E) at energy E=Eo.
  Sig = X + Cor = self energy, Sigma(E), at energy E=Eo.
 Eqp0 = Emf - Vxc + Sig(Eo)
        (Eqp0 is the on-shell QP energy, not recommended for direct usage)
 Eqp1 = Eqp0 + (dSig/dE) / (1 - dSig/dE) * (Eqp0 - Eo)
        (Eqp1 is the off-shell QP energy obtained by solving the linearized
         Dyson`s equation, and is the recommended quantity for QP properties.)
  Znk = quasiparticle renormalization factor

 Notes on the finite_difference_form from sigma.inp file:
   none    : -2 => dSig/dE = 0 (skip the expansion)
   backward: -1 => dSig/dE = (Sig(Eo) - Sig(Eo-dE)) / dE
   central :  0 => dSig/dE = (Sig(Eo+dE) - Sig(Eo-dE)) / (2*dE)
   forward :  1 => dSig/dE = (Sig(Eo+dE) - Sig(Eo)) / dE
   default :  2 => forward for diagonal and none for off-diagonal
   dE is finite_difference_spacing from Sigma.inp file.
   We are using the form #2 with dE = 1.000 eV.

 General notes:
 - All energies are reported here in eV.
 - Both Emf and Vxc contain the average pot. Vxc0, so Vxc0 doesn`t affect Sigma.
 - Eqp1 and Eqp0 are Eqs. (36-37) from Hybertsen & Louie PRB 34 5390.
 - We recommend you use Eqp1 for QP properties of materials.

================================================================================


WARNING: |Eqp0 - Eo| > finite_difference_spacing. Linear extrapolation for eqp1
may be inaccurate. You should test the validity of eqp1 by rerunning the
calculation with the self energy evaluated at the eqp0 energies. For that,
use the eqp_outer.dat file, created with eqp.py script and point WFN_outer to
WFN_inner, if you were not already using WFN_outer.


                      CPU (s)        WALL (s)           #

FULLBZ:                 0.000           0.001           2
IRRBZ:                  0.000           0.001           3
SUBGRP:                 0.000           0.000           3
GMAP:                   0.000           0.000          11
INPUT:                  0.015           0.027           1
INPUT I/O               0.001           0.000          33
INPUT COMM              0.001           0.002          33
INPUT (READ):           0.002           0.002          31
INPUT (WRITE):          0.000           0.000          27
INPUT_OUTER:            0.000           0.001           1
GENWF:                  0.002           0.001          11
WF COMM:                0.001           0.002           3
WF_CH COMM:             0.000           0.000           0
EPSCOPY:                0.011           0.012           1
EPSCOPY IO:             0.003           0.001         487
EPSCOPY COMM:           0.005           0.006        1461
READ NEPS:              0.000           0.000           1
EPSREAD:                0.001           0.001          11
MTXEL:                  0.034           0.048          44
MTXEL_CH:               0.000           0.000           0
MTXEL COMM:             0.000           0.000          11
VCOUL:                  5.349           5.512          11
VXC:                    0.000           0.000           6
BARE X:                 0.000           0.001          47
MTXEL_COR TOT:          0.275           0.299          44
M.COR INIT:             0.002           0.003          44
M.COR EPSINIT:          0.086           0.086          44
M.COR COMM:             0.012           0.028         176
M.COR PP PREP:          0.047           0.054        1796
M.COR SX+CH:            0.173           0.178         352
M.COR RA SX:            0.000           0.000           0
M.COR RA CH:            0.000           0.000           0
M.COR RA CH2:           0.000           0.000           0
M.COR RA SUM:           0.000           0.000           0
M.COR CD RES:           0.000           0.000           0
M.COR CD INT:           0.000           0.000           0
M.COR CD SUM:           0.000           0.000           0
M.COR REMAIN:           0.000           0.000           0
FFT ZERO                0.001           0.001         132
FFT PUT                 0.001           0.002         132
FFT PLAN                0.019           0.036         220
FFT EXEC                0.007           0.005         220
FFT MLTPLY              0.001           0.001          88

TOTAL:                  5.708           5.934

