
 BerkeleyGW tag 1.1 beta2 revision 6543

 BSE/Absorption  Complex version  Run on  10-Nov-2015  at  13:34:42 -0800

--------------------------------------------------------------------------------
 Please cite the following papers when using results from BerkeleyGW:

 Jack Deslippe, Georgy Samsonidze, David A. Strubbe, Manish Jain, Marvin L.
 Cohen, and Steven G. Louie, "BerkeleyGW: A Massively Parallel Computer Package
 for the Calculation of the Quasiparticle and Optical Properties of Materials
 and Nanostructures," Comput. Phys. Commun. 183, 1269 (2012)

 Mark S. Hybertsen and Steven G. Louie, "Electron correlation in semiconductors
 and insulators: Band gaps and quasiparticle energies," Phys. Rev. B 34, 5390
 (1986)

 Michael Rohlfing and Steven G. Louie, "Electron-hole excitations and optical
 spectra from first principles," Phys. Rev. B 62, 4927 (2000)
--------------------------------------------------------------------------------

 Running MPI version (parallel)

 Running with 2 MPI task(s)

 Kernel was calculated only for (v,c)->(v',c') transitions.

 The restricted fi/co WFN transformation dvv',dcc' will be calculated.

 Using the velocity operator

 Using the Delaunay interpolation method.

 Running with Semiconductor Screening

 We are communicating via MPI

 We are using no truncation


 Number of k-points in the coarse k-grid: 8
 A 3-D interpolation algorithm will be employed.
 No symmetries used in the fine grid-sampling

 kgrid:   2   2   2
 Highest occupied band (fine grid) =  4
 Valence max    (fine grid) =      4.691330 eV
 Conduction min (fine grid) =      6.962237 eV
 Middle energy  (fine grid) =      5.826784 eV
 Fermi  energy  (fine grid) =      5.826784 eV

 Number of electrons per unit cell =   8.000000
 Plasma Frequency =   1.148451 Rydberg


 Scissors parameters
 Valence:    es =   0.0000 eV, e0 =   0.0000 eV, edel =   0.0000
 Conduction: es =   0.0000 eV, e0 =   0.0000 eV, edel =   0.0000

 You are doing a class 1 calculation - npes <= nk

 Memory available:    1825.2 MB per PE
 Memory required for vcoul:  114.4 MB per PE
 Memory needed to store the effective Hamiltonian and intkernel
        arrays:    0.2 MB per PE
 Additional memory needed for eigenvectors and diagonalization:    0.7 MB per PE

 Distribution of kcv blocks among PE ranks:
   - PEs 0 to 1 : 4 blocks

 Started reading wavefunctions (WFN_fi) with 8 k-point(s) at 13:34:42.
 [ 13:34:42 |   0% ] k-point 1 / 8.
 [ 13:34:42 |  13% ] k-point 2 / 8.
 [ 13:34:42 |  25% ] k-point 3 / 8, remaining: 0 s.
 [ 13:34:42 |  38% ] k-point 4 / 8, remaining: 0 s.
 [ 13:34:42 |  50% ] k-point 5 / 8, remaining: 0 s.
 [ 13:34:42 |  63% ] k-point 6 / 8, remaining: 0 s.
 [ 13:34:42 |  75% ] k-point 7 / 8, remaining: 0 s.
 [ 13:34:42 |  88% ] k-point 8 / 8, remaining: 0 s.
 Finished reading wavefunctions (WFN_fi) at 13:34:42.
 Elapsed time: 0 s.


 Conduction wavefunctions read from file WFN_fi
  - Number k-points in irreducible BZ:        8
  - Number k-points in full BZ:        8
  - Effective k-point radius:     0.289562 Bohr^-1

  Lowest energy transitions : [eV]
   ( -0.250 , -0.250 ,   -0.250 )    8   1   1   2.270907
   ( -0.250 , -0.250 ,   -0.250 )    8   1   2   2.270907
   (  0.250 ,  0.250 ,    0.250 )    1   1   1   2.270907
   (  0.250 ,  0.250 ,    0.250 )    1   1   2   2.270907
   ( -0.250 ,  0.250 ,   -0.250 )    6   1   1   4.591140
  
 More Job Parameters: 
 Crystal volume =              2439.07347013737217 a.u.
 Number of valence bands =            4
 Number of cond. bands   =            4
 Number of spins   =            1
 Broadening:  0.1500 eV
 Number of eigenvalues to be computed =          128
  
 Highest occupied band (shifted fine grid) =  4
 Shift vector :   0.00100 -0.00000 -0.00000  Length = 0.00102

 No symmetries used in the shifted-grid sampling


 Started reading wavefunctions (WFNq_fi) with 8 k-point(s) at 13:34:42.
 [ 13:34:42 |   0% ] k-point 1 / 8.
 [ 13:34:42 |  13% ] k-point 2 / 8.
 [ 13:34:42 |  25% ] k-point 3 / 8, remaining: 0 s.
 [ 13:34:42 |  38% ] k-point 4 / 8, remaining: 0 s.
 [ 13:34:42 |  50% ] k-point 5 / 8, remaining: 0 s.
 [ 13:34:42 |  63% ] k-point 6 / 8, remaining: 0 s.
 [ 13:34:42 |  75% ] k-point 7 / 8, remaining: 0 s.
 [ 13:34:42 |  88% ] k-point 8 / 8, remaining: 0 s.
 Finished reading wavefunctions (WFNq_fi) at 13:34:42.
 Elapsed time: 0 s.


 Valence wavefunctions read from file WFNq_fi
  - Number k-points in irreducible BZ:        8
  - Number k-points in full BZ:        8

 Reading quasiparticle energy corrections from eqp_co.dat

      band   k-point      spin       Elda[eV]        Eqp[eV]
         1         1         1       -7.52872       -7.93222
         2         1         1        5.55048        6.51202
         3         1         1        5.55048        6.51202
         4         1         1        5.55048        6.51202
         5         1         1        6.06446        8.11149
         6         1         1        9.03065       10.99112
         7         1         1        9.03065       10.99112
         8         1         1        9.03065       10.99112
         1         2         1       -5.79998       -5.90619
         2         2         1       -1.47860       -1.37595
         3         2         1        4.14402        4.95836
         4         2         1        4.14402        4.95836
         5         2         1        6.40057        8.24097
         6         2         1       10.32365       12.29936
         7         2         1       10.32365       12.29936
         8         2         1       13.18096       14.77539
         1         3         1       -4.81419       -4.90623
         2         3         1       -1.58483       -1.49626
         3         3         1        2.47962        3.08750
         4         3         1        2.47962        3.08750
         5         3         1        7.22914        8.65836
         6         3         1        7.29914        8.95069
         7         3         1       15.97751       18.70160
         8         3         1       15.97751       18.70160

 Highest occupied band (coarse grid) =  4
 Valence max    (coarse grid) =      6.512016 eV
 Conduction min (coarse grid) =      8.111492 eV
 Middle energy  (coarse grid) =      7.311754 eV
 Fermi  energy  (coarse grid) =      7.311754 eV


 Reading quasiparticle energy corrections from eqp_co.dat
 Using symmetries to expand the coarse-grid sampling


 Started reading wavefunctions (WFN_co) with 3 k-point(s) at 13:34:42.
 [ 13:34:42 |   0% ] k-point 1 / 3.
 [ 13:34:42 |  33% ] k-point 2 / 3.
 [ 13:34:42 |  67% ] k-point 3 / 3, remaining: 0 s.
 Finished reading wavefunctions (WFN_co) at 13:34:42.
 Elapsed time: 0 s.


 Coarse-grid wavefunctions read from file WFN_co
  - Number k-points in irreducible BZ:        3
  - Number k-points in full BZ:        8
  - Effective k-point radius:     0.289562 Bohr^-1

 Started wavefunction interpolation with 4 k-point(s) at 13:34:42.
 [ 13:34:42 |   0% ] k-point 1 / 4.
 [ 13:34:42 |  25% ] k-point 2 / 4.
 [ 13:34:42 |  50% ] k-point 3 / 4, remaining: 0 s.
 [ 13:34:42 |  75% ] k-point 4 / 4, remaining: 0 s.
 Finished wavefunction interpolation at 13:34:42.
 Elapsed time: 0 s.

 Max. error in norm of transformation coefficients (1 - \sum_co |d_fi,co|^2):
  - For valence states: 4.712E-01
  - For conduction states: 8.017E-01

WARNING: there are fine/coarse transformation coefficients with 2-norm < 95%.
To improve convergence, you might want to consider:
- recalculating the kernel using the "extended_kernel" flag
- using the "unrestricted_transformation" flag in the input file
- including more bands from the coarse WFN_co file (number_*_bands_coarse)
- using a coarse WFN_co file with a denser k-mesh

 Writing matrix elements into vmtxel

 Plasma Frequency :    15.625471307750557       eV

 Sum rule (DFT) :    1.4690813391079458     
 Sum rule (GW)  :    1.8858981287311345     


 Epsilon matrix for q->0 read from eps0mat
 nrq0 = 1  gmax =    10.000000

 Epsilon matrix for q/=0 read from epsmat
 nrq = 2  gmax =    10.000000
 nfq = 8  qsz =   0.289562
 ngmax = 1291
 Maximum value of imaginary part of epsinv :    3.5295444288085915E-018
 Dielectric constant :    22.364431
 Dielectric matrix tabulated, nq = 65
 emax =     1.556356  qlen =     1.176192

 Spin Singlet Kernel

 Calculating v(q) with      8 k-points
 k+G sampling:   0.612372  0.577350  0.540062 (reciprocal lattice units)

 Performing Kernel Interpolation

 Started interpolating BSE kernel with 16 block(s) at 13:34:50.
 [ 13:34:50 |   0% ] block  1 / 16.
 [ 13:34:50 |   6% ] block  2 / 16.
 [ 13:34:50 |  13% ] block  3 / 16, remaining: 0 s.
 [ 13:34:50 |  19% ] block  4 / 16, remaining: 0 s.
 [ 13:34:50 |  25% ] block  5 / 16, remaining: 0 s.
 [ 13:34:50 |  38% ] block  7 / 16, remaining: 0 s.
 [ 13:34:50 |  50% ] block  9 / 16, remaining: 0 s.
 [ 13:34:50 |  56% ] block 10 / 16, remaining: 0 s.
 [ 13:34:50 |  69% ] block 12 / 16, remaining: 0 s.
 [ 13:34:50 |  75% ] block 13 / 16, remaining: 0 s.
 [ 13:34:50 |  88% ] block 15 / 16, remaining: 0 s.
 Finished interpolating BSE kernel at 13:34:50.
 Elapsed time: 0 s.


 BLACS processor grid:   1 x   2; BLOCKSIZE =   32

 Beginning ScaLAPACK Diagonalization. Size:          128
 Done Scalapack Diagonalization
 Sharing eigenvectors
 Diagonalization done

 Plasma Frequency :    15.625471307750557       eV

 Sum rule (BSE) :    1.6167086424361052     


                            CPU [s]        WALL [s]          #

 INPUT:          (min.)        0.003           0.007          1
                 (PE 0)        0.003           0.007
                 (max.)        0.003           0.007
 INPUT_Q:        (min.)        0.002           0.002          1
                 (PE 0)        0.002           0.002
                 (max.)        0.002           0.002
 INTWFN:         (min.)        0.015           0.017          1
                 (PE 0)        0.015           0.018
                 (max.)        0.017           0.018
 INTKERNEL:      (min.)        7.443           7.444          1
                 (PE 0)        7.443           7.444
                 (max.)        7.470           7.470
 DIAGONALIZE:    (min.)        0.011           0.010          1
                 (PE 0)        0.011           0.010
                 (max.)        0.011           0.010
 EPSDIAG:        (min.)        0.000           0.000          1
                 (PE 0)        0.003           0.004
                 (max.)        0.003           0.004
 EPS COMM:       (min.)        0.000           0.000          1
                 (PE 0)        0.000           0.000
                 (max.)        0.029           0.030
 ABSORP0:        (min.)        0.000           0.000          1
                 (PE 0)        0.024           0.025
                 (max.)        0.024           0.025
 VMTXEL:         (min.)        0.001           0.001          1
                 (PE 0)        0.001           0.001
                 (max.)        0.002           0.001
 TRANS MTXEL:    (min.)        0.000           0.000          1
                 (PE 0)        0.000           0.000
                 (max.)        0.000           0.000
 ABSORP:         (min.)        0.000           0.000          1
                 (PE 0)        0.012           0.014
                 (max.)        0.012           0.014
 WRITE EIG:      (min.)        0.000           0.000          1
                 (PE 0)        0.000           0.000
                 (max.)        0.000           0.000

 IW Input_co:    (min.)        0.001           0.001          1
                 (PE 0)        0.001           0.001
                 (max.)        0.001           0.001
 IW Interp:      (min.)        0.005           0.005          5
                 (PE 0)        0.005           0.005
                 (max.)        0.005           0.005
 IW Genwf:       (min.)        0.001           0.001         16
                 (PE 0)        0.001           0.001
                 (max.)        0.001           0.002
 IW Gwnwf_Co:    (min.)        0.005           0.005         16
                 (PE 0)        0.005           0.005
                 (max.)        0.006           0.006
 IW Mtxel_t:     (min.)        0.001           0.000         16
                 (PE 0)        0.001           0.000
                 (max.)        0.001           0.000
 IW Write:       (min.)        0.000           0.000          1
                 (PE 0)        0.001           0.002
                 (max.)        0.001           0.002
 IW Reduce:      (min.)        0.000           0.000          1
                 (PE 0)        0.000           0.000
                 (max.)        0.000           0.000

 IK Setup:       (min.)        0.000           0.000          1
                 (PE 0)        0.000           0.000
                 (max.)        0.000           0.000
 IK C-Check:     (min.)        0.000           0.000          1
                 (PE 0)        0.000           0.000
                 (max.)        0.000           0.000
 IK Input:       (min.)        0.002           0.001         32
                 (PE 0)        0.002           0.001
                 (max.)        0.002           0.001
 IK Inteps:      (min.)        0.000           0.000          1
                 (PE 0)        0.000           0.000
                 (max.)        0.000           0.000
 IK Vcoul:       (min.)        7.431           7.431          1
                 (PE 0)        7.431           7.431
                 (max.)        7.431           7.431
 IK Cache:       (min.)        0.000           0.001        128
                 (PE 0)        0.000           0.001
                 (max.)        0.000           0.001
 IK Interp:      (min.)        0.005           0.005        128
                 (PE 0)        0.005           0.005
                 (max.)        0.005           0.005
 IK Sum:         (min.)        0.000           0.000        128
                 (PE 0)        0.000           0.000
                 (max.)        0.000           0.000

 TOTAL:          (min.)        7.511           7.522          1
                 (PE 0)        7.511           7.522
                 (max.)        7.518           7.522
