
 frequency_dependence   1

 band_index     1     8
 sigma_matrix     0   0

 finite_difference_form   2
 finite_difference_spacing  1.000000

 symmetries
 ntran  = 24
 mtrx01 =  1  0  0  0  1  0  0  0  1
 mtrx02 =  0  1  0  1  0  0 -1 -1 -1
 mtrx03 =  0  0  1 -1 -1 -1  1  0  0
 mtrx04 = -1 -1 -1  0  0  1  0  1  0
 mtrx05 =  0  1  0  0  0  1  1  0  0
 mtrx06 =  1  0  0 -1 -1 -1  0  1  0
 mtrx07 = -1 -1 -1  1  0  0  0  0  1
 mtrx08 =  0  0  1  0  1  0 -1 -1 -1
 mtrx09 =  0  0  1  1  0  0  0  1  0
 mtrx10 = -1 -1 -1  0  1  0  1  0  0
 mtrx11 =  1  0  0  0  0  1 -1 -1 -1
 mtrx12 =  0  1  0 -1 -1 -1  0  0  1
 mtrx13 =  1  0  0  0  1  0 -1 -1 -1
 mtrx14 =  0  1  0  1  0  0  0  0  1
 mtrx15 =  0  0  1 -1 -1 -1  0  1  0
 mtrx16 = -1 -1 -1  0  0  1  1  0  0
 mtrx17 =  1  0  0 -1 -1 -1  0  0  1
 mtrx18 =  0  0  1  0  1  0  1  0  0
 mtrx19 =  0  1  0  0  0  1 -1 -1 -1
 mtrx20 = -1 -1 -1  1  0  0  0  1  0
 mtrx21 = -1 -1 -1  0  1  0  0  0  1
 mtrx22 =  1  0  0  0  0  1  0  1  0
 mtrx23 =  0  0  1  1  0  0 -1 -1 -1
 mtrx24 =  0  1  0 -1 -1 -1  1  0  0

       k =  0.000000  0.000000  0.000000 ik =   1 spin = 1

   n         Emf          Eo           X        SX-X          CH         Sig         Vxc        Eqp0        Eqp1       Znk
   1   -7.528390   -7.528390  -16.882550   10.754636   -5.144124  -11.272037  -10.742991   -8.057435   -7.934078    0.766831
   2    5.551628    5.551628  -13.461080    8.343831   -4.990448  -10.107697  -11.270792    6.714723    6.521631    0.833984
   3    5.551628    5.551628  -13.461080    8.343831   -4.990448  -10.107697  -11.270792    6.714723    6.521631    0.833984
   4    5.551628    5.551628  -13.461080    8.343831   -4.990448  -10.107697  -11.270792    6.714723    6.521631    0.833984
   5    6.066324    6.066324   -4.999997    2.533806   -5.181935   -7.648126  -10.173913    8.592111    8.133403    0.818390
   6    9.031804    9.031804   -4.474909    2.051832   -4.547632   -6.970709   -9.377478   11.438572   11.005769    0.820172
   7    9.031804    9.031804   -4.474909    2.051832   -4.547632   -6.970709   -9.377478   11.438572   11.005769    0.820172
   8    9.031804    9.031804   -4.474909    2.051832   -4.547632   -6.970709   -9.377478   11.438572   11.005769    0.820172

       k =  0.000000  0.000000  0.500000 ik =   2 spin = 1

   n         Emf          Eo           X        SX-X          CH         Sig         Vxc        Eqp0        Eqp1       Znk
   1   -5.799374   -5.799374  -16.829691   10.649818   -5.233539  -11.413411  -11.262172   -5.950612   -5.906944    0.711259
   2   -1.478073   -1.478073  -13.095336    8.259193   -4.846066   -9.682209   -9.811025   -1.349257   -1.375879    0.793328
   3    4.144994    4.144994  -13.155331    8.077642   -4.802377   -9.880066  -10.868679    5.133608    4.964911    0.829360
   4    4.144994    4.144994  -13.155331    8.077642   -4.802377   -9.880066  -10.868679    5.133608    4.964911    0.829360
   5    6.401968    6.401968   -4.645142    2.240223   -4.772529   -7.177448   -9.434285    8.658806    8.257811    0.822320
   6   10.324823   10.324823   -4.143805    1.950145   -4.510308   -6.703968   -9.123156   12.744012   12.316421    0.823250
   7   10.324823   10.324823   -4.143805    1.950145   -4.510308   -6.703968   -9.123156   12.744012   12.316421    0.823250
   8   13.182129   13.182129   -1.896638    0.735237   -3.984004   -5.145406   -7.130122   15.166845   14.783762    0.806984

       k =  0.000000  0.500000  0.500000 ik =   3 spin = 1

   n         Emf          Eo           X        SX-X          CH         Sig         Vxc        Eqp0        Eqp1       Znk
   1   -4.813452   -4.813452  -16.749995   10.452757   -5.311010  -11.608248  -11.478058   -4.943643   -4.907831    0.724926
   2   -1.584229   -1.584229  -13.500424    8.466427   -4.861998   -9.895995  -10.007877   -1.472346   -1.496072    0.787946
   3    2.480381    2.480381  -12.822001    7.931645   -4.721970   -9.612326  -10.353062    3.221118    3.091069    0.824433
   4    2.480381    2.480381  -12.822001    7.931645   -4.721970   -9.612326  -10.353062    3.221118    3.091069    0.824433
   5    7.230083    7.230083   -3.570811    1.657342   -4.424080   -6.337549   -8.082406    8.974940    8.670128    0.825308
   6    7.300202    7.300202   -4.121715    1.998123   -4.546706   -6.670297   -8.688920    9.318824    8.964540    0.824492
   7   15.979544   15.979544   -3.910837    1.867748   -5.102768   -7.145856  -10.181143   19.014831   18.727783    0.905430
   8   15.979544   15.979544   -3.910837    1.867748   -5.102768   -7.145856  -10.181143   19.014831   18.727783    0.905430


================================================================================

    n = band index.
  Emf = "inner" mean-field energy eigenvalue used to construct Sigma(E),
        read from WFN_inner.
   Eo = "outer" mean-field energy eigenvalue where we center the evaluation
        frequency grid {E} of Sigma(E). Defaults to Emf, unless
        you use WFN_outer and eqp_outer.dat / scissors_outer.
  Vxc = exchange-correlation pot., calculated from VXC or read from vxc.dat.
    X = bare exchange.
   SX = screened exchange contrib. to Sigma(E) at energy E=Eo
   CH = Coulomb hole contrib. to Sigma(E) at energy E=Eo
  Cor = SX-X + CH = correlation portion of Sigma(E) at energy E=Eo.
  Sig = X + Cor = self energy, Sigma(E), at energy E=Eo.
 Eqp0 = Emf - Vxc + Sig(Eo)
        (Eqp0 is the on-shell QP energy, not recommended for direct usage)
 Eqp1 = Eqp0 + (dSig/dE) / (1 - dSig/dE) * (Eqp0 - Eo)
        (Eqp1 is the off-shell QP energy obtained by solving the linearized
         Dyson`s equation, and is the recommended quantity for QP properties.)
  Znk = quasiparticle renormalization factor

 Notes on the finite_difference_form from sigma.inp file:
   none    : -2 => dSig/dE = 0 (skip the expansion)
   backward: -1 => dSig/dE = (Sig(Eo) - Sig(Eo-dE)) / dE
   central :  0 => dSig/dE = (Sig(Eo+dE) - Sig(Eo-dE)) / (2*dE)
   forward :  1 => dSig/dE = (Sig(Eo+dE) - Sig(Eo)) / dE
   default :  2 => forward for diagonal and none for off-diagonal
   dE is finite_difference_spacing from Sigma.inp file.
   We are using the form #2 with dE = 1.000 eV.

 General notes:
 - All energies are reported here in eV.
 - Both Emf and Vxc contain the average pot. Vxc0, so Vxc0 doesn`t affect Sigma.
 - Eqp1 and Eqp0 are Eqs. (36-37) from Hybertsen & Louie PRB 34 5390.
 - We recommend you use Eqp1 for QP properties of materials.

================================================================================

