
 BerkeleyGW trunk revision 6898
 Sigma code, Complex version, run on 16-Nov-2015 at 09:20:57 -0800

                                                                 ..o.          
                                                                .oxxo.         
                                                               .oxxxxo...      
                                                               oxxxxxxo.       
                                                              .oxxxxxxx.       
                                                              .ooooooxxo..     
                                                              .oooooooxo..     
                                                              .oooooxxo...     
                                                       .........oxooo......    
                                                 ............................  
                                             ................................. 
                                          .................................... 
           .          ..oo. ....  .................................oooxxxxxxxo.
     .............oxxxx@ox@@@x@x.....................o...........ooooooooooxx. 
    .o.........oox@x.oo........xxx@@............ooxxxxo..........ooooxxxxxoxo  
    .x........x@xxo...............o@xxo........oxxx@@@xoooooooooooooooxxxo...  
    .o......ox@@o..................oox@o.....ooxxx@xoooxxxxxxxoooooooooooo.... 
    o..ooooo@@xoooo....ooo...........x@o.....ooxxxxo   .oxxxxxxxxxxooooooo.... 
    . .oooo@@@@@@@@@@@@@@@@@@@@@@@@@@@@@@....ooooox.     .oxx@@@@@xxoo........ 
      .ooooxxxxxxxooooooxooooooooooooooxo...oooooxx.        ..ox@xxxoo.........
      .ooooooxxxx@xoooooooooooooxxoooooooooooxxxxx.            .oxxooooooooxxo.
     .oooooxxxxx@@@xxxxxxxxxxxxxxxxxxxxxxxxoxxxxo.                .oxxxxxxxxo. 
   ....oooxxxxx@@@xo..oxxx@@@@@@xxxxoxxoooooooxx.                  .oxxxoo..   
  .....ooxxxx@@xo.       ........    .ooooooooxxo                              
  ..oooxxxx@@@o                       .oooooooxoo.                             
  ....oxooxxxxx.                       .ooo..oooo.                             
  .....o.ooxxxxxo.                     .oooooooxo.                             
 ......ooooxxxxxxo.                     .ooooooxoo..                           
........ooxxxxxxxo..                     .o....oxoo...                         
.......ooooxxxxxxxo.                     ........oooo.                         
.ooooooo..ooxxxxoooo.                    .........ooo...                       
..oxo...ooooxxxoooo..                    .ooo......oooo...                     
  .ooooo....o.                            .oxxxoo....ooo....                   
    .oooooo...                              ...ooooo...ooo..                   
       ...                                     .oo.......                      
                                               ....ooo...                      
                      __              __                                       
 ______              [  |            [  |                 ._____  _          _ 
|_   _ \              | |  _          | |                /  ___ \| |        | |
  | |_) | .---.  _. _.| | / |  .---.  | | .---.  _    _ / /    \_|\ \  /\  / / 
  |  __'./ /__\\[ /`\_| '' <  / /__\\ | |/ /__\\| \  | | |   _____ \ \/  \/ /  
 _| |__| | \__. | |   | |`\ \ | \___. | || \___. \ \/ / \ \.___| |  \  /\  /   
|_______/ \.__./[_]  [__|  \_] \.__./[___]\.__./  \  /   \.____./    \/  \/    
                                                  / /                          
                                                 /_/                           
--------------------------------------------------------------------------------
 Please cite the following papers when using results from BerkeleyGW:

 Jack Deslippe, Georgy Samsonidze, David A. Strubbe, Manish Jain, Marvin L.
 Cohen, and Steven G. Louie, "BerkeleyGW: A Massively Parallel Computer Package
 for the Calculation of the Quasiparticle and Optical Properties of Materials
 and Nanostructures," Comput. Phys. Commun. 183, 1269 (2012)

 Mark S. Hybertsen and Steven G. Louie, "Electron correlation in semiconductors
 and insulators: Band gaps and quasiparticle energies," Phys. Rev. B 34, 5390
 (1986)

 Michael Rohlfing and Steven G. Louie, "Electron-hole excitations and optical
 spectra from first principles," Phys. Rev. B 62, 4927 (2000)
--------------------------------------------------------------------------------

 Running MPI version (parallel)
 Running with 2 MPI task(s)

 Compilation flags:
 - Compiler: GNU
 - Para. flags: MPI
 - Math  flags: USESCALAPACK, USEFFTW3
 - Debug flags: 

 Using the Generalized Plasmon Pole model

 We are communicating via MPI

 Computing CH as a partial sum over empty bands

 Running with semiconductor screening

 We are using no truncation

 Reading exchange-correlation matrix elements from vxc.dat file

 Treating W within the Hybertsen-Louie Generalized Plasmon Pole model

 Memory available: 2456.8 MB per PE
 Reading header of WFN_inner
 Highest occupied band (unshifted grid) = 4
 Valence max    (unshifted grid) = 5.551607 eV
 Conduction min (unshifted grid) = 6.066319 eV
 Middle energy  (unshifted grid) = 5.808963 eV
 Fermi  energy  (unshifted grid) = 5.808963 eV


 Calculation parameters:
 - Cutoff of the bare Coulomb interaction (Ry): 10.00
 - Cutoff of the screened Coulomb interaction (Ry): 10.00
 - Number of G-vectors up to the bare int. cutoff: 169
 - Number of G-vectors up to the screened int. cutoff: 169
 - Total number of bands in the calculation: 8
 - Number of fully occupied valence bands: 4
 - Number of partially occ. conduction bands: 0

 Memory required for execution: 1.6 MB per PE
 Memory required for vcoul: 114.4 MB per PE

 Number of electrons per unit cell (from ifmax) = 8.000000
 Number of electrons per unit cell (from occupations) = 8.000000
 Plasma Frequency = 1.148512 Ry

 Q-grid symmetries are being used.

 Parallelizatiion report:
 - Using 2 processor(s), 1 pool(s), 2 processor(s) per pool.
 - Each pool is computing 8 diagonal sigma matrix element(s).
 - Each pool is computing 0 off-diagonal sigma matrix element(s).
 - Each processor is holding 4 band(s).


 Started reading wavefunctions (WFN_inner) with 24 state(s) at 09:20:57.
 [ 09:20:57 |   0% ] state  1 / 24.
 [ 09:20:57 |   8% ] state  3 / 24, remaining: 0 s.
 [ 09:20:57 |  17% ] state  5 / 24, remaining: 0 s.
 [ 09:20:57 |  29% ] state  8 / 24, remaining: 0 s.
 [ 09:20:57 |  38% ] state 10 / 24, remaining: 0 s.
 [ 09:20:57 |  46% ] state 12 / 24, remaining: 0 s.
 [ 09:20:57 |  58% ] state 15 / 24, remaining: 0 s.
 [ 09:20:57 |  67% ] state 17 / 24, remaining: 0 s.
 [ 09:20:57 |  79% ] state 20 / 24, remaining: 0 s.
 [ 09:20:57 |  88% ] state 22 / 24, remaining: 0 s.
 [ 09:20:57 |  96% ] state 24 / 24, remaining: 0 s.
 Finished reading wavefunctions (WFN_inner) at 09:20:57.
 Elapsed time: 0 s.


 Scissors parameters
 Valence:    es =   0.0000 eV, e0 =   0.0000 eV, edel =   0.0000
 Conduction: es =   0.0000 eV, e0 =   0.0000 eV, edel =   0.0000

 Scissors parameters (outer)
 Valence:    es =   0.0000 eV, e0 =   0.0000 eV, edel =   0.0000
 Conduction: es =   0.0000 eV, e0 =   0.0000 eV, edel =   0.0000


 Data for sum rule:
 - rho(0,1) = 8.000000 electrons
 - wp = 15.626301 eV

 Number of bands to compute diagonal self-energy matrix elements: 8
 Bands:
 - 1
 - 2
 - 3
 - 4
 - 5
 - 6
 - 7
 - 8
 Number of off-diagonal bands to compute self-energy matrix elements: 0


 Total number of frequencies in the dielectric matrix: 1
 Number of imag. frequencies in the dielectric matrix: 0


 Started reading eps0mat with 1 q-point(s) at 09:20:57.
 [ 09:20:57 |   0% ] q-point 1 / 1.
 Finished reading eps0mat at 09:20:57.
 Elapsed time: 0 s.


 Started reading epsmat with 2 q-point(s) at 09:20:57.
 [ 09:20:57 |   0% ] q-point 1 / 2.
 [ 09:20:57 |  50% ] q-point 2 / 2.
 Finished reading epsmat at 09:20:57.
 Elapsed time: 0 s.

 k+G sampling:   0.612372  0.577350  0.540062 (reciprocal lattice units)

================================================================================
 09:20:57   Dealing with k =  0.000000  0.000000  0.000000                 1 / 3
================================================================================

 Reading vxc.dat
 Number of k-points in the irreducible BZ(q) (nrq): 3

               q                     neq      indrq      itrq         kg0

   0.00000   0.00000   0.00000        1        1       24        0   0   0
   0.00000   0.00000   0.50000        4        2       21        0   0   0
   0.00000   0.50000   0.50000        3        3       24        0   1   1

 Started calculating Sigma with 24 block(s) at 09:20:57.
 [ 09:21:04 |   0% ] block  1 / 24.
 [ 09:21:04 |   8% ] block  3 / 24, remaining: 0 s.
 [ 09:21:04 |  17% ] block  5 / 24, remaining: 0 s.
 [ 09:21:04 |  29% ] block  8 / 24, remaining: 0 s.
 [ 09:21:05 |  38% ] block 10 / 24, remaining: 0 s.
 [ 09:21:05 |  46% ] block 12 / 24, remaining: 0 s.
 [ 09:21:05 |  58% ] block 15 / 24, remaining: 0 s.
 [ 09:21:05 |  67% ] block 17 / 24, remaining: 0 s.
 [ 09:21:05 |  79% ] block 20 / 24, remaining: 0 s.
 [ 09:21:05 |  88% ] block 22 / 24, remaining: 0 s.
 [ 09:21:05 |  96% ] block 24 / 24, remaining: 0 s.
 Finished calculating Sigma at 09:21:05.
 Elapsed time: 8 s.

 Unsymmetrized values for ik =   1 spin = 1

     n      Emf       Eo      Vxc        X     SX-X       CH      Cor      Sig
     1   -7.528   -7.528  -10.743  -16.883   10.755   -5.144    5.611  -11.272
     2    5.552    5.552  -11.271  -13.560    8.349   -4.979    3.371  -10.189
     3    5.552    5.552  -11.271  -13.318    8.339   -5.043    3.295  -10.023
     4    5.552    5.552  -11.271  -13.505    8.343   -4.949    3.394  -10.111
     5    6.066    6.066  -10.174   -5.000    2.534   -5.182   -2.648   -7.648
     6    9.032    9.032   -9.377   -4.294    2.292   -4.840   -2.548   -6.842
     7    9.032    9.032   -9.377   -4.470    1.797   -4.323   -2.526   -6.996
     8    9.032    9.032   -9.377   -4.661    2.066   -4.480   -2.414   -7.074

 Symmetrized values from band-averaging:

       k =  0.000000  0.000000  0.000000 ik =   1 spin = 1

     n      Emf       Eo      Vxc        X      Cor     Eqp0     Eqp1      Znk
     1   -7.528   -7.528  -10.743  -16.883    5.611   -8.057   -7.934    0.767
     2    5.552    5.552  -11.271  -13.461    3.353    6.715    6.522    0.834
     3    5.552    5.552  -11.271  -13.461    3.353    6.715    6.522    0.834
     4    5.552    5.552  -11.271  -13.461    3.353    6.715    6.522    0.834
     5    6.066    6.066  -10.174   -5.000   -2.648    8.592    8.133    0.818
     6    9.032    9.032   -9.377   -4.475   -2.496   11.439   11.006    0.820
     7    9.032    9.032   -9.377   -4.475   -2.496   11.439   11.006    0.820
     8    9.032    9.032   -9.377   -4.475   -2.496   11.439   11.006    0.820

================================================================================
 09:21:05   Dealing with k =  0.000000  0.000000  0.500000                 2 / 3
================================================================================

 Reading vxc.dat
 Number of k-points in the irreducible BZ(q) (nrq): 4

               q                     neq      indrq      itrq         kg0

   0.00000   0.00000   0.00000        1        1       24        0   0   0
   0.00000   0.00000   0.50000        1        2       21        0   0   0
   0.50000   0.50000   0.50000        3        2       23        1   1   1
   0.00000   0.50000   0.50000        3        3       24        0   1   1

 Started calculating Sigma with 32 block(s) at 09:21:05.
 [ 09:21:05 |   0% ] block  1 / 32.
 [ 09:21:05 |   6% ] block  3 / 32, remaining: 0 s.
 [ 09:21:05 |   9% ] block  4 / 32, remaining: 0 s.
 [ 09:21:05 |  19% ] block  7 / 32, remaining: 0 s.
 [ 09:21:05 |  28% ] block 10 / 32, remaining: 0 s.
 [ 09:21:05 |  38% ] block 13 / 32, remaining: 0 s.
 [ 09:21:05 |  50% ] block 17 / 32, remaining: 0 s.
 [ 09:21:05 |  59% ] block 20 / 32, remaining: 0 s.
 [ 09:21:05 |  69% ] block 23 / 32, remaining: 0 s.
 [ 09:21:05 |  78% ] block 26 / 32, remaining: 0 s.
 [ 09:21:05 |  88% ] block 29 / 32, remaining: 0 s.
 Finished calculating Sigma at 09:21:05.
 Elapsed time: 0 s.

 Unsymmetrized values for ik =   2 spin = 1

     n      Emf       Eo      Vxc        X     SX-X       CH      Cor      Sig
     1   -5.799   -5.799  -11.262  -16.830   10.650   -5.234    5.416  -11.413
     2   -1.478   -1.478   -9.811  -13.095    8.259   -4.846    3.413   -9.682
     3    4.145    4.145  -10.869  -13.425    8.125   -4.773    3.352  -10.073
     4    4.145    4.145  -10.869  -12.886    8.031   -4.832    3.198   -9.687
     5    6.402    6.402   -9.434   -4.645    2.240   -4.773   -2.532   -7.177
     6   10.325   10.325   -9.123   -4.126    1.847   -4.390   -2.543   -6.669
     7   10.325   10.325   -9.123   -4.162    2.053   -4.631   -2.578   -6.739
     8   13.182   13.182   -7.130   -1.897    0.735   -3.984   -3.249   -5.145

 Symmetrized values from band-averaging:

       k =  0.000000  0.000000  0.500000 ik =   2 spin = 1

     n      Emf       Eo      Vxc        X      Cor     Eqp0     Eqp1      Znk
     1   -5.799   -5.799  -11.262  -16.830    5.416   -5.951   -5.907    0.711
     2   -1.478   -1.478   -9.811  -13.095    3.413   -1.349   -1.376    0.793
     3    4.145    4.145  -10.869  -13.155    3.275    5.134    4.965    0.829
     4    4.145    4.145  -10.869  -13.155    3.275    5.134    4.965    0.829
     5    6.402    6.402   -9.434   -4.645   -2.532    8.659    8.258    0.822
     6   10.325   10.325   -9.123   -4.144   -2.560   12.744   12.316    0.823
     7   10.325   10.325   -9.123   -4.144   -2.560   12.744   12.316    0.823
     8   13.182   13.182   -7.130   -1.897   -3.249   15.167   14.784    0.807

================================================================================
 09:21:05   Dealing with k =  0.000000  0.500000  0.500000                 3 / 3
================================================================================

 Reading vxc.dat
 Number of k-points in the irreducible BZ(q) (nrq): 4

               q                     neq      indrq      itrq         kg0

   0.00000   0.00000   0.00000        1        1       24        0   0   0
   0.00000   0.00000   0.50000        4        2       21        0   0   0
   0.00000   0.50000   0.50000        1        3       24        0   1   1
   0.50000   0.00000   0.50000        2        3       16        0   0   0

 Started calculating Sigma with 32 block(s) at 09:21:05.
 [ 09:21:05 |   0% ] block  1 / 32.
 [ 09:21:05 |   6% ] block  3 / 32, remaining: 0 s.
 [ 09:21:05 |   9% ] block  4 / 32, remaining: 0 s.
 [ 09:21:05 |  19% ] block  7 / 32, remaining: 0 s.
 [ 09:21:05 |  28% ] block 10 / 32, remaining: 0 s.
 [ 09:21:05 |  38% ] block 13 / 32, remaining: 0 s.
 [ 09:21:05 |  50% ] block 17 / 32, remaining: 0 s.
 [ 09:21:05 |  59% ] block 20 / 32, remaining: 0 s.
 [ 09:21:05 |  69% ] block 23 / 32, remaining: 0 s.
 [ 09:21:05 |  78% ] block 26 / 32, remaining: 0 s.
 [ 09:21:05 |  88% ] block 29 / 32, remaining: 0 s.
 Finished calculating Sigma at 09:21:05.
 Elapsed time: 0 s.

 Unsymmetrized values for ik =   3 spin = 1

     n      Emf       Eo      Vxc        X     SX-X       CH      Cor      Sig
     1   -4.813   -4.813  -11.478  -16.750   10.453   -5.311    5.142  -11.608
     2   -1.584   -1.584  -10.008  -13.500    8.466   -4.862    3.604   -9.896
     3    2.480    2.480  -10.353  -13.089    7.960   -4.709    3.252   -9.837
     4    2.480    2.480  -10.353  -12.555    7.903   -4.735    3.168   -9.388
     5    7.230    7.230   -8.082   -3.571    1.657   -4.424   -2.767   -6.338
     6    7.300    7.300   -8.689   -4.122    1.998   -4.547   -2.549   -6.670
     7   15.980   15.980  -10.181   -3.843    1.869   -5.178   -3.309   -7.152
     8   15.980   15.980  -10.181   -3.978    1.867   -5.028   -3.161   -7.139

 Symmetrized values from band-averaging:

       k =  0.000000  0.500000  0.500000 ik =   3 spin = 1

     n      Emf       Eo      Vxc        X      Cor     Eqp0     Eqp1      Znk
     1   -4.813   -4.813  -11.478  -16.750    5.142   -4.944   -4.908    0.725
     2   -1.584   -1.584  -10.008  -13.500    3.604   -1.472   -1.496    0.788
     3    2.480    2.480  -10.353  -12.822    3.210    3.221    3.091    0.824
     4    2.480    2.480  -10.353  -12.822    3.210    3.221    3.091    0.824
     5    7.230    7.230   -8.082   -3.571   -2.767    8.975    8.670    0.825
     6    7.300    7.300   -8.689   -4.122   -2.549    9.319    8.965    0.824
     7   15.980   15.980  -10.181   -3.911   -3.235   19.015   18.728    0.905
     8   15.980   15.980  -10.181   -3.911   -3.235   19.015   18.728    0.905

================================================================================

    n = band index.
  Emf = "inner" mean-field energy eigenvalue used to construct Sigma(E),
        read from WFN_inner.
   Eo = "outer" mean-field energy eigenvalue where we center the evaluation
        frequency grid {E} of Sigma(E). Defaults to Emf, unless
        you use WFN_outer and eqp_outer.dat / scissors_outer.
  Vxc = exchange-correlation pot., calculated from VXC or read from vxc.dat.
    X = bare exchange.
   SX = screened exchange contrib. to Sigma(E) at energy E=Eo
   CH = coulomb hole contrib. to Sigma(E) at energy E=Eo
  Cor = SX-X + CH = correlation portion of Sigma(E) at energy E=Eo.
  Sig = X + Cor = self energy, Sigma(E), at energy E=Eo.
 Eqp0 = Emf - Vxc + Sig(Eo)
        (Eqp0 is the on-shell QP energy, not recommended for direct usage)
 Eqp1 = Eqp0 + (dSig/dE) / (1 - dSig/dE) * (Eqp0 - Eo)
        (Eqp1 is the off-shell QP energy obtained by solving the linearized
         Dyson` equation, and is the recommended quantity for QP properties.)
  Znk = quasiparticle renormalization factor

 Notes on the finite_difference_form from sigma.inp file:
   none    : -2 => dSig/dE = 0 (skip the expansion)
   backward: -1 => dSig/dE = (Sig(Eo) - Sig(Eo-dE)) / dE
   central :  0 => dSig/dE = (Sig(Eo+dE) - Sig(Eo-dE)) / (2*dE)
   forward :  1 => dSig/dE = (Sig(Eo+dE) - Sig(Eo)) / dE
   default :  2 => forward for diagonal and none for off-diagonal
   dE is finite_difference_spacing from Sigma.inp file.
   We are using the form #2 with dE = 1.000 eV.

 General notes:
 - All energies are reported here in eV.
 - Both Emf and Vxc contain the average pot. Vxc0, so Vxc0 doesn`t affect Sigma.
 - Eqp1 and Eqp0 are Eqs. (36-37) from Hybertsen & Louie PRB 34 5390.
 - We recommend you use Eqp1 for QP properties of materials.

================================================================================


WARNING: |Eqp0 - Eo| > finite_difference_spacing. Linear extrapolation for eqp1
may be inaccurate. You should test the validity of eqp1 by rerunning the
calculation with the self energy evaluated at the eqp0 energies. For that,
use the eqp_outer.dat file, created with eqp.py script and point WFN_outer to
WFN_inner, if you were not already using WFN_outer.


                      CPU (s)        WALL (s)           #

FULLBZ:                 0.000           0.000           2
IRRBZ:                  0.000           0.000           3
SUBGRP:                 0.000           0.000           3
GMAP:                   0.000           0.000          11
INPUT:                  0.009           0.013           1
INPUT I/O               0.000           0.000          33
INPUT COMM              0.000           0.001          33
INPUT (READ):           0.001           0.000          31
INPUT (WRITE):          0.000           0.000          27
INPUT_OUTER:            0.000           0.000           1
GENWF:                  0.001           0.000          11
WF COMM:                0.000           0.000           3
WF_CH COMM:             0.000           0.000           0
EPSCOPY:                0.008           0.009           1
EPSCOPY IO:             0.002           0.001         487
EPSCOPY COMM:           0.004           0.004        1461
READ NEPS:              0.000           0.000           1
EPSREAD:                0.001           0.001          11
MTXEL:                  0.054           0.051          88
MTXEL_CH:               0.000           0.000           0
MTXEL COMM:             0.000           0.000          11
VCOUL:                  7.676           7.691          11
VXC:                    0.000           0.000           6
BARE X:                 0.000           0.002          91
MTXEL_COR TOT:          0.507           0.508          88
M.COR INIT:             0.002           0.001          88
M.COR EPSINIT:          0.182           0.183          88
M.COR COMM:             0.003           0.003         176
M.COR PP PREP:          0.111           0.109        7128
M.COR SX+CH:            0.318           0.319         704
M.COR RA SX:            0.000           0.000           0
M.COR RA CH:            0.000           0.000           0
M.COR RA CH2:           0.000           0.000           0
M.COR RA SUM:           0.000           0.000           0
M.COR CD RES:           0.000           0.000           0
M.COR CD INT:           0.000           0.000           0
M.COR CD SUM:           0.000           0.000           0
M.COR REMAIN:           0.000           0.000           0
FFT ZERO                0.003           0.002         440
FFT PUT                 0.002           0.001         440
FFT PLAN                0.026           0.029         792
FFT EXEC                0.014           0.017         792
FFT MLTPLY              0.002           0.001         352

TOTAL:                  8.268           8.287

