
 frequency_dependence   1

 band_index     1     8
 sigma_matrix     0   0

 finite_difference_form   2
 finite_difference_spacing  1.000000

 symmetries
 ntran  = 24
 mtrx01 =  1  0  0  0  1  0  0  0  1
 mtrx02 =  0  1  0  1  0  0 -1 -1 -1
 mtrx03 =  0  0  1 -1 -1 -1  1  0  0
 mtrx04 = -1 -1 -1  0  0  1  0  1  0
 mtrx05 =  0  1  0  0  0  1  1  0  0
 mtrx06 =  1  0  0 -1 -1 -1  0  1  0
 mtrx07 = -1 -1 -1  1  0  0  0  0  1
 mtrx08 =  0  0  1  0  1  0 -1 -1 -1
 mtrx09 =  0  0  1  1  0  0  0  1  0
 mtrx10 = -1 -1 -1  0  1  0  1  0  0
 mtrx11 =  1  0  0  0  0  1 -1 -1 -1
 mtrx12 =  0  1  0 -1 -1 -1  0  0  1
 mtrx13 =  1  0  0  0  1  0 -1 -1 -1
 mtrx14 =  0  1  0  1  0  0  0  0  1
 mtrx15 =  0  0  1 -1 -1 -1  0  1  0
 mtrx16 = -1 -1 -1  0  0  1  1  0  0
 mtrx17 =  1  0  0 -1 -1 -1  0  0  1
 mtrx18 =  0  0  1  0  1  0  1  0  0
 mtrx19 =  0  1  0  0  0  1 -1 -1 -1
 mtrx20 = -1 -1 -1  1  0  0  0  1  0
 mtrx21 = -1 -1 -1  0  1  0  0  0  1
 mtrx22 =  1  0  0  0  0  1  0  1  0
 mtrx23 =  0  0  1  1  0  0 -1 -1 -1
 mtrx24 =  0  1  0 -1 -1 -1  1  0  0

       k =  0.000000  0.000000  0.000000 ik =   1 spin = 1

   n        elda        ecor           x        sx-x          ch         sig         vxc        eqp0        eqp1         Znk
   1   -7.528398   -7.528398  -16.900460   10.771588   -5.140616  -11.269487  -10.742993   -8.054893   -7.931891    0.766377
   2    5.551619    5.551619  -13.479890    8.358973   -4.995545  -10.116462  -11.270791    6.705948    6.513155    0.832983
   3    5.551619    5.551619  -13.479890    8.358973   -4.995545  -10.116462  -11.270791    6.705948    6.513155    0.832983
   4    5.551619    5.551619  -13.479890    8.358973   -4.995545  -10.116462  -11.270791    6.705948    6.513155    0.832983
   5    6.066319    6.066319   -5.005696    2.516281   -5.177906   -7.667322  -10.173911    8.572909    8.113510    0.816724
   6    9.031802    9.031802   -4.476336    2.043243   -4.550099   -6.983191   -9.377481   11.426092   10.992360    0.818847
   7    9.031802    9.031802   -4.476336    2.043243   -4.550099   -6.983191   -9.377481   11.426092   10.992360    0.818847
   8    9.031802    9.031802   -4.476336    2.043243   -4.550099   -6.983191   -9.377481   11.426092   10.992360    0.818847

       k =  0.000000  0.000000  0.500000 ik =   2 spin = 1

   n        elda        ecor           x        sx-x          ch         sig         vxc        eqp0        eqp1         Znk
   1   -5.799385   -5.799385  -16.849047   10.669732   -5.232284  -11.411598  -11.262172   -5.948811   -5.905555    0.710524
   2   -1.478075   -1.478075  -13.112443    8.274784   -4.843893   -9.681553   -9.811027   -1.348601   -1.375486    0.792357
   3    4.144987    4.144987  -13.173387    8.095188   -4.807532   -9.885732  -10.868680    5.127935    4.959320    0.828460
   4    4.144987    4.144987  -13.173387    8.095188   -4.807532   -9.885732  -10.868680    5.127935    4.959320    0.828460
   5    6.401966    6.401966   -4.648634    2.228937   -4.773303   -7.193000   -9.434285    8.643251    8.242470    0.821183
   6   10.324821   10.324821   -4.145553    1.938015   -4.511822   -6.719360   -9.123159   12.728619   12.300633    0.821954
   7   10.324821   10.324821   -4.145553    1.938015   -4.511822   -6.719360   -9.123159   12.728619   12.300633    0.821954
   8   13.182130   13.182130   -1.897854    0.731197   -3.987492   -5.154148   -7.130126   15.158109   14.776723    0.806989

       k =  0.000000  0.500000  0.500000 ik =   3 spin = 1

   n        elda        ecor           x        sx-x          ch         sig         vxc        eqp0        eqp1         Znk
   1   -4.813465   -4.813465  -16.769263   10.473309   -5.309112  -11.605066  -11.478056   -4.940475   -4.905399    0.723836
   2   -1.584230   -1.584230  -13.517440    8.484364   -4.862392   -9.895467  -10.007880   -1.471818   -1.495773    0.786897
   3    2.480375    2.480375  -12.839425    7.948968   -4.724739   -9.615196  -10.353064    3.218244    3.088226    0.823793
   4    2.480375    2.480375  -12.839425    7.948968   -4.724739   -9.615196  -10.353064    3.218244    3.088226    0.823793
   5    7.230083    7.230083   -3.572985    1.650878   -4.426641   -6.348748   -8.082410    8.963745    8.659365    0.824430
   6    7.300200    7.300200   -4.123322    1.988973   -4.549072   -6.683421   -8.688920    9.305699    8.951803    0.823537
   7   15.979539   15.979539   -3.913241    1.832304   -5.089312   -7.170248  -10.181143   18.990434   18.703512    0.904705
   8   15.979539   15.979539   -3.913241    1.832304   -5.089312   -7.170248  -10.181143   18.990434   18.703512    0.904705


    n = band index
 elda = energy eigenvalue
 ecor = corrected energy eigenvalue
    x = bare exchange
   sx = screened exchange at energy ecor
   ch = coulomb hole at energy ecor
  sig = sx + ch = self-energy at energy ecor
  vxc = exchange-correlation potential
 eqp0 = elda - vxc + sig(ecor)
 eqp1 = eqp0 + (dsig/de) / (1 - dsig/de) * (eqp0 - ecor)
  Znk = quasiparticle renormalization factor

        finite_difference_form from sigma.inp file:
        none     = -2 : dsig/de = 0 [skip the expansion]
        backward = -1 : dsig/de = (sig(ecor) - sig(ecor-de)) / de
        central  =  0 : dsig/de = (sig(ecor+de) - sig(ecor-de)) / (2*de)
        forward  =  1 : dsig/de = (sig(ecor+de) - sig(ecor)) / de
        default  =  2 : forward for diagonal and none for off-diagonal
        de is finite_difference_spacing from sigma.inp file
        elda,ecor,x,sx,ch,sig,vxc,eqp0,eqp,de are in eV
        elda and vxc both contain vxc0 so it cancels out
        eqp1 and eqp0 are Eqs. (36-37) from Hybertsen & Louie PRB 34 5390

