
     Program PW2BGW v.5.1.2 starts on  4Nov2016 at 14:20:16 

     This program is part of the open-source Quantum ESPRESSO suite
     for quantum simulation of materials; please cite
         "P. Giannozzi et al., J. Phys.:Condens. Matter 21 395502 (2009);
          URL http://www.quantum-espresso.org", 
     in publications or presentations arising from this work. More details at
     http://www.quantum-espresso.org/quote

     Parallel version (MPI), running on     2 processors
     R & G space division:  proc/nbgrp/npool/nimage =       2

     Reading data from directory:
     ./GaAs.save

   Info: using nr1, nr2, nr3 values from input

   Info: using nr1s, nr2s, nr3s values from input

     IMPORTANT: XC functional enforced from input :
     Exchange-correlation      = PBE ( 1  4  3  4 0 0)
     Any further DFT definition will be discarded
     Please, verify this is what you really want

               file 31-Ga.PBE.UPF: wavefunction(s)  4d 4f renormalized
               file 33-As.PBE.UPF: wavefunction(s)  4f renormalized

     Parallelization info
     --------------------
     sticks:   dense  smooth     PW     G-vecs:    dense   smooth      PW
     Min          81      81     30                  645      645     165
     Max          82      82     31                  646      646     166
     Sum         163     163     61                 1291     1291     331


     NLCC is absent

     call write_wfng
     done write_wfng


     write_wfng   :      0.00s CPU      0.00s WALL (       1 calls)

     PW2BGW       :     0.14s CPU         0.15s WALL


   This run was terminated on:  14:20:17   4Nov2016            

=------------------------------------------------------------------------------=
   JOB DONE.
=------------------------------------------------------------------------------=
