
 BerkeleyGW trunk revision 6943
 Epsilon code, Complex version, run on 04-Jan-2016 at 13:03:42 -0800

 Running MPI version (parallel)
 Running with 2 MPI task(s)
 Computing the static inverse dielectric matrix

 We are using matrix communication scheme

 We are communicating via MPI

 We are using no truncation

 Highest occupied band (unshifted grid) = 4
 Valence max    (unshifted grid) = -.913392 eV
 Conduction min (unshifted grid) = 1.193065 eV
 Middle energy  (unshifted grid) = .139836 eV
 Fermi  energy  (unshifted grid) = .139836 eV

 Highest occupied band (shifted grid) = 4
 Running with 1 valence pools
 Number of conduction bands per processor: 2
 Number of valence bands per processor: 4

 Memory available:    3070.0 MB per PE
 Memory required for execution:    2.0 MB per PE
 Memory required for vcoul:    0.0 MB per PE

 Cell Volume = 0.304851830E+03

 Number of electrons per unit cell (from ifmax) = 8.000000
 Number of electrons per unit cell (from occupations) = 8.000000
 Plasma Frequency = 1.148512 Ry

 Screened Coulomb cutoff: 10.000 Ry
 Total number of bands: 8
 Number of q-points: 3

 Scissors parameters
 Valence:    es =   0.0000 eV, e0 =   0.0000 eV, edel =   0.0000
 Conduction: es =   0.0000 eV, e0 =   0.0000 eV, edel =   0.0000
 Highest occupied band (shifted grid) = 4

 Crystal k+q WFs read from WFNq


     q= 0.0010 0.0000 0.0000  nmtx=     169  nrk= 10

           independent matrix elements of chi       spin index= 1 1

          g          g**2          gp          gp**2          chi(g,gp)
    0    0    0   0.00000         0    0    0   0.00000       -0.0000011740  -0.0000000000
    0    0    0   0.00000        -1   -1   -1   1.03764        0.0000010814   0.0000092609
    0    0    0   0.00000        -1    0    0   1.03764        0.0000036069  -0.0000285166
    0    0    0   0.00000         0   -1    0   1.03764       -0.0000013390   0.0000096288
    0    0    0   0.00000         0    0   -1   1.03764       -0.0000013390   0.0000096288
    0    0    0   0.00000         0    0    1   1.03764        0.0000010814   0.0000092609
    0    0    0   0.00000         0    1    0   1.03764        0.0000010814   0.0000092609
    0    0    0   0.00000         1    0    0   1.03764       -0.0000036540  -0.0000281528
    0    0    0   0.00000         1    1    1   1.03764       -0.0000013390   0.0000096288
    0    0    0   0.00000        -1   -1    0   1.38353       -0.0000118956  -0.0000001232
    0    0    0   0.00000        -1    0   -1   1.38353       -0.0000118956  -0.0000001232
    0    0    0   0.00000         0   -1   -1   1.38353        0.0000118491   0.0000001233
    0    0    0   0.00000         0    1    1   1.38353       -0.0000118956  -0.0000001232
    0    0    0   0.00000         1    0    1   1.38353        0.0000118491   0.0000001233
    0    0    0   0.00000         1    1    0   1.38353        0.0000118491   0.0000001233
    0    0    0   0.00000        -2   -1   -1   2.76705       -0.0000259736  -0.0000002699
    0    0    0   0.00000        -1   -2   -1   2.76705       -0.0000000042   0.0000002575
    0    0    0   0.00000        -1   -1   -2   2.76705       -0.0000000042   0.0000002575
    0    0    0   0.00000        -1    0    1   2.76705       -0.0000259736  -0.0000002699
    0    0    0   0.00000        -1    1    0   2.76705       -0.0000259736  -0.0000002699
    0    0    0   0.00000         0   -1    1   2.76705       -0.0000000042   0.0000002575
    0    0    0   0.00000         0    1   -1   2.76705       -0.0000000042   0.0000002575
    0    0    0   0.00000         1   -1    0   2.76705        0.0000258478  -0.0000002452
    0    0    0   0.00000         1    0   -1   2.76705        0.0000258478  -0.0000002452
    0    0    0   0.00000         1    1    2   2.76705       -0.0000000042   0.0000002575
    0    0    0   0.00000         1    2    1   2.76705       -0.0000000042   0.0000002575
    0    0    0   0.00000         2    1    1   2.76705        0.0000258478  -0.0000002452
    0    0    0   0.00000        -2   -2   -1   3.80470       -0.0000066964   0.0000094709
    0    0    0   0.00000        -2   -1   -2   3.80470       -0.0000066964   0.0000094709
    0    0    0   0.00000        -2   -1    0   3.80470       -0.0000154684  -0.0000226963
    0    0    0   0.00000        -2    0   -1   3.80470       -0.0000154684  -0.0000226963
    0    0    0   0.00000        -1   -2   -2   3.80470       -0.0000019648   0.0000036817
    0    0    0   0.00000         2    2    0   5.53410        0.0000063030  -0.0000000091
    0    0    0   0.00000        -3   -2   -2   6.57175        0.0000006058  -0.0000035103
    0    0    0   0.00000        -3   -1   -1   6.57175        0.0000068808   0.0000033101
    0    0    0   0.00000        -2   -3   -2   6.57175        0.0000031547   0.0000001244
    0    0    0   0.00000        -2   -2   -3   6.57175        0.0000031547   0.0000001244
    0    0    0   0.00000        -2    0    1   6.57175        0.0000068808   0.0000033101
    0    0    0   0.00000        -2    1    0   6.57175        0.0000068808   0.0000033101
    0    0    0   0.00000        -1   -3   -1   6.57175       -0.0000030936   0.0000000880
    0    0    0   0.00000        -1   -1   -3   6.57175       -0.0000030936   0.0000000880
    0    0    0   0.00000        -1    0    2   6.57175        0.0000006058  -0.0000035103
    0    0    0   0.00000        -1    2    0   6.57175        0.0000006058  -0.0000035103
    0    0    0   0.00000         0   -2    1   6.57175       -0.0000030936   0.0000000880
    0    0    0   0.00000         0   -1    2   6.57175        0.0000031547   0.0000001244
    0    0    0   0.00000         0    1   -2   6.57175       -0.0000030936   0.0000000880
    0    0    0   0.00000         0    2   -1   6.57175        0.0000031547   0.0000001244
    0    0    0   0.00000         1   -2    0   6.57175       -0.0000005572  -0.0000035374
    0    0    0   0.00000         1    0   -2   6.57175       -0.0000005572  -0.0000035374
    0    0    0   0.00000         1    1    3   6.57175        0.0000031547   0.0000001244
    0    0    0   0.00000         1    3    1   6.57175        0.0000031547   0.0000001244
    0    0    0   0.00000         2   -1    0   6.57175       -0.0000067788   0.0000033128
    0    0    0   0.00000         2    0   -1   6.57175       -0.0000067788   0.0000033128
    0    0    0   0.00000         2    2    3   6.57175       -0.0000030936   0.0000000880
    0    0    0   0.00000         2    3    2   6.57175       -0.0000030936   0.0000000880
    0    0    0   0.00000         3    1    1   6.57175       -0.0000067788   0.0000033128
    0    0    0   0.00000         3    2    2   6.57175       -0.0000005572  -0.0000035374
    0    0    0   0.00000        -3   -2   -1   6.91763        0.0000043272  -0.0000025521
    0    0    0   0.00000        -3   -1   -2   6.91763        0.0000043272  -0.0000025521
    0    0    0   0.00000        -2   -3   -1   6.91763        0.0000004599   0.0000025557
    0    0    0   0.00000        -2   -1   -3   6.91763        0.0000004599   0.0000025557
    0    0    0   0.00000        -2   -1    1   6.91763        0.0000043272  -0.0000025521
    0    0    0   0.00000        -2    1   -1   6.91763        0.0000043272  -0.0000025521
    0    0    0   0.00000        -1   -3   -2   6.91763       -0.0000004473   0.0000025433
    0    0    0   0.00000         1    0    3   8.30115       -0.0000002264  -0.0000013737
    0    0    0   0.00000         1    1   -2   8.30115        0.0000006381  -0.0000007647
    0    0    0   0.00000         1    3    0   8.30115       -0.0000002264  -0.0000013737
    0    0    0   0.00000         2   -1   -1   8.30115        0.0000015010   0.0000028778
    0    0    0   0.00000         2    3    3   8.30115        0.0000002746  -0.0000013671
    0    0    0   0.00000         3    0    1   8.30115        0.0000015010   0.0000028778
    0    0    0   0.00000         3    1    0   8.30115        0.0000015010   0.0000028778
    0    0    0   0.00000         3    2    3   8.30115        0.0000006381  -0.0000007647
    0    0    0   0.00000         3    3    2   8.30115        0.0000006381  -0.0000007647
    0    0    0   0.00000        -3   -3   -3   9.33880       -0.0000006279   0.0000007767
    0    0    0   0.00000        -3   -3   -1   9.33880        0.0000007161  -0.0000006469
    0    0    0   0.00000        -3   -2    0   9.33880        0.0000017759   0.0000013196
    0    0    0   0.00000        -3   -1   -3   9.33880        0.0000007161  -0.0000006469
    0    0    0   0.00000        -3    0   -2   9.33880        0.0000017759   0.0000013196
    0    0    0   0.00000        -3    0    0   9.33880       -0.0000018941  -0.0000023275
    0    0    0   0.00000        -2   -3    0   9.33880       -0.0000003473  -0.0000000014
    0    0    0   0.00000        -2   -2    1   9.33880        0.0000007161  -0.0000006469
    0    0    0   0.00000        -2    0   -3   9.33880       -0.0000003473  -0.0000000014
    0    0    0   0.00000        -2    1   -2   9.33880        0.0000007161  -0.0000006469
    0    0    0   0.00000        -1   -3   -3   9.33880        0.0000003600   0.0000000062
    0    0    0   0.00000        -1    2    2   9.33880        0.0000017759   0.0000013196
    0    0    0   0.00000         0   -3   -2   9.33880       -0.0000006966  -0.0000006715
    0    0    0   0.00000         0   -3    0   9.33880        0.0000006315   0.0000007779
    0    0    0   0.00000         0   -2   -3   9.33880       -0.0000006966  -0.0000006715
    0    0    0   0.00000         0    0   -3   9.33880        0.0000006315   0.0000007779
    0    0    0   0.00000         0    0    3   9.33880       -0.0000006279   0.0000007767
    0    0    0   0.00000         0    2    3   9.33880        0.0000007161  -0.0000006469
    0    0    0   0.00000         0    3    0   9.33880       -0.0000006279   0.0000007767
    0    0    0   0.00000         0    3    2   9.33880        0.0000007161  -0.0000006469
    0    0    0   0.00000         1   -2   -2   9.33880       -0.0000017567   0.0000013125
    0    0    0   0.00000         1    3    3   9.33880       -0.0000003473  -0.0000000014
    0    0    0   0.00000         2   -1    2   9.33880       -0.0000006966  -0.0000006715
   -1   -1   -1   1.03764        -1   -1   -1   1.03764       -0.0135422341  -0.0000000000
   -1    0    0   1.03764        -1    0    0   1.03764       -0.0135551774  -0.0000000000
    0   -1    0   1.03764         0   -1    0   1.03764       -0.0135292289  -0.0000000000
    0    0   -1   1.03764         0    0   -1   1.03764       -0.0135292287  -0.0000000000
    0    0    1   1.03764         0    0    1   1.03764       -0.0135422339   0.0000000000
    0    1    0   1.03764         0    1    0   1.03764       -0.0135422340  -0.0000000000
    1    0    0   1.03764         1    0    0   1.03764       -0.0135161630   0.0000000000
    1    1    1   1.03764         1    1    1   1.03764       -0.0135292288   0.0000000000
   -1   -1    0   1.38353        -1   -1    0   1.38353       -0.0135828419   0.0000000000
   -1    0   -1   1.38353        -1    0   -1   1.38353       -0.0135828418   0.0000000000
    0   -1   -1   1.38353         0   -1   -1   1.38353       -0.0135457852  -0.0000000000
    0    1    1   1.38353         0    1    1   1.38353       -0.0135828418  -0.0000000000
    1    0    1   1.38353         1    0    1   1.38353       -0.0135457852   0.0000000000
    1    1    0   1.38353         1    1    0   1.38353       -0.0135457852  -0.0000000000
   -2   -1   -1   2.76705        -2   -1   -1   2.76705       -0.0081904807  -0.0000000000
   -1   -2   -1   2.76705        -1   -2   -1   2.76705       -0.0081681467   0.0000000000
   -1   -1   -2   2.76705        -1   -1   -2   2.76705       -0.0081681466   0.0000000000
   -1    0    1   2.76705        -1    0    1   2.76705       -0.0081904806   0.0000000000
   -1    1    0   2.76705        -1    1    0   2.76705       -0.0081904805   0.0000000000
    0   -1    1   2.76705         0   -1    1   2.76705       -0.0081681466  -0.0000000000
    0    1   -1   2.76705         0    1   -1   2.76705       -0.0081681467   0.0000000000
    1   -1    0   2.76705         1   -1    0   2.76705       -0.0081456584  -0.0000000000
    1    0   -1   2.76705         1    0   -1   2.76705       -0.0081456583  -0.0000000000
    1    1    2   2.76705         1    1    2   2.76705       -0.0081681466  -0.0000000000
    1    2    1   2.76705         1    2    1   2.76705       -0.0081681467   0.0000000000
    2    1    1   2.76705         2    1    1   2.76705       -0.0081456583  -0.0000000000
   -2   -2   -1   3.80470        -2   -2   -1   3.80470       -0.0037455319  -0.0000000000
   -2   -1   -2   3.80470        -2   -1   -2   3.80470       -0.0037455318  -0.0000000000
   -2   -1    0   3.80470        -2   -1    0   3.80470       -0.0037506060   0.0000000000
   -2    0   -1   3.80470        -2    0   -1   3.80470       -0.0037506060   0.0000000000
   -1   -2   -2   3.80470        -1   -2   -2   3.80470       -0.0037308409  -0.0000000000
   -1   -2    0   3.80470         2    2    0   5.53410        0.0000062648   0.0000109225
   -1   -1    1   3.80470        -3   -2   -2   6.57175       -0.0001407455   0.0000338545
   -1    0   -2   3.80470        -3   -1   -1   6.57175       -0.0001407989  -0.0000336873
   -1    1   -1   3.80470        -2   -3   -2   6.57175       -0.0001347904  -0.0001521514
   -1    1    1   3.80470        -2   -2   -3   6.57175        0.0000458245  -0.0000104824
    0   -2   -1   3.80470        -2    0    1   6.57175       -0.0000809191   0.0000170199
    0   -1   -2   3.80470        -2    1    0   6.57175       -0.0000809191   0.0000170199
    0    1    2   3.80470        -1   -3   -1   6.57175        0.0000456078   0.0000101288
    0    2    1   3.80470        -1   -1   -3   6.57175        0.0000456078   0.0000101288
    1   -1   -1   3.80470        -1    0    2   6.57175       -0.0001051042   0.0001322875
    1   -1    1   3.80470        -1    2    0   6.57175       -0.0000995226   0.0001819299
    1    0    2   3.80470         0   -2    1   6.57175       -0.0003815138   0.0000671033
    1    1   -1   3.80470         0   -1    2   6.57175       -0.0000995007   0.0001823228
    1    2    0   3.80470         0    1   -2   6.57175       -0.0003815138   0.0000671033
    1    2    2   3.80470         0    2   -1   6.57175        0.0002949034  -0.0000471055
    2    0    1   3.80470         1   -2    0   6.57175       -0.0003818986   0.0000668202
    2    1    0   3.80470         1    0   -2   6.57175       -0.0003818986   0.0000668202
    2    1    2   3.80470         1    1    3   6.57175       -0.0003824390  -0.0000670067
    2    2    1   3.80470         1    3    1   6.57175       -0.0003824390  -0.0000670067
   -2   -2   -2   4.15058         2   -1    0   6.57175       -0.0000439606  -0.0001466634
   -2    0    0   4.15058         2    0   -1   6.57175        0.0001018892   0.0002694927
    0   -2    0   4.15058         2    2    3   6.57175       -0.0000438593   0.0001466794
    0    0   -2   4.15058         2    3    2   6.57175       -0.0000438593   0.0001466794
    0    0    2   4.15058         3    1    1   6.57175       -0.0000439606  -0.0001466634
    0    2    0   4.15058         3    2    2   6.57175        0.0000336512   0.0002363166
    2    0    0   4.15058        -3   -2   -1   6.91763       -0.0001095274  -0.0001364409
    2    2    2   4.15058        -3   -1   -2   6.91763       -0.0001099926   0.0001368064
   -2   -2    0   5.53410        -2   -3   -1   6.91763        0.0002462439   0.0000000292
   -2    0   -2   5.53410        -2   -1   -3   6.91763        0.0002462439   0.0000000292
    0   -2   -2   5.53410        -2   -1    1   6.91763       -0.0000809538   0.0000000604
    0    2    2   5.53410        -2    1   -1   6.91763       -0.0000297475   0.0000001277
    2    0    2   5.53410        -1   -3   -2   6.91763       -0.0001015906  -0.0000329472
    2    2    0   5.53410         1    0    3   8.30115        0.0000330149  -0.0000020936
   -3   -2   -2   6.57175         1    1   -2   8.30115       -0.0000170599  -0.0000181846
   -3   -1   -1   6.57175         1    3    0   8.30115       -0.0000172329   0.0000182382
   -2   -3   -2   6.57175         2   -1   -1   8.30115        0.0000058634  -0.0000576399
   -2   -2   -3   6.57175         2    3    3   8.30115       -0.0000112778   0.0000501654
   -2    0    1   6.57175         3    0    1   8.30115       -0.0000240742  -0.0000711909
   -2    1    0   6.57175         3    1    0   8.30115       -0.0000240742  -0.0000711909
   -1   -3   -1   6.57175         3    2    3   8.30115       -0.0000294581  -0.0000021409
   -1   -1   -3   6.57175         3    3    2   8.30115       -0.0000294581  -0.0000021409
   -1    0    2   6.57175        -3   -3   -3   9.33880       -0.0000183349  -0.0000041757
   -1    2    0   6.57175        -3   -3   -1   9.33880        0.0000248549   0.0000051146
    0   -2    1   6.57175        -3   -2    0   9.33880        0.0000051306   0.0000029451
    0   -1    2   6.57175        -3   -1   -3   9.33880       -0.0000104824   0.0000002259
    0    1   -2   6.57175        -3    0   -2   9.33880        0.0000051306   0.0000029451
    0    2   -1   6.57175        -3    0    0   9.33880        0.0000200945   0.0000034803
    1   -2    0   6.57175        -2   -3    0   9.33880       -0.0000106020  -0.0000152459
    1    0   -2   6.57175        -2   -2    1   9.33880        0.0000342827  -0.0000097620
    1    1    3   6.57175        -2    0   -3   9.33880        0.0000343442   0.0000097068
    1    3    1   6.57175        -2    1   -2   9.33880       -0.0000106906   0.0000153251
    2   -1    0   6.57175        -1   -3   -3   9.33880        0.0000051086  -0.0000029463
    2    0   -1   6.57175        -1    2    2   9.33880        0.0000342711   0.0000097992
    2    2    3   6.57175         0   -3   -2   9.33880       -0.0000102999  -0.0000003158
    2    3    2   6.57175         0   -3    0   9.33880        0.0000025480   0.0000100072
    3    1    1   6.57175         0   -2   -3   9.33880       -0.0000435790  -0.0000191913
    3    2    2   6.57175         0    0   -3   9.33880       -0.0000183566   0.0000041390
   -3   -2   -1   6.91763         0    0    3   9.33880       -0.0000020383   0.0000138244
   -3   -1   -2   6.91763         0    2    3   9.33880       -0.0000115356  -0.0000229658
   -2   -3   -1   6.91763         0    3    0   9.33880       -0.0000251714  -0.0000214456
   -2   -1   -3   6.91763         0    3    2   9.33880       -0.0000048810  -0.0000098425
   -2   -1    1   6.91763         1   -2   -2   9.33880        0.0000015935   0.0000100769
   -2    1   -1   6.91763         1    3    3   9.33880       -0.0000123608   0.0000202990
   -1   -3   -2   6.91763         2   -1    2   9.33880       -0.0000109045   0.0000011423

 For q0 points, you should check the symmetry (eps(G,G') = eps*(-G,-G')) by
 using the eps0sym code. Wavefunction convergence, as well as a finite q-shift
 may cause this property of eps(G,G') to be broken.


             g                   gp         inverse epsilon           nspin= 1
         0    0    0         0    0    0        0.03818729  -0.00000000
        -1   -1   -1         0    0    0        0.00000061  -0.00000607
        -1   -1   -1        -1   -1   -1        0.77572614  -0.00000000
        -1    0    0        -1   -1   -1        0.01196058   0.00201467
        -1    0    0        -1    0    0        0.78362307  -0.00000000
         0   -1    0        -1    0    0       -0.01055245   0.00000147
         0   -1    0         0   -1    0        0.77623680  -0.00000000
         0    0   -1         0   -1    0       -0.00657093   0.00000000
         0    0   -1         0    0   -1        0.77623680  -0.00000000
         0    0    1         0    0   -1       -0.02838322  -0.07505363
         0    0    1         0    0    1        0.77572614   0.00000000
         0    1    0         0    0    1       -0.00644767  -0.00000000
         0    1    0         0    1    0        0.77572614  -0.00000000
         1    0    0         0    1    0       -0.01058979  -0.00000129
         1    0    0         1    0    0        0.78463970   0.00000000
         1    1    1         1    0    0        0.01187221   0.00205694
         1    1    1         1    1    1        0.77623680   0.00000000
        -1   -1    0         1    1    1       -0.00751088  -0.00758505
        -1   -1    0        -1   -1    0        0.81771030   0.00000000
        -1    0   -1        -1   -1    0        0.00648799  -0.00000000
        -1    0   -1        -1    0   -1        0.81771030   0.00000000
         0   -1   -1        -1    0   -1        0.00421198  -0.00000006
         0   -1   -1         0   -1   -1        0.81840623   0.00000000
         0    1    1         0   -1   -1        0.01154086  -0.00000024
         0    1    1         0    1    1        0.81771030   0.00000000
         1    0    1         0    1    1        0.00421198  -0.00000006
         1    0    1         1    0    1        0.81840623   0.00000000
         1    1    0         1    0    1        0.00641760   0.00000000
         1    1    0         1    1    0        0.81840623  -0.00000000
        -2   -1   -1         1    1    0        0.00135932   0.00000717
        -2   -1   -1        -2   -1   -1        0.94038463  -0.00000000
        -1   -2   -1        -2   -1   -1        0.00167308   0.00007023
        -1   -2   -1        -1   -2   -1        0.93612423  -0.00000000
        -1   -1   -2        -1   -2   -1        0.00166291   0.00000000
        -1   -1   -2        -1   -1   -2        0.93612423   0.00000000
        -1    0    1        -1   -1   -2        0.00154022   0.00010146
        -1    0    1        -1    0    1        0.94038463   0.00000000
        -1    1    0        -1    0    1        0.00617768   0.00000000
        -1    1    0        -1    1    0        0.94038464   0.00000000
         0   -1    1        -1    1    0        0.00153868  -0.00010136
         0   -1    1         0   -1    1        0.93612423  -0.00000000
         0    1   -1         0   -1    1        0.02066728   0.00000000
         0    1   -1         0    1   -1        0.93612423  -0.00000000
         1   -1    0         0    1   -1        0.00155555  -0.00009947
         1   -1    0         1   -1    0        0.94077751  -0.00000000
         1    0   -1         1   -1    0        0.00605380  -0.00000000
         1    0   -1         1    0   -1        0.94077751  -0.00000000
         1    1    2         1    0   -1        0.00155711   0.00009957
         1    1    2         1    1    2        0.93612423  -0.00000000
         1    2    1         1    1    2        0.00165532  -0.00000000
         1    2    1         1    2    1        0.93612423   0.00000000
         2    1    1         1    2    1        0.00163815   0.00007757
         2    1    1         2    1    1        0.94077751   0.00000000
        -2   -2   -1         2    1    1        0.00205841   0.00344212
        -2   -2   -1        -2   -2   -1        0.97927094  -0.00000000
        -2   -1   -2        -2   -2   -1       -0.00511431  -0.00000000
        -2   -1   -2        -2   -1   -2        0.97927094  -0.00000000
        -2   -1    0        -2   -1   -2       -0.00010806   0.00291051
        -2   -1    0        -2   -1    0        0.98192214  -0.00000000
        -2    0   -1        -2   -1    0       -0.00242794  -0.00000000
        -2    0   -1        -2    0   -1        0.98192214   0.00000000
        -1   -2   -2        -2    0   -1       -0.00215534   0.00086925
        -1   -2   -2        -1   -2   -2        0.97879710  -0.00000000
        -1   -2    0        -1   -2   -2        0.00051463   0.00426095
        -1   -2    0         2    2    0        0.00002718   0.00000614
        -1   -1    1         2    2    0       -0.00020509  -0.00037770
        -1   -1    1        -3   -2   -2       -0.00098835   0.00028129
        -1    0   -2        -3   -2   -2        0.00126937  -0.00036947
        -1    0   -2        -3   -1   -1       -0.00071666  -0.00026536
        -1    1   -1        -3   -1   -1        0.00128559  -0.00004841
        -1    1   -1        -2   -3   -2       -0.00081577  -0.00097174
        -1    1    1        -2   -3   -2        0.00006240   0.00022579
        -1    1    1        -2   -2   -3        0.00006240   0.00022579
         0   -2   -1        -2   -2   -3        0.00139742  -0.00046052
         0   -2   -1        -2    0    1       -0.00005008  -0.00000246
         0   -1   -2        -2    0    1       -0.00020194  -0.00083579
         0   -1   -2        -2    1    0       -0.00005008  -0.00000246
         0    1    2        -2    1    0        0.00128559  -0.00004841
         0    1    2        -1   -3   -1        0.00034906   0.00019446
         0    2    1        -1   -3   -1       -0.00039619  -0.00083498
         0    2    1        -1   -1   -3        0.00034906   0.00019446
         1   -1   -1        -1   -1   -3        0.00111146   0.00004242
         1   -1   -1        -1    0    2       -0.00013578   0.00047659
         1   -1    1        -1    0    2        0.00155020  -0.00046537
         1   -1    1        -1    2    0       -0.00062637   0.00083079
         1    0    2        -1    2    0       -0.00044141  -0.00016071
         1    0    2         0   -2    1       -0.00214395   0.00051793
         1    1   -1         0   -2    1       -0.00061809  -0.00052607
         1    1   -1         0   -1    2       -0.00039584   0.00083549
         1    2    0         0   -1    2       -0.00056003   0.00061500
         1    2    0         0    1   -2       -0.00214395   0.00051793
         1    2    2         0    1   -2       -0.00111167  -0.00028642
         1    2    2         0    2   -1        0.00171844  -0.00037757
         2    0    1         0    2   -1       -0.00020578   0.00012430
         2    0    1         1   -2    0       -0.00183370   0.00018745
         2    1    0         1   -2    0        0.00156512  -0.00029674
         2    1    0         1    0   -2       -0.00183370   0.00018745
         2    1    2         1    0   -2       -0.00126130  -0.00040309
         2    1    2         1    1    3       -0.00208009  -0.00060496
         2    2    1         1    1    3        0.00132790  -0.00011972
         2    2    1         1    3    1       -0.00208009  -0.00060496
        -2   -2   -2         1    3    1       -0.00032358  -0.00028712
        -2   -2   -2         2   -1    0       -0.00018755  -0.00040492
        -2    0    0         2   -1    0       -0.00018802   0.00069151
        -2    0    0         2    0   -1       -0.00018802   0.00069150
         0   -2    0         2    0   -1        0.00041311  -0.00107894
         0   -2    0         2    2    3       -0.00013999   0.00083252
         0    0   -2         2    2    3       -0.00032298   0.00028331
         0    0   -2         2    3    2       -0.00013999   0.00083252
         0    0    2         2    3    2        0.00010268   0.00137885
         0    0    2         3    1    1       -0.00018755  -0.00040492
         0    2    0         3    1    1       -0.00018755  -0.00040492
         0    2    0         3    2    2        0.00000457   0.00121404
         2    0    0         3    2    2       -0.00003293  -0.00040834
         2    0    0        -3   -2   -1       -0.00044141  -0.00001344
         2    2    2        -3   -2   -1       -0.00064332   0.00053617
         2    2    2        -3   -1   -2       -0.00064332   0.00053617
        -2   -2    0        -3   -1   -2       -0.00018437   0.00004694
        -2   -2    0        -2   -3   -1        0.00096615  -0.00004650
        -2    0   -2        -2   -3   -1       -0.00039939   0.00008116
        -2    0   -2        -2   -1   -3        0.00096615  -0.00004650
         0   -2   -2        -2   -1   -3       -0.00008782   0.00004649
         0   -2   -2        -2   -1    1       -0.00020960  -0.00004653
         0    2    2        -2   -1    1       -0.00018437   0.00004694
         0    2    2        -2    1   -1       -0.00018437   0.00004694
         2    0    2        -2    1   -1        0.00023385  -0.00004650
         2    0    2        -1   -3   -2       -0.00039711  -0.00008171
         2    2    0        -1   -3   -2       -0.00030456   0.00004642
         2    2    0         1    0    3        0.00012756  -0.00002512
        -3   -2   -2         1    0    3        0.00000472   0.00000579
        -3   -2   -2         1    1   -2       -0.00005263  -0.00005609
        -3   -1   -1         1    1   -2       -0.00000282  -0.00002665
        -3   -1   -1         1    3    0       -0.00007505   0.00004154
        -2   -3   -2         1    3    0        0.00004115  -0.00000032
        -2   -3   -2         2   -1   -1        0.00002516  -0.00016697
        -2   -2   -3         2   -1   -1        0.00002516  -0.00016697
        -2   -2   -3         2    3    3       -0.00003183   0.00013809
        -2    0    1         2    3    3        0.00000568   0.00016459
        -2    0    1         3    0    1       -0.00003080  -0.00018700
        -2    1    0         3    0    1        0.00001490  -0.00011638
        -2    1    0         3    1    0       -0.00003080  -0.00018700
        -1   -3   -1         3    1    0       -0.00007004   0.00004057
        -1   -3   -1         3    2    3       -0.00010966  -0.00000662
        -1   -1   -3         3    2    3        0.00003798  -0.00000410
        -1   -1   -3         3    3    2       -0.00010966  -0.00000662
        -1    0    2         3    3    2       -0.00005263  -0.00005609
        -1    0    2        -3   -3   -3       -0.00007001  -0.00000880
        -1    2    0        -3   -3   -3       -0.00007001  -0.00000880
        -1    2    0        -3   -3   -1        0.00009814   0.00002193
         0   -2    1        -3   -3   -1       -0.00006047   0.00004268
         0   -2    1        -3   -2    0        0.00001090  -0.00000423
         0   -1    2        -3   -2    0       -0.00004238  -0.00002865
         0   -1    2        -3   -1   -3       -0.00002278  -0.00000520
         0    1   -2        -3   -1   -3       -0.00006047   0.00004268
         0    1   -2        -3    0   -2        0.00001090  -0.00000423
         0    2   -1        -3    0   -2       -0.00004238  -0.00002865
         0    2   -1        -3    0    0        0.00006459  -0.00000276
         1   -2    0        -3    0    0        0.00002830   0.00000893
         1   -2    0        -2   -3    0       -0.00002452  -0.00005548
         1    0   -2        -2   -3    0       -0.00002752  -0.00000289
         1    0   -2        -2   -2    1        0.00010611  -0.00002606
         1    1    3        -2   -2    1       -0.00001982   0.00004797
         1    1    3        -2    0   -3        0.00009913   0.00003355
         1    3    1        -2    0   -3       -0.00015339  -0.00005155
         1    3    1        -2    1   -2       -0.00001982   0.00004797
         2   -1    0        -2    1   -2       -0.00006003   0.00003394
         2   -1    0        -1   -3   -3        0.00001840  -0.00000873
         2    0   -1        -1   -3   -3        0.00001840  -0.00000873
         2    0   -1        -1    2    2        0.00008472  -0.00000229
         2    2    3        -1    2    2        0.00001090  -0.00000423
         2    2    3         0   -3   -2       -0.00002242   0.00000491
         2    3    2         0   -3   -2       -0.00003790  -0.00002453
         2    3    2         0   -3    0        0.00000123   0.00001571
         3    1    1         0   -3    0        0.00007484  -0.00000319
         3    1    1         0   -2   -3       -0.00014450  -0.00003513
         3    2    2         0   -2   -3        0.00009736  -0.00002173
         3    2    2         0    0   -3       -0.00006999   0.00000887
        -3   -2   -1         0    0   -3       -0.00001587  -0.00000311
        -3   -2   -1         0    0    3       -0.00000047   0.00006229
        -3   -1   -2         0    0    3       -0.00002788   0.00001875
        -3   -1   -2         0    2    3       -0.00001470  -0.00008700
        -2   -3   -1         0    2    3       -0.00001333  -0.00004612
        -2   -3   -1         0    3    0       -0.00005773  -0.00004680
        -2   -1   -3         0    3    0        0.00001344   0.00006193
        -2   -1   -3         0    3    2       -0.00001333  -0.00004612
        -2   -1    1         0    3    2       -0.00001556  -0.00007778
        -2   -1    1         1   -2   -2       -0.00001781   0.00002369
        -2    1   -1         1   -2   -2       -0.00001781   0.00002369
        -2    1   -1         1    3    3       -0.00003003   0.00007345
        -1   -3   -2         1    3    3        0.00003414  -0.00010922
        -1   -3   -2         2   -1    2       -0.00003048   0.00002188
        -1   -2   -3         2   -1    2       -0.00001319   0.00004591


     q= 0.0000 0.0000 0.5000  nmtx=     168  nrk= 10

           independent matrix elements of chi       spin index= 1 1

          g          g**2          gp          gp**2          chi(g,gp)
    0    0   -1   0.25941         0    0   -1   0.25941       -0.0171270868  -0.0000000000
    0    0    0   0.25941         0    0   -1   0.25941        0.0005225213  -0.0057583758
    0    0    0   0.25941         0    0    0   0.25941       -0.0171270871  -0.0000000000
    0    0    0   0.25941        -1   -1   -1   0.95117       -0.0021677078  -0.0037453565
    0    0    0   0.25941        -1    0   -1   0.95117        0.0007108297  -0.0013651732
    0    0    0   0.25941         0   -1   -1   0.95117        0.0007108296  -0.0013651731
    0    0    0   0.25941         0    1    0   0.95117       -0.0021677078  -0.0037453564
    0    0    0   0.25941         1    0    0   0.95117       -0.0021677078  -0.0037453564
    0    0    0   0.25941         1    1    0   0.95117        0.0007108296  -0.0013651731
    0    0    0   0.25941        -1   -1   -2   1.64294       -0.0002550775  -0.0007655110
    0    0    0   0.25941        -1    0    0   1.64294       -0.0013235945   0.0032021705
    0    0    0   0.25941         0   -1    0   1.64294       -0.0013235946   0.0032021705
    0    0    0   0.25941         0    1   -1   1.64294       -0.0002550774  -0.0007655109
    0    0    0   0.25941         1    0   -1   1.64294       -0.0002550773  -0.0007655109
    0    0    0   0.25941         1    1    1   1.64294       -0.0013235946   0.0032021705
    0    0    0   0.25941        -1   -1    0   2.33470        0.0007162251   0.0005941574
    0    0    0   0.25941        -1    0   -2   2.33470       -0.0008091388  -0.0009683849
    0    0    0   0.25941         0   -1   -2   2.33470       -0.0008091388  -0.0009683849
    0    0    0   0.25941         0    0   -2   2.33470       -0.0000222095  -0.0053952877
    0    0    0   0.25941         0    0    1   2.33470       -0.0009391680  -0.0010714938
    0    0    0   0.25941         0    1    1   2.33470        0.0007162251   0.0005941574
    0    0    0   0.25941         1    0    1   2.33470        0.0007162251   0.0005941575
    0    0    0   0.25941         1    1   -1   2.33470       -0.0008091388  -0.0009683850
    0    0    0   0.25941        -2   -1   -2   3.02646       -0.0000064289   0.0004164832
    0    0    0   0.25941        -2   -1   -1   3.02646       -0.0001287339   0.0002329338
    0    0    0   0.25941        -1   -2   -2   3.02646       -0.0000064289   0.0004164832
    0    0    0   0.25941        -1   -2   -1   3.02646       -0.0001287339   0.0002329338
    0    0    0   0.25941        -1    1   -1   3.02646       -0.0000064290   0.0004164833
    0    0    0   0.25941        -1    1    0   3.02646       -0.0001287340   0.0002329338
    0    0    0   0.25941         1   -1   -1   3.02646       -0.0000064290   0.0004164832
    0    0    0   0.25941         1   -1    0   3.02646       -0.0001287340   0.0002329337
    0    0    0   0.25941         1    2    0   3.02646       -0.0000064290   0.0004164832
    0    0    0   0.25941         1    2    1   3.02646       -0.0001287339   0.0002329338
    0    0    0   0.25941         1    2   -1   5.10175        0.0000349918   0.0000326907
    0    0    0   0.25941         1    2    2   5.10175        0.0004261091   0.0005127864
    0    0    0   0.25941         2    0   -1   5.10175        0.0004289624   0.0003264505
    0    0    0   0.25941         2    1   -1   5.10175        0.0000349918   0.0000326907
    0    0    0   0.25941         2    1    2   5.10175        0.0004261091   0.0005127863
    0    0    0   0.25941         2    2    2   5.10175       -0.0000000245   0.0005617620
    0    0    0   0.25941        -1   -1    1   5.79351        0.0003330361  -0.0004039684
    0    0    0   0.25941        -1    0   -3   5.79351        0.0005249076   0.0005837592
    0    0    0   0.25941         0   -1   -3   5.79351        0.0005249076   0.0005837592
    0    0    0   0.25941         0    1    2   5.79351        0.0003330361  -0.0004039684
    0    0    0   0.25941         1    0    2   5.79351        0.0003330361  -0.0004039683
    0    0    0   0.25941         1    1   -2   5.79351        0.0005249076   0.0005837592
    0    0    0   0.25941        -3   -2   -2   6.48528        0.0004165466   0.0002856487
    0    0    0   0.25941        -3   -1   -2   6.48528        0.0000046019   0.0004081626
    0    0    0   0.25941        -2   -3   -2   6.48528        0.0004165466   0.0002856487
    0    0    0   0.25941        -2    1   -1   6.48528        0.0000046019   0.0004081626
    0    0    0   0.25941        -1   -3   -2   6.48528        0.0000046018   0.0004081626
    0    0    0   0.25941        -1    2    0   6.48528        0.0004165466   0.0002856487
    0    0    0   0.25941         0    0   -3   6.48528       -0.0005798150   0.0002412855
    0    0    0   0.25941         0    0    2   6.48528       -0.0001811439  -0.0002021878
    0    0    0   0.25941         1   -2   -1   6.48528        0.0000046019   0.0004081626
    0    0    0   0.25941         1    3    1   6.48528        0.0004165466   0.0002856487
    0    0    0   0.25941         2   -1    0   6.48528        0.0004165466   0.0002856486
    0    0    0   0.25941         2    3    1   6.48528        0.0000046018   0.0004081626
    0    0    0   0.25941         3    1    1   6.48528        0.0004165466   0.0002856487
    0    0    0   0.25941         3    2    1   6.48528        0.0000046018   0.0004081626
    0    0    0   0.25941        -3   -2   -3   7.17704        0.0001950382  -0.0000185125
    0    0    0   0.25941        -3   -1   -1   7.17704        0.0000532438  -0.0001402237
    0    0    0   0.25941        -2   -3   -3   7.17704        0.0001950382  -0.0000185125
    0    0    0   0.25941        -2   -2    0   7.17704        0.0005565309  -0.0000167420
    0    0    0   0.25941        -2    0   -3   7.17704        0.0001235011   0.0000427679
    0    0    0   0.25941        -2    1    0   7.17704        0.0000532438  -0.0001402237
    0    0    0   0.25941         0   -2    1   8.56056        0.0001224242  -0.0002758508
    0    0    0   0.25941         0    2   -2   8.56056        0.0001952753   0.0001486727
    0    0    0   0.25941         0    3    0   8.56056       -0.0000898440   0.0000533493
    0    0    0   0.25941         0    3    1   8.56056        0.0002022711  -0.0000677417
    0    0    0   0.25941         2    0   -2   8.56056        0.0001952753   0.0001486727
    0    0    0   0.25941         2    2    3   8.56056        0.0001224242  -0.0002758508
    0    0    0   0.25941         3    0    0   8.56056       -0.0000898440   0.0000533493
    0    0    0   0.25941         3    0    1   8.56056        0.0002022710  -0.0000677417
    0    0    0   0.25941         3    3    1   8.56056       -0.0000237604  -0.0000559280
    0    0    0   0.25941         3    3    2   8.56056        0.0003081055  -0.0000595192
    0    0    0   0.25941        -2   -1   -4   9.25233       -0.0000277914   0.0002488441
    0    0    0   0.25941        -2   -1    1   9.25233       -0.0001309008  -0.0000621792
    0    0    0   0.25941        -1   -2   -4   9.25233       -0.0000277914   0.0002488441
    0    0    0   0.25941        -1   -2    1   9.25233       -0.0001309008  -0.0000621792
    0    0    0   0.25941        -1   -1   -4   9.25233       -0.0001136293  -0.0000503192
    0    0    0   0.25941        -1    0    2   9.25233        0.0000715838   0.0002067269
    0    0    0   0.25941        -1    1   -3   9.25233       -0.0000277914   0.0002488441
    0    0    0   0.25941        -1    1    2   9.25233       -0.0001309008  -0.0000621792
    0    0    0   0.25941         0   -1    2   9.25233        0.0000715838   0.0002067269
    0    0    0   0.25941         0    1   -3   9.25233       -0.0001136293  -0.0000503192
    0    0    0   0.25941         1   -1   -3   9.25233       -0.0000277914   0.0002488441
    0    0    0   0.25941         1   -1    2   9.25233       -0.0001309008  -0.0000621792
    0    0    0   0.25941         1    0   -3   9.25233       -0.0001136293  -0.0000503192
    0    0    0   0.25941         1    1    3   9.25233        0.0000715838   0.0002067269
    0    0    0   0.25941         1    2   -2   9.25233       -0.0000277914   0.0002488441
    0    0    0   0.25941         1    2    3   9.25233       -0.0001309008  -0.0000621792
    0    0    0   0.25941         2    1   -2   9.25233       -0.0000277914   0.0002488441
    0    0    0   0.25941         2    1    3   9.25233       -0.0001309008  -0.0000621792
    0    0    0   0.25941        -3   -2   -4   9.94409       -0.0000515415   0.0000348451
    0    0    0   0.25941        -3   -1    0   9.94409        0.0002412808  -0.0000455756
    0    0    0   0.25941        -2   -3   -4   9.94409       -0.0000515415   0.0000348450
    0    0    0   0.25941        -2    1    1   9.94409        0.0002412808  -0.0000455756
   -1   -1   -1   0.95117        -1   -1   -1   0.95117       -0.0162834021   0.0000000000
   -1    0   -1   0.95117        -1    0   -1   0.95117       -0.0162834021   0.0000000000
    0   -1   -1   0.95117         0   -1   -1   0.95117       -0.0162834018  -0.0000000000
    0    1    0   0.95117         0    1    0   0.95117       -0.0162834020  -0.0000000000
    1    0    0   0.95117         1    0    0   0.95117       -0.0162834017   0.0000000000
    1    1    0   0.95117         1    1    0   0.95117       -0.0162834018   0.0000000000
   -1   -1   -2   1.64294        -1   -1   -2   1.64294       -0.0110247235  -0.0000000000
   -1    0    0   1.64294        -1    0    0   1.64294       -0.0110247236  -0.0000000000
    0   -1    0   1.64294         0   -1    0   1.64294       -0.0110247234   0.0000000000
    0    1   -1   1.64294         0    1   -1   1.64294       -0.0110247234  -0.0000000000
    1    0   -1   1.64294         1    0   -1   1.64294       -0.0110247231  -0.0000000000
    1    1    1   1.64294         1    1    1   1.64294       -0.0110247233  -0.0000000000
   -1   -1    0   2.33470        -1   -1    0   2.33470       -0.0089278808   0.0000000000
   -1    0   -2   2.33470        -1    0   -2   2.33470       -0.0089278807   0.0000000000
    0   -1   -2   2.33470         0   -1   -2   2.33470       -0.0089278806  -0.0000000000
    0    0   -2   2.33470         0    0   -2   2.33470       -0.0086010158   0.0000000000
    0    0    1   2.33470         0    0    1   2.33470       -0.0086010160   0.0000000000
    0    1    1   2.33470         0    1    1   2.33470       -0.0089278807   0.0000000000
    1    0    1   2.33470         1    0    1   2.33470       -0.0089278806   0.0000000000
    1    1   -1   2.33470         1    1   -1   2.33470       -0.0089278806  -0.0000000000
   -2   -1   -2   3.02646        -2   -1   -2   3.02646       -0.0067279000  -0.0000000000
   -2   -1   -1   3.02646        -2   -1   -1   3.02646       -0.0067279000   0.0000000000
   -1   -2   -2   3.02646        -1   -2   -2   3.02646       -0.0067278998  -0.0000000000
   -1   -2   -1   3.02646        -1   -2   -1   3.02646       -0.0067278999  -0.0000000000
   -1    1   -1   3.02646        -1    1   -1   3.02646       -0.0067278999   0.0000000000
   -1    1    0   3.02646        -1    1    0   3.02646       -0.0067278999   0.0000000000
    1   -1   -1   3.02646         1   -1   -1   3.02646       -0.0067278998   0.0000000000
    1   -1    0   3.02646         1   -1    0   3.02646       -0.0067278997   0.0000000000
    1    2    0   3.02646         1    2    0   3.02646       -0.0067278999   0.0000000000
    1    2    1   3.02646         1    2    1   3.02646       -0.0067278998   0.0000000000
    2    1    0   3.02646         1    2   -1   5.10175        0.0001343854  -0.0000308687
    2    1    1   3.02646         1    2    2   5.10175       -0.0000678883  -0.0000585797
   -2   -2   -2   3.71823         2    0   -1   5.10175        0.0000049971  -0.0002097364
   -2    0   -1   3.71823         2    1   -1   5.10175       -0.0003002886  -0.0000508942
    0   -2   -1   3.71823         2    1    2   5.10175        0.0003257393   0.0000877188
    0    2    0   3.71823         2    2    2   5.10175        0.0004619582   0.0001172878
    2    0    0   3.71823        -1   -1    1   5.79351       -0.0000927869   0.0000884370
    2    2    1   3.71823        -1    0   -3   5.79351       -0.0000927869  -0.0000884370
   -2   -2   -1   4.40999         0   -1   -3   5.79351       -0.0000051707   0.0001637654
   -2    0   -2   4.40999         0    1    2   5.79351       -0.0000051707  -0.0001637655
   -1   -1   -3   4.40999         1    0    2   5.79351       -0.0001914233   0.0000639651
   -1    0    1   4.40999         1    1   -2   5.79351       -0.0001914234  -0.0000639651
    0   -2   -2   4.40999        -3   -2   -2   6.48528        0.0000775048   0.0002127806
    0   -1    1   4.40999        -3   -1   -2   6.48528       -0.0001257711   0.0000054857
    0    1   -2   4.40999        -2   -3   -2   6.48528       -0.0000708855  -0.0000268613
    0    2    1   4.40999        -2    1   -1   6.48528        0.0000607192   0.0001152132
    1    0   -2   4.40999        -1   -3   -2   6.48528       -0.0000208501  -0.0001583728
    1    1    2   4.40999        -1    2    0   6.48528       -0.0000208501   0.0001583728
    2    0    1   4.40999         0    0   -3   6.48528       -0.0000451102  -0.0000513677
    2    2    0   4.40999         0    0    2   6.48528       -0.0000451102   0.0000513677
   -2   -2   -3   5.10175         1   -2   -1   6.48528       -0.0000093776   0.0001345885
   -2   -1   -3   5.10175         1    3    1   6.48528        0.0000224767  -0.0000771595
   -2   -1    0   5.10175         2   -1    0   6.48528       -0.0000405044   0.0000128208
   -2    0    0   5.10175         2    3    1   6.48528        0.0000801586   0.0000117419
   -1   -2   -3   5.10175         3    1    1   6.48528        0.0000224767  -0.0000771595
   -1   -2    0   5.10175         3    2    1   6.48528       -0.0000286507   0.0000012486
   -1    1   -2   5.10175        -3   -2   -3   7.17704       -0.0000362642   0.0000186676
   -1    1    1   5.10175        -3   -1   -1   7.17704        0.0000532569  -0.0000420489
    0   -2    0   5.10175        -2   -3   -3   7.17704       -0.0000674735   0.0000758820
    0    2   -1   5.10175        -2   -2    0   7.17704       -0.0000160192   0.0000266405
    1   -1   -2   5.10175        -2    0   -3   7.17704       -0.0000427483   0.0000729146
    1   -1    1   5.10175        -2    1    0   7.17704       -0.0000469043  -0.0000384030
    1    2   -1   5.10175         0   -2    1   8.56056       -0.0000068277  -0.0000967900
    1    2    2   5.10175         0    2   -2   8.56056        0.0000086199  -0.0000825538
    2    0   -1   5.10175         0    3    0   8.56056       -0.0000189310  -0.0000002596
    2    1   -1   5.10175         0    3    1   8.56056       -0.0000540096  -0.0000219205
    2    1    2   5.10175         2    0   -2   8.56056        0.0000086199  -0.0000825538
    2    2    2   5.10175         2    2    3   8.56056       -0.0000907927  -0.0001975263
   -1   -1    1   5.79351         3    0    0   8.56056       -0.0000120465  -0.0000234990
   -1    0   -3   5.79351         3    0    1   8.56056       -0.0000474502  -0.0000013401
    0   -1   -3   5.79351         3    3    1   8.56056        0.0000094977  -0.0000297786
    0    1    2   5.79351         3    3    2   8.56056        0.0000009278   0.0000344823
    1    0    2   5.79351        -2   -1   -4   9.25233        0.0000526506   0.0000096027
    1    1   -2   5.79351        -2   -1    1   9.25233        0.0000526506  -0.0000096027
   -3   -2   -2   6.48528        -1   -2   -4   9.25233       -0.0000128548   0.0000024342
   -3   -1   -2   6.48528        -1   -2    1   9.25233        0.0000196810   0.0000055672
   -2   -3   -2   6.48528        -1   -1   -4   9.25233       -0.0000173344   0.0000268287
   -2    1   -1   6.48528        -1    0    2   9.25233       -0.0000173344  -0.0000268287
   -1   -3   -2   6.48528        -1    1   -3   9.25233       -0.0000108056   0.0000081390
   -1    2    0   6.48528        -1    1    2   9.25233       -0.0000143155  -0.0000154516
    0    0   -3   6.48528         0   -1    2   9.25233       -0.0000324599   0.0000099654
    0    0    2   6.48528         0    1   -3   9.25233       -0.0000324599  -0.0000099654
    1   -2   -1   6.48528         1   -1   -3   9.25233       -0.0000143155   0.0000154516
    1    3    1   6.48528         1   -1    2   9.25233       -0.0000108056  -0.0000081390
    2   -1    0   6.48528         1    0   -3   9.25233       -0.0000173344   0.0000268287
    2    3    1   6.48528         1    1    3   9.25233       -0.0000173344  -0.0000268287
    3    1    1   6.48528         1    2   -2   9.25233        0.0000196810  -0.0000055672
    3    2    1   6.48528         1    2    3   9.25233       -0.0000128548  -0.0000024342
   -3   -2   -3   7.17704         2    1   -2   9.25233       -0.0000042874   0.0000036566
   -3   -1   -1   7.17704         2    1    3   9.25233       -0.0000042874  -0.0000036566
   -2   -3   -3   7.17704        -3   -2   -4   9.94409       -0.0000005210  -0.0000061197
   -2   -2    0   7.17704        -3   -1    0   9.94409       -0.0000461099  -0.0000068930
   -2    0   -3   7.17704        -2   -3   -4   9.94409        0.0000029817  -0.0000035073
   -2    1    0   7.17704        -2    1    1   9.94409       -0.0000181950  -0.0000525006


             g                   gp         inverse epsilon           nspin= 1
         0    0   -1         0    0   -1        0.42540119   0.00000000
         0    0    0         0    0   -1        0.00091780  -0.09183559
         0    0    0         0    0    0        0.42540119  -0.00000000
        -1   -1   -1         0    0    0       -0.01609324   0.02697993
        -1   -1   -1        -1   -1   -1        0.72747955   0.00000000
        -1    0   -1        -1   -1   -1       -0.02477147   0.04327367
        -1    0   -1        -1    0   -1        0.72747955  -0.00000000
         0   -1   -1        -1    0   -1        0.00396023   0.00000000
         0   -1   -1         0   -1   -1        0.72747955   0.00000000
         0    1    0         0   -1   -1       -0.01269300   0.02398161
         0    1    0         0    1    0        0.72747955   0.00000000
         1    0    0         0    1    0        0.00396023  -0.00000000
         1    0    0         1    0    0        0.72747956   0.00000000
         1    1    0         1    0    0       -0.02477146   0.04327367
         1    1    0         1    1    0        0.72747955  -0.00000000
        -1   -1   -2         1    1    0        0.00431875  -0.02981488
        -1   -1   -2        -1   -1   -2        0.87253089   0.00000000
        -1    0    0        -1   -1   -2        0.00168004  -0.00521783
        -1    0    0        -1    0    0        0.87253089   0.00000000
         0   -1    0        -1    0    0        0.00317233   0.00000000
         0   -1    0         0   -1    0        0.87253090  -0.00000000
         0    1   -1         0   -1    0        0.01802538  -0.03019967
         0    1   -1         0    1   -1        0.87253090   0.00000000
         1    0   -1         0    1   -1        0.00317233  -0.00000000
         1    0   -1         1    0   -1        0.87253090   0.00000000
         1    1    1         1    0   -1        0.00168004  -0.00521783
         1    1    1         1    1    1        0.87253090  -0.00000000
        -1   -1    0         1    1    1        0.00184918   0.00444411
        -1   -1    0        -1   -1    0        0.91955394   0.00000000
        -1    0   -2        -1   -1    0        0.00744853   0.00312607
        -1    0   -2        -1    0   -2        0.91955394   0.00000000
         0   -1   -2        -1    0   -2        0.00797385  -0.00000000
         0   -1   -2         0   -1   -2        0.91955394  -0.00000000
         0    0   -2         0   -1   -2       -0.01201715   0.01868677
         0    0   -2         0    0   -2        0.92904215   0.00000000
         0    0    1         0    0   -2        0.00231099   0.01426661
         0    0    1         0    0    1        0.92904215   0.00000000
         0    1    1         0    0    1       -0.01201715   0.01868677
         0    1    1         0    1    1        0.91955394   0.00000000
         1    0    1         0    1    1        0.00797385   0.00000000
         1    0    1         1    0    1        0.91955394   0.00000000
         1    1   -1         1    0    1        0.00744853   0.00312607
         1    1   -1         1    1   -1        0.91955394  -0.00000000
        -2   -1   -2         1    1   -1        0.00075438  -0.00141953
        -2   -1   -2        -2   -1   -2        0.95189546   0.00000000
        -2   -1   -1        -2   -1   -2       -0.01249155   0.02239893
        -2   -1   -1        -2   -1   -1        0.95189546   0.00000000
        -1   -2   -2        -2   -1   -1        0.00250471   0.00458234
        -1   -2   -2        -1   -2   -2        0.95189546  -0.00000000
        -1   -2   -1        -1   -2   -2       -0.01249155   0.02239893
        -1   -2   -1        -1   -2   -1        0.95189546  -0.00000000
        -1    1   -1        -1   -2   -1       -0.00094827   0.00070568
        -1    1   -1        -1    1   -1        0.95189546   0.00000000
        -1    1    0        -1    1   -1       -0.01249155   0.02239893
        -1    1    0        -1    1    0        0.95189546   0.00000000
         1   -1   -1        -1    1    0        0.00487446   0.01033005
         1   -1   -1         1   -1   -1        0.95189547   0.00000000
         1   -1    0         1   -1   -1       -0.01249155   0.02239893
         1   -1    0         1   -1    0        0.95189547  -0.00000000
         1    2    0         1   -1    0       -0.00094827   0.00070568
         1    2    0         1    2    0        0.95189546  -0.00000000
         1    2    1         1    2    0       -0.01249155   0.02239893
         1    2    1         1    2    1        0.95189546   0.00000000
         2    1    0         1    2    1        0.00250471   0.00458234
         2    1    0         1    2   -1        0.00132961  -0.00039392
         2    1    1         1    2   -1       -0.00194874  -0.00042546
         2    1    1         1    2    2       -0.00047804  -0.00025363
        -2   -2   -2         1    2    2       -0.00162230   0.00024984
        -2   -2   -2         2    0   -1        0.00025029  -0.00118305
        -2    0   -1         2    0   -1       -0.00263533   0.00231229
        -2    0   -1         2    1   -1       -0.00162230  -0.00024984
         0   -2   -1         2    1   -1        0.00002756   0.00144540
         0   -2   -1         2    1    2        0.00206964   0.00033143
         0    2    0         2    1    2        0.00002756  -0.00144540
         0    2    0         2    2    2        0.00275110   0.00090808
         2    0    0         2    2    2        0.00275110   0.00090808
         2    0    0        -1   -1    1       -0.00038302   0.00047779
         2    2    1        -1   -1    1       -0.00048304   0.00004474
         2    2    1        -1    0   -3       -0.00038302  -0.00047779
        -2   -2   -1        -1    0   -3        0.00005302   0.00082683
        -2   -2   -1         0   -1   -3        0.00005302   0.00082683
        -2    0   -2         0   -1   -3        0.00103213  -0.00013766
        -2    0   -2         0    1    2        0.00005302  -0.00082683
        -1   -1   -3         0    1    2       -0.00074824   0.00021373
        -1   -1   -3         1    0    2       -0.00074824   0.00021373
        -1    0    1         1    0    2       -0.00018002   0.00058167
        -1    0    1         1    1   -2       -0.00074824  -0.00021373
         0   -2   -2         1    1   -2        0.00103213  -0.00013766
         0   -2   -2        -3   -2   -2        0.00045458   0.00103151
         0   -1    1        -3   -2   -2       -0.00006046   0.00077055
         0   -1    1        -3   -1   -2       -0.00057442   0.00004271
         0    1   -2        -3   -1   -2       -0.00006046  -0.00077055
         0    1   -2        -2   -3   -2       -0.00029459  -0.00012746
         0    2    1        -2   -3   -2       -0.00040601   0.00024373
         0    2    1        -2    1   -1        0.00039115   0.00058303
         1    0   -2        -2    1   -1        0.00013514  -0.00034523
         1    0   -2        -1   -3   -2       -0.00006046  -0.00077055
         1    1    2        -1   -3   -2       -0.00029459   0.00012746
         1    1    2        -1    2    0       -0.00006046   0.00077055
         2    0    1        -1    2    0       -0.00040601   0.00024373
         2    0    1         0    0   -3       -0.00023791  -0.00024623
         2    2    0         0    0   -3       -0.00015319   0.00024765
         2    2    0         0    0    2       -0.00023791   0.00024623
        -2   -2   -3         0    0    2        0.00008164  -0.00001470
        -2   -2   -3         1   -2   -1       -0.00002523   0.00063993
        -2   -1   -3         1   -2   -1        0.00025657  -0.00003812
        -2   -1   -3         1    3    1        0.00012201  -0.00035827
        -2   -1    0         1    3    1        0.00025657   0.00003812
        -2   -1    0         2   -1    0       -0.00009748   0.00004298
        -2    0    0         2   -1    0        0.00027038   0.00049196
        -2    0    0         2    3    1        0.00038317   0.00004351
        -1   -2   -3         2    3    1       -0.00009596  -0.00030791
        -1   -2   -3         3    1    1        0.00012201  -0.00035827
        -1   -2    0         3    1    1        0.00025657   0.00003812
        -1   -2    0         3    2    1       -0.00004955   0.00005386
        -1    1   -2         3    2    1        0.00025657  -0.00003812
        -1    1   -2        -3   -2   -3       -0.00017865   0.00011415
        -1    1    1        -3   -2   -3       -0.00002362  -0.00040191
        -1    1    1        -3   -1   -1        0.00018916  -0.00019773
         0   -2    0        -3   -1   -1       -0.00005224   0.00038747
         0   -2    0        -2   -3   -3       -0.00029111   0.00031507
         0    2   -1        -2   -3   -3       -0.00004428  -0.00010611
         0    2   -1        -2   -2    0       -0.00004255   0.00010230
         1   -1   -2        -2   -2    0       -0.00016940   0.00003330
         1   -1   -2        -2    0   -3       -0.00014900   0.00037737
         1   -1    1        -2    0   -3        0.00029322   0.00002611
         1   -1    1        -2    1    0       -0.00021211  -0.00016489
         1    2   -1        -2    1    0       -0.00002362   0.00040191
         1    2   -1         0   -2    1       -0.00000708  -0.00038125
         1    2    2         0   -2    1       -0.00025976   0.00004721
         1    2    2         0    2   -2        0.00004711  -0.00037526
         2    0   -1         0    2   -2       -0.00000349  -0.00028458
         2    0   -1         0    3    0       -0.00009318   0.00002784
         2    1   -1         0    3    0       -0.00001427   0.00021919
         2    1   -1         0    3    1       -0.00024023  -0.00008196
         2    1    2         0    3    1       -0.00003741  -0.00025770
         2    1    2         2    0   -2        0.00004711  -0.00037525
         2    2    2         2    0   -2       -0.00031139  -0.00017003
         2    2    2         2    2    3       -0.00038467  -0.00081830
        -1   -1    1         2    2    3        0.00003877   0.00002481
        -1   -1    1         3    0    0       -0.00002078  -0.00005962
        -1    0   -3         3    0    0       -0.00005150  -0.00003576
        -1    0   -3         3    0    1       -0.00015687  -0.00002632
         0   -1   -3         3    0    1        0.00017361   0.00002628
         0   -1   -3         3    3    1        0.00003396  -0.00013895
         0    1    2         3    3    1        0.00017361  -0.00002628
         0    1    2         3    3    2        0.00001122   0.00014019
         1    0    2         3    3    2        0.00001122   0.00014019
         1    0    2        -2   -1   -4        0.00015218   0.00002927
         1    1   -2        -2   -1   -4       -0.00000591   0.00007045
         1    1   -2        -2   -1    1        0.00015218  -0.00002927
        -3   -2   -2        -2   -1    1       -0.00004206  -0.00003244
        -3   -2   -2        -1   -2   -4       -0.00002393   0.00000573
        -3   -1   -2        -1   -2   -4       -0.00003894  -0.00004828
        -3   -1   -2        -1   -2    1        0.00008664   0.00001377
        -2   -3   -2        -1   -2    1       -0.00004206  -0.00003244
        -2   -3   -2        -1   -1   -4       -0.00004238   0.00010555
        -2    1   -1        -1   -1   -4        0.00008286   0.00003427
        -2    1   -1        -1    0    2       -0.00004238  -0.00010555
        -1   -3   -2        -1    0    2       -0.00003337  -0.00004811
        -1   -3   -2        -1    1   -3       -0.00003295   0.00000689
        -1    2    0        -1    1   -3        0.00001310  -0.00004031
        -1    2    0        -1    1    2       -0.00004206  -0.00003244
         0    0   -3        -1    1    2       -0.00002945  -0.00009716
         0    0   -3         0   -1    2       -0.00008830   0.00002073
         0    0    2         0   -1    2       -0.00003751   0.00020606
         0    0    2         0    1   -3       -0.00008830  -0.00002073
         1   -2   -1         0    1   -3        0.00003903  -0.00001745
         1   -2   -1         1   -1   -3       -0.00004206   0.00003244
         1    3    1         1   -1   -3       -0.00004814   0.00000292
         1    3    1         1   -1    2       -0.00003295  -0.00000689
         2   -1    0         1   -1    2       -0.00004206  -0.00003244
         2   -1    0         1    0   -3       -0.00004238   0.00010555
         2    3    1         1    0   -3        0.00008286   0.00003427
         2    3    1         1    1    3       -0.00004238  -0.00010555
         3    1    1         1    1    3        0.00008479  -0.00003261
         3    1    1         1    2   -2        0.00008664  -0.00001377
         3    2    1         1    2   -2       -0.00001243  -0.00008449
         3    2    1         1    2    3       -0.00002393  -0.00000573
        -3   -2   -3         1    2    3        0.00004541   0.00002053
        -3   -2   -3         2    1   -2       -0.00001808   0.00002056
        -3   -1   -1         2    1   -2        0.00007414  -0.00004556
        -3   -1   -1         2    1    3       -0.00001808  -0.00002056
        -2   -3   -3         2    1    3        0.00004541   0.00002053
        -2   -3   -3        -3   -2   -4       -0.00000358  -0.00002425
        -2   -2    0        -3   -2   -4       -0.00000578  -0.00007086
        -2   -2    0        -3   -1    0       -0.00012767  -0.00002428
        -2    0   -3        -3   -1    0       -0.00000578   0.00007086
        -2    0   -3        -2   -3   -4        0.00002523  -0.00000715
        -2    1    0        -2   -3   -4       -0.00002779   0.00001500
        -2    1    0        -2    1    1       -0.00005871  -0.00015952
        -1   -3   -1        -2    1    1        0.00001008   0.00000361


     q= 0.0000 0.5000 0.5000  nmtx=     150  nrk=  6

           independent matrix elements of chi       spin index= 1 1

          g          g**2          gp          gp**2          chi(g,gp)
    0   -1   -1   0.34588         0   -1   -1   0.34588       -0.0207660998  -0.0000000000
    0    0    0   0.34588         0   -1   -1   0.34588       -0.0043355090  -0.0000000000
    0    0    0   0.34588         0    0    0   0.34588       -0.0207660998  -0.0000000000
    0    0    0   0.34588        -1   -1   -1   0.69176       -0.0020070199  -0.0030453378
    0    0    0   0.34588         0   -1    0   0.69176       -0.0020070199   0.0030453380
    0    0    0   0.34588         0    0   -1   0.69176       -0.0020070199   0.0030453380
    0    0    0   0.34588         1    0    0   0.69176       -0.0020070199  -0.0030453378
    0    0    0   0.34588        -1   -2   -1   1.72941       -0.0012218897   0.0000000001
    0    0    0   0.34588        -1   -1   -2   1.72941       -0.0012218896   0.0000000001
    0    0    0   0.34588        -1   -1    0   1.72941        0.0016909619  -0.0000000000
    0    0    0   0.34588        -1    0   -1   1.72941        0.0016909620  -0.0000000000
    0    0    0   0.34588         1   -1    0   1.72941       -0.0012218896   0.0000000000
    0    0    0   0.34588         1    0   -1   1.72941       -0.0012218897   0.0000000001
    0    0    0   0.34588         1    0    1   1.72941        0.0016909620  -0.0000000000
    0    0    0   0.34588         1    1    0   1.72941        0.0016909619   0.0000000000
    0    0    0   0.34588        -1   -2   -2   2.07529       -0.0018672778   0.0009363084
    0    0    0   0.34588        -1    0    0   2.07529       -0.0013261280   0.0028263913
    0    0    0   0.34588         0   -2   -1   2.07529       -0.0018672779  -0.0009363084
    0    0    0   0.34588         0   -1   -2   2.07529       -0.0018672779  -0.0009363084
    0    0    0   0.34588         0    0    1   2.07529       -0.0013261281  -0.0028263913
    0    0    0   0.34588         0    1    0   2.07529       -0.0013261281  -0.0028263913
    0    0    0   0.34588         1   -1   -1   2.07529       -0.0018672778   0.0009363084
    0    0    0   0.34588         1    1    1   2.07529       -0.0013261280   0.0028263913
    0    0    0   0.34588        -2   -2   -2   3.11293        0.0006783258   0.0019960969
    0    0    0   0.34588        -2   -1   -1   3.11293        0.0007499762  -0.0000836250
    0    0    0   0.34588         0   -2   -2   3.11293       -0.0004336710  -0.0000000000
    0    0    0   0.34588         0   -2    0   3.11293        0.0006783258  -0.0019960969
    0    0    0   0.34588         0   -1    1   3.11293        0.0007499762   0.0000836249
    0    0    0   0.34588         0    0   -2   3.11293        0.0006783258  -0.0019960969
    0    0    0   0.34588         0    1   -1   3.11293        0.0007499762   0.0000836249
    0    0    0   0.34588         0    1    1   3.11293        0.0005626250  -0.0000000000
    0    0    0   0.34588         2    0    0   3.11293        0.0006783258   0.0019960969
    0    0    0   0.34588         2    1    1   3.11293        0.0007499762  -0.0000836250
    0    0    0   0.34588        -2   -3   -3   5.87998        0.0003966048  -0.0003560188
    0    0    0   0.34588        -2   -3   -1   5.87998        0.0001704418  -0.0000000000
    0    0    0   0.34588        -2   -2    0   5.87998        0.0009098847  -0.0000000000
    0    0    0   0.34588        -2   -1   -3   5.87998        0.0001704418   0.0000000000
    0    0    0   0.34588        -2    0   -2   5.87998        0.0009098847  -0.0000000000
    0    0    0   0.34588        -2    0    0   5.87998       -0.0000376598   0.0003549313
    0    0    0   0.34588         0   -3   -1   5.87998        0.0003966048   0.0003560188
    0    0    0   0.34588         0   -1   -3   5.87998        0.0003966048   0.0003560188
    0    0    0   0.34588         0    0    2   5.87998       -0.0000376598  -0.0003549313
    0    0    0   0.34588         0    2    0   5.87998       -0.0000376598  -0.0003549313
    0    0    0   0.34588         2   -1   -1   5.87998        0.0003966048  -0.0003560188
    0    0    0   0.34588         2   -1    1   5.87998        0.0001704418   0.0000000000
    0    0    0   0.34588         2    0    2   5.87998        0.0009098847  -0.0000000000
    0    0    0   0.34588         2    1   -1   5.87998        0.0001704418  -0.0000000000
    0    0    0   0.34588         2    2    0   5.87998        0.0009098847  -0.0000000000
    0    0    0   0.34588         2    2    2   5.87998       -0.0000376598   0.0003549313
    0    0    0   0.34588        -3   -2   -2   6.22587        0.0007983621   0.0004911718
    0    0    0   0.34588        -1   -3   -3   6.22587        0.0002710981   0.0001841138
    0    0    0   0.34588        -1    1    1   6.22587        0.0002680305   0.0003133494
    0    0    0   0.34588         0   -3   -2   6.22587        0.0002710981  -0.0001841138
    0    0    0   0.34588         0   -2   -3   6.22587        0.0002710981  -0.0001841138
    0    0    0   0.34588         0   -2    1   6.22587        0.0007983621  -0.0004911718
    0    0    0   0.34588         0    1   -2   6.22587        0.0007983621  -0.0004911718
    0    0    0   0.34588         0    1    2   6.22587        0.0002680305  -0.0003133494
    0    0    0   0.34588         0    2    1   6.22587        0.0002680305  -0.0003133494
    0    0    0   0.34588         1   -2   -2   6.22587        0.0002710981   0.0001841138
    0    0    0   0.34588         1    2    2   6.22587        0.0002680305   0.0003133494
    0    0    0   0.34588         3    1    1   6.22587        0.0007983621   0.0004911718
    0    0    0   0.34588        -3   -3   -2   7.26351        0.0004721410  -0.0002147177
    0    0    0   0.34588        -3   -2   -3   7.26351        0.0004721410  -0.0002147177
    0    0    0   0.34588        -3   -2   -1   7.26351       -0.0000858986   0.0001838903
    0    0    0   0.34588        -3   -1   -2   7.26351       -0.0000858986   0.0001838903
    0    0    0   0.34588        -2   -4   -3   8.99292        0.0000190644  -0.0001052677
    0    0    0   0.34588        -2   -3   -4   8.99292        0.0000190644  -0.0001052677
    0    0    0   0.34588        -2   -3    0   8.99292        0.0001591394  -0.0001826571
    0    0    0   0.34588        -2    0   -3   8.99292        0.0001591394  -0.0001826571
    0    0    0   0.34588        -2    0    1   8.99292        0.0000783272  -0.0002352029
    0    0    0   0.34588        -2    1    0   8.99292        0.0000783272  -0.0002352029
    0    0    0   0.34588        -1   -4   -2   8.99292        0.0000190644   0.0001052677
    0    0    0   0.34588        -1   -2   -4   8.99292        0.0000190644   0.0001052677
    0    0    0   0.34588        -1    0    2   8.99292        0.0000783272   0.0002352029
    0    0    0   0.34588        -1    2    0   8.99292        0.0000783272   0.0002352029
    0    0    0   0.34588         1   -3   -1   8.99292        0.0000190644   0.0001052677
    0    0    0   0.34588         1   -1   -3   8.99292        0.0000190644   0.0001052677
    0    0    0   0.34588         1    1    3   8.99292        0.0000783272   0.0002352029
    0    0    0   0.34588         1    3    1   8.99292        0.0000783272   0.0002352029
    0    0    0   0.34588         2   -2   -1   8.99292        0.0000190644  -0.0001052677
    0    0    0   0.34588         2   -1   -2   8.99292        0.0000190644  -0.0001052677
    0    0    0   0.34588         2   -1    2   8.99292        0.0001591394  -0.0001826571
    0    0    0   0.34588         2    2   -1   8.99292        0.0001591394  -0.0001826571
    0    0    0   0.34588         2    2    3   8.99292        0.0000783272  -0.0002352029
    0    0    0   0.34588         2    3    2   8.99292        0.0000783272  -0.0002352029
    0    0    0   0.34588         3    0    2   8.99292        0.0001591394   0.0001826571
    0    0    0   0.34588         3    2    0   8.99292        0.0001591394   0.0001826571
   -1   -1   -1   0.69176        -1   -1   -1   0.69176       -0.0176220732  -0.0000000000
    0   -1    0   0.69176         0   -1    0   0.69176       -0.0176220732   0.0000000000
    0    0   -1   0.69176         0    0   -1   0.69176       -0.0176220732   0.0000000000
    1    0    0   0.69176         1    0    0   0.69176       -0.0176220731  -0.0000000000
   -1   -2   -1   1.72941        -1   -2   -1   1.72941       -0.0115308583   0.0000000000
   -1   -1   -2   1.72941        -1   -1   -2   1.72941       -0.0115308582  -0.0000000000
   -1   -1    0   1.72941        -1   -1    0   1.72941       -0.0115308583   0.0000000000
   -1    0   -1   1.72941        -1    0   -1   1.72941       -0.0115308582  -0.0000000000
    1   -1    0   1.72941         1   -1    0   1.72941       -0.0115308582   0.0000000000
    1    0   -1   1.72941         1    0   -1   1.72941       -0.0115308582   0.0000000000
    1    0    1   1.72941         1    0    1   1.72941       -0.0115308582  -0.0000000000
    1    1    0   1.72941         1    1    0   1.72941       -0.0115308582  -0.0000000000
   -1   -2   -2   2.07529        -1   -2   -2   2.07529       -0.0095539282  -0.0000000000
   -1    0    0   2.07529        -1    0    0   2.07529       -0.0095539281  -0.0000000000
    0   -2   -1   2.07529         0   -2   -1   2.07529       -0.0095539281   0.0000000000
    0   -1   -2   2.07529         0   -1   -2   2.07529       -0.0095539281   0.0000000000
    0    0    1   2.07529         0    0    1   2.07529       -0.0095539281  -0.0000000000
    0    1    0   2.07529         0    1    0   2.07529       -0.0095539281  -0.0000000000
    1   -1   -1   2.07529         1   -1   -1   2.07529       -0.0095539281  -0.0000000000
    1    1    1   2.07529         1    1    1   2.07529       -0.0095539281  -0.0000000000
   -2   -2   -2   3.11293        -2   -2   -2   3.11293       -0.0065323637  -0.0000000000
   -2   -1   -1   3.11293        -2   -1   -1   3.11293       -0.0065323636   0.0000000000
    0   -2   -2   3.11293         0   -2   -2   3.11293       -0.0058268137  -0.0000000000
    0   -2    0   3.11293         0   -2    0   3.11293       -0.0065323636   0.0000000000
    0   -1    1   3.11293         0   -1    1   3.11293       -0.0065323636   0.0000000000
    0    0   -2   3.11293         0    0   -2   3.11293       -0.0065323636  -0.0000000000
    0    1   -1   3.11293         0    1   -1   3.11293       -0.0065323636   0.0000000000
    0    1    1   3.11293         0    1    1   3.11293       -0.0058268137   0.0000000000
    2    0    0   3.11293         2    0    0   3.11293       -0.0065323636   0.0000000000
    2    1    1   3.11293         2    1    1   3.11293       -0.0065323636  -0.0000000000
   -2   -2   -1   3.45881        -2   -3   -3   5.87998        0.0003627525   0.0000651395
   -2   -1   -2   3.45881        -2   -3   -1   5.87998       -0.0000747056  -0.0000358828
   -1   -2    0   3.45881        -2   -2    0   5.87998       -0.0002379769   0.0010185155
   -1    0   -2   3.45881        -2   -1   -3   5.87998       -0.0002379769  -0.0010185155
    1   -1    1   3.45881        -2    0   -2   5.87998        0.0000507252   0.0000313104
    1    1   -1   3.45881        -2    0    0   5.87998       -0.0000595939   0.0001291093
    2    0    1   3.45881         0   -3   -1   5.87998        0.0000588567   0.0001866590
    2    1    0   3.45881         0   -1   -3   5.87998        0.0000588567   0.0001866590
   -1   -3   -2   4.49646         0    0    2   5.87998        0.0000183438   0.0000200569
   -1   -2   -3   4.49646         0    2    0   5.87998        0.0000183438   0.0000200569
   -1    0    1   4.49646         2   -1   -1   5.87998       -0.0001040014   0.0000408840
   -1    1    0   4.49646         2   -1    1   5.87998        0.0000117284  -0.0000000000
    1   -2   -1   4.49646         2    0    2   5.87998       -0.0001394379  -0.0000000000
    1   -1   -2   4.49646         2    1   -1   5.87998       -0.0001043509  -0.0000000000
    1    1    2   4.49646         2    2    0   5.87998        0.0001074001   0.0000160047
    1    2    1   4.49646         2    2    2   5.87998        0.0003977406   0.0002046058
   -2   -3   -2   4.84234        -3   -2   -2   6.22587       -0.0003336475   0.0000826831
   -2   -2   -3   4.84234        -1   -3   -3   6.22587       -0.0001587349  -0.0000000276
   -2   -1    0   4.84234        -1    1    1   6.22587       -0.0001587349   0.0000000276
   -2    0   -1   4.84234         0   -3   -2   6.22587       -0.0000217140   0.0000059337
   -1   -3   -1   4.84234         0   -2   -3   6.22587        0.0001013527   0.0000051642
   -1   -1   -3   4.84234         0   -2    1   6.22587       -0.0001021135   0.0001365807
   -1   -1    1   4.84234         0    1   -2   6.22587       -0.0001021135  -0.0001365807
   -1    1   -1   4.84234         0    1    2   6.22587        0.0001013527  -0.0000051643
    1   -2    0   4.84234         0    2    1   6.22587       -0.0001235207   0.0000321261
    1    0   -2   4.84234         1   -2   -2   6.22587        0.0000142272   0.0000428302
    1    0    2   4.84234         1    2    2   6.22587        0.0000142272  -0.0000428302
    1    2    0   4.84234         3    1    1   6.22587       -0.0001240603  -0.0000038405
    2   -1    0   4.84234        -3   -3   -2   7.26351       -0.0000435665  -0.0000449285
    2    0   -1   4.84234        -3   -2   -3   7.26351       -0.0000435665  -0.0000449285
    2    1    2   4.84234        -3   -2   -1   7.26351       -0.0000435665   0.0000449285
    2    2    1   4.84234        -3   -1   -2   7.26351       -0.0000435665   0.0000449285
   -2   -3   -3   5.87998        -2   -4   -3   8.99292       -0.0000389401   0.0001104362
   -2   -3   -1   5.87998        -2   -3   -4   8.99292        0.0000113729   0.0000303696
   -2   -2    0   5.87998        -2   -3    0   8.99292       -0.0000032388   0.0001291739
   -2   -1   -3   5.87998        -2    0   -3   8.99292       -0.0000032388  -0.0001291739
   -2    0   -2   5.87998        -2    0    1   8.99292        0.0000113729  -0.0000303696
   -2    0    0   5.87998        -2    1    0   8.99292       -0.0000389401  -0.0001104362
    0   -3   -1   5.87998        -1   -4   -2   8.99292       -0.0000389401  -0.0001104362
    0   -1   -3   5.87998        -1   -2   -4   8.99292       -0.0000389401  -0.0001104362
    0    0    2   5.87998        -1    0    2   8.99292       -0.0000389401   0.0001104362
    0    2    0   5.87998        -1    2    0   8.99292       -0.0000389401   0.0001104362
    2   -1   -1   5.87998         1   -3   -1   8.99292        0.0000266467  -0.0000556866
    2   -1    1   5.87998         1   -1   -3   8.99292       -0.0000045489  -0.0000194956
    2    0    2   5.87998         1    1    3   8.99292        0.0000076164  -0.0000117394
    2    1   -1   5.87998         1    3    1   8.99292       -0.0000102758  -0.0000422878
    2    2    0   5.87998         2   -2   -1   8.99292        0.0000034650  -0.0000594677
    2    2    2   5.87998         2   -1   -2   8.99292       -0.0000310860   0.0000166684
   -3   -2   -2   6.22587         2   -1    2   8.99292        0.0000029327   0.0000000000
   -1   -3   -3   6.22587         2    2   -1   8.99292       -0.0000284898  -0.0000078477
   -1    1    1   6.22587         2    2    3   8.99292        0.0000087492   0.0000011388
    0   -3   -2   6.22587         2    3    2   8.99292       -0.0000480765   0.0000078844
    0   -2   -3   6.22587         3    0    2   8.99292       -0.0000284898   0.0000078477
    0   -2    1   6.22587         3    2    0   8.99292        0.0000029327   0.0000000000


             g                   gp         inverse epsilon           nspin= 1
         0   -1   -1         0   -1   -1        0.43388067  -0.00000000
         0    0    0         0   -1   -1       -0.06169810  -0.00000000
         0    0    0         0    0    0        0.43388067   0.00000000
        -1   -1   -1         0    0    0       -0.02051278   0.02969361
        -1   -1   -1        -1   -1   -1        0.64507022  -0.00000000
         0   -1    0        -1   -1   -1        0.02469351  -0.00000000
         0   -1    0         0   -1    0        0.64507022  -0.00000000
         0    0   -1         0   -1    0        0.06223638  -0.00000000
         0    0   -1         0    0   -1        0.64507022  -0.00000000
         1    0    0         0    0   -1        0.02469351   0.00000000
         1    0    0         1    0    0        0.64507022  -0.00000000
        -1   -2   -1         1    0    0       -0.00007564  -0.00549350
        -1   -2   -1        -1   -2   -1        0.87062160  -0.00000000
        -1   -1   -2        -1   -2   -1        0.00825354   0.00000000
        -1   -1   -2        -1   -1   -2        0.87062160  -0.00000000
        -1   -1    0        -1   -1   -2        0.00509358  -0.01717784
        -1   -1    0        -1   -1    0        0.87062160  -0.00000000
        -1    0   -1        -1   -1    0        0.00825354   0.00000000
        -1    0   -1        -1    0   -1        0.87062160  -0.00000000
         1   -1    0        -1    0   -1       -0.01511009   0.00000000
         1   -1    0         1   -1    0        0.87062160   0.00000000
         1    0   -1         1   -1    0        0.00825354  -0.00000000
         1    0   -1         1    0   -1        0.87062160  -0.00000000
         1    0    1         1    0   -1        0.00509358  -0.01717784
         1    0    1         1    0    1        0.87062160   0.00000000
         1    1    0         1    0    1        0.00825354  -0.00000000
         1    1    0         1    1    0        0.87062160  -0.00000000
        -1   -2   -2         1    1    0        0.01028730  -0.00714131
        -1   -2   -2        -1   -2   -2        0.90764140  -0.00000000
        -1    0    0        -1   -2   -2        0.00106688  -0.00392016
        -1    0    0        -1    0    0        0.90764140  -0.00000000
         0   -2   -1        -1    0    0        0.00221202  -0.00000000
         0   -2   -1         0   -2   -1        0.90764140   0.00000000
         0   -1   -2         0   -2   -1        0.00662486   0.00000000
         0   -1   -2         0   -1   -2        0.90764140   0.00000000
         0    0    1         0   -1   -2        0.02072163   0.00205882
         0    0    1         0    0    1        0.90764140  -0.00000000
         0    1    0         0    0    1        0.00662486   0.00000000
         0    1    0         0    1    0        0.90764140  -0.00000000
         1   -1   -1         0    1    0        0.00221202   0.00000000
         1   -1   -1         1   -1   -1        0.90764140  -0.00000000
         1    1    1         1   -1   -1        0.00106688  -0.00392016
         1    1    1         1    1    1        0.90764140  -0.00000000
        -2   -2   -2         1    1    1       -0.00005998   0.00290423
        -2   -2   -2        -2   -2   -2        0.95588235  -0.00000000
        -2   -1   -1        -2   -2   -2        0.00886515   0.00979077
        -2   -1   -1        -2   -1   -1        0.95588235   0.00000000
         0   -2   -2        -2   -1   -1        0.00426526   0.00178379
         0   -2   -2         0   -2   -2        0.95855279  -0.00000000
         0   -2    0         0   -2   -2       -0.00299474   0.00004568
         0   -2    0         0   -2    0        0.95588235  -0.00000000
         0   -1    1         0   -2    0        0.00886515  -0.00979077
         0   -1    1         0   -1    1        0.95588235  -0.00000000
         0    0   -2         0   -1    1       -0.00674655  -0.00829738
         0    0   -2         0    0   -2        0.95588235  -0.00000000
         0    1   -1         0    0   -2        0.00886515  -0.00979077
         0    1   -1         0    1   -1        0.95588235   0.00000000
         0    1    1         0    1   -1       -0.00299474   0.00004568
         0    1    1         0    1    1        0.95855279   0.00000000
         2    0    0         0    1    1        0.00426526   0.00178379
         2    0    0         2    0    0        0.95588235   0.00000000
         2    1    1         2    0    0        0.00886515   0.00979077
         2    1    1         2    1    1        0.95588235  -0.00000000
        -2   -2   -1         2    1    1        0.00200219   0.00485219
        -2   -2   -1        -2   -3   -3        0.00237926   0.00044848
        -2   -1   -2        -2   -3   -3        0.00237926   0.00044848
        -2   -1   -2        -2   -3   -1       -0.00043007  -0.00018985
        -1   -2    0        -2   -3   -1       -0.00152725  -0.00651634
        -1   -2    0        -2   -2    0       -0.00152725   0.00651634
        -1    0   -2        -2   -2    0        0.00011373  -0.00155749
        -1    0   -2        -2   -1   -3       -0.00152725  -0.00651634
         1   -1    1        -2   -1   -3        0.00037759  -0.00019653
         1   -1    1        -2    0   -2        0.00037759   0.00019653
         1    1   -1        -2    0   -2       -0.00043007  -0.00018985
         1    1   -1        -2    0    0       -0.00028181   0.00077350
         2    0    1        -2    0    0       -0.00051406  -0.00007977
         2    0    1         0   -3   -1        0.00035774   0.00122991
         2    1    0         0   -3   -1       -0.00028181   0.00077350
         2    1    0         0   -1   -3        0.00035774   0.00122991
        -1   -3   -2         0   -1   -3       -0.00052823  -0.00009973
        -1   -3   -2         0    0    2        0.00012951   0.00007384
        -1   -2   -3         0    0    2       -0.00044521   0.00018055
        -1   -2   -3         0    2    0        0.00012951   0.00007384
        -1    0    1         0    2    0       -0.00052823   0.00009973
        -1    0    1         2   -1   -1       -0.00044521   0.00018055
        -1    1    0         2   -1   -1       -0.00044521   0.00018055
        -1    1    0         2   -1    1        0.00013664  -0.00000000
         1   -2   -1         2   -1    1       -0.00036819  -0.00000000
         1   -2   -1         2    0    2       -0.00067328   0.00000000
         1   -1   -2         2    0    2       -0.00082284   0.00048007
         1   -1   -2         2    1   -1       -0.00036819  -0.00000000
         1    1    2         2    1   -1       -0.00082284  -0.00048007
         1    1    2         2    2    0        0.00065784   0.00010691
         1    2    1         2    2    0       -0.00036819   0.00000000
         1    2    1         2    2    2        0.00182388   0.00096596
        -2   -3   -2         2    2    2        0.00001772  -0.00080247
        -2   -3   -2        -3   -2   -2       -0.00129670   0.00043911
        -2   -2   -3        -3   -2   -2       -0.00129670   0.00043911
        -2   -2   -3        -1   -3   -3       -0.00058736   0.00000157
        -2   -1    0        -1   -3   -3        0.00029230   0.00004394
        -2   -1    0        -1    1    1       -0.00058736  -0.00000157
        -2    0   -1        -1    1    1       -0.00058736  -0.00000157
        -2    0   -1         0   -3   -2       -0.00005726   0.00001195
        -1   -3   -1         0   -3   -2       -0.00058736  -0.00000157
        -1   -3   -1         0   -2   -3        0.00057704  -0.00000376
        -1   -1   -3         0   -2   -3       -0.00058736  -0.00000157
        -1   -1   -3         0   -2    1       -0.00027010   0.00058152
        -1   -1    1         0   -2    1       -0.00129670   0.00043911
        -1   -1    1         0    1   -2       -0.00027010  -0.00058152
        -1    1   -1         0    1   -2       -0.00129670   0.00043911
        -1    1   -1         0    1    2        0.00057704   0.00000376
         1   -2    0         0    1    2        0.00029230   0.00004394
         1   -2    0         0    2    1       -0.00047334   0.00009829
         1    0   -2         0    2    1        0.00029230   0.00004394
         1    0   -2         1   -2   -2        0.00004473   0.00016244
         1    0    2         1   -2   -2       -0.00028631  -0.00015962
         1    0    2         1    2    2        0.00004473  -0.00016244
         1    2    0         1    2    2        0.00004473  -0.00016244
         1    2    0         3    1    1       -0.00050021   0.00000060
         2   -1    0         3    1    1       -0.00129670   0.00043911
         2   -1    0        -3   -3   -2       -0.00014930  -0.00024054
         2    0   -1        -3   -3   -2       -0.00027456   0.00004748
         2    0   -1        -3   -2   -3       -0.00014930  -0.00024054
         2    1    2        -3   -2   -3        0.00021128   0.00037184
         2    1    2        -3   -2   -1       -0.00014930   0.00024054
         2    2    1        -3   -2   -1       -0.00027456  -0.00004748
         2    2    1        -3   -1   -2       -0.00014930   0.00024054
        -2   -3   -3        -3   -1   -2       -0.00021673  -0.00028065
        -2   -3   -3        -2   -4   -3       -0.00014118   0.00039382
        -2   -3   -1        -2   -4   -3        0.00004006  -0.00001176
        -2   -3   -1        -2   -3   -4        0.00005203   0.00014466
        -2   -2    0        -2   -3   -4        0.00002062  -0.00023525
        -2   -2    0        -2   -3    0        0.00000888   0.00046908
        -2   -1   -3        -2   -3    0       -0.00001654   0.00013015
        -2   -1   -3        -2    0   -3        0.00000888  -0.00046908
        -2    0   -2        -2    0   -3        0.00000888   0.00046908
        -2    0   -2        -2    0    1        0.00005203  -0.00014466
        -2    0    0        -2    0    1       -0.00014118  -0.00039382
        -2    0    0        -2    1    0       -0.00014118  -0.00039382
         0   -3   -1        -2    1    0        0.00000954   0.00008622
         0   -3   -1        -1   -4   -2       -0.00014118  -0.00039382
         0   -1   -3        -1   -4   -2        0.00003845   0.00018602
         0   -1   -3        -1   -2   -4       -0.00014118  -0.00039382
         0    0    2        -1   -2   -4        0.00000765   0.00018182
         0    0    2        -1    0    2       -0.00014118   0.00039382
         0    2    0        -1    0    2        0.00003845  -0.00018602
         0    2    0        -1    2    0       -0.00014118   0.00039382
         2   -1   -1        -1    2    0        0.00000954  -0.00008622
         2   -1   -1         1   -3   -1        0.00010534  -0.00017776
         2   -1    1         1   -3   -1        0.00004006   0.00001176
         2   -1    1         1   -1   -3       -0.00000453  -0.00010322
         2    0    2         1   -1   -3       -0.00010872   0.00000302
         2    0    2         1    1    3        0.00004006  -0.00001176
         2    1   -1         1    1    3       -0.00010872  -0.00000302
         2    1   -1         1    3    1       -0.00002944  -0.00017635
         2    2    0         1    3    1        0.00004006  -0.00001176
         2    2    0         2   -2   -1        0.00002062  -0.00023525
         2    2    2         2   -2   -1       -0.00010832   0.00007560
         2    2    2         2   -1   -2       -0.00010832   0.00007560
        -3   -2   -2         2   -1   -2        0.00005138  -0.00001577
        -3   -2   -2         2   -1    2        0.00000822   0.00000000
        -1   -3   -3         2   -1    2       -0.00011334  -0.00002601
        -1   -3   -3         2    2   -1       -0.00011334  -0.00002601
        -1    1    1         2    2   -1       -0.00011334   0.00002601
        -1    1    1         2    2    3        0.00000915   0.00000124
         0   -3   -2         2    2    3       -0.00010045  -0.00000675
         0   -3   -2         2    3    2       -0.00014346   0.00001063
         0   -2   -3         2    3    2       -0.00010045  -0.00000675
         0   -2   -3         3    0    2       -0.00011334   0.00002601
         0   -2    1         3    0    2       -0.00008082   0.00000000
         0   -2    1         3    2    0        0.00000822   0.00000000
         0    1   -2         3    2    0       -0.00008082   0.00000000
