
 BerkeleyGW tag 1.1 beta2 revision 6543

 Epsilon  Complex version  Run on  12-Nov-2015  at  11:30:43 -0800

 Running MPI version (parallel)

 Running with 2 MPI task(s)

 Computing the static inverse dielectric matrix

 We are using matrix communication scheme

 We are communicating via MPI

 We are using no truncation

 Running with 1 valence pools
 Number of conduction bands per processor: 2
 Number of valence bands per processor: 4

 Memory available:    3234.5 MB per PE
 Memory required for execution:    2.0 MB per PE
 Memory required for vcoul:    0.0 MB per PE

 Cell Volume = 0.304851829E+03

 Highest occupied band (unshifted grid) =  4
 Valence max    (unshifted grid) =      4.692353 eV
 Conduction min (unshifted grid) =      6.963707 eV
 Middle energy  (unshifted grid) =      5.828030 eV
 Fermi  energy  (unshifted grid) =      5.828030 eV

 Number of electrons per unit cell =   8.000000
 Plasma Frequency =   1.148512 Rydberg

 Screened Coulomb cutoff: 10.000 Ry
 Total number of bands: 8
 Number of q-points: 3

 Scissors parameters
 Valence:    es =   0.0000 eV, e0 =   0.0000 eV, edel =   0.0000
 Conduction: es =   0.0000 eV, e0 =   0.0000 eV, edel =   0.0000
 Highest occupied band (shifted grid) =  4

 Crystal k+q WFs read from WFNq


     q= 0.0010 0.0000 0.0000  nmtx=     169  nrk= 10

           independent matrix elements of chi       spin index= 1 1

          g          g**2          gp          gp**2          chi(g,gp)
    0    0    0   0.00000         0    0    0   0.00000       -0.0000009826   0.0000000000
    0    0    0   0.00000        -1   -1   -1   1.03764        0.0000004780   0.0000064427
    0    0    0   0.00000        -1    0    0   1.03764        0.0000017731  -0.0000199368
    0    0    0   0.00000         0   -1    0   1.03764       -0.0000007081   0.0000067622
    0    0    0   0.00000         0    0   -1   1.03764       -0.0000007081   0.0000067622
    0    0    0   0.00000         0    0    1   1.03764        0.0000004780   0.0000064427
    0    0    0   0.00000         0    1    0   1.03764        0.0000004780   0.0000064427
    0    0    0   0.00000         1    0    0   1.03764       -0.0000017855  -0.0000196785
    0    0    0   0.00000         1    1    1   1.03764       -0.0000007081   0.0000067622
    0    0    0   0.00000        -1   -1    0   1.38353       -0.0000098088  -0.0000001121
    0    0    0   0.00000        -1    0   -1   1.38353       -0.0000098088  -0.0000001121
    0    0    0   0.00000         0   -1   -1   1.38353        0.0000097616   0.0000001121
    0    0    0   0.00000         0    1    1   1.38353       -0.0000098088  -0.0000001121
    0    0    0   0.00000         1    0    1   1.38353        0.0000097616   0.0000001121
    0    0    0   0.00000         1    1    0   1.38353        0.0000097616   0.0000001121
    0    0    0   0.00000        -2   -1   -1   2.76705       -0.0000253628   0.0000005988
    0    0    0   0.00000        -1   -2   -1   2.76705       -0.0000000052  -0.0000006023
    0    0    0   0.00000        -1   -1   -2   2.76705       -0.0000000052  -0.0000006023
    0    0    0   0.00000        -1    0    1   2.76705       -0.0000253628   0.0000005988
    0    0    0   0.00000        -1    1    0   2.76705       -0.0000253628   0.0000005988
    0    0    0   0.00000         0   -1    1   2.76705       -0.0000000052  -0.0000006023
    0    0    0   0.00000         0    1   -1   2.76705       -0.0000000052  -0.0000006023
    0    0    0   0.00000         1   -1    0   2.76705        0.0000252547   0.0000006059
    0    0    0   0.00000         1    0   -1   2.76705        0.0000252547   0.0000006059
    0    0    0   0.00000         1    1    2   2.76705       -0.0000000052  -0.0000006023
    0    0    0   0.00000         1    2    1   2.76705       -0.0000000052  -0.0000006023
    0    0    0   0.00000         2    1    1   2.76705        0.0000252547   0.0000006059
    0    0    0   0.00000        -2   -2   -1   3.80470       -0.0000062313   0.0000081199
    0    0    0   0.00000        -2   -1   -2   3.80470       -0.0000062313   0.0000081199
    0    0    0   0.00000        -2   -1    0   3.80470       -0.0000150758  -0.0000201486
    0    0    0   0.00000        -2    0   -1   3.80470       -0.0000150758  -0.0000201486
    0    0    0   0.00000        -1   -2   -2   3.80470       -0.0000025172   0.0000038189
    0    0    0   0.00000         2    2    0   5.53410        0.0000045138  -0.0000000045
    0    0    0   0.00000        -3   -2   -2   6.57175        0.0000011536  -0.0000026224
    0    0    0   0.00000        -3   -1   -1   6.57175        0.0000062396   0.0000015559
    0    0    0   0.00000        -2   -3   -2   6.57175        0.0000025631   0.0000005581
    0    0    0   0.00000        -2   -2   -3   6.57175        0.0000025631   0.0000005581
    0    0    0   0.00000        -2    0    1   6.57175        0.0000062396   0.0000015559
    0    0    0   0.00000        -2    1    0   6.57175        0.0000062396   0.0000015559
    0    0    0   0.00000        -1   -3   -1   6.57175       -0.0000025089   0.0000005117
    0    0    0   0.00000        -1   -1   -3   6.57175       -0.0000025089   0.0000005117
    0    0    0   0.00000        -1    0    2   6.57175        0.0000011536  -0.0000026224
    0    0    0   0.00000        -1    2    0   6.57175        0.0000011536  -0.0000026224
    0    0    0   0.00000         0   -2    1   6.57175       -0.0000025089   0.0000005117
    0    0    0   0.00000         0   -1    2   6.57175        0.0000025631   0.0000005581
    0    0    0   0.00000         0    1   -2   6.57175       -0.0000025089   0.0000005117
    0    0    0   0.00000         0    2   -1   6.57175        0.0000025631   0.0000005581
    0    0    0   0.00000         1   -2    0   6.57175       -0.0000010952  -0.0000026551
    0    0    0   0.00000         1    0   -2   6.57175       -0.0000010952  -0.0000026551
    0    0    0   0.00000         1    1    3   6.57175        0.0000025631   0.0000005581
    0    0    0   0.00000         1    3    1   6.57175        0.0000025631   0.0000005581
    0    0    0   0.00000         2   -1    0   6.57175       -0.0000061530   0.0000015818
    0    0    0   0.00000         2    0   -1   6.57175       -0.0000061530   0.0000015818
    0    0    0   0.00000         2    2    3   6.57175       -0.0000025089   0.0000005117
    0    0    0   0.00000         2    3    2   6.57175       -0.0000025089   0.0000005117
    0    0    0   0.00000         3    1    1   6.57175       -0.0000061530   0.0000015818
    0    0    0   0.00000         3    2    2   6.57175       -0.0000010952  -0.0000026551
    0    0    0   0.00000        -3   -2   -1   6.91763        0.0000031345  -0.0000024204
    0    0    0   0.00000        -3   -1   -2   6.91763        0.0000031345  -0.0000024204
    0    0    0   0.00000        -2   -3   -1   6.91763       -0.0000001627   0.0000024243
    0    0    0   0.00000        -2   -1   -3   6.91763       -0.0000001627   0.0000024243
    0    0    0   0.00000        -2   -1    1   6.91763        0.0000031345  -0.0000024204
    0    0    0   0.00000        -2    1   -1   6.91763        0.0000031345  -0.0000024204
    0    0    0   0.00000        -1   -3   -2   6.91763        0.0000001596   0.0000024133
    0    0    0   0.00000         1    0    3   8.30115       -0.0000002764  -0.0000005422
    0    0    0   0.00000         1    1   -2   8.30115       -0.0000002754  -0.0000007276
    0    0    0   0.00000         1    3    0   8.30115       -0.0000002764  -0.0000005422
    0    0    0   0.00000         2   -1   -1   8.30115       -0.0000002764   0.0000019885
    0    0    0   0.00000         2    3    3   8.30115        0.0000003287  -0.0000005390
    0    0    0   0.00000         3    0    1   8.30115       -0.0000002764   0.0000019885
    0    0    0   0.00000         3    1    0   8.30115       -0.0000002764   0.0000019885
    0    0    0   0.00000         3    2    3   8.30115       -0.0000002754  -0.0000007276
    0    0    0   0.00000         3    3    2   8.30115       -0.0000002754  -0.0000007276
    0    0    0   0.00000        -3   -3   -3   9.33880       -0.0000005345   0.0000003205
    0    0    0   0.00000        -3   -3   -1   9.33880        0.0000005753   0.0000003769
    0    0    0   0.00000        -3   -2    0   9.33880        0.0000015745  -0.0000002737
    0    0    0   0.00000        -3   -1   -3   9.33880        0.0000005753   0.0000003769
    0    0    0   0.00000        -3    0   -2   9.33880        0.0000015745  -0.0000002737
    0    0    0   0.00000        -3    0    0   9.33880       -0.0000016070  -0.0000009619
    0    0    0   0.00000        -2   -3    0   9.33880       -0.0000004375  -0.0000004584
    0    0    0   0.00000        -2   -2    1   9.33880        0.0000005753   0.0000003769
    0    0    0   0.00000        -2    0   -3   9.33880       -0.0000004375  -0.0000004584
    0    0    0   0.00000        -2    1   -2   9.33880        0.0000005753   0.0000003769
    0    0    0   0.00000        -1   -3   -3   9.33880        0.0000004463  -0.0000004449
    0    0    0   0.00000        -1    2    2   9.33880        0.0000015745  -0.0000002737
    0    0    0   0.00000         0   -3   -2   9.33880       -0.0000005504   0.0000003465
    0    0    0   0.00000         0   -3    0   9.33880        0.0000005374   0.0000003292
    0    0    0   0.00000         0   -2   -3   9.33880       -0.0000005504   0.0000003465
    0    0    0   0.00000         0    0   -3   9.33880        0.0000005374   0.0000003292
    0    0    0   0.00000         0    0    3   9.33880       -0.0000005345   0.0000003205
    0    0    0   0.00000         0    2    3   9.33880        0.0000005753   0.0000003769
    0    0    0   0.00000         0    3    0   9.33880       -0.0000005345   0.0000003205
    0    0    0   0.00000         0    3    2   9.33880        0.0000005753   0.0000003769
    0    0    0   0.00000         1   -2   -2   9.33880       -0.0000015608  -0.0000002699
    0    0    0   0.00000         1    3    3   9.33880       -0.0000004375  -0.0000004584
    0    0    0   0.00000         2   -1    2   9.33880       -0.0000005504   0.0000003465
   -1   -1   -1   1.03764        -1   -1   -1   1.03764       -0.0126396270  -0.0000000000
   -1    0    0   1.03764        -1    0    0   1.03764       -0.0126494124   0.0000000000
    0   -1    0   1.03764         0   -1    0   1.03764       -0.0126297992  -0.0000000000
    0    0   -1   1.03764         0    0   -1   1.03764       -0.0126297992  -0.0000000000
    0    0    1   1.03764         0    0    1   1.03764       -0.0126396270  -0.0000000000
    0    1    0   1.03764         0    1    0   1.03764       -0.0126396270   0.0000000000
    1    0    0   1.03764         1    0    0   1.03764       -0.0126199301  -0.0000000000
    1    1    1   1.03764         1    1    1   1.03764       -0.0126297992  -0.0000000000
   -1   -1    0   1.38353        -1   -1    0   1.38353       -0.0127699466   0.0000000000
   -1    0   -1   1.38353        -1    0   -1   1.38353       -0.0127699466   0.0000000000
    0   -1   -1   1.38353         0   -1   -1   1.38353       -0.0127370646  -0.0000000000
    0    1    1   1.38353         0    1    1   1.38353       -0.0127699466   0.0000000000
    1    0    1   1.38353         1    0    1   1.38353       -0.0127370646  -0.0000000000
    1    1    0   1.38353         1    1    0   1.38353       -0.0127370646   0.0000000000
   -2   -1   -1   2.76705        -2   -1   -1   2.76705       -0.0074476878   0.0000000000
   -1   -2   -1   2.76705        -1   -2   -1   2.76705       -0.0074282850   0.0000000000
   -1   -1   -2   2.76705        -1   -1   -2   2.76705       -0.0074282850   0.0000000000
   -1    0    1   2.76705        -1    0    1   2.76705       -0.0074476878   0.0000000000
   -1    1    0   2.76705        -1    1    0   2.76705       -0.0074476878   0.0000000000
    0   -1    1   2.76705         0   -1    1   2.76705       -0.0074282850   0.0000000000
    0    1   -1   2.76705         0    1   -1   2.76705       -0.0074282850  -0.0000000000
    1   -1    0   2.76705         1   -1    0   2.76705       -0.0074087496   0.0000000000
    1    0   -1   2.76705         1    0   -1   2.76705       -0.0074087496   0.0000000000
    1    1    2   2.76705         1    1    2   2.76705       -0.0074282850   0.0000000000
    1    2    1   2.76705         1    2    1   2.76705       -0.0074282850  -0.0000000000
    2    1    1   2.76705         2    1    1   2.76705       -0.0074087496  -0.0000000000
   -2   -2   -1   3.80470        -2   -2   -1   3.80470       -0.0034908628   0.0000000000
   -2   -1   -2   3.80470        -2   -1   -2   3.80470       -0.0034908628   0.0000000000
   -2   -1    0   3.80470        -2   -1    0   3.80470       -0.0034954393   0.0000000000
   -2    0   -1   3.80470        -2    0   -1   3.80470       -0.0034954393  -0.0000000000
   -1   -2   -2   3.80470        -1   -2   -2   3.80470       -0.0034770075   0.0000000000
   -1   -2    0   3.80470         2    2    0   5.53410       -0.0000156877   0.0000943124
   -1   -1    1   3.80470        -3   -2   -2   6.57175       -0.0001447866   0.0000572356
   -1    0   -2   3.80470        -3   -1   -1   6.57175       -0.0001447929  -0.0000569819
   -1    1   -1   3.80470        -2   -3   -2   6.57175       -0.0001083840  -0.0001170808
   -1    1    1   3.80470        -2   -2   -3   6.57175        0.0000408923   0.0000028683
    0   -2   -1   3.80470        -2    0    1   6.57175       -0.0000159401  -0.0000060760
    0   -1   -2   3.80470        -2    1    0   6.57175       -0.0000159401  -0.0000060760
    0    1    2   3.80470        -1   -3   -1   6.57175        0.0000405455  -0.0000031508
    0    2    1   3.80470        -1   -1   -3   6.57175        0.0000405455  -0.0000031508
    1   -1   -1   3.80470        -1    0    2   6.57175       -0.0000524980   0.0001102968
    1   -1    1   3.80470        -1    2    0   6.57175       -0.0002131770   0.0001830186
    1    0    2   3.80470         0   -2    1   6.57175       -0.0002676747   0.0000708614
    1    1   -1   3.80470         0   -1    2   6.57175       -0.0002130761   0.0001832124
    1    2    0   3.80470         0    1   -2   6.57175       -0.0002676747   0.0000708614
    1    2    2   3.80470         0    2   -1   6.57175        0.0002925717   0.0000390191
    2    0    1   3.80470         1   -2    0   6.57175       -0.0002685015   0.0000706166
    2    1    0   3.80470         1    0   -2   6.57175       -0.0002685015   0.0000706166
    2    1    2   3.80470         1    1    3   6.57175       -0.0002688625  -0.0000707372
    2    2    1   3.80470         1    3    1   6.57175       -0.0002688625  -0.0000707372
   -2   -2   -2   4.15058         2   -1    0   6.57175       -0.0000412778  -0.0001033928
   -2    0    0   4.15058         2    0   -1   6.57175        0.0000814822   0.0003631963
    0   -2    0   4.15058         2    2    3   6.57175       -0.0000411181   0.0001034119
    0    0   -2   4.15058         2    3    2   6.57175       -0.0000411181   0.0001034119
    0    0    2   4.15058         3    1    1   6.57175       -0.0000412778  -0.0001033928
    0    2    0   4.15058         3    2    2   6.57175        0.0000746939   0.0001934762
    2    0    0   4.15058        -3   -2   -1   6.91763       -0.0001813809  -0.0001461442
    2    2    2   4.15058        -3   -1   -2   6.91763       -0.0001818979   0.0001465075
   -2   -2    0   5.53410        -2   -3   -1   6.91763        0.0001832504  -0.0000000173
   -2    0   -2   5.53410        -2   -1   -3   6.91763        0.0001832504  -0.0000000173
    0   -2   -2   5.53410        -2   -1    1   6.91763       -0.0000462730   0.0000001115
    0    2    2   5.53410        -2    1   -1   6.91763       -0.0000247581   0.0000001354
    2    0    2   5.53410        -1   -3   -2   6.91763       -0.0000919182  -0.0000165666
    2    2    0   5.53410         1    0    3   8.30115        0.0000127849  -0.0000049935
   -3   -2   -2   6.57175         1    1   -2   8.30115       -0.0000187076   0.0000068395
   -3   -1   -1   6.57175         1    3    0   8.30115       -0.0000188716  -0.0000068988
   -2   -3   -2   6.57175         2   -1   -1   8.30115        0.0000068498  -0.0000384155
   -2   -2   -3   6.57175         2    3    3   8.30115       -0.0000127609   0.0000555799
   -2    0    1   6.57175         3    0    1   8.30115       -0.0000302509  -0.0000787484
   -2    1    0   6.57175         3    1    0   8.30115       -0.0000302509  -0.0000787484
   -1   -3   -1   6.57175         3    2    3   8.30115       -0.0000118822  -0.0000262742
   -1   -1   -3   6.57175         3    3    2   8.30115       -0.0000118822  -0.0000262742
   -1    0    2   6.57175        -3   -3   -3   9.33880        0.0000016686  -0.0000019451
   -1    2    0   6.57175        -3   -3   -1   9.33880        0.0000109688   0.0000021819
    0   -2    1   6.57175        -3   -2    0   9.33880        0.0000069551   0.0000072962
    0   -1    2   6.57175        -3   -1   -3   9.33880       -0.0000203202   0.0000047812
    0    1   -2   6.57175        -3    0   -2   9.33880        0.0000069551   0.0000072962
    0    2   -1   6.57175        -3    0    0   9.33880        0.0000026809  -0.0000023647
    1   -2    0   6.57175        -2   -3    0   9.33880       -0.0000147388   0.0000037848
    1    0   -2   6.57175        -2   -2    1   9.33880        0.0000400994  -0.0000019547
    1    1    3   6.57175        -2    0   -3   9.33880        0.0000401646   0.0000018966
    1    3    1   6.57175        -2    1   -2   9.33880       -0.0000148075  -0.0000037617
    2   -1    0   6.57175        -1   -3   -3   9.33880        0.0000069494  -0.0000072541
    2    0   -1   6.57175        -1    2    2   9.33880        0.0000400710   0.0000020032
    2    2    3   6.57175         0   -3   -2   9.33880       -0.0000200391  -0.0000048820
    2    3    2   6.57175         0   -3    0   9.33880        0.0000128780   0.0000166841
    3    1    1   6.57175         0   -2   -3   9.33880       -0.0000257117  -0.0000035810
    3    2    2   6.57175         0    0   -3   9.33880        0.0000016179   0.0000019301
   -3   -2   -1   6.91763         0    0    3   9.33880       -0.0000034970   0.0000011815
   -3   -1   -2   6.91763         0    2    3   9.33880       -0.0000071105  -0.0000103209
   -2   -3   -1   6.91763         0    3    0   9.33880       -0.0000267371  -0.0000316949
   -2   -1   -3   6.91763         0    3    2   9.33880       -0.0000017783   0.0000017812
   -2   -1    1   6.91763         1   -2   -2   9.33880        0.0000019003   0.0000252282
   -2    1   -1   6.91763         1    3    3   9.33880       -0.0000074338   0.0000144017
   -1   -3   -2   6.91763         2   -1    2   9.33880       -0.0000117124  -0.0000011969

 For q0 points, you should check the symmetry (eps(G,G') = eps*(-G,-G')) by
 using the eps0sym code. Wavefunction convergence, as well as a finite q-shift
 may cause this property of eps(G,G') to be broken.


             g                   gp         inverse epsilon           nspin= 1
         0    0    0         0    0    0        0.04472282   0.00000000
        -1   -1   -1         0    0    0        0.00000033  -0.00000522
        -1   -1   -1        -1   -1   -1        0.79154254   0.00000000
        -1    0    0        -1   -1   -1        0.00910271   0.00516593
        -1    0    0        -1    0    0        0.79644605  -0.00000000
         0   -1    0        -1    0    0       -0.01324346   0.00000346
         0   -1    0         0   -1    0        0.79198808  -0.00000000
         0    0   -1         0   -1    0       -0.01073581  -0.00000000
         0    0   -1         0    0   -1        0.79198808  -0.00000000
         0    0    1         0    0   -1       -0.02442540  -0.08708578
         0    0    1         0    0    1        0.79154254  -0.00000000
         0    1    0         0    0    1       -0.01064702  -0.00000000
         0    1    0         0    1    0        0.79154254  -0.00000000
         1    0    0         0    1    0       -0.01327092  -0.00000333
         1    0    0         1    0    0        0.79741470  -0.00000000
         1    1    1         1    0    0        0.00903187   0.00519883
         1    1    1         1    1    1        0.79198808  -0.00000000
        -1   -1    0         1    1    1       -0.01133206  -0.00719492
        -1   -1    0        -1   -1    0        0.82817320  -0.00000000
        -1    0   -1        -1   -1    0        0.00543033  -0.00000000
        -1    0   -1        -1    0   -1        0.82817320  -0.00000000
         0   -1   -1        -1    0   -1        0.00357976  -0.00000005
         0   -1   -1         0   -1   -1        0.82881391  -0.00000000
         0    1    1         0   -1   -1        0.00752695  -0.00000016
         0    1    1         0    1    1        0.82817320   0.00000000
         1    0    1         0    1    1        0.00357976  -0.00000005
         1    0    1         1    0    1        0.82881391   0.00000000
         1    1    0         1    0    1        0.00537328   0.00000000
         1    1    0         1    1    0        0.82881391  -0.00000000
        -2   -1   -1         1    1    0        0.00104243  -0.00002809
        -2   -1   -1        -2   -1   -1        0.94662097   0.00000000
        -1   -2   -1        -2   -1   -1       -0.00078970  -0.00003231
        -1   -2   -1        -1   -2   -1        0.94190927   0.00000000
        -1   -1   -2        -1   -2   -1       -0.00079213  -0.00000000
        -1   -1   -2        -1   -1   -2        0.94190927  -0.00000000
        -1    0    1        -1   -1   -2        0.00449879   0.00063151
        -1    0    1        -1    0    1        0.94662097   0.00000000
        -1    1    0        -1    0    1        0.00413337  -0.00000000
        -1    1    0        -1    1    0        0.94662097   0.00000000
         0   -1    1        -1    1    0        0.00449429  -0.00063087
         0   -1    1         0   -1    1        0.94190927   0.00000000
         0    1   -1         0   -1    1        0.01739319  -0.00000000
         0    1   -1         0    1   -1        0.94190927   0.00000000
         1   -1    0         0    1   -1        0.00450009  -0.00062373
         1   -1    0         1   -1    0        0.94696216   0.00000000
         1    0   -1         1   -1    0        0.00402910   0.00000000
         1    0   -1         1    0   -1        0.94696216   0.00000000
         1    1    2         1    0   -1        0.00450459   0.00062435
         1    1    2         1    1    2        0.94190927   0.00000000
         1    2    1         1    1    2       -0.00080987   0.00000000
         1    2    1         1    2    1        0.94190927   0.00000000
         2    1    1         1    2    1       -0.00081257  -0.00003031
         2    1    1         2    1    1        0.94696216   0.00000000
        -2   -2   -1         2    1    1        0.00164666   0.00320483
        -2   -2   -1        -2   -2   -1        0.98079323  -0.00000000
        -2   -1   -2        -2   -2   -1       -0.00522206  -0.00000000
        -2   -1   -2        -2   -1   -2        0.98079323   0.00000000
        -2   -1    0        -2   -1   -2       -0.00052774   0.00150052
        -2   -1    0        -2   -1    0        0.98348619  -0.00000000
        -2    0   -1        -2   -1    0       -0.00249760  -0.00000000
        -2    0   -1        -2    0   -1        0.98348619   0.00000000
        -1   -2   -2        -2    0   -1       -0.00251320   0.00065058
        -1   -2   -2        -1   -2   -2        0.98038533  -0.00000000
        -1   -2    0        -1   -2   -2       -0.00002114   0.00287773
        -1   -2    0         2    2    0       -0.00011713   0.00048044
        -1   -1    1         2    2    0       -0.00031909  -0.00077576
        -1   -1    1        -3   -2   -2       -0.00100465   0.00032100
        -1    0   -2        -3   -2   -2        0.00126196  -0.00028290
        -1    0   -2        -3   -1   -1       -0.00075375  -0.00037762
        -1    1   -1        -3   -1   -1        0.00117917  -0.00008510
        -1    1   -1        -2   -3   -2       -0.00066765  -0.00080068
        -1    1    1        -2   -3   -2        0.00000054   0.00018010
        -1    1    1        -2   -2   -3        0.00000054   0.00018010
         0   -2   -1        -2   -2   -3        0.00139031  -0.00032130
         0   -2   -1        -2    0    1        0.00022067  -0.00010715
         0   -1   -2        -2    0    1       -0.00005876  -0.00069052
         0   -1   -2        -2    1    0        0.00022067  -0.00010715
         0    1    2        -2    1    0        0.00117917  -0.00008510
         0    1    2        -1   -3   -1        0.00033791   0.00012414
         0    2    1        -1   -3   -1       -0.00096190  -0.00085626
         0    2    1        -1   -1   -3        0.00033791   0.00012414
         1   -1   -1        -1   -1   -3        0.00105411   0.00001862
         1   -1   -1        -1    0    2        0.00005363   0.00040419
         1   -1    1        -1    0    2        0.00164322  -0.00004799
         1   -1    1        -1    2    0       -0.00114166   0.00080648
         1    0    2        -1    2    0       -0.00009945  -0.00010050
         1    0    2         0   -2    1       -0.00143408   0.00055544
         1    1   -1         0   -2    1       -0.00036900  -0.00035465
         1    1   -1         0   -1    2       -0.00095955   0.00085601
         1    2    0         0   -1    2       -0.00033563   0.00042895
         1    2    0         0    1   -2       -0.00143408   0.00055544
         1    2    2         0    1   -2       -0.00085657  -0.00022747
         1    2    2         0    2   -1        0.00176427   0.00005287
         2    0    1         0    2   -1        0.00007974   0.00018817
         2    0    1         1   -2    0       -0.00127253   0.00019665
         2    1    0         1   -2    0        0.00153526  -0.00012951
         2    1    0         1    0   -2       -0.00127253   0.00019665
         2    1    2         1    0   -2       -0.00099254  -0.00030413
         2    1    2         1    1    3       -0.00137223  -0.00060890
         2    2    1         1    1    3        0.00144372  -0.00028255
         2    2    1         1    3    1       -0.00137223  -0.00060890
        -2   -2   -2         1    3    1       -0.00030595  -0.00017943
        -2   -2   -2         2   -1    0       -0.00017987  -0.00026776
        -2    0    0         2   -1    0       -0.00009300   0.00099648
        -2    0    0         2    0   -1       -0.00009300   0.00099648
         0   -2    0         2    0   -1        0.00050660  -0.00087909
         0   -2    0         2    2    3       -0.00007542   0.00063695
         0    0   -2         2    2    3       -0.00030537   0.00017672
         0    0   -2         2    3    2       -0.00007542   0.00063695
         0    0    2         2    3    2        0.00031569   0.00121454
         0    0    2         3    1    1       -0.00017987  -0.00026776
         0    2    0         3    1    1       -0.00017987  -0.00026776
         0    2    0         3    2    2        0.00020168   0.00110500
         2    0    0         3    2    2       -0.00007554  -0.00016016
         2    0    0        -3   -2   -1       -0.00063318  -0.00015265
         2    2    2        -3   -2   -1       -0.00090730   0.00058418
         2    2    2        -3   -1   -2       -0.00090730   0.00058418
        -2   -2    0        -3   -1   -2       -0.00014445   0.00003891
        -2   -2    0        -2   -3   -1        0.00071817  -0.00003854
        -2    0   -2        -2   -3   -1       -0.00035370   0.00003787
        -2    0   -2        -2   -1   -3        0.00071817  -0.00003854
         0   -2   -2        -2   -1   -3       -0.00009228   0.00003840
         0   -2   -2        -2   -1    1       -0.00011545  -0.00003837
         0    2    2        -2   -1    1       -0.00014445   0.00003891
         0    2    2        -2    1   -1       -0.00014445   0.00003891
         2    0    2        -2    1   -1        0.00032280  -0.00003847
         2    0    2        -1   -3   -2       -0.00035182  -0.00003805
         2    2    0        -1   -3   -2       -0.00016648   0.00003829
         2    2    0         1    0    3        0.00004973  -0.00002150
        -3   -2   -2         1    0    3        0.00000396   0.00006257
        -3   -2   -2         1    1   -2       -0.00005778   0.00001225
        -3   -1   -1         1    1   -2       -0.00000778  -0.00007733
        -3   -1   -1         1    3    0       -0.00006942  -0.00002458
        -2   -3   -2         1    3    0        0.00004246   0.00003376
        -2   -3   -2         2   -1   -1        0.00000952  -0.00011880
        -2   -2   -3         2   -1   -1        0.00000952  -0.00011880
        -2   -2   -3         2    3    3       -0.00002960   0.00015402
        -2    0    1         2    3    3        0.00001184   0.00012361
        -2    0    1         3    0    1       -0.00008895  -0.00020667
        -2    1    0         3    0    1       -0.00002857  -0.00012264
        -2    1    0         3    1    0       -0.00008895  -0.00020667
        -1   -3   -1         3    1    0       -0.00005623  -0.00002968
        -1   -3   -1         3    2    3       -0.00005780  -0.00008216
        -1   -1   -3         3    2    3        0.00004629  -0.00003097
        -1   -1   -3         3    3    2       -0.00005780  -0.00008216
        -1    0    2         3    3    2       -0.00005778   0.00001225
        -1    0    2        -3   -3   -3       -0.00001286   0.00000021
        -1    2    0        -3   -3   -3       -0.00001286   0.00000021
        -1    2    0        -3   -3   -1        0.00004687   0.00001510
         0   -2    1        -3   -3   -1       -0.00005328   0.00001171
         0   -2    1        -3   -2    0        0.00001775   0.00002070
         0   -1    2        -3   -2    0       -0.00003976  -0.00002001
         0   -1    2        -3   -1   -3       -0.00005507   0.00001910
         0    1   -2        -3   -1   -3       -0.00005328   0.00001171
         0    1   -2        -3    0   -2        0.00001775   0.00002070
         0    2   -1        -3    0   -2       -0.00003976  -0.00002001
         0    2   -1        -3    0    0        0.00001422  -0.00000837
         1   -2    0        -3    0    0        0.00004043   0.00002769
         1   -2    0        -2   -3    0       -0.00003385   0.00001118
         1    0   -2        -2   -3    0       -0.00005448  -0.00001906
         1    0   -2        -2   -2    1        0.00010909  -0.00000292
         1    1    3        -2   -2    1       -0.00003423  -0.00001089
         1    1    3        -2    0   -3        0.00011083   0.00000339
         1    3    1        -2    0   -3       -0.00010062  -0.00000403
         1    3    1        -2    1   -2       -0.00003423  -0.00001089
         2   -1    0        -2    1   -2       -0.00007340   0.00002360
         2   -1    0        -1   -3   -3        0.00001966  -0.00001495
         2    0   -1        -1   -3   -3        0.00001966  -0.00001495
         2    0   -1        -1    2    2        0.00008563   0.00000494
         2    2    3        -1    2    2        0.00001775   0.00002070
         2    2    3         0   -3   -2       -0.00005459  -0.00001927
         2    3    2         0   -3   -2       -0.00006075  -0.00003495
         2    3    2         0   -3    0        0.00002474   0.00003401
         3    1    1         0   -3    0        0.00001890  -0.00001209
         3    1    1         0   -2   -3       -0.00008462  -0.00000584
         3    2    2         0   -2   -3        0.00004660  -0.00001513
         3    2    2         0    0   -3       -0.00001296  -0.00000015
        -3   -2   -1         0    0   -3       -0.00000908   0.00002133
        -3   -2   -1         0    0    3       -0.00000454   0.00002497
        -3   -1   -2         0    0    3       -0.00001847  -0.00001618
        -3   -1   -2         0    2    3       -0.00001220  -0.00003931
        -2   -3   -1         0    2    3       -0.00000055  -0.00000856
        -2   -3   -1         0    3    0       -0.00006021  -0.00007187
        -2   -1   -3         0    3    0        0.00000412   0.00002906
        -2   -1   -3         0    3    2       -0.00000055  -0.00000856
        -2   -1    1         0    3    2       -0.00001363  -0.00005006
        -2   -1    1         1   -2   -2       -0.00000601   0.00005208
        -2    1   -1         1   -2   -2       -0.00000601   0.00005208
        -2    1   -1         1    3    3       -0.00001685   0.00005065
        -1   -3   -2         1    3    3        0.00002361  -0.00010563
        -1   -3   -2         2   -1    2       -0.00003443   0.00001229
        -1   -2   -3         2   -1    2       -0.00000034   0.00000854


     q= 0.0000 0.0000 0.5000  nmtx=     168  nrk= 10

           independent matrix elements of chi       spin index= 1 1

          g          g**2          gp          gp**2          chi(g,gp)
    0    0   -1   0.25941         0    0   -1   0.25941       -0.0156274226  -0.0000000000
    0    0    0   0.25941         0    0   -1   0.25941        0.0006928888  -0.0045773387
    0    0    0   0.25941         0    0    0   0.25941       -0.0156274226   0.0000000000
    0    0    0   0.25941        -1   -1   -1   0.95117       -0.0019956353  -0.0036877781
    0    0    0   0.25941        -1    0   -1   0.95117        0.0004767913  -0.0014296369
    0    0    0   0.25941         0   -1   -1   0.95117        0.0004767913  -0.0014296369
    0    0    0   0.25941         0    1    0   0.95117       -0.0019956353  -0.0036877781
    0    0    0   0.25941         1    0    0   0.95117       -0.0019956353  -0.0036877781
    0    0    0   0.25941         1    1    0   0.95117        0.0004767913  -0.0014296369
    0    0    0   0.25941        -1   -1   -2   1.64294       -0.0006436880  -0.0005329143
    0    0    0   0.25941        -1    0    0   1.64294       -0.0010632482   0.0026881632
    0    0    0   0.25941         0   -1    0   1.64294       -0.0010632482   0.0026881632
    0    0    0   0.25941         0    1   -1   1.64294       -0.0006436880  -0.0005329143
    0    0    0   0.25941         1    0   -1   1.64294       -0.0006436880  -0.0005329143
    0    0    0   0.25941         1    1    1   1.64294       -0.0010632482   0.0026881632
    0    0    0   0.25941        -1   -1    0   2.33470        0.0006771776   0.0005217988
    0    0    0   0.25941        -1    0   -2   2.33470       -0.0012243680  -0.0009435505
    0    0    0   0.25941         0   -1   -2   2.33470       -0.0012243680  -0.0009435505
    0    0    0   0.25941         0    0   -2   2.33470       -0.0001677271  -0.0058790103
    0    0    0   0.25941         0    0    1   2.33470       -0.0007402864  -0.0008447664
    0    0    0   0.25941         0    1    1   2.33470        0.0006771776   0.0005217988
    0    0    0   0.25941         1    0    1   2.33470        0.0006771776   0.0005217988
    0    0    0   0.25941         1    1   -1   2.33470       -0.0012243680  -0.0009435505
    0    0    0   0.25941        -2   -1   -2   3.02646       -0.0002676257   0.0002634428
    0    0    0   0.25941        -2   -1   -1   3.02646       -0.0000044815   0.0000960644
    0    0    0   0.25941        -1   -2   -2   3.02646       -0.0002676257   0.0002634428
    0    0    0   0.25941        -1   -2   -1   3.02646       -0.0000044815   0.0000960644
    0    0    0   0.25941        -1    1   -1   3.02646       -0.0002676256   0.0002634428
    0    0    0   0.25941        -1    1    0   3.02646       -0.0000044815   0.0000960644
    0    0    0   0.25941         1   -1   -1   3.02646       -0.0002676257   0.0002634428
    0    0    0   0.25941         1   -1    0   3.02646       -0.0000044815   0.0000960644
    0    0    0   0.25941         1    2    0   3.02646       -0.0002676257   0.0002634428
    0    0    0   0.25941         1    2    1   3.02646       -0.0000044815   0.0000960644
    0    0    0   0.25941         1    2   -1   5.10175        0.0000328687  -0.0000244404
    0    0    0   0.25941         1    2    2   5.10175        0.0003234897   0.0006310316
    0    0    0   0.25941         2    0   -1   5.10175        0.0006011559   0.0003141421
    0    0    0   0.25941         2    1   -1   5.10175        0.0000328687  -0.0000244404
    0    0    0   0.25941         2    1    2   5.10175        0.0003234897   0.0006310316
    0    0    0   0.25941         2    2    2   5.10175       -0.0002635493   0.0004947727
    0    0    0   0.25941        -1   -1    1   5.79351        0.0002533192  -0.0004268877
    0    0    0   0.25941        -1    0   -3   5.79351        0.0006849597   0.0006187525
    0    0    0   0.25941         0   -1   -3   5.79351        0.0006849598   0.0006187525
    0    0    0   0.25941         0    1    2   5.79351        0.0002533192  -0.0004268877
    0    0    0   0.25941         1    0    2   5.79351        0.0002533192  -0.0004268877
    0    0    0   0.25941         1    1   -2   5.79351        0.0006849598   0.0006187525
    0    0    0   0.25941        -3   -2   -2   6.48528        0.0005045794   0.0003849611
    0    0    0   0.25941        -3   -1   -2   6.48528       -0.0001040025   0.0004769336
    0    0    0   0.25941        -2   -3   -2   6.48528        0.0005045794   0.0003849611
    0    0    0   0.25941        -2    1   -1   6.48528       -0.0001040025   0.0004769336
    0    0    0   0.25941        -1   -3   -2   6.48528       -0.0001040025   0.0004769336
    0    0    0   0.25941        -1    2    0   6.48528        0.0005045794   0.0003849611
    0    0    0   0.25941         0    0   -3   6.48528       -0.0005184737   0.0003223092
    0    0    0   0.25941         0    0    2   6.48528       -0.0003417969  -0.0001104099
    0    0    0   0.25941         1   -2   -1   6.48528       -0.0001040025   0.0004769336
    0    0    0   0.25941         1    3    1   6.48528        0.0005045794   0.0003849611
    0    0    0   0.25941         2   -1    0   6.48528        0.0005045794   0.0003849611
    0    0    0   0.25941         2    3    1   6.48528       -0.0001040025   0.0004769336
    0    0    0   0.25941         3    1    1   6.48528        0.0005045794   0.0003849611
    0    0    0   0.25941         3    2    1   6.48528       -0.0001040025   0.0004769336
    0    0    0   0.25941        -3   -2   -3   7.17704        0.0002724587  -0.0001306828
    0    0    0   0.25941        -3   -1   -1   7.17704        0.0000430351  -0.0002205416
    0    0    0   0.25941        -2   -3   -3   7.17704        0.0002724587  -0.0001306828
    0    0    0   0.25941        -2   -2    0   7.17704        0.0004865155   0.0000390306
    0    0    0   0.25941        -2    0   -3   7.17704        0.0001734131  -0.0000442556
    0    0    0   0.25941        -2    1    0   7.17704        0.0000430351  -0.0002205416
    0    0    0   0.25941         0   -2    1   8.56056        0.0001577286  -0.0002999962
    0    0    0   0.25941         0    2   -2   8.56056        0.0002006435   0.0000712313
    0    0    0   0.25941         0    3    0   8.56056       -0.0001211580   0.0000156972
    0    0    0   0.25941         0    3    1   8.56056        0.0002208487  -0.0000905275
    0    0    0   0.25941         2    0   -2   8.56056        0.0002006435   0.0000712313
    0    0    0   0.25941         2    2    3   8.56056        0.0001577286  -0.0002999962
    0    0    0   0.25941         3    0    0   8.56056       -0.0001211580   0.0000156972
    0    0    0   0.25941         3    0    1   8.56056        0.0002208487  -0.0000905275
    0    0    0   0.25941         3    3    1   8.56056       -0.0000294491  -0.0000727020
    0    0    0   0.25941         3    3    2   8.56056        0.0003637927  -0.0000188901
    0    0    0   0.25941        -2   -1   -4   9.25233        0.0000211651   0.0002225261
    0    0    0   0.25941        -2   -1    1   9.25233       -0.0001211564  -0.0000933923
    0    0    0   0.25941        -1   -2   -4   9.25233        0.0000211652   0.0002225261
    0    0    0   0.25941        -1   -2    1   9.25233       -0.0001211564  -0.0000933923
    0    0    0   0.25941        -1   -1   -4   9.25233       -0.0001155015  -0.0000025485
    0    0    0   0.25941        -1    0    2   9.25233        0.0000565491   0.0002033455
    0    0    0   0.25941        -1    1   -3   9.25233        0.0000211652   0.0002225261
    0    0    0   0.25941        -1    1    2   9.25233       -0.0001211564  -0.0000933923
    0    0    0   0.25941         0   -1    2   9.25233        0.0000565491   0.0002033455
    0    0    0   0.25941         0    1   -3   9.25233       -0.0001155015  -0.0000025485
    0    0    0   0.25941         1   -1   -3   9.25233        0.0000211652   0.0002225261
    0    0    0   0.25941         1   -1    2   9.25233       -0.0001211564  -0.0000933923
    0    0    0   0.25941         1    0   -3   9.25233       -0.0001155015  -0.0000025485
    0    0    0   0.25941         1    1    3   9.25233        0.0000565491   0.0002033455
    0    0    0   0.25941         1    2   -2   9.25233        0.0000211652   0.0002225261
    0    0    0   0.25941         1    2    3   9.25233       -0.0001211564  -0.0000933923
    0    0    0   0.25941         2    1   -2   9.25233        0.0000211652   0.0002225261
    0    0    0   0.25941         2    1    3   9.25233       -0.0001211564  -0.0000933923
    0    0    0   0.25941        -3   -2   -4   9.94409       -0.0000952774   0.0000425902
    0    0    0   0.25941        -3   -1    0   9.94409        0.0002580689   0.0000024986
    0    0    0   0.25941        -2   -3   -4   9.94409       -0.0000952774   0.0000425902
    0    0    0   0.25941        -2    1    1   9.94409        0.0002580689   0.0000024986
   -1   -1   -1   0.95117        -1   -1   -1   0.95117       -0.0148944538   0.0000000000
   -1    0   -1   0.95117        -1    0   -1   0.95117       -0.0148944538   0.0000000000
    0   -1   -1   0.95117         0   -1   -1   0.95117       -0.0148944538   0.0000000000
    0    1    0   0.95117         0    1    0   0.95117       -0.0148944538  -0.0000000000
    1    0    0   0.95117         1    0    0   0.95117       -0.0148944538  -0.0000000000
    1    1    0   0.95117         1    1    0   0.95117       -0.0148944538  -0.0000000000
   -1   -1   -2   1.64294        -1   -1   -2   1.64294       -0.0101239285   0.0000000000
   -1    0    0   1.64294        -1    0    0   1.64294       -0.0101239285  -0.0000000000
    0   -1    0   1.64294         0   -1    0   1.64294       -0.0101239285   0.0000000000
    0    1   -1   1.64294         0    1   -1   1.64294       -0.0101239285  -0.0000000000
    1    0   -1   1.64294         1    0   -1   1.64294       -0.0101239285   0.0000000000
    1    1    1   1.64294         1    1    1   1.64294       -0.0101239285   0.0000000000
   -1   -1    0   2.33470        -1   -1    0   2.33470       -0.0081496337   0.0000000000
   -1    0   -2   2.33470        -1    0   -2   2.33470       -0.0081496337   0.0000000000
    0   -1   -2   2.33470         0   -1   -2   2.33470       -0.0081496337   0.0000000000
    0    0   -2   2.33470         0    0   -2   2.33470       -0.0082368417   0.0000000000
    0    0    1   2.33470         0    0    1   2.33470       -0.0082368417   0.0000000000
    0    1    1   2.33470         0    1    1   2.33470       -0.0081496337  -0.0000000000
    1    0    1   2.33470         1    0    1   2.33470       -0.0081496337  -0.0000000000
    1    1   -1   2.33470         1    1   -1   2.33470       -0.0081496337   0.0000000000
   -2   -1   -2   3.02646        -2   -1   -2   3.02646       -0.0061785470   0.0000000000
   -2   -1   -1   3.02646        -2   -1   -1   3.02646       -0.0061785470  -0.0000000000
   -1   -2   -2   3.02646        -1   -2   -2   3.02646       -0.0061785470   0.0000000000
   -1   -2   -1   3.02646        -1   -2   -1   3.02646       -0.0061785470  -0.0000000000
   -1    1   -1   3.02646        -1    1   -1   3.02646       -0.0061785470  -0.0000000000
   -1    1    0   3.02646        -1    1    0   3.02646       -0.0061785470  -0.0000000000
    1   -1   -1   3.02646         1   -1   -1   3.02646       -0.0061785470   0.0000000000
    1   -1    0   3.02646         1   -1    0   3.02646       -0.0061785470   0.0000000000
    1    2    0   3.02646         1    2    0   3.02646       -0.0061785470   0.0000000000
    1    2    1   3.02646         1    2    1   3.02646       -0.0061785470  -0.0000000000
    2    1    0   3.02646         1    2   -1   5.10175        0.0000109190  -0.0000384519
    2    1    1   3.02646         1    2    2   5.10175       -0.0001734374  -0.0001104118
   -2   -2   -2   3.71823         2    0   -1   5.10175       -0.0000056176  -0.0001630615
   -2    0   -1   3.71823         2    1   -1   5.10175       -0.0003339220  -0.0001133893
    0   -2   -1   3.71823         2    1    2   5.10175        0.0003006054   0.0001545854
    0    2    0   3.71823         2    2    2   5.10175        0.0003880526   0.0000378344
    2    0    0   3.71823        -1   -1    1   5.79351       -0.0000830215   0.0000666158
    2    2    1   3.71823        -1    0   -3   5.79351       -0.0000830215  -0.0000666158
   -2   -2   -1   4.40999         0   -1   -3   5.79351       -0.0000262011   0.0001612445
   -2    0   -2   4.40999         0    1    2   5.79351       -0.0000262011  -0.0001612445
   -1   -1   -3   4.40999         1    0    2   5.79351       -0.0002587839   0.0000929444
   -1    0    1   4.40999         1    1   -2   5.79351       -0.0002587839  -0.0000929444
    0   -2   -2   4.40999        -3   -2   -2   6.48528        0.0000219429   0.0002234027
    0   -1    1   4.40999        -3   -1   -2   6.48528       -0.0000706933   0.0000071324
    0    1   -2   4.40999        -2   -3   -2   6.48528       -0.0000289068  -0.0000193147
    0    2    1   4.40999        -2    1   -1   6.48528        0.0000494667   0.0000917281
    1    0   -2   4.40999        -1   -3   -2   6.48528       -0.0000065260  -0.0001215177
    1    1    2   4.40999        -1    2    0   6.48528       -0.0000065260   0.0001215177
    2    0    1   4.40999         0    0   -3   6.48528       -0.0000270551  -0.0000452858
    2    2    0   4.40999         0    0    2   6.48528       -0.0000270551   0.0000452858
   -2   -2   -3   5.10175         1   -2   -1   6.48528        0.0000076862   0.0000932177
   -2   -1   -3   5.10175         1    3    1   6.48528        0.0000085074  -0.0000472163
   -2   -1    0   5.10175         2   -1    0   6.48528       -0.0000561352   0.0000404086
   -2    0    0   5.10175         2    3    1   6.48528        0.0000477673   0.0000104271
   -1   -2   -3   5.10175         3    1    1   6.48528        0.0000085074  -0.0000472162
   -1   -2    0   5.10175         3    2    1   6.48528       -0.0000221152  -0.0000499974
   -1    1   -2   5.10175        -3   -2   -3   7.17704       -0.0000429744   0.0000211674
   -1    1    1   5.10175        -3   -1   -1   7.17704        0.0000554187  -0.0000139008
    0   -2    0   5.10175        -2   -3   -3   7.17704       -0.0000682645   0.0000374491
    0    2   -1   5.10175        -2   -2    0   7.17704       -0.0000088946   0.0000466152
    1   -1   -2   5.10175        -2    0   -3   7.17704       -0.0000466343   0.0000513007
    1   -1    1   5.10175        -2    1    0   7.17704       -0.0000161539  -0.0000291448
    1    2   -1   5.10175         0   -2    1   8.56056       -0.0000167983  -0.0001180775
    1    2    2   5.10175         0    2   -2   8.56056        0.0000212849  -0.0000487151
    2    0   -1   5.10175         0    3    0   8.56056        0.0000066352  -0.0000009288
    2    1   -1   5.10175         0    3    1   8.56056       -0.0000249731  -0.0000244385
    2    1    2   5.10175         2    0   -2   8.56056        0.0000212849  -0.0000487151
    2    2    2   5.10175         2    2    3   8.56056       -0.0000877244  -0.0001554400
   -1   -1    1   5.79351         3    0    0   8.56056       -0.0000293856  -0.0000101498
   -1    0   -3   5.79351         3    0    1   8.56056       -0.0000536030  -0.0000062438
    0   -1   -3   5.79351         3    3    1   8.56056        0.0000077299  -0.0000121632
    0    1    2   5.79351         3    3    2   8.56056        0.0000077041   0.0000156547
    1    0    2   5.79351        -2   -1   -4   9.25233        0.0000497190   0.0000102790
    1    1   -2   5.79351        -2   -1    1   9.25233        0.0000497190  -0.0000102790
   -3   -2   -2   6.48528        -1   -2   -4   9.25233       -0.0000148453  -0.0000017071
   -3   -1   -2   6.48528        -1   -2    1   9.25233        0.0000026376   0.0000051740
   -2   -3   -2   6.48528        -1   -1   -4   9.25233       -0.0000112054   0.0000136958
   -2    1   -1   6.48528        -1    0    2   9.25233       -0.0000112054  -0.0000136958
   -1   -3   -2   6.48528        -1    1   -3   9.25233       -0.0000008845   0.0000191977
   -1    2    0   6.48528        -1    1    2   9.25233       -0.0000086412  -0.0000022911
    0    0   -3   6.48528         0   -1    2   9.25233       -0.0000381233   0.0000213089
    0    0    2   6.48528         0    1   -3   9.25233       -0.0000381233  -0.0000213089
    1   -2   -1   6.48528         1   -1   -3   9.25233       -0.0000086412   0.0000022911
    1    3    1   6.48528         1   -1    2   9.25233       -0.0000008845  -0.0000191977
    2   -1    0   6.48528         1    0   -3   9.25233       -0.0000112054   0.0000136958
    2    3    1   6.48528         1    1    3   9.25233       -0.0000112054  -0.0000136958
    3    1    1   6.48528         1    2   -2   9.25233        0.0000026376  -0.0000051740
    3    2    1   6.48528         1    2    3   9.25233       -0.0000148453   0.0000017071
   -3   -2   -3   7.17704         2    1   -2   9.25233       -0.0000063446  -0.0000069926
   -3   -1   -1   7.17704         2    1    3   9.25233       -0.0000063446   0.0000069926
   -2   -3   -3   7.17704        -3   -2   -4   9.94409       -0.0000005325  -0.0000048328
   -2   -2    0   7.17704        -3   -1    0   9.94409       -0.0000288250  -0.0000008987
   -2    0   -3   7.17704        -2   -3   -4   9.94409       -0.0000036691   0.0000021686
   -2    1    0   7.17704        -2    1    1   9.94409       -0.0000213040  -0.0000383931


             g                   gp         inverse epsilon           nspin= 1
         0    0   -1         0    0   -1        0.44361377  -0.00000000
         0    0    0         0    0   -1        0.00424066  -0.08050529
         0    0    0         0    0    0        0.44361377   0.00000000
        -1   -1   -1         0    0    0       -0.01550233   0.02744752
        -1   -1   -1        -1   -1   -1        0.74621404   0.00000000
        -1    0   -1        -1   -1   -1       -0.02190621   0.04083523
        -1    0   -1        -1    0   -1        0.74621404  -0.00000000
         0   -1   -1        -1    0   -1       -0.00029564  -0.00000000
         0   -1   -1         0   -1   -1        0.74621404  -0.00000000
         0    1    0         0   -1   -1       -0.02035139   0.01478760
         0    1    0         0    1    0        0.74621404  -0.00000000
         1    0    0         0    1    0       -0.00029564  -0.00000000
         1    0    0         1    0    0        0.74621404  -0.00000000
         1    1    0         1    0    0       -0.02190621   0.04083523
         1    1    0         1    1    0        0.74621404  -0.00000000
        -1   -1   -2         1    1    0        0.00314913  -0.03612080
        -1   -1   -2        -1   -1   -2        0.88230642   0.00000000
        -1    0    0        -1   -1   -2        0.00131443  -0.00294324
        -1    0    0        -1    0    0        0.88230642  -0.00000000
         0   -1    0        -1    0    0        0.00021522   0.00000000
         0   -1    0         0   -1    0        0.88230642   0.00000000
         0    1   -1         0   -1    0        0.01935425  -0.02731224
         0    1   -1         0    1   -1        0.88230642  -0.00000000
         1    0   -1         0    1   -1        0.00021522   0.00000000
         1    0   -1         1    0   -1        0.88230642   0.00000000
         1    1    1         1    0   -1        0.00131443  -0.00294324
         1    1    1         1    1    1        0.88230642   0.00000000
        -1   -1    0         1    1    1        0.00001596   0.00459635
        -1   -1    0        -1   -1    0        0.92658921   0.00000000
        -1    0   -2        -1   -1    0        0.00909242   0.00536791
        -1    0   -2        -1    0   -2        0.92658921   0.00000000
         0   -1   -2        -1    0   -2        0.00644513  -0.00000000
         0   -1   -2         0   -1   -2        0.92658921   0.00000000
         0    0   -2         0   -1   -2       -0.01065941   0.01767846
         0    0   -2         0    0   -2        0.93453181   0.00000000
         0    0    1         0    0   -2        0.00165126   0.01361333
         0    0    1         0    0    1        0.93453181   0.00000000
         0    1    1         0    0    1       -0.01065941   0.01767846
         0    1    1         0    1    1        0.92658921  -0.00000000
         1    0    1         0    1    1        0.00644513   0.00000000
         1    0    1         1    0    1        0.92658921  -0.00000000
         1    1   -1         1    0    1        0.00909242   0.00536791
         1    1   -1         1    1   -1        0.92658921   0.00000000
        -2   -1   -2         1    1   -1        0.00025893  -0.00145304
        -2   -1   -2        -2   -1   -2        0.95583122   0.00000000
        -2   -1   -1        -2   -1   -2       -0.01130371   0.02018628
        -2   -1   -1        -2   -1   -1        0.95583122   0.00000000
        -1   -2   -2        -2   -1   -1        0.00033481   0.00381336
        -1   -2   -2        -1   -2   -2        0.95583122  -0.00000000
        -1   -2   -1        -1   -2   -2       -0.01130371   0.02018628
        -1   -2   -1        -1   -2   -1        0.95583122  -0.00000000
        -1    1   -1        -1   -2   -1        0.00024383   0.00246719
        -1    1   -1        -1    1   -1        0.95583122  -0.00000000
        -1    1    0        -1    1   -1       -0.01130371   0.02018628
        -1    1    0        -1    1    0        0.95583122  -0.00000000
         1   -1   -1        -1    1    0        0.00375153   0.00907099
         1   -1   -1         1   -1   -1        0.95583122   0.00000000
         1   -1    0         1   -1   -1       -0.01130371   0.02018628
         1   -1    0         1   -1    0        0.95583122   0.00000000
         1    2    0         1   -1    0        0.00024383   0.00246719
         1    2    0         1    2    0        0.95583122   0.00000000
         1    2    1         1    2    0       -0.01130371   0.02018628
         1    2    1         1    2    1        0.95583122  -0.00000000
         2    1    0         1    2    1        0.00033481   0.00381336
         2    1    0         1    2   -1        0.00050587  -0.00055104
         2    1    1         1    2   -1       -0.00223844  -0.00030069
         2    1    1         1    2    2       -0.00111542  -0.00045750
        -2   -2   -2         1    2    2       -0.00179843   0.00053979
        -2   -2   -2         2    0   -1        0.00028595  -0.00110426
        -2    0   -1         2    0   -1       -0.00331223   0.00236518
        -2    0   -1         2    1   -1       -0.00179843  -0.00053979
         0   -2   -1         2    1   -1        0.00020010   0.00150495
         0   -2   -1         2    1    2        0.00200359   0.00067910
         0    2    0         2    1    2        0.00020010  -0.00150495
         0    2    0         2    2    2        0.00248024   0.00060289
         2    0    0         2    2    2        0.00248024   0.00060289
         2    0    0        -1   -1    1       -0.00034143   0.00044008
         2    2    1        -1   -1    1       -0.00011957   0.00016625
         2    2    1        -1    0   -3       -0.00034143  -0.00044008
        -2   -2   -1        -1    0   -3       -0.00005389   0.00081257
        -2   -2   -1         0   -1   -3       -0.00005389   0.00081257
        -2    0   -2         0   -1   -3        0.00090013  -0.00040778
        -2    0   -2         0    1    2       -0.00005389  -0.00081257
        -1   -1   -3         0    1    2       -0.00097367   0.00032435
        -1   -1   -3         1    0    2       -0.00097367   0.00032435
        -1    0    1         1    0    2       -0.00017126   0.00040462
        -1    0    1         1    1   -2       -0.00097367  -0.00032435
         0   -2   -2         1    1   -2        0.00090013  -0.00040778
         0   -2   -2        -3   -2   -2        0.00023717   0.00114104
         0   -1    1        -3   -2   -2       -0.00000928   0.00059328
         0   -1    1        -3   -1   -2       -0.00030638   0.00000127
         0    1   -2        -3   -1   -2       -0.00000928  -0.00059328
         0    1   -2        -2   -3   -2       -0.00012153  -0.00003680
         0    2    1        -2   -3   -2       -0.00020255   0.00023424
         0    2    1        -2    1   -1        0.00035861   0.00040220
         1    0   -2        -2    1   -1        0.00009845  -0.00023863
         1    0   -2        -1   -3   -2       -0.00000928  -0.00059328
         1    1    2        -1   -3   -2       -0.00012153   0.00003680
         1    1    2        -1    2    0       -0.00000928   0.00059328
         2    0    1        -1    2    0       -0.00020255   0.00023424
         2    0    1         0    0   -3       -0.00016133  -0.00021403
         2    2    0         0    0   -3       -0.00003233   0.00019016
         2    2    0         0    0    2       -0.00016133   0.00021403
        -2   -2   -3         0    0    2        0.00002851  -0.00003734
        -2   -2   -3         1   -2   -1        0.00002081   0.00052514
        -2   -1   -3         1   -2   -1        0.00016584  -0.00001732
        -2   -1   -3         1    3    1        0.00006756  -0.00026564
        -2   -1    0         1    3    1        0.00016584   0.00001732
        -2   -1    0         2   -1    0       -0.00013515   0.00014959
        -2    0    0         2   -1    0        0.00027799   0.00063713
        -2    0    0         2    3    1        0.00029612   0.00000713
        -1   -2   -3         2    3    1       -0.00025125  -0.00032636
        -1   -2   -3         3    1    1        0.00006756  -0.00026564
        -1   -2    0         3    1    1        0.00016584   0.00001732
        -1   -2    0         3    2    1       -0.00000482  -0.00014270
        -1    1   -2         3    2    1        0.00016584  -0.00001732
        -1    1   -2        -3   -2   -3       -0.00023360   0.00012429
        -1    1    1        -3   -2   -3       -0.00004039  -0.00038653
        -1    1    1        -3   -1   -1        0.00015642  -0.00009989
         0   -2    0        -3   -1   -1       -0.00003445   0.00027983
         0   -2    0        -2   -3   -3       -0.00033771   0.00016527
         0    2   -1        -2   -3   -3       -0.00002832  -0.00007536
         0    2   -1        -2   -2    0       -0.00000195   0.00017811
         1   -1   -2        -2   -2    0       -0.00006527   0.00002129
         1   -1   -2        -2    0   -3       -0.00017426   0.00028933
         1   -1    1        -2    0   -3        0.00038915   0.00005963
         1   -1    1        -2    1    0       -0.00011371  -0.00012243
         1    2   -1        -2    1    0       -0.00004039   0.00038653
         1    2   -1         0   -2    1       -0.00005118  -0.00042342
         1    2    2         0   -2    1       -0.00015456   0.00005726
         1    2    2         0    2   -2        0.00009234  -0.00025848
         2    0   -1         0    2   -2        0.00001663  -0.00020415
         2    0   -1         0    3    0       -0.00002328   0.00002737
         2    1   -1         0    3    0       -0.00003631   0.00013704
         2    1   -1         0    3    1       -0.00013265  -0.00009261
         2    1    2         0    3    1       -0.00002742  -0.00022736
         2    1    2         2    0   -2        0.00009234  -0.00025848
         2    2    2         2    0   -2       -0.00017791  -0.00019989
         2    2    2         2    2    3       -0.00037650  -0.00062507
        -1   -1    1         2    2    3        0.00007040   0.00001405
        -1   -1    1         3    0    0       -0.00005927  -0.00001125
        -1    0   -3         3    0    0       -0.00005571   0.00001409
        -1    0   -3         3    0    1       -0.00017595  -0.00005919
         0   -1   -3         3    0    1        0.00011930   0.00003104
         0   -1   -3         3    3    1        0.00002821  -0.00007752
         0    1    2         3    3    1        0.00011930  -0.00003104
         0    1    2         3    3    2        0.00001370   0.00008243
         1    0    2         3    3    2        0.00001370   0.00008243
         1    0    2        -2   -1   -4        0.00012879   0.00003226
         1    1   -2        -2   -1   -4        0.00002761   0.00008357
         1    1   -2        -2   -1    1        0.00012879  -0.00003226
        -3   -2   -2        -2   -1    1       -0.00002589   0.00002131
        -3   -2   -2        -1   -2   -4       -0.00002210  -0.00000881
        -3   -1   -2        -1   -2   -4       -0.00001690  -0.00002312
        -3   -1   -2        -1   -2    1        0.00003730   0.00000906
        -2   -3   -2        -1   -2    1       -0.00002589   0.00002131
        -2   -3   -2        -1   -1   -4       -0.00002511   0.00007315
        -2    1   -1        -1   -1   -4        0.00003468   0.00003129
        -2    1   -1        -1    0    2       -0.00002511  -0.00007315
        -1   -3   -2        -1    0    2       -0.00003669   0.00000654
        -1   -3   -2        -1    1   -3       -0.00000478   0.00003770
        -1    2    0        -1    1   -3        0.00002428  -0.00003658
        -1    2    0        -1    1    2       -0.00002589   0.00002131
         0    0   -3        -1    1    2       -0.00004300  -0.00009420
         0    0   -3         0   -1    2       -0.00010094   0.00004794
         0    0    2         0   -1    2       -0.00003001   0.00014694
         0    0    2         0    1   -3       -0.00010094  -0.00004794
         1   -2   -1         0    1   -3        0.00000496  -0.00001225
         1   -2   -1         1   -1   -3       -0.00002589  -0.00002131
         1    3    1         1   -1   -3       -0.00008959   0.00002127
         1    3    1         1   -1    2       -0.00000478  -0.00003770
         2   -1    0         1   -1    2       -0.00002589   0.00002131
         2   -1    0         1    0   -3       -0.00002511   0.00007315
         2    3    1         1    0   -3        0.00003468   0.00003129
         2    3    1         1    1    3       -0.00002511  -0.00007315
         3    1    1         1    1    3        0.00006620  -0.00003275
         3    1    1         1    2   -2        0.00003730  -0.00000906
         3    2    1         1    2   -2        0.00000202  -0.00006618
         3    2    1         1    2    3       -0.00002210   0.00000881
        -3   -2   -3         1    2    3        0.00004907   0.00002654
        -3   -2   -3         2    1   -2       -0.00002670  -0.00000549
        -3   -1   -1         2    1   -2        0.00006739  -0.00003617
        -3   -1   -1         2    1    3       -0.00002670   0.00000549
        -2   -3   -3         2    1    3        0.00004907   0.00002654
        -2   -3   -3        -3   -2   -4       -0.00000587  -0.00002549
        -2   -2    0        -3   -2   -4        0.00000931  -0.00002570
        -2   -2    0        -3   -1    0       -0.00007688  -0.00000438
        -2    0   -3        -3   -1    0        0.00000931   0.00002570
        -2    0   -3        -2   -3   -4        0.00000236   0.00000899
        -2    1    0        -2   -3   -4       -0.00007064  -0.00000005
        -2    1    0        -2    1    1       -0.00007234  -0.00011304
        -1   -3   -1        -2    1    1        0.00000496  -0.00003044


     q= 0.0000 0.5000 0.5000  nmtx=     150  nrk=  6

           independent matrix elements of chi       spin index= 1 1

          g          g**2          gp          gp**2          chi(g,gp)
    0   -1   -1   0.34588         0   -1   -1   0.34588       -0.0191835950   0.0000000000
    0    0    0   0.34588         0   -1   -1   0.34588       -0.0035012029   0.0000000000
    0    0    0   0.34588         0    0    0   0.34588       -0.0191835950  -0.0000000000
    0    0    0   0.34588        -1   -1   -1   0.69176       -0.0018093756  -0.0029595922
    0    0    0   0.34588         0   -1    0   0.69176       -0.0018093756   0.0029595922
    0    0    0   0.34588         0    0   -1   0.69176       -0.0018093756   0.0029595922
    0    0    0   0.34588         1    0    0   0.69176       -0.0018093756  -0.0029595922
    0    0    0   0.34588        -1   -2   -1   1.72941       -0.0015017187   0.0000000000
    0    0    0   0.34588        -1   -1   -2   1.72941       -0.0015017187   0.0000000000
    0    0    0   0.34588        -1   -1    0   1.72941        0.0012320721   0.0000000000
    0    0    0   0.34588        -1    0   -1   1.72941        0.0012320721   0.0000000000
    0    0    0   0.34588         1   -1    0   1.72941       -0.0015017187   0.0000000000
    0    0    0   0.34588         1    0   -1   1.72941       -0.0015017187   0.0000000000
    0    0    0   0.34588         1    0    1   1.72941        0.0012320721   0.0000000000
    0    0    0   0.34588         1    1    0   1.72941        0.0012320721   0.0000000000
    0    0    0   0.34588        -1   -2   -2   2.07529       -0.0021367014   0.0009974045
    0    0    0   0.34588        -1    0    0   2.07529       -0.0010678347   0.0024696369
    0    0    0   0.34588         0   -2   -1   2.07529       -0.0021367014  -0.0009974045
    0    0    0   0.34588         0   -1   -2   2.07529       -0.0021367014  -0.0009974045
    0    0    0   0.34588         0    0    1   2.07529       -0.0010678347  -0.0024696369
    0    0    0   0.34588         0    1    0   2.07529       -0.0010678347  -0.0024696369
    0    0    0   0.34588         1   -1   -1   2.07529       -0.0021367014   0.0009974045
    0    0    0   0.34588         1    1    1   2.07529       -0.0010678347   0.0024696369
    0    0    0   0.34588        -2   -2   -2   3.11293        0.0004082363   0.0025770124
    0    0    0   0.34588        -2   -1   -1   3.11293        0.0009447409  -0.0001951986
    0    0    0   0.34588         0   -2   -2   3.11293       -0.0002032644  -0.0000000000
    0    0    0   0.34588         0   -2    0   3.11293        0.0004082363  -0.0025770124
    0    0    0   0.34588         0   -1    1   3.11293        0.0009447409   0.0001951986
    0    0    0   0.34588         0    0   -2   3.11293        0.0004082363  -0.0025770124
    0    0    0   0.34588         0    1   -1   3.11293        0.0009447409   0.0001951986
    0    0    0   0.34588         0    1    1   3.11293        0.0008513896   0.0000000000
    0    0    0   0.34588         2    0    0   3.11293        0.0004082363   0.0025770124
    0    0    0   0.34588         2    1    1   3.11293        0.0009447409  -0.0001951986
    0    0    0   0.34588        -2   -3   -3   5.87998        0.0005313063  -0.0005179183
    0    0    0   0.34588        -2   -3   -1   5.87998        0.0001081889  -0.0000000000
    0    0    0   0.34588        -2   -2    0   5.87998        0.0009916566   0.0000000000
    0    0    0   0.34588        -2   -1   -3   5.87998        0.0001081889  -0.0000000000
    0    0    0   0.34588        -2    0   -2   5.87998        0.0009916566  -0.0000000000
    0    0    0   0.34588        -2    0    0   5.87998       -0.0002721801   0.0002406269
    0    0    0   0.34588         0   -3   -1   5.87998        0.0005313063   0.0005179183
    0    0    0   0.34588         0   -1   -3   5.87998        0.0005313063   0.0005179183
    0    0    0   0.34588         0    0    2   5.87998       -0.0002721801  -0.0002406269
    0    0    0   0.34588         0    2    0   5.87998       -0.0002721801  -0.0002406269
    0    0    0   0.34588         2   -1   -1   5.87998        0.0005313063  -0.0005179183
    0    0    0   0.34588         2   -1    1   5.87998        0.0001081889  -0.0000000000
    0    0    0   0.34588         2    0    2   5.87998        0.0009916566  -0.0000000000
    0    0    0   0.34588         2    1   -1   5.87998        0.0001081889  -0.0000000000
    0    0    0   0.34588         2    2    0   5.87998        0.0009916566   0.0000000000
    0    0    0   0.34588         2    2    2   5.87998       -0.0002721801   0.0002406269
    0    0    0   0.34588        -3   -2   -2   6.22587        0.0009115152   0.0006517566
    0    0    0   0.34588        -1   -3   -3   6.22587        0.0003426215   0.0002453380
    0    0    0   0.34588        -1    1    1   6.22587        0.0001834054   0.0003085519
    0    0    0   0.34588         0   -3   -2   6.22587        0.0003426215  -0.0002453380
    0    0    0   0.34588         0   -2   -3   6.22587        0.0003426215  -0.0002453380
    0    0    0   0.34588         0   -2    1   6.22587        0.0009115152  -0.0006517566
    0    0    0   0.34588         0    1   -2   6.22587        0.0009115152  -0.0006517566
    0    0    0   0.34588         0    1    2   6.22587        0.0001834054  -0.0003085519
    0    0    0   0.34588         0    2    1   6.22587        0.0001834054  -0.0003085519
    0    0    0   0.34588         1   -2   -2   6.22587        0.0003426215   0.0002453380
    0    0    0   0.34588         1    2    2   6.22587        0.0001834054   0.0003085519
    0    0    0   0.34588         3    1    1   6.22587        0.0009115152   0.0006517566
    0    0    0   0.34588        -3   -3   -2   7.26351        0.0005751215  -0.0002702312
    0    0    0   0.34588        -3   -2   -3   7.26351        0.0005751215  -0.0002702312
    0    0    0   0.34588        -3   -2   -1   7.26351       -0.0001373915   0.0002083729
    0    0    0   0.34588        -3   -1   -2   7.26351       -0.0001373915   0.0002083729
    0    0    0   0.34588        -2   -4   -3   8.99292       -0.0000083726  -0.0001247077
    0    0    0   0.34588        -2   -3   -4   8.99292       -0.0000083726  -0.0001247077
    0    0    0   0.34588        -2   -3    0   8.99292        0.0002052097  -0.0001893749
    0    0    0   0.34588        -2    0   -3   8.99292        0.0002052097  -0.0001893749
    0    0    0   0.34588        -2    0    1   8.99292        0.0000891893  -0.0002605558
    0    0    0   0.34588        -2    1    0   8.99292        0.0000891893  -0.0002605558
    0    0    0   0.34588        -1   -4   -2   8.99292       -0.0000083726   0.0001247077
    0    0    0   0.34588        -1   -2   -4   8.99292       -0.0000083726   0.0001247077
    0    0    0   0.34588        -1    0    2   8.99292        0.0000891893   0.0002605558
    0    0    0   0.34588        -1    2    0   8.99292        0.0000891893   0.0002605558
    0    0    0   0.34588         1   -3   -1   8.99292       -0.0000083726   0.0001247077
    0    0    0   0.34588         1   -1   -3   8.99292       -0.0000083726   0.0001247077
    0    0    0   0.34588         1    1    3   8.99292        0.0000891893   0.0002605558
    0    0    0   0.34588         1    3    1   8.99292        0.0000891893   0.0002605558
    0    0    0   0.34588         2   -2   -1   8.99292       -0.0000083726  -0.0001247077
    0    0    0   0.34588         2   -1   -2   8.99292       -0.0000083726  -0.0001247077
    0    0    0   0.34588         2   -1    2   8.99292        0.0002052097  -0.0001893749
    0    0    0   0.34588         2    2   -1   8.99292        0.0002052097  -0.0001893749
    0    0    0   0.34588         2    2    3   8.99292        0.0000891893  -0.0002605558
    0    0    0   0.34588         2    3    2   8.99292        0.0000891893  -0.0002605558
    0    0    0   0.34588         3    0    2   8.99292        0.0002052097   0.0001893749
    0    0    0   0.34588         3    2    0   8.99292        0.0002052097   0.0001893749
   -1   -1   -1   0.69176        -1   -1   -1   0.69176       -0.0157513324  -0.0000000000
    0   -1    0   0.69176         0   -1    0   0.69176       -0.0157513324  -0.0000000000
    0    0   -1   0.69176         0    0   -1   0.69176       -0.0157513324  -0.0000000000
    1    0    0   0.69176         1    0    0   0.69176       -0.0157513324  -0.0000000000
   -1   -2   -1   1.72941        -1   -2   -1   1.72941       -0.0105035532  -0.0000000000
   -1   -1   -2   1.72941        -1   -1   -2   1.72941       -0.0105035532   0.0000000000
   -1   -1    0   1.72941        -1   -1    0   1.72941       -0.0105035532  -0.0000000000
   -1    0   -1   1.72941        -1    0   -1   1.72941       -0.0105035532  -0.0000000000
    1   -1    0   1.72941         1   -1    0   1.72941       -0.0105035532   0.0000000000
    1    0   -1   1.72941         1    0   -1   1.72941       -0.0105035532  -0.0000000000
    1    0    1   1.72941         1    0    1   1.72941       -0.0105035532  -0.0000000000
    1    1    0   1.72941         1    1    0   1.72941       -0.0105035532   0.0000000000
   -1   -2   -2   2.07529        -1   -2   -2   2.07529       -0.0088949916   0.0000000000
   -1    0    0   2.07529        -1    0    0   2.07529       -0.0088949916  -0.0000000000
    0   -2   -1   2.07529         0   -2   -1   2.07529       -0.0088949916  -0.0000000000
    0   -1   -2   2.07529         0   -1   -2   2.07529       -0.0088949916   0.0000000000
    0    0    1   2.07529         0    0    1   2.07529       -0.0088949916   0.0000000000
    0    1    0   2.07529         0    1    0   2.07529       -0.0088949916  -0.0000000000
    1   -1   -1   2.07529         1   -1   -1   2.07529       -0.0088949916  -0.0000000000
    1    1    1   2.07529         1    1    1   2.07529       -0.0088949916  -0.0000000000
   -2   -2   -2   3.11293        -2   -2   -2   3.11293       -0.0061005208   0.0000000000
   -2   -1   -1   3.11293        -2   -1   -1   3.11293       -0.0061005208   0.0000000000
    0   -2   -2   3.11293         0   -2   -2   3.11293       -0.0052540531   0.0000000000
    0   -2    0   3.11293         0   -2    0   3.11293       -0.0061005208   0.0000000000
    0   -1    1   3.11293         0   -1    1   3.11293       -0.0061005208   0.0000000000
    0    0   -2   3.11293         0    0   -2   3.11293       -0.0061005208   0.0000000000
    0    1   -1   3.11293         0    1   -1   3.11293       -0.0061005208   0.0000000000
    0    1    1   3.11293         0    1    1   3.11293       -0.0052540531   0.0000000000
    2    0    0   3.11293         2    0    0   3.11293       -0.0061005208   0.0000000000
    2    1    1   3.11293         2    1    1   3.11293       -0.0061005208   0.0000000000
   -2   -2   -1   3.45881        -2   -3   -3   5.87998        0.0002629434   0.0000722828
   -2   -1   -2   3.45881        -2   -3   -1   5.87998       -0.0000043037  -0.0000954460
   -1   -2    0   3.45881        -2   -2    0   5.87998       -0.0001940904   0.0008447942
   -1    0   -2   3.45881        -2   -1   -3   5.87998       -0.0001940904  -0.0008447942
    1   -1    1   3.45881        -2    0   -2   5.87998        0.0000230102   0.0001204232
    1    1   -1   3.45881        -2    0    0   5.87998       -0.0000726250   0.0001390429
    2    0    1   3.45881         0   -3   -1   5.87998        0.0001287406   0.0001605220
    2    1    0   3.45881         0   -1   -3   5.87998        0.0001287406   0.0001605220
   -1   -3   -2   4.49646         0    0    2   5.87998        0.0000033526   0.0000091619
   -1   -2   -3   4.49646         0    2    0   5.87998        0.0000033526   0.0000091619
   -1    0    1   4.49646         2   -1   -1   5.87998       -0.0001796314   0.0000616529
   -1    1    0   4.49646         2   -1    1   5.87998        0.0000499596  -0.0000000000
    1   -2   -1   4.49646         2    0    2   5.87998       -0.0001412255   0.0000000000
    1   -1   -2   4.49646         2    1   -1   5.87998       -0.0001487289   0.0000000000
    1    1    2   4.49646         2    2    0   5.87998        0.0000852243   0.0000519902
    1    2    1   4.49646         2    2    2   5.87998        0.0003664580   0.0001244050
   -2   -3   -2   4.84234        -3   -2   -2   6.22587       -0.0002970052   0.0000806305
   -2   -2   -3   4.84234        -1   -3   -3   6.22587       -0.0001848243  -0.0000013504
   -2   -1    0   4.84234        -1    1    1   6.22587       -0.0001848243   0.0000013504
   -2    0   -1   4.84234         0   -3   -2   6.22587        0.0000120473   0.0000059569
   -1   -3   -1   4.84234         0   -2   -3   6.22587        0.0000813087   0.0000362314
   -1   -1   -3   4.84234         0   -2    1   6.22587       -0.0001518594   0.0001430166
   -1   -1    1   4.84234         0    1   -2   6.22587       -0.0001518594  -0.0001430166
   -1    1   -1   4.84234         0    1    2   6.22587        0.0000813087  -0.0000362314
    1   -2    0   4.84234         0    2    1   6.22587       -0.0001702928   0.0000577465
    1    0   -2   4.84234         1   -2   -2   6.22587        0.0000193125  -0.0000038647
    1    0    2   4.84234         1    2    2   6.22587        0.0000193125   0.0000038647
    1    2    0   4.84234         3    1    1   6.22587       -0.0001072135   0.0000128878
    2   -1    0   4.84234        -3   -3   -2   7.26351       -0.0000426993  -0.0000126110
    2    0   -1   4.84234        -3   -2   -3   7.26351       -0.0000426993  -0.0000126110
    2    1    2   4.84234        -3   -2   -1   7.26351       -0.0000426993   0.0000126110
    2    2    1   4.84234        -3   -1   -2   7.26351       -0.0000426993   0.0000126110
   -2   -3   -3   5.87998        -2   -4   -3   8.99292       -0.0000366208   0.0000851207
   -2   -3   -1   5.87998        -2   -3   -4   8.99292       -0.0000058578   0.0000304192
   -2   -2    0   5.87998        -2   -3    0   8.99292       -0.0000016941   0.0000774599
   -2   -1   -3   5.87998        -2    0   -3   8.99292       -0.0000016941  -0.0000774599
   -2    0   -2   5.87998        -2    0    1   8.99292       -0.0000058578  -0.0000304192
   -2    0    0   5.87998        -2    1    0   8.99292       -0.0000366208  -0.0000851207
    0   -3   -1   5.87998        -1   -4   -2   8.99292       -0.0000366208  -0.0000851207
    0   -1   -3   5.87998        -1   -2   -4   8.99292       -0.0000366208  -0.0000851207
    0    0    2   5.87998        -1    0    2   8.99292       -0.0000366208   0.0000851207
    0    2    0   5.87998        -1    2    0   8.99292       -0.0000366208   0.0000851207
    2   -1   -1   5.87998         1   -3   -1   8.99292        0.0000036938  -0.0000386840
    2   -1    1   5.87998         1   -1   -3   8.99292       -0.0000026887   0.0000040673
    2    0    2   5.87998         1    1    3   8.99292        0.0000136888  -0.0000020672
    2    1   -1   5.87998         1    3    1   8.99292       -0.0000068343  -0.0000239855
    2    2    0   5.87998         2   -2   -1   8.99292        0.0000114954  -0.0000343157
    2    2    2   5.87998         2   -1   -2   8.99292       -0.0000322639  -0.0000166073
   -3   -2   -2   6.22587         2   -1    2   8.99292        0.0000207166  -0.0000000000
   -1   -3   -3   6.22587         2    2   -1   8.99292       -0.0000090665  -0.0000113232
   -1    1    1   6.22587         2    2    3   8.99292       -0.0000004844  -0.0000039769
    0   -3   -2   6.22587         2    3    2   8.99292       -0.0000571843   0.0000092218
    0   -2   -3   6.22587         3    0    2   8.99292       -0.0000090665   0.0000113232
    0   -2    1   6.22587         3    2    0   8.99292        0.0000207166   0.0000000000


             g                   gp         inverse epsilon           nspin= 1
         0   -1   -1         0   -1   -1        0.45232645   0.00000000
         0    0    0         0   -1   -1       -0.05593620   0.00000000
         0    0    0         0    0    0        0.45232645  -0.00000000
        -1   -1   -1         0    0    0       -0.01937647   0.02998386
        -1   -1   -1        -1   -1   -1        0.66929222  -0.00000000
         0   -1    0        -1   -1   -1        0.02098798  -0.00000000
         0   -1    0         0   -1    0        0.66929222  -0.00000000
         0    0   -1         0   -1    0        0.04451533  -0.00000000
         0    0   -1         0    0   -1        0.66929222  -0.00000000
         1    0    0         0    0   -1        0.02098798  -0.00000000
         1    0    0         1    0    0        0.66929222  -0.00000000
        -1   -2   -1         1    0    0       -0.00283699  -0.00491431
        -1   -2   -1        -1   -2   -1        0.88099284  -0.00000000
        -1   -1   -2        -1   -2   -1        0.00687987  -0.00000000
        -1   -1   -2        -1   -1   -2        0.88099284   0.00000000
        -1   -1    0        -1   -1   -2        0.00340481  -0.02197217
        -1   -1    0        -1   -1    0        0.88099284  -0.00000000
        -1    0   -1        -1   -1    0        0.00687987  -0.00000000
        -1    0   -1        -1    0   -1        0.88099284  -0.00000000
         1   -1    0        -1    0   -1       -0.01260798   0.00000000
         1   -1    0         1   -1    0        0.88099284   0.00000000
         1    0   -1         1   -1    0        0.00687987   0.00000000
         1    0   -1         1    0   -1        0.88099284   0.00000000
         1    0    1         1    0   -1        0.00340481  -0.02197217
         1    0    1         1    0    1        0.88099284  -0.00000000
         1    1    0         1    0    1        0.00687987   0.00000000
         1    1    0         1    1    0        0.88099284   0.00000000
        -1   -2   -2         1    1    0        0.01210195  -0.00862272
        -1   -2   -2        -1   -2   -2        0.91466712   0.00000000
        -1    0    0        -1   -2   -2        0.00402249  -0.00447528
        -1    0    0        -1    0    0        0.91466712  -0.00000000
         0   -2   -1        -1    0    0        0.00144811  -0.00000000
         0   -2   -1         0   -2   -1        0.91466712  -0.00000000
         0   -1   -2         0   -2   -1        0.00293451   0.00000000
         0   -1   -2         0   -1   -2        0.91466712   0.00000000
         0    0    1         0   -1   -2        0.01848721   0.00390771
         0    0    1         0    0    1        0.91466712   0.00000000
         0    1    0         0    0    1        0.00293451  -0.00000000
         0    1    0         0    1    0        0.91466712  -0.00000000
         1   -1   -1         0    1    0        0.00144811  -0.00000000
         1   -1   -1         1   -1   -1        0.91466712  -0.00000000
         1    1    1         1   -1   -1        0.00402249  -0.00447528
         1    1    1         1    1    1        0.91466712  -0.00000000
        -2   -2   -2         1    1    1        0.00036594   0.00426506
        -2   -2   -2        -2   -2   -2        0.95927419   0.00000000
        -2   -1   -1        -2   -2   -2        0.00726667   0.00904071
        -2   -1   -1        -2   -1   -1        0.95927419   0.00000000
         0   -2   -2        -2   -1   -1        0.00528094   0.00221152
         0   -2   -2         0   -2   -2        0.96251069   0.00000000
         0   -2    0         0   -2   -2       -0.00309556  -0.00181088
         0   -2    0         0   -2    0        0.95927419   0.00000000
         0   -1    1         0   -2    0        0.00726667  -0.00904071
         0   -1    1         0   -1    1        0.95927419   0.00000000
         0    0   -2         0   -1    1       -0.00603266  -0.00841556
         0    0   -2         0    0   -2        0.95927419   0.00000000
         0    1   -1         0    0   -2        0.00726667  -0.00904071
         0    1   -1         0    1   -1        0.95927419   0.00000000
         0    1    1         0    1   -1       -0.00309556  -0.00181088
         0    1    1         0    1    1        0.96251069   0.00000000
         2    0    0         0    1    1        0.00528094   0.00221152
         2    0    0         2    0    0        0.95927419   0.00000000
         2    1    1         2    0    0        0.00726667   0.00904071
         2    1    1         2    1    1        0.95927419  -0.00000000
        -2   -2   -1         2    1    1        0.00179268   0.00451533
        -2   -2   -1        -2   -3   -3        0.00176904   0.00057476
        -2   -1   -2        -2   -3   -3        0.00176904   0.00057476
        -2   -1   -2        -2   -3   -1       -0.00006997  -0.00059075
        -1   -2    0        -2   -3   -1       -0.00127135  -0.00538698
        -1   -2    0        -2   -2    0       -0.00127135   0.00538698
        -1    0   -2        -2   -2    0        0.00004184  -0.00143733
        -1    0   -2        -2   -1   -3       -0.00127135  -0.00538698
         1   -1    1        -2   -1   -3        0.00012926  -0.00070989
         1   -1    1        -2    0   -2        0.00012926   0.00070989
         1    1   -1        -2    0   -2       -0.00006997  -0.00059075
         1    1   -1        -2    0    0       -0.00035820   0.00085440
         2    0    1        -2    0    0       -0.00049730  -0.00000802
         2    0    1         0   -3   -1        0.00073432   0.00104040
         2    1    0         0   -3   -1       -0.00035820   0.00085440
         2    1    0         0   -1   -3        0.00073432   0.00104040
        -1   -3   -2         0   -1   -3       -0.00055396  -0.00005945
        -1   -3   -2         0    0    2        0.00010516  -0.00001731
        -1   -2   -3         0    0    2       -0.00069714   0.00024449
        -1   -2   -3         0    2    0        0.00010516  -0.00001731
        -1    0    1         0    2    0       -0.00055396   0.00005945
        -1    0    1         2   -1   -1       -0.00069714   0.00024449
        -1    1    0         2   -1   -1       -0.00069714   0.00024449
        -1    1    0         2   -1    1        0.00024217  -0.00000000
         1   -2   -1         2   -1    1       -0.00048364   0.00000000
         1   -2   -1         2    0    2       -0.00068455   0.00000000
         1   -1   -2         2    0    2       -0.00079300   0.00035097
         1   -1   -2         2    1   -1       -0.00048364   0.00000000
         1    1    2         2    1   -1       -0.00079300  -0.00035097
         1    1    2         2    2    0        0.00060585   0.00026468
         1    2    1         2    2    0       -0.00048364   0.00000000
         1    2    1         2    2    2        0.00161764   0.00056666
        -2   -3   -2         2    2    2        0.00009372  -0.00098530
        -2   -3   -2        -3   -2   -2       -0.00102307   0.00046726
        -2   -2   -3        -3   -2   -2       -0.00102307   0.00046726
        -2   -2   -3        -1   -3   -3       -0.00063676  -0.00000934
        -2   -1    0        -1   -3   -3        0.00028359   0.00000755
        -2   -1    0        -1    1    1       -0.00063676   0.00000934
        -2    0   -1        -1    1    1       -0.00063676   0.00000934
        -2    0   -1         0   -3   -2        0.00003544   0.00000349
        -1   -3   -1         0   -3   -2       -0.00063676   0.00000934
        -1   -3   -1         0   -2   -3        0.00052775   0.00011820
        -1   -1   -3         0   -2   -3       -0.00063676   0.00000934
        -1   -1   -3         0   -2    1       -0.00038562   0.00058237
        -1   -1    1         0   -2    1       -0.00102307   0.00046726
        -1   -1    1         0    1   -2       -0.00038562  -0.00058237
        -1    1   -1         0    1   -2       -0.00102307   0.00046726
        -1    1   -1         0    1    2        0.00052775  -0.00011820
         1   -2    0         0    1    2        0.00028359   0.00000755
         1   -2    0         0    2    1       -0.00062184   0.00019372
         1    0   -2         0    2    1        0.00028359   0.00000755
         1    0   -2         1   -2   -2        0.00003374   0.00000248
         1    0    2         1   -2   -2       -0.00018090  -0.00015263
         1    0    2         1    2    2        0.00003374  -0.00000248
         1    2    0         1    2    2        0.00003374  -0.00000248
         1    2    0         3    1    1       -0.00045934   0.00005094
         2   -1    0         3    1    1       -0.00102307   0.00046726
         2   -1    0        -3   -3   -2       -0.00011499  -0.00015806
         2    0   -1        -3   -3   -2       -0.00024571   0.00014740
         2    0   -1        -3   -2   -3       -0.00011499  -0.00015806
         2    1    2        -3   -2   -3        0.00018746   0.00047306
         2    1    2        -3   -2   -1       -0.00011499   0.00015806
         2    2    1        -3   -2   -1       -0.00024571  -0.00014740
         2    2    1        -3   -1   -2       -0.00011499   0.00015806
        -2   -3   -3        -3   -1   -2       -0.00021601  -0.00019260
        -2   -3   -3        -2   -4   -3       -0.00013130   0.00028890
        -2   -3   -1        -2   -4   -3        0.00006028   0.00003308
        -2   -3   -1        -2   -3   -4       -0.00000453   0.00015538
        -2   -2    0        -2   -3   -4        0.00004984  -0.00015576
        -2   -2    0        -2   -3    0        0.00001237   0.00026993
        -2   -1   -3        -2   -3    0       -0.00000306   0.00006258
        -2   -1   -3        -2    0   -3        0.00001237  -0.00026993
        -2    0   -2        -2    0   -3        0.00001237   0.00026993
        -2    0   -2        -2    0    1       -0.00000453  -0.00015538
        -2    0    0        -2    0    1       -0.00013130  -0.00028890
        -2    0    0        -2    1    0       -0.00013130  -0.00028890
         0   -3   -1        -2    1    0        0.00001495   0.00011404
         0   -3   -1        -1   -4   -2       -0.00013130  -0.00028890
         0   -1   -3        -1   -4   -2        0.00004879   0.00013977
         0   -1   -3        -1   -2   -4       -0.00013130  -0.00028890
         0    0    2        -1   -2   -4       -0.00001140   0.00015035
         0    0    2        -1    0    2       -0.00013130   0.00028890
         0    2    0        -1    0    2        0.00004879  -0.00013977
         0    2    0        -1    2    0       -0.00013130   0.00028890
         2   -1   -1        -1    2    0        0.00001495  -0.00011404
         2   -1   -1         1   -3   -1        0.00001390  -0.00009946
         2   -1    1         1   -3   -1        0.00006028  -0.00003308
         2   -1    1         1   -1   -3       -0.00000051  -0.00001523
         2    0    2         1   -1   -3       -0.00004709  -0.00006087
         2    0    2         1    1    3        0.00006028   0.00003308
         2    1   -1         1    1    3       -0.00004709   0.00006087
         2    1   -1         1    3    1       -0.00002070  -0.00011662
         2    2    0         1    3    1        0.00006028   0.00003308
         2    2    0         2   -2   -1        0.00004984  -0.00015576
         2    2    2         2   -2   -1       -0.00010488  -0.00003768
         2    2    2         2   -1   -2       -0.00010488  -0.00003768
        -3   -2   -2         2   -1   -2        0.00011005  -0.00003968
        -3   -2   -2         2   -1    2        0.00007298  -0.00000000
        -1   -3   -3         2   -1    2       -0.00004452  -0.00004426
        -1   -3   -3         2    2   -1       -0.00004452  -0.00004426
        -1    1    1         2    2   -1       -0.00004452   0.00004426
        -1    1    1         2    2    3       -0.00003058  -0.00000733
         0   -3   -2         2    2    3       -0.00011671  -0.00001180
         0   -3   -2         2    3    2       -0.00016396   0.00001581
         0   -2   -3         2    3    2       -0.00011671  -0.00001180
         0   -2   -3         3    0    2       -0.00004452   0.00004426
         0   -2    1         3    0    2       -0.00007763   0.00000000
         0   -2    1         3    2    0        0.00007298   0.00000000
         0    1   -2         3    2    0       -0.00007763   0.00000000
