
 frequency_dependence   1

 band_index     1     8
 sigma_matrix     0   0

 finite_difference_form   2
 finite_difference_spacing  1.000000

 symmetries
 ntran  = 24
 mtrx01 =  1  0  0  0  1  0  0  0  1
 mtrx02 =  1  0  0  0  1  0 -1 -1 -1
 mtrx03 =  0  1  0 -1 -1 -1  1  0  0
 mtrx04 =  0  1  0 -1 -1 -1  0  0  1
 mtrx05 = -1 -1 -1  0  0  1  1  0  0
 mtrx06 = -1 -1 -1  0  0  1  0  1  0
 mtrx07 =  0  1  0  1  0  0  0  0  1
 mtrx08 =  0  1  0  1  0  0 -1 -1 -1
 mtrx09 = -1 -1 -1  0  1  0  0  0  1
 mtrx10 = -1 -1 -1  0  1  0  1  0  0
 mtrx11 =  0  0  1 -1 -1 -1  1  0  0
 mtrx12 =  0  0  1 -1 -1 -1  0  1  0
 mtrx13 =  0  1  0  0  0  1  1  0  0
 mtrx14 =  0  1  0  0  0  1 -1 -1 -1
 mtrx15 =  1  0  0 -1 -1 -1  0  1  0
 mtrx16 =  1  0  0 -1 -1 -1  0  0  1
 mtrx17 =  0  0  1  0  1  0  1  0  0
 mtrx18 =  0  0  1  0  1  0 -1 -1 -1
 mtrx19 = -1 -1 -1  1  0  0  0  0  1
 mtrx20 = -1 -1 -1  1  0  0  0  1  0
 mtrx21 =  1  0  0  0  0  1  0  1  0
 mtrx22 =  1  0  0  0  0  1 -1 -1 -1
 mtrx23 =  0  0  1  1  0  0 -1 -1 -1
 mtrx24 =  0  0  1  1  0  0  0  1  0

       k =  0.000000  0.000000  0.000000 ik =   1 spin = 1

   n         Emf          Eo           X        SX-X          CH         Sig         Vxc        Eqp0        Eqp1       Znk
   1  -12.735454  -12.735454  -16.978977   10.952131   -5.309168  -11.336013  -12.417070  -11.654398  -12.008417    0.672525
   2   -0.354893   -0.354893  -13.644411    8.312876   -4.771633  -10.103168  -12.644248    2.186186    1.752631    0.829381
   3   -0.354893   -0.354893  -13.644411    8.312876   -4.771633  -10.103168  -12.644248    2.186186    1.752631    0.829381
   4   -0.354893   -0.354893  -13.644411    8.312876   -4.771633  -10.103168  -12.644248    2.186186    1.752631    0.829381
   5    0.311640    0.311640   -5.228607    2.714103   -5.349453   -7.863958  -12.806587    5.254269    4.340734    0.815172
   6    3.415064    3.415064   -4.335391    2.183945   -4.737487   -6.888933  -10.514122    7.040253    6.380545    0.818021
   7    3.415064    3.415064   -4.335391    2.183945   -4.737487   -6.888933  -10.514122    7.040253    6.380545    0.818021
   8    3.415064    3.415064   -4.335391    2.183945   -4.737487   -6.888933  -10.514122    7.040253    6.380545    0.818021

       k =  0.000000  0.000000  0.500000 ik =   2 spin = 1

   n         Emf          Eo           X        SX-X          CH         Sig         Vxc        Eqp0        Eqp1       Znk
   1  -11.144910  -11.144910  -17.079547   10.899193   -5.409134  -11.589488  -13.170485   -9.563913   -9.945080    0.758907
   2   -6.675286   -6.675286  -13.001743    8.381934   -4.996519   -9.616328  -11.131112   -5.160502   -5.463031    0.800283
   3   -1.295073   -1.295073  -13.390842    8.298105   -4.876489   -9.969226  -12.285082    1.020783    0.614975    0.824770
   4   -1.295073   -1.295073  -13.390842    8.298105   -4.876489   -9.969226  -12.285082    1.020783    0.614975    0.824770
   5    0.648500    0.648500   -4.596674    2.277160   -4.828239   -7.147753  -11.083611    4.584358    3.872918    0.819242
   6    4.041118    4.041118   -3.928753    1.985119   -4.567623   -6.511256   -9.971783    7.501645    6.885097    0.821834
   7    4.041118    4.041118   -3.928753    1.985119   -4.567623   -6.511256   -9.971783    7.501645    6.885097    0.821834
   8    7.341505    7.341505   -2.101711    0.886151   -4.194979   -5.410540   -8.299276   10.230242    9.679564    0.809371

       k =  0.000000  0.500000  0.500000 ik =   3 spin = 1

   n         Emf          Eo           X        SX-X          CH         Sig         Vxc        Eqp0        Eqp1       Znk
   1  -10.420096  -10.420096  -17.169115   10.852408   -5.475141  -11.791848  -13.570373   -8.641571   -9.056128    0.766910
   2   -6.842123   -6.842123  -13.375645    8.574404   -5.006714   -9.807956  -11.463080   -5.187000   -5.517161    0.800522
   3   -2.704964   -2.704964  -12.973055    8.177872   -4.888495   -9.683678  -11.628562   -0.760081   -1.112877    0.818603
   4   -2.704964   -2.704964  -12.973055    8.177872   -4.888495   -9.683678  -11.628562   -0.760081   -1.112877    0.818603
   5    0.870774    0.870774   -3.432164    1.631688   -4.498535   -6.299011   -8.969674    3.541438    3.060823    0.820039
   6    1.115854    1.115854   -4.123844    1.834969   -4.293390   -6.582265   -9.831476    4.365065    3.792060    0.823648
   7    9.821976    9.821976   -3.694366    1.930681   -5.163084   -6.926769  -11.736158   14.631365   13.663294    0.798712
   8    9.821976    9.821976   -3.694366    1.930681   -5.163084   -6.926769  -11.736158   14.631365   13.663294    0.798712


================================================================================

    n = band index.
  Emf = "inner" mean-field energy eigenvalue used to construct Sigma(E),
        read from WFN_inner.
   Eo = "outer" mean-field energy eigenvalue where we center the evaluation
        frequency grid {E} of Sigma(E). Defaults to Emf, unless
        you use WFN_outer and eqp_outer.dat / scissors_outer.
  Vxc = exchange-correlation pot., calculated from VXC or read from vxc.dat.
    X = bare exchange.
   SX = screened exchange contrib. to Sigma(E) at energy E=Eo
   CH = Coulomb hole contrib. to Sigma(E) at energy E=Eo
  Cor = SX-X + CH = correlation portion of Sigma(E) at energy E=Eo.
  Sig = X + Cor = self energy, Sigma(E), at energy E=Eo.
 Eqp0 = Emf - Vxc + Sig(Eo)
        (Eqp0 is the on-shell QP energy, not recommended for direct usage)
 Eqp1 = Eqp0 + (dSig/dE) / (1 - dSig/dE) * (Eqp0 - Eo)
        (Eqp1 is the off-shell QP energy obtained by solving the linearized
         Dyson`s equation, and is the recommended quantity for QP properties.)
  Znk = quasiparticle renormalization factor

 Notes on the finite_difference_form from sigma.inp file:
   none    : -2 => dSig/dE = 0 (skip the expansion)
   backward: -1 => dSig/dE = (Sig(Eo) - Sig(Eo-dE)) / dE
   central :  0 => dSig/dE = (Sig(Eo+dE) - Sig(Eo-dE)) / (2*dE)
   forward :  1 => dSig/dE = (Sig(Eo+dE) - Sig(Eo)) / dE
   default :  2 => forward for diagonal and none for off-diagonal
   dE is finite_difference_spacing from Sigma.inp file.
   We are using the form #2 with dE = 1.000 eV.

 General notes:
 - All energies are reported here in eV.
 - Both Emf and Vxc contain the average pot. Vxc0, so Vxc0 doesn`t affect Sigma.
 - Eqp1 and Eqp0 are Eqs. (36-37) from Hybertsen & Louie PRB 34 5390.
 - We recommend you use Eqp1 for QP properties of materials.

================================================================================

