
 BerkeleyGW tag 1.1 beta2 revision 6543

 Sigma  Complex version  Run on  12-Nov-2015  at  13:15:32 -0800

 Running MPI version (parallel)

 Running with 1 MPI task(s)

 Using the Generalized Plasmon Pole model

 We are not communicating

 Computing CH as a partial sum over empty bands

 Computing full sum over G and G' vectors

 Running with semiconductor screening

 We are using no truncation

 Reading exchange-correlation matrix elements from vxc.dat file

 Memory available:    6369.4 MB per PE
 Memory required for execution:    3.1 MB per PE
 Memory required for vcoul:  114.4 MB per PE

 Cell Volume = 0.304851829E+03

 Highest occupied band (unshifted grid) =  4
 Valence max    (unshifted grid) =      5.551607 eV
 Conduction min (unshifted grid) =      6.066319 eV
 Middle energy  (unshifted grid) =      5.808963 eV
 Fermi  energy  (unshifted grid) =      5.808963 eV

 Number of electrons per unit cell =   8.000000
 Plasma Frequency =   1.148512 Rydberg

 q-grid symmetries are being used

 Read WFN_inner successfully.


     ntband =     8  nvband =     4  ncrit =  0
     ecutb =   15.0000  ecuts =   10.0000  sexcut =    4.0000
     gamma =    0.5000  fdf =  2  de =    1.0000 eV

 Scissors parameters
 Valence:    es =   0.0000 eV, e0 =   0.0000 eV, edel =   0.0000
 Conduction: es =   0.0000 eV, e0 =   0.0000 eV, edel =   0.0000

 Scissors parameters (outer)
 Valence:    es =   0.0000 eV, e0 =   0.0000 eV, edel =   0.0000
 Conduction: es =   0.0000 eV, e0 =   0.0000 eV, edel =   0.0000


     data for sum rule   rho(0,1)=  8.0000   wp = 15.6263 eV


       k =  0.000000  0.000000  0.000000 ik =   1 spin = 1

   n     elda     ecor        x     sx-x       ch      sig      vxc     eqp0     eqp1      Znk
   1   -7.528   -7.528  -16.900   10.772   -5.141  -11.269  -10.743   -8.055   -7.932    0.766
   2    5.552    5.552  -13.480    8.359   -4.996  -10.116  -11.271    6.706    6.513    0.833
   3    5.552    5.552  -13.480    8.359   -4.996  -10.116  -11.271    6.706    6.513    0.833
   4    5.552    5.552  -13.480    8.359   -4.996  -10.116  -11.271    6.706    6.513    0.833
   5    6.066    6.066   -5.006    2.516   -5.178   -7.667  -10.174    8.573    8.114    0.817
   6    9.032    9.032   -4.476    2.043   -4.550   -6.983   -9.377   11.426   10.992    0.819
   7    9.032    9.032   -4.476    2.043   -4.550   -6.983   -9.377   11.426   10.992    0.819
   8    9.032    9.032   -4.476    2.043   -4.550   -6.983   -9.377   11.426   10.992    0.819

       k =  0.000000  0.000000  0.500000 ik =   2 spin = 1

   n     elda     ecor        x     sx-x       ch      sig      vxc     eqp0     eqp1      Znk
   1   -5.799   -5.799  -16.849   10.670   -5.232  -11.412  -11.262   -5.949   -5.906    0.711
   2   -1.478   -1.478  -13.112    8.275   -4.844   -9.682   -9.811   -1.349   -1.375    0.792
   3    4.145    4.145  -13.173    8.095   -4.808   -9.886  -10.869    5.128    4.959    0.828
   4    4.145    4.145  -13.173    8.095   -4.808   -9.886  -10.869    5.128    4.959    0.828
   5    6.402    6.402   -4.649    2.229   -4.773   -7.193   -9.434    8.643    8.242    0.821
   6   10.325   10.325   -4.146    1.938   -4.512   -6.719   -9.123   12.729   12.301    0.822
   7   10.325   10.325   -4.146    1.938   -4.512   -6.719   -9.123   12.729   12.301    0.822
   8   13.182   13.182   -1.898    0.731   -3.987   -5.154   -7.130   15.158   14.777    0.807

       k =  0.000000  0.500000  0.500000 ik =   3 spin = 1

   n     elda     ecor        x     sx-x       ch      sig      vxc     eqp0     eqp1      Znk
   1   -4.813   -4.813  -16.769   10.473   -5.309  -11.605  -11.478   -4.941   -4.905    0.724
   2   -1.584   -1.584  -13.517    8.484   -4.862   -9.895  -10.008   -1.472   -1.496    0.787
   3    2.480    2.480  -12.839    7.949   -4.725   -9.615  -10.353    3.218    3.088    0.824
   4    2.480    2.480  -12.839    7.949   -4.725   -9.615  -10.353    3.218    3.088    0.824
   5    7.230    7.230   -3.573    1.651   -4.427   -6.349   -8.082    8.964    8.659    0.824
   6    7.300    7.300   -4.123    1.989   -4.549   -6.683   -8.689    9.306    8.952    0.824
   7   15.980   15.980   -3.913    1.832   -5.089   -7.170  -10.181   18.990   18.704    0.905
   8   15.980   15.980   -3.913    1.832   -5.089   -7.170  -10.181   18.990   18.704    0.905

    n = band index
 elda = energy eigenvalue
 ecor = corrected energy eigenvalue
    x = bare exchange
   sx = screened exchange at energy ecor
   ch = coulomb hole at energy ecor
  sig = sx + ch = self-energy at energy ecor
  vxc = exchange-correlation potential
 eqp0 = elda - vxc + sig(ecor)
 eqp1 = eqp0 + (dsig/de) / (1 - dsig/de) * (eqp0 - ecor)
  Znk = quasiparticle renormalization factor

        finite_difference_form from sigma.inp file:
        none     = -2 : dsig/de = 0 [skip the expansion]
        backward = -1 : dsig/de = (sig(ecor) - sig(ecor-de)) / de
        central  =  0 : dsig/de = (sig(ecor+de) - sig(ecor-de)) / (2*de)
        forward  =  1 : dsig/de = (sig(ecor+de) - sig(ecor)) / de
        default  =  2 : forward for diagonal and none for off-diagonal
        de is finite_difference_spacing from sigma.inp file
        elda,ecor,x,sx,ch,sig,vxc,eqp0,eqp,de are in eV
        elda and vxc both contain vxc0 so it cancels out
        eqp1 and eqp0 are Eqs. (36-37) from Hybertsen & Louie PRB 34 5390

