
 frequency_dependence   1

 band_index     1     8
 sigma_matrix     0   0

 finite_difference_form   2
 finite_difference_spacing  1.000000

 symmetries
 ntran  = 24
 mtrx01 =  1  0  0  0  1  0  0  0  1
 mtrx02 =  0  1  0  1  0  0 -1 -1 -1
 mtrx03 =  0  0  1 -1 -1 -1  1  0  0
 mtrx04 = -1 -1 -1  0  0  1  0  1  0
 mtrx05 =  0  1  0  0  0  1  1  0  0
 mtrx06 =  1  0  0 -1 -1 -1  0  1  0
 mtrx07 = -1 -1 -1  1  0  0  0  0  1
 mtrx08 =  0  0  1  0  1  0 -1 -1 -1
 mtrx09 =  0  0  1  1  0  0  0  1  0
 mtrx10 = -1 -1 -1  0  1  0  1  0  0
 mtrx11 =  1  0  0  0  0  1 -1 -1 -1
 mtrx12 =  0  1  0 -1 -1 -1  0  0  1
 mtrx13 =  1  0  0  0  1  0 -1 -1 -1
 mtrx14 =  0  1  0  1  0  0  0  0  1
 mtrx15 =  0  0  1 -1 -1 -1  0  1  0
 mtrx16 = -1 -1 -1  0  0  1  1  0  0
 mtrx17 =  1  0  0 -1 -1 -1  0  0  1
 mtrx18 =  0  0  1  0  1  0  1  0  0
 mtrx19 =  0  1  0  0  0  1 -1 -1 -1
 mtrx20 = -1 -1 -1  1  0  0  0  1  0
 mtrx21 = -1 -1 -1  0  1  0  0  0  1
 mtrx22 =  1  0  0  0  0  1  0  1  0
 mtrx23 =  0  0  1  1  0  0 -1 -1 -1
 mtrx24 =  0  1  0 -1 -1 -1  1  0  0

       k =  0.000000  0.000000  0.000000 ik =   1 spin = 1

   n        elda        ecor           x        sx-x          ch         sig         vxc        eqp0        eqp1         Znk
   1   -7.528409   -7.528409  -16.900469   10.771589   -5.140614  -11.269495  -10.742995   -8.054908   -7.931906    0.766377
   2    5.551607    5.551607  -13.479899    8.358978   -4.995550  -10.116471  -11.270791    6.705927    6.513136    0.832983
   3    5.551607    5.551607  -13.479899    8.358978   -4.995550  -10.116471  -11.270791    6.705927    6.513136    0.832983
   4    5.551607    5.551607  -13.479899    8.358978   -4.995550  -10.116471  -11.270791    6.705927    6.513136    0.832983
   5    6.066319    6.066319   -5.005689    2.516278   -5.177903   -7.667314  -10.173909    8.572913    8.113514    0.816724
   6    9.031805    9.031805   -4.476330    2.043236   -4.550091   -6.983185   -9.377483   11.426104   10.992371    0.818847
   7    9.031805    9.031805   -4.476330    2.043236   -4.550091   -6.983185   -9.377483   11.426104   10.992371    0.818847
   8    9.031805    9.031805   -4.476330    2.043236   -4.550091   -6.983185   -9.377483   11.426104   10.992371    0.818847

       k =  0.000000  0.000000  0.500000 ik =   2 spin = 1

   n        elda        ecor           x        sx-x          ch         sig         vxc        eqp0        eqp1         Znk
   1   -5.799400   -5.799400  -16.849060   10.669735   -5.232283  -11.411608  -11.262173   -5.948835   -5.905577    0.710524
   2   -1.478075   -1.478075  -13.112441    8.274778   -4.843891   -9.681554   -9.811030   -1.348598   -1.375483    0.792357
   3    4.144978    4.144978  -13.173395    8.095188   -4.807532   -9.885739  -10.868682    5.127921    4.959307    0.828460
   4    4.144978    4.144978  -13.173395    8.095188   -4.807532   -9.885739  -10.868682    5.127921    4.959307    0.828460
   5    6.401966    6.401966   -4.648630    2.228934   -4.773299   -7.192995   -9.434286    8.643258    8.242476    0.821183
   6   10.324821   10.324821   -4.145550    1.938011   -4.511816   -6.719356   -9.123159   12.728624   12.300637    0.821954
   7   10.324821   10.324821   -4.145550    1.938011   -4.511816   -6.719356   -9.123159   12.728624   12.300637    0.821954
   8   13.182131   13.182131   -1.897854    0.731197   -3.987489   -5.154147   -7.130128   15.158112   14.776726    0.806989

       k =  0.000000  0.500000  0.500000 ik =   3 spin = 1

   n        elda        ecor           x        sx-x          ch         sig         vxc        eqp0        eqp1         Znk
   1   -4.813484   -4.813484  -16.769279   10.473313   -5.309110  -11.605076  -11.478053   -4.940506   -4.905427    0.723836
   2   -1.584226   -1.584226  -13.517433    8.484357   -4.862390   -9.895465  -10.007886   -1.471805   -1.495762    0.786896
   3    2.480369    2.480369  -12.839431    7.948968   -4.724739   -9.615202  -10.353066    3.218233    3.088216    0.823793
   4    2.480369    2.480369  -12.839431    7.948968   -4.724739   -9.615202  -10.353066    3.218233    3.088216    0.823793
   5    7.230085    7.230085   -3.572981    1.650872   -4.426635   -6.348744   -8.082410    8.963751    8.659371    0.824430
   6    7.300197    7.300197   -4.123323    1.988972   -4.549069   -6.683420   -8.688922    9.305699    8.951804    0.823538
   7   15.979538   15.979538   -3.913239    1.832306   -5.089304   -7.170237  -10.181143   18.990444   18.703506    0.904700
   8   15.979538   15.979538   -3.913239    1.832306   -5.089304   -7.170237  -10.181143   18.990444   18.703506    0.904700


    n = band index
 elda = energy eigenvalue
 ecor = corrected energy eigenvalue
    x = bare exchange
   sx = screened exchange at energy ecor
   ch = coulomb hole at energy ecor
  sig = sx + ch = self-energy at energy ecor
  vxc = exchange-correlation potential
 eqp0 = elda - vxc + sig(ecor)
 eqp1 = eqp0 + (dsig/de) / (1 - dsig/de) * (eqp0 - ecor)
  Znk = quasiparticle renormalization factor

        finite_difference_form from sigma.inp file:
        none     = -2 : dsig/de = 0 [skip the expansion]
        backward = -1 : dsig/de = (sig(ecor) - sig(ecor-de)) / de
        central  =  0 : dsig/de = (sig(ecor+de) - sig(ecor-de)) / (2*de)
        forward  =  1 : dsig/de = (sig(ecor+de) - sig(ecor)) / de
        default  =  2 : forward for diagonal and none for off-diagonal
        de is finite_difference_spacing from sigma.inp file
        elda,ecor,x,sx,ch,sig,vxc,eqp0,eqp,de are in eV
        elda and vxc both contain vxc0 so it cancels out
        eqp1 and eqp0 are Eqs. (36-37) from Hybertsen & Louie PRB 34 5390

