
 BerkeleyGW tag 1.1 beta2 revision 6543

 BSE/Absorption  Complex version  Run on  12-Nov-2015  at  11:30:56 -0800

--------------------------------------------------------------------------------
 Please cite the following papers when using results from BerkeleyGW:

 Jack Deslippe, Georgy Samsonidze, David A. Strubbe, Manish Jain, Marvin L.
 Cohen, and Steven G. Louie, "BerkeleyGW: A Massively Parallel Computer Package
 for the Calculation of the Quasiparticle and Optical Properties of Materials
 and Nanostructures," Comput. Phys. Commun. 183, 1269 (2012)

 Mark S. Hybertsen and Steven G. Louie, "Electron correlation in semiconductors
 and insulators: Band gaps and quasiparticle energies," Phys. Rev. B 34, 5390
 (1986)

 Michael Rohlfing and Steven G. Louie, "Electron-hole excitations and optical
 spectra from first principles," Phys. Rev. B 62, 4927 (2000)
--------------------------------------------------------------------------------

 Running MPI version (parallel)

 Running with 2 MPI task(s)

 Kernel was calculated only for (v,c)->(v',c') transitions.

 The restricted fi/co WFN transformation dvv',dcc' will be calculated.

 Using the velocity operator

 Using the Delaunay interpolation method.

 Running with Semiconductor Screening

 We are communicating via MPI

 We are using no truncation


 Number of k-points in the coarse k-grid: 8
 A 3-D interpolation algorithm will be employed.
 No symmetries used in the fine grid-sampling

 kgrid:   4   4   4
 Highest occupied band (fine grid) =  4
 Valence max    (fine grid) =      5.551619 eV
 Conduction min (fine grid) =      6.066319 eV
 Middle energy  (fine grid) =      5.808969 eV
 Fermi  energy  (fine grid) =      5.808969 eV

 Number of electrons per unit cell =   8.000000
 Plasma Frequency =   1.148512 Rydberg


 Scissors parameters
 Valence:    es =   0.0000 eV, e0 =   0.0000 eV, edel =   0.0000
 Conduction: es =   0.0000 eV, e0 =   0.0000 eV, edel =   0.0000

 You are doing a class 1 calculation - npes <= nk

 Memory available:    3238.9 MB per PE
 Memory required for vcoul:  114.4 MB per PE
 Memory needed to store the effective Hamiltonian and intkernel
        arrays:    8.1 MB per PE
 Additional memory needed for eigenvectors and diagonalization:   33.2 MB per PE

 Distribution of kcv blocks among PE ranks:
   - PEs 0 to 1 : 32 blocks

 Started reading wavefunctions (WFN_fi) with 64 k-point(s) at 11:30:56.
 [ 11:30:56 |   0% ] k-point  1 / 64.
 [ 11:30:56 |   3% ] k-point  3 / 64, remaining: 0 s.
 [ 11:30:56 |   9% ] k-point  7 / 64, remaining: 0 s.
 [ 11:30:56 |  19% ] k-point 13 / 64, remaining: 0 s.
 [ 11:30:56 |  30% ] k-point 20 / 64, remaining: 0 s.
 [ 11:30:56 |  39% ] k-point 26 / 64, remaining: 0 s.
 [ 11:30:56 |  50% ] k-point 33 / 64, remaining: 0 s.
 [ 11:30:56 |  59% ] k-point 39 / 64, remaining: 0 s.
 [ 11:30:56 |  69% ] k-point 45 / 64, remaining: 0 s.
 [ 11:30:56 |  80% ] k-point 52 / 64, remaining: 0 s.
 [ 11:30:56 |  89% ] k-point 58 / 64, remaining: 0 s.
 Finished reading wavefunctions (WFN_fi) at 11:30:56.
 Elapsed time: 0 s.


 Conduction wavefunctions read from file WFN_fi
  - Number k-points in irreducible BZ:       64
  - Number k-points in full BZ:       64
  - Effective k-point radius:     0.144786 Bohr^-1

  Lowest energy transitions : [eV]
   (  0.000 ,  0.000 ,    0.000 )    1   1   1   0.514700
   (  0.000 ,  0.000 ,    0.000 )    1   1   2   0.514700
   (  0.000 ,  0.000 ,    0.000 )    1   1   3   0.514700
   (  0.000 , -0.500 ,    0.000 )    9   1   1   2.256979
   ( -0.500 , -0.500 ,   -0.500 )   43   1   1   2.256979
  
 More Job Parameters: 
 Crystal volume =             19510.51705722256156 a.u.
 Number of valence bands =            4
 Number of cond. bands   =            4
 Number of spins   =            1
 Broadening:  0.1500 eV
 Number of eigenvalues to be computed =         1024
  
 Highest occupied band (shifted fine grid) =  4
 Shift vector :   0.00100  0.00000  0.00000  Length = 0.00102

 No symmetries used in the shifted-grid sampling


 Started reading wavefunctions (WFNq_fi) with 64 k-point(s) at 11:30:56.
 [ 11:30:56 |   0% ] k-point  1 / 64.
 [ 11:30:56 |   3% ] k-point  3 / 64, remaining: 0 s.
 [ 11:30:56 |   9% ] k-point  7 / 64, remaining: 0 s.
 [ 11:30:56 |  19% ] k-point 13 / 64, remaining: 0 s.
 [ 11:30:56 |  30% ] k-point 20 / 64, remaining: 0 s.
 [ 11:30:56 |  39% ] k-point 26 / 64, remaining: 0 s.
 [ 11:30:56 |  50% ] k-point 33 / 64, remaining: 0 s.
 [ 11:30:56 |  59% ] k-point 39 / 64, remaining: 0 s.
 [ 11:30:56 |  69% ] k-point 45 / 64, remaining: 0 s.
 [ 11:30:56 |  80% ] k-point 52 / 64, remaining: 0 s.
 [ 11:30:56 |  89% ] k-point 58 / 64, remaining: 0 s.
 Finished reading wavefunctions (WFNq_fi) at 11:30:56.
 Elapsed time: 0 s.


 Valence wavefunctions read from file WFNq_fi
  - Number k-points in irreducible BZ:       64
  - Number k-points in full BZ:       64

 Reading quasiparticle energy corrections from eqp_co.dat

      band   k-point      spin       Elda[eV]        Eqp[eV]
         1         1         1       -7.52840       -7.93189
         2         1         1        5.55162        6.51316
         3         1         1        5.55162        6.51316
         4         1         1        5.55162        6.51316
         5         1         1        6.06632        8.11351
         6         1         1        9.03180       10.99236
         7         1         1        9.03180       10.99236
         8         1         1        9.03180       10.99236
         1         2         1       -5.79938       -5.90555
         2         2         1       -1.47808       -1.37549
         3         2         1        4.14499        4.95932
         4         2         1        4.14499        4.95932
         5         2         1        6.40197        8.24247
         6         2         1       10.32482       12.30063
         7         2         1       10.32482       12.30063
         8         2         1       13.18213       14.77672
         1         3         1       -4.81346       -4.90540
         2         3         1       -1.58423       -1.49577
         3         3         1        2.48038        3.08823
         4         3         1        2.48038        3.08823
         5         3         1        7.23008        8.65936
         6         3         1        7.30020        8.95180
         7         3         1       15.97954       18.70351
         8         3         1       15.97954       18.70351

 Highest occupied band (coarse grid) =  4
 Valence max    (coarse grid) =      6.513155 eV
 Conduction min (coarse grid) =      8.113510 eV
 Middle energy  (coarse grid) =      7.313332 eV
 Fermi  energy  (coarse grid) =      7.313332 eV


 Reading quasiparticle energy corrections from eqp_co.dat
 Using symmetries to expand the coarse-grid sampling


 Started reading wavefunctions (WFN_co) with 3 k-point(s) at 11:30:56.
 [ 11:30:56 |   0% ] k-point 1 / 3.
 [ 11:30:56 |  33% ] k-point 2 / 3.
 [ 11:30:56 |  67% ] k-point 3 / 3, remaining: 0 s.
 Finished reading wavefunctions (WFN_co) at 11:30:56.
 Elapsed time: 0 s.


 Coarse-grid wavefunctions read from file WFN_co
  - Number k-points in irreducible BZ:        3
  - Number k-points in full BZ:        8
  - Effective k-point radius:     0.289573 Bohr^-1

 Started wavefunction interpolation with 32 k-point(s) at 11:30:56.
 [ 11:30:56 |   0% ] k-point  1 / 32.
 [ 11:30:56 |   6% ] k-point  3 / 32, remaining: 0 s.
 [ 11:30:56 |   9% ] k-point  4 / 32, remaining: 0 s.
 [ 11:30:56 |  19% ] k-point  7 / 32, remaining: 0 s.
 [ 11:30:56 |  28% ] k-point 10 / 32, remaining: 0 s.
 [ 11:30:56 |  38% ] k-point 13 / 32, remaining: 0 s.
 [ 11:30:56 |  50% ] k-point 17 / 32, remaining: 0 s.
 [ 11:30:56 |  59% ] k-point 20 / 32, remaining: 0 s.
 [ 11:30:56 |  69% ] k-point 23 / 32, remaining: 0 s.
 [ 11:30:56 |  78% ] k-point 26 / 32, remaining: 0 s.
 [ 11:30:56 |  88% ] k-point 29 / 32, remaining: 0 s.
 Finished wavefunction interpolation at 11:30:56.
 Elapsed time: 0 s.

 Max. error in norm of transformation coefficients (1 - \sum_co |d_fi,co|^2):
  - For valence states: 4.714E-01
  - For conduction states: 8.018E-01

WARNING: there are fine/coarse transformation coefficients with 2-norm < 95%.
To improve convergence, you might want to consider:
- recalculating the kernel using the "extended_kernel" flag
- using the "unrestricted_transformation" flag in the input file
- including more bands from the coarse WFN_co file (number_*_bands_coarse)
- using a coarse WFN_co file with a denser k-mesh

 Writing matrix elements into vmtxel

 Plasma Frequency :    15.626300472489202       eV

 Sum rule (DFT) :    1.2935607740886288     
 Sum rule (GW)  :    1.8681939302570689     


 Epsilon matrix for q->0 read from eps0mat
 nrq0 = 1  gmax =    10.000000

 Epsilon matrix for q/=0 read from epsmat
 nrq = 2  gmax =    10.000000
 nfq = 8  qsz =   0.289573
 ngmax = 1291
 Maximum value of imaginary part of epsinv :    3.2962251131923982E-018
 Dielectric constant :    22.359950
 Dielectric matrix tabulated, nq = 65
 emax =     1.556466  qlen =     1.176234

 Spin Singlet Kernel

 Calculating v(q) with     64 k-points
 k+G sampling:   0.306186  0.288675  0.270031 (reciprocal lattice units)

 Performing Kernel Interpolation

 Started interpolating BSE kernel with 128 block(s) at 11:31:04.
 [ 11:31:04 |   0% ] block   1 / 128.
 [ 11:31:04 |   2% ] block   3 / 128, remaining: 0 s.
 [ 11:31:04 |   9% ] block  13 / 128, remaining: 0 s.
 [ 11:31:04 |  20% ] block  26 / 128, remaining: 0 s.
 [ 11:31:04 |  30% ] block  39 / 128, remaining: 0 s.
 [ 11:31:04 |  40% ] block  52 / 128, remaining: 0 s.
 [ 11:31:04 |  50% ] block  65 / 128, remaining: 0 s.
 [ 11:31:04 |  59% ] block  77 / 128, remaining: 0 s.
 [ 11:31:04 |  70% ] block  90 / 128, remaining: 0 s.
 [ 11:31:04 |  80% ] block 103 / 128, remaining: 0 s.
 [ 11:31:04 |  90% ] block 116 / 128, remaining: 0 s.
 Finished interpolating BSE kernel at 11:31:04.
 Elapsed time: 0 s.


 BLACS processor grid:   1 x   2; BLOCKSIZE =   32

 Beginning ScaLAPACK Diagonalization. Size:         1024
 Done Scalapack Diagonalization
 Sharing eigenvectors
 Diagonalization done

 Plasma Frequency :    15.626300472489202       eV

 Sum rule (BSE) :    1.5547099972236977     


                            CPU [s]        WALL [s]          #

 INPUT:          (min.)        0.008           0.012          1
                 (PE 0)        0.008           0.012
                 (max.)        0.008           0.012
 INPUT_Q:        (min.)        0.007           0.007          1
                 (PE 0)        0.007           0.007
                 (max.)        0.007           0.007
 INTWFN:         (min.)        0.047           0.048          1
                 (PE 0)        0.047           0.050
                 (max.)        0.048           0.050
 INTKERNEL:      (min.)        8.091           8.092          1
                 (PE 0)        8.091           8.092
                 (max.)        8.271           8.271
 DIAGONALIZE:    (min.)        1.567           0.903          1
                 (PE 0)        1.568           0.903
                 (max.)        1.568           0.903
 EPSDIAG:        (min.)        0.000           0.000          1
                 (PE 0)        0.003           0.004
                 (max.)        0.003           0.004
 EPS COMM:       (min.)        0.000           0.000          1
                 (PE 0)        0.000           0.000
                 (max.)        0.183           0.183
 ABSORP0:        (min.)        0.000           0.000          1
                 (PE 0)        0.178           0.179
                 (max.)        0.178           0.179
 VMTXEL:         (min.)        0.006           0.007          1
                 (PE 0)        0.006           0.007
                 (max.)        0.008           0.008
 TRANS MTXEL:    (min.)        0.001           0.001          1
                 (PE 0)        0.001           0.001
                 (max.)        0.001           0.001
 ABSORP:         (min.)        0.000           0.000          1
                 (PE 0)        0.082           0.083
                 (max.)        0.082           0.083
 WRITE EIG:      (min.)        0.000           0.000          1
                 (PE 0)        0.000           0.000
                 (max.)        0.000           0.000

 IW Input_co:    (min.)        0.001           0.001          1
                 (PE 0)        0.001           0.001
                 (max.)        0.001           0.001
 IW Interp:      (min.)        0.005           0.005         33
                 (PE 0)        0.005           0.005
                 (max.)        0.005           0.006
 IW Genwf:       (min.)        0.006           0.005        128
                 (PE 0)        0.006           0.005
                 (max.)        0.006           0.005
 IW Gwnwf_Co:    (min.)        0.024           0.023        128
                 (PE 0)        0.024           0.023
                 (max.)        0.025           0.027
 IW Mtxel_t:     (min.)        0.004           0.003        128
                 (PE 0)        0.004           0.004
                 (max.)        0.004           0.004
 IW Write:       (min.)        0.000           0.000          1
                 (PE 0)        0.002           0.004
                 (max.)        0.002           0.004
 IW Reduce:      (min.)        0.000           0.001          1
                 (PE 0)        0.000           0.001
                 (max.)        0.000           0.001

 IK Setup:       (min.)        0.000           0.000          1
                 (PE 0)        0.000           0.000
                 (max.)        0.000           0.000
 IK C-Check:     (min.)        0.000           0.001          1
                 (PE 0)        0.000           0.001
                 (max.)        0.000           0.001
 IK Input:       (min.)        0.002           0.000         32
                 (PE 0)        0.002           0.000
                 (max.)        0.006           0.004
 IK Inteps:      (min.)        0.001           0.001          1
                 (PE 0)        0.001           0.001
                 (max.)        0.001           0.001
 IK Vcoul:       (min.)        7.764           7.764          1
                 (PE 0)        7.764           7.764
                 (max.)        7.764           7.764
 IK Cache:       (min.)        0.006           0.003       8192
                 (PE 0)        0.007           0.003
                 (max.)        0.007           0.007
 IK Interp:      (min.)        0.267           0.271       8192
                 (PE 0)        0.270           0.290
                 (max.)        0.270           0.290
 IK Sum:         (min.)        0.022           0.014       8192
                 (PE 0)        0.022           0.014
                 (max.)        0.022           0.019

 TOTAL:          (min.)        9.995           9.342          1
                 (PE 0)        9.995           9.342
                 (max.)       10.002           9.342
