
 BerkeleyGW trunk revision 6943
 Sigma code, Complex version, run on 01-Apr-2016 at 15:16:33 -0700

                                                                 ..o.          
                                                                .oxxo.         
                                                               .oxxxxo...      
                                                               oxxxxxxo.       
                                                              .oxxxxxxx.       
                                                              .ooooooxxo..     
                                                              .oooooooxo..     
                                                              .oooooxxo...     
                                                       .........oxooo......    
                                                 ............................  
                                             ................................. 
                                          .................................... 
           .          ..oo. ....  .................................oooxxxxxxxo.
     .............oxxxx@ox@@@x@x.....................o...........ooooooooooxx. 
    .o.........oox@x.oo........xxx@@............ooxxxxo..........ooooxxxxxoxo  
    .x........x@xxo...............o@xxo........oxxx@@@xoooooooooooooooxxxo...  
    .o......ox@@o..................oox@o.....ooxxx@xoooxxxxxxxoooooooooooo.... 
    o..ooooo@@xoooo....ooo...........x@o.....ooxxxxo   .oxxxxxxxxxxooooooo.... 
    . .oooo@@@@@@@@@@@@@@@@@@@@@@@@@@@@@@....ooooox.     .oxx@@@@@xxoo........ 
      .ooooxxxxxxxooooooxooooooooooooooxo...oooooxx.        ..ox@xxxoo.........
      .ooooooxxxx@xoooooooooooooxxoooooooooooxxxxx.            .oxxooooooooxxo.
     .oooooxxxxx@@@xxxxxxxxxxxxxxxxxxxxxxxxoxxxxo.                .oxxxxxxxxo. 
   ....oooxxxxx@@@xo..oxxx@@@@@@xxxxoxxoooooooxx.                  .oxxxoo..   
  .....ooxxxx@@xo.       ........    .ooooooooxxo                              
  ..oooxxxx@@@o                       .oooooooxoo.                             
  ....oxooxxxxx.                       .ooo..oooo.                             
  .....o.ooxxxxxo.                     .oooooooxo.                             
 ......ooooxxxxxxo.                     .ooooooxoo..                           
........ooxxxxxxxo..                     .o....oxoo...                         
.......ooooxxxxxxxo.                     ........oooo.                         
.ooooooo..ooxxxxoooo.                    .........ooo...                       
..oxo...ooooxxxoooo..                    .ooo......oooo...                     
  .ooooo....o.                            .oxxxoo....ooo....                   
    .oooooo...                              ...ooooo...ooo..                   
       ...                                     .oo.......                      
                                               ....ooo...                      
                      __              __                                       
 ______              [  |            [  |                 ._____  _          _ 
|_   _ \              | |  _          | |                /  ___ \| |        | |
  | |_) | .---.  _. _.| | / |  .---.  | | .---.  _    _ / /    \_|\ \  /\  / / 
  |  __'./ /__\\[ /`\_| '' <  / /__\\ | |/ /__\\| \  | | |   _____ \ \/  \/ /  
 _| |__| | \__. | |   | |`\ \ | \___. | || \___. \ \/ / \ \.___| |  \  /\  /   
|_______/ \.__./[_]  [__|  \_] \.__./[___]\.__./  \  /   \.____./    \/  \/    
                                                  / /                          
                                                 /_/                           
--------------------------------------------------------------------------------
 Please cite the following papers when using results from BerkeleyGW:

 Jack Deslippe, Georgy Samsonidze, David A. Strubbe, Manish Jain, Marvin L.
 Cohen, and Steven G. Louie, "BerkeleyGW: A Massively Parallel Computer Package
 for the Calculation of the Quasiparticle and Optical Properties of Materials
 and Nanostructures," Comput. Phys. Commun. 183, 1269 (2012)

 Mark S. Hybertsen and Steven G. Louie, "Electron correlation in semiconductors
 and insulators: Band gaps and quasiparticle energies," Phys. Rev. B 34, 5390
 (1986)

 Michael Rohlfing and Steven G. Louie, "Electron-hole excitations and optical
 spectra from first principles," Phys. Rev. B 62, 4927 (2000)
--------------------------------------------------------------------------------

 Running MPI version (parallel)
 Running with 2 MPI task(s)

 Compilation flags:
 - Compiler: GNU
 - Para. flags: MPI
 - Math  flags: USESCALAPACK, USEFFTW3
 - Debug flags: 

 Using the Generalized Plasmon Pole model

 We are communicating via MPI

 Computing CH as a partial sum over empty bands

 Running with semiconductor screening

 We are using no truncation

 Reading exchange-correlation matrix elements from vxc.dat file

 Treating W within the Hybertsen-Louie Generalized Plasmon Pole model

 Memory available: 1817.6 MB per PE
 Reading header of WFN_inner
 Highest occupied band (unshifted grid) = 4
 Valence max    (unshifted grid) = 5.551619 eV
 Conduction min (unshifted grid) = 6.066319 eV
 Middle energy  (unshifted grid) = 5.808969 eV
 Fermi  energy  (unshifted grid) = 5.808969 eV


 Calculation parameters:
 - Cutoff of the bare Coulomb interaction (Ry): 10.00
 - Cutoff of the screened Coulomb interaction (Ry): 10.00
 - Number of G-vectors up to the bare int. cutoff: 169
 - Number of G-vectors up to the screened int. cutoff: 169
 - Total number of bands in the calculation: 11
 - Number of fully occupied valence bands: 4
 - Number of partially occ. conduction bands: 0

 Memory required for execution: 1.6 MB per PE
 Memory required for vcoul: 114.4 MB per PE

 Number of electrons per unit cell (from ifmax) = 8.000000
 Number of electrons per unit cell (from occupations) = 8.000000
 Plasma Frequency = 1.148512 Ry

 Q-grid symmetries are being used.

 Parallelizatiion report:
 - Using 2 processor(s), 1 pool(s), 2 processor(s) per pool.
 - Each pool is computing 8 diagonal sigma matrix element(s).
 - Each pool is computing 0 off-diagonal sigma matrix element(s).
 - Each pool is holding 5 to 6 band(s).
 - Note: distribution is not ideal because the total number of bands
   (11) is not divisible by the number of processors per pool (2).


 Started reading wavefunctions (WFN_inner) with 33 state(s) at 15:16:33.
 [ 15:16:33 |   0% ] state  1 / 33.
 [ 15:16:33 |   6% ] state  3 / 33, remaining: 0 s.
 [ 15:16:33 |   9% ] state  4 / 33, remaining: 0 s.
 [ 15:16:33 |  18% ] state  7 / 33, remaining: 0 s.
 [ 15:16:33 |  27% ] state 10 / 33, remaining: 0 s.
 [ 15:16:33 |  39% ] state 14 / 33, remaining: 0 s.
 [ 15:16:33 |  48% ] state 17 / 33, remaining: 0 s.
 [ 15:16:33 |  58% ] state 20 / 33, remaining: 0 s.
 [ 15:16:33 |  70% ] state 24 / 33, remaining: 0 s.
 [ 15:16:33 |  79% ] state 27 / 33, remaining: 0 s.
 [ 15:16:33 |  88% ] state 30 / 33, remaining: 0 s.
 [ 15:16:33 |  97% ] state 33 / 33, remaining: 0 s.
 Finished reading wavefunctions (WFN_inner) at 15:16:33.
 Elapsed time: 0 s.


 Scissors parameters
 Valence:    es =   0.0000 eV, e0 =   0.0000 eV, edel =   0.0000
 Conduction: es =   0.0000 eV, e0 =   0.0000 eV, edel =   0.0000

 Scissors parameters (outer)
 Valence:    es =   0.0000 eV, e0 =   0.0000 eV, edel =   0.0000
 Conduction: es =   0.0000 eV, e0 =   0.0000 eV, edel =   0.0000


 Data for sum rule:
 - rho(0,1) = 8.000000 electrons
 - wp = 15.626301 eV

 Number of bands to compute diagonal self-energy matrix elements: 8
 Bands:
 - 1
 - 2
 - 3
 - 4
 - 5
 - 6
 - 7
 - 8
 Number of off-diagonal bands to compute self-energy matrix elements: 0


 Total number of frequencies in the dielectric matrix: 1
 Number of imag. frequencies in the dielectric matrix: 0


 Started reading eps0mat with 1 q-point(s) at 15:16:33.
 [ 15:16:33 |   0% ] q-point 1 / 1.
 Finished reading eps0mat at 15:16:33.
 Elapsed time: 0 s.


 Started reading epsmat with 2 q-point(s) at 15:16:33.
 [ 15:16:33 |   0% ] q-point 1 / 2.
 [ 15:16:33 |  50% ] q-point 2 / 2.
 Finished reading epsmat at 15:16:33.
 Elapsed time: 0 s.

 k+G sampling:   0.612372  0.577350  0.540062 (reciprocal lattice units)

================================================================================
 15:16:33   Dealing with k =  0.000000  0.000000  0.000000                 1 / 3
================================================================================

 Reading vxc.dat
 Number of k-points in the irreducible BZ(q) (nrq): 3

               q                     neq      indrq      itrq         kg0

   0.00000   0.00000   0.00000        1        1       24        0   0   0
   0.00000   0.00000   0.50000        4        2       21        0   0   0
   0.00000   0.50000   0.50000        3        3       24        0   1   1

 Started calculating Sigma with 24 block(s) at 15:16:33.
 [ 15:16:41 |   0% ] block  1 / 24.
 [ 15:16:41 |   8% ] block  3 / 24, remaining: 0 s.
 [ 15:16:41 |  17% ] block  5 / 24, remaining: 0 s.
 [ 15:16:41 |  29% ] block  8 / 24, remaining: 0 s.
 [ 15:16:41 |  38% ] block 10 / 24, remaining: 0 s.
 [ 15:16:41 |  46% ] block 12 / 24, remaining: 0 s.
 [ 15:16:41 |  58% ] block 15 / 24, remaining: 0 s.
 [ 15:16:41 |  67% ] block 17 / 24, remaining: 0 s.
 [ 15:16:41 |  79% ] block 20 / 24, remaining: 0 s.
 [ 15:16:41 |  88% ] block 22 / 24, remaining: 0 s.
 [ 15:16:42 |  96% ] block 24 / 24, remaining: 0 s.
 Finished calculating Sigma at 15:16:42.
 Elapsed time: 9 s.

 Unsymmetrized values for ik =   1 spin = 1

     n      Emf       Eo      Vxc        X     SX-X       CH      Cor      Sig
     1   -7.528   -7.528  -10.743  -16.883   11.549   -5.603    5.946  -10.936
     2    5.552    5.552  -11.271  -13.675    8.855   -5.676    3.179  -10.496
     3    5.552    5.552  -11.271  -13.933    8.886   -5.585    3.301  -10.632
     4    5.552    5.552  -11.271  -12.776    8.681   -5.887    2.794   -9.982
     5    6.066    6.066  -10.174   -5.000    2.726   -5.873   -3.147   -8.147
     6    9.032    9.032   -9.377   -4.194    2.227   -5.120   -2.894   -7.087
     7    9.032    9.032   -9.377   -4.689    2.698   -5.250   -2.552   -7.240
     8    9.032    9.032   -9.377   -4.542    2.181   -4.924   -2.743   -7.285

 Symmetrized values from band-averaging:

       k =  0.000000  0.000000  0.000000 ik =   1 spin = 1

     n      Emf       Eo      Vxc        X      Cor     Eqp0     Eqp1      Znk
     1   -7.528   -7.528  -10.743  -16.883    5.946   -7.722   -7.659    0.677
     2    5.552    5.552  -11.271  -13.461    3.091    6.453    6.290    0.820
     3    5.552    5.552  -11.271  -13.461    3.091    6.453    6.290    0.820
     4    5.552    5.552  -11.271  -13.461    3.091    6.453    6.290    0.820
     5    6.066    6.066  -10.174   -5.000   -3.147    8.093    7.695    0.804
     6    9.032    9.032   -9.377   -4.475   -2.729   11.205   10.796    0.812
     7    9.032    9.032   -9.377   -4.475   -2.729   11.205   10.796    0.812
     8    9.032    9.032   -9.377   -4.475   -2.729   11.205   10.796    0.812

================================================================================
 15:16:42   Dealing with k =  0.000000  0.000000  0.500000                 2 / 3
================================================================================

 Reading vxc.dat
 Number of k-points in the irreducible BZ(q) (nrq): 4

               q                     neq      indrq      itrq         kg0

   0.00000   0.00000   0.00000        1        1       24        0   0   0
   0.00000   0.00000   0.50000        1        2       21        0   0   0
   0.50000   0.50000   0.50000        3        2       23        1   1   1
   0.00000   0.50000   0.50000        3        3       24        0   1   1

 Started calculating Sigma with 32 block(s) at 15:16:42.
 [ 15:16:42 |   0% ] block  1 / 32.
 [ 15:16:42 |   6% ] block  3 / 32, remaining: 0 s.
 [ 15:16:42 |   9% ] block  4 / 32, remaining: 0 s.
 [ 15:16:42 |  19% ] block  7 / 32, remaining: 0 s.
 [ 15:16:42 |  28% ] block 10 / 32, remaining: 0 s.
 [ 15:16:42 |  38% ] block 13 / 32, remaining: 0 s.
 [ 15:16:42 |  50% ] block 17 / 32, remaining: 0 s.
 [ 15:16:42 |  59% ] block 20 / 32, remaining: 0 s.
 [ 15:16:42 |  69% ] block 23 / 32, remaining: 0 s.
 [ 15:16:42 |  78% ] block 26 / 32, remaining: 0 s.
 [ 15:16:42 |  88% ] block 29 / 32, remaining: 0 s.
 Finished calculating Sigma at 15:16:42.
 Elapsed time: 0 s.

 Unsymmetrized values for ik =   2 spin = 1

     n      Emf       Eo      Vxc        X     SX-X       CH      Cor      Sig
     1   -5.799   -5.799  -11.262  -16.830   11.312   -5.753    5.559  -11.271
     2   -1.478   -1.478   -9.811  -13.095    8.729   -5.325    3.405   -9.691
     3    4.145    4.145  -10.869  -13.199    8.574   -5.503    3.071  -10.128
     4    4.145    4.145  -10.869  -13.111    8.492   -5.428    3.064  -10.047
     5    6.402    6.402   -9.434   -4.645    2.461   -5.433   -2.972   -7.618
     6   10.325   10.325   -9.123   -3.856    2.143   -5.182   -3.039   -6.895
     7   10.325   10.325   -9.123   -4.432    2.334   -5.079   -2.745   -7.177
     8   13.182   13.182   -7.130   -1.897    0.937   -4.528   -3.591   -5.488

 Symmetrized values from band-averaging:

       k =  0.000000  0.000000  0.500000 ik =   2 spin = 1

     n      Emf       Eo      Vxc        X      Cor     Eqp0     Eqp1      Znk
     1   -5.799   -5.799  -11.262  -16.830    5.559   -5.808   -5.805    0.694
     2   -1.478   -1.478   -9.811  -13.095    3.405   -1.358   -1.384    0.779
     3    4.145    4.145  -10.869  -13.155    3.068    4.926    4.782    0.816
     4    4.145    4.145  -10.869  -13.155    3.068    4.926    4.782    0.816
     5    6.402    6.402   -9.434   -4.645   -2.972    8.219    7.870    0.808
     6   10.325   10.325   -9.123   -4.144   -2.892   12.412   12.019    0.812
     7   10.325   10.325   -9.123   -4.144   -2.892   12.412   12.019    0.812
     8   13.182   13.182   -7.130   -1.897   -3.591   14.824   14.501    0.803

================================================================================
 15:16:42   Dealing with k =  0.000000  0.500000  0.500000                 3 / 3
================================================================================

 Reading vxc.dat
 Number of k-points in the irreducible BZ(q) (nrq): 4

               q                     neq      indrq      itrq         kg0

   0.00000   0.00000   0.00000        1        1       24        0   0   0
   0.00000   0.00000   0.50000        4        2       21        0   0   0
   0.00000   0.50000   0.50000        1        3       24        0   1   1
   0.50000   0.00000   0.50000        2        3       16        0   0   0

 Started calculating Sigma with 32 block(s) at 15:16:42.
 [ 15:16:42 |   0% ] block  1 / 32.
 [ 15:16:42 |   6% ] block  3 / 32, remaining: 0 s.
 [ 15:16:42 |   9% ] block  4 / 32, remaining: 0 s.
 [ 15:16:42 |  19% ] block  7 / 32, remaining: 0 s.
 [ 15:16:42 |  28% ] block 10 / 32, remaining: 0 s.
 [ 15:16:42 |  38% ] block 13 / 32, remaining: 0 s.
 [ 15:16:42 |  50% ] block 17 / 32, remaining: 0 s.
 [ 15:16:42 |  59% ] block 20 / 32, remaining: 0 s.
 [ 15:16:42 |  69% ] block 23 / 32, remaining: 0 s.
 [ 15:16:42 |  78% ] block 26 / 32, remaining: 0 s.
 [ 15:16:42 |  88% ] block 29 / 32, remaining: 0 s.
 Finished calculating Sigma at 15:16:42.
 Elapsed time: 0 s.

 Unsymmetrized values for ik =   3 spin = 1

     n      Emf       Eo      Vxc        X     SX-X       CH      Cor      Sig
     1   -4.813   -4.813  -11.478  -16.750   11.142   -5.867    5.275  -11.475
     2   -1.584   -1.584  -10.008  -13.500    8.930   -5.347    3.583   -9.917
     3    2.480    2.480  -10.353  -13.031    8.393   -5.246    3.148   -9.883
     4    2.480    2.480  -10.353  -12.613    8.392   -5.410    2.981   -9.632
     5    7.230    7.230   -8.082   -3.571    1.936   -5.063   -3.127   -6.697
     6    7.300    7.300   -8.689   -4.122    2.106   -5.102   -2.996   -7.118
     7   15.980   15.980  -10.181   -3.780    2.245   -5.954   -3.709   -7.489
     8   15.980   15.980  -10.181   -4.042    2.238   -5.813   -3.575   -7.617

 Symmetrized values from band-averaging:

       k =  0.000000  0.500000  0.500000 ik =   3 spin = 1

     n      Emf       Eo      Vxc        X      Cor     Eqp0     Eqp1      Znk
     1   -4.813   -4.813  -11.478  -16.750    5.275   -4.811   -4.811    0.739
     2   -1.584   -1.584  -10.008  -13.500    3.583   -1.493   -1.512    0.790
     3    2.480    2.480  -10.353  -12.822    3.065    3.076    2.963    0.811
     4    2.480    2.480  -10.353  -12.822    3.065    3.076    2.963    0.811
     5    7.230    7.230   -8.082   -3.571   -3.127    8.615    8.356    0.813
     6    7.300    7.300   -8.689   -4.122   -2.996    8.871    8.572    0.810
     7   15.980   15.980  -10.181   -3.911   -3.642   18.607   18.040    0.784
     8   15.980   15.980  -10.181   -3.911   -3.642   18.607   18.040    0.784

================================================================================

    n = band index.
  Emf = "inner" mean-field energy eigenvalue used to construct Sigma(E),
        read from WFN_inner.
   Eo = "outer" mean-field energy eigenvalue where we center the evaluation
        frequency grid {E} of Sigma(E). Defaults to Emf, unless
        you use WFN_outer and eqp_outer.dat / scissors_outer.
  Vxc = exchange-correlation pot., calculated from VXC or read from vxc.dat.
    X = bare exchange.
   SX = screened exchange contrib. to Sigma(E) at energy E=Eo
   CH = Coulomb hole contrib. to Sigma(E) at energy E=Eo
  Cor = SX-X + CH = correlation portion of Sigma(E) at energy E=Eo.
  Sig = X + Cor = self energy, Sigma(E), at energy E=Eo.
 Eqp0 = Emf - Vxc + Sig(Eo)
        (Eqp0 is the on-shell QP energy, not recommended for direct usage)
 Eqp1 = Eqp0 + (dSig/dE) / (1 - dSig/dE) * (Eqp0 - Eo)
        (Eqp1 is the off-shell QP energy obtained by solving the linearized
         Dyson`s equation, and is the recommended quantity for QP properties.)
  Znk = quasiparticle renormalization factor

 Notes on the finite_difference_form from sigma.inp file:
   none    : -2 => dSig/dE = 0 (skip the expansion)
   backward: -1 => dSig/dE = (Sig(Eo) - Sig(Eo-dE)) / dE
   central :  0 => dSig/dE = (Sig(Eo+dE) - Sig(Eo-dE)) / (2*dE)
   forward :  1 => dSig/dE = (Sig(Eo+dE) - Sig(Eo)) / dE
   default :  2 => forward for diagonal and none for off-diagonal
   dE is finite_difference_spacing from Sigma.inp file.
   We are using the form #2 with dE = 1.000 eV.

 General notes:
 - All energies are reported here in eV.
 - Both Emf and Vxc contain the average pot. Vxc0, so Vxc0 doesn`t affect Sigma.
 - Eqp1 and Eqp0 are Eqs. (36-37) from Hybertsen & Louie PRB 34 5390.
 - We recommend you use Eqp1 for QP properties of materials.

================================================================================


WARNING: |Eqp0 - Eo| > finite_difference_spacing. Linear extrapolation for eqp1
may be inaccurate. You should test the validity of eqp1 by rerunning the
calculation with the self energy evaluated at the eqp0 energies. For that,
use the eqp_outer.dat file, created with eqp.py script and point WFN_outer to
WFN_inner, if you were not already using WFN_outer.


                      CPU (s)        WALL (s)           #

FULLBZ:                 0.000           0.000           2
IRRBZ:                  0.000           0.000           3
SUBGRP:                 0.000           0.000           3
GMAP:                   0.000           0.000          11
INPUT:                  0.013           0.017           1
INPUT I/O               0.000           0.000          42
INPUT COMM              0.000           0.000          42
INPUT (READ):           0.001           0.001          40
INPUT (WRITE):          0.000           0.000          36
INPUT_OUTER:            0.000           0.000           1
GENWF:                  0.001           0.001          11
WF COMM:                0.000           0.000           3
WF_CH COMM:             0.000           0.000           0
EPSCOPY:                0.007           0.007           1
EPSCOPY IO:             0.002           0.002         487
EPSCOPY COMM:           0.003           0.004        1461
READ NEPS:              0.000           0.000           1
EPSREAD:                0.001           0.002          11
MTXEL:                  0.080           0.079          88
MTXEL_CH:               0.000           0.000           0
MTXEL COMM:             0.000           0.000          11
VCOUL:                  8.708           8.716          11
VXC:                    0.000           0.000           6
BARE X:                 0.001           0.001          91
MTXEL_COR TOT:          0.580           0.581          88
M.COR INIT:             0.002           0.002          88
M.COR EPSINIT:          0.185           0.186          88
M.COR COMM:             0.003           0.005         176
M.COR PP PREP:          0.113           0.122        7128
M.COR SX+CH:            0.388           0.386         968
M.COR RA SX:            0.000           0.000           0
M.COR RA CH:            0.000           0.000           0
M.COR RA CH2:           0.000           0.000           0
M.COR RA SUM:           0.000           0.000           0
M.COR CD RES:           0.000           0.000           0
M.COR CD INT:           0.000           0.000           0
M.COR CD SUM:           0.000           0.000           0
M.COR REMAIN:           0.000           0.000           0
FFT ZERO                0.003           0.002         616
FFT PUT                 0.003           0.006         616
FFT PLAN                0.042           0.039        1144
FFT EXEC                0.020           0.018        1144
FFT MLTPLY              0.003           0.005         528

TOTAL:                  9.402           9.413

