
 BerkeleyGW branch 1.2.x revision 7090
 Sigma code, Complex version, run on 04-Nov-2016 at 14:20:21 -0700

                                                                 ..o.          
                                                                .oxxo.         
                                                               .oxxxxo...      
                                                               oxxxxxxo.       
                                                              .oxxxxxxx.       
                                                              .ooooooxxo..     
                                                              .oooooooxo..     
                                                              .oooooxxo...     
                                                       .........oxooo......    
                                                 ............................  
                                             ................................. 
                                          .................................... 
           .          ..oo. ....  .................................oooxxxxxxxo.
     .............oxxxx@ox@@@x@x.....................o...........ooooooooooxx. 
    .o.........oox@x.oo........xxx@@............ooxxxxo..........ooooxxxxxoxo  
    .x........x@xxo...............o@xxo........oxxx@@@xoooooooooooooooxxxo...  
    .o......ox@@o..................oox@o.....ooxxx@xoooxxxxxxxoooooooooooo.... 
    o..ooooo@@xoooo....ooo...........x@o.....ooxxxxo   .oxxxxxxxxxxooooooo.... 
    . .oooo@@@@@@@@@@@@@@@@@@@@@@@@@@@@@@....ooooox.     .oxx@@@@@xxoo........ 
      .ooooxxxxxxxooooooxooooooooooooooxo...oooooxx.        ..ox@xxxoo.........
      .ooooooxxxx@xoooooooooooooxxoooooooooooxxxxx.            .oxxooooooooxxo.
     .oooooxxxxx@@@xxxxxxxxxxxxxxxxxxxxxxxxoxxxxo.                .oxxxxxxxxo. 
   ....oooxxxxx@@@xo..oxxx@@@@@@xxxxoxxoooooooxx.                  .oxxxoo..   
  .....ooxxxx@@xo.       ........    .ooooooooxxo                              
  ..oooxxxx@@@o                       .oooooooxoo.                             
  ....oxooxxxxx.                       .ooo..oooo.                             
  .....o.ooxxxxxo.                     .oooooooxo.                             
 ......ooooxxxxxxo.                     .ooooooxoo..                           
........ooxxxxxxxo..                     .o....oxoo...                         
.......ooooxxxxxxxo.                     ........oooo.                         
.ooooooo..ooxxxxoooo.                    .........ooo...                       
..oxo...ooooxxxoooo..                    .ooo......oooo...                     
  .ooooo....o.                            .oxxxoo....ooo....                   
    .oooooo...                              ...ooooo...ooo..                   
       ...                                     .oo.......                      
                                               ....ooo...                      
                      __              __                                       
 ______              [  |            [  |                 ._____  _          _ 
|_   _ \              | |  _          | |                /  ___ \| |        | |
  | |_) | .---.  _. _.| | / |  .---.  | | .---.  _    _ / /    \_|\ \  /\  / / 
  |  __'./ /__\\[ /`\_| '' <  / /__\\ | |/ /__\\| \  | | |   _____ \ \/  \/ /  
 _| |__| | \__. | |   | |`\ \ | \___. | || \___. \ \/ / \ \.___| |  \  /\  /   
|_______/ \.__./[_]  [__|  \_] \.__./[___]\.__./  \  /   \.____./    \/  \/    
                                                  / /                          
                                                 /_/                           
--------------------------------------------------------------------------------
 Please cite the following papers when using results from BerkeleyGW:

 F. H. da Jornada, J. Deslippe, D. Vigil-Fowler, J. I. Mustafa, T. Rangel,
 F. Bruneval, F. Liu, D. Y. Qiu, D. A. Strubbe, G. Samsonidze, J. Lischner,
 C. Yang, J. B. Neaton, and S. G. Louie, In preparation. (2016)

 Jack Deslippe, Georgy Samsonidze, David A. Strubbe, Manish Jain, Marvin L.
 Cohen, and Steven G. Louie, "BerkeleyGW: A Massively Parallel Computer Package
 for the Calculation of the Quasiparticle and Optical Properties of Materials
 and Nanostructures," Comput. Phys. Commun. 183, 1269 (2012)

 Mark S. Hybertsen and Steven G. Louie, "Electron correlation in semiconductors
 and insulators: Band gaps and quasiparticle energies," Phys. Rev. B 34, 5390
 (1986)

 Michael Rohlfing and Steven G. Louie, "Electron-hole excitations and optical
 spectra from first principles," Phys. Rev. B 62, 4927 (2000)
--------------------------------------------------------------------------------

 Running MPI version (parallel)
 Running with 2 MPI task(s)

 Compilation flags:
 - Compiler: GNU
 - Para. flags: MPI
 - Math  flags: USESCALAPACK, USEFFTW3, HDF5
 - Debug flags: 

 Running with verbosity level 1 (default).

 Using the Generalized Plasmon Pole model

 We are communicating via MPI

 Computing CH as a partial sum over empty bands

 Running with semiconductor screening

 We are using no truncation

 Cutoff for Monte-Carlo average of Coulomb potential: 1.000E+012 Ry

 Reading exchange-correlation matrix elements from vxc.dat file

 Treating W within the Hybertsen-Louie Generalized Plasmon Pole model

 Memory available: 942.5 MB per PE

 Read from eps0mat.h5:
 - Number of G-vectors in the charge-density grid: 1291
 - Max. number of G-vectors for dielectric matrices: 169
 - Cutoff of the dielectric matrix (Ry): 10.000
 - Number of imaginary frequencies: 0
 - Total number of frequencies: 1
 - Frequency dependence: 0
 - Number of q-points: 1
 - Q grid: 2 2 2

 Read from epsmat.h5:
 - Number of G-vectors in the charge-density grid: 1291
 - Max. number of G-vectors for dielectric matrices: 168
 - Cutoff of the dielectric matrix: 10.000
 - Number of imaginary frequencies: 0
 - Total number of frequencies: 1
 - Frequency dependence: 0
 - Number of q-points: 2
 - Q grid: 2 2 2

 Reading header of WFN_inner
 Highest occupied band (unshifted grid) = 4
 Valence max    (unshifted grid) = 5.551619 eV
 Conduction min (unshifted grid) = 6.066319 eV
 Middle energy  (unshifted grid) = 5.808969 eV
 Fermi  energy  (unshifted grid) = 5.808969 eV


 Calculation parameters:
 - Cutoff of the bare Coulomb interaction (Ry): 10.00
 - Cutoff of the screened Coulomb interaction (Ry): 10.00
 - Number of G-vectors up to the bare int. cutoff: 169
 - Number of G-vectors up to the screened int. cutoff: 169
 - Total number of bands in the calculation: 11
 - Number of fully occupied valence bands: 4
 - Number of partially occ. conduction bands: 0

 Memory required for execution: 1.6 MB per PE
 Memory required for vcoul: 114.4 MB per PE

 Number of electrons per unit cell (from ifmax) = 8.000000
 Number of electrons per unit cell (from occupations) = 8.000000
 Plasma Frequency = 1.148512 Ry

 Q-grid symmetries are being used.

 Parallelization report:
 - Using 2 processor(s), 1 pool(s), 2 processor(s) per pool.
 - Each pool is computing 8 diagonal sigma matrix element(s).
 - Each pool is computing 0 off-diagonal sigma matrix element(s).
 - Each pool is holding 5 to 6 band(s).
 - Note: distribution is not ideal because the total number of bands
   (11) is not divisible by the number of processors per pool (2).


 Started reading wavefunctions (WFN_inner) with 33 state(s) at 14:20:21.
 [ 14:20:21 |   0% ] state  1 / 33.
 [ 14:20:21 |   6% ] state  3 / 33, remaining: 0 s.
 [ 14:20:21 |   9% ] state  4 / 33, remaining: 0 s.
 [ 14:20:21 |  18% ] state  7 / 33, remaining: 0 s.
 [ 14:20:21 |  27% ] state 10 / 33, remaining: 0 s.
 [ 14:20:21 |  39% ] state 14 / 33, remaining: 0 s.
 [ 14:20:21 |  48% ] state 17 / 33, remaining: 0 s.
 [ 14:20:21 |  58% ] state 20 / 33, remaining: 0 s.
 [ 14:20:21 |  70% ] state 24 / 33, remaining: 0 s.
 [ 14:20:21 |  79% ] state 27 / 33, remaining: 0 s.
 [ 14:20:21 |  88% ] state 30 / 33, remaining: 0 s.
 [ 14:20:21 |  97% ] state 33 / 33, remaining: 0 s.
 Finished reading wavefunctions (WFN_inner) at 14:20:21.
 Elapsed time: 0 s.


 Scissors parameters:
 - Valence:    es =   0.0000 eV, e0 =   0.0000 eV, edel =   0.0000
 - Conduction: es =   0.0000 eV, e0 =   0.0000 eV, edel =   0.0000

 Scissors parameters (outer):
 - Valence:    es =   0.0000 eV, e0 =   0.0000 eV, edel =   0.0000
 - Conduction: es =   0.0000 eV, e0 =   0.0000 eV, edel =   0.0000


 Data for sum rule:
 - rho(0,1) = 8.000000 electrons
 - wp = 15.626301 eV

 Number of bands to compute diagonal self-energy matrix elements: 8
 Bands:
 - 1
 - 2
 - 3
 - 4
 - 5
 - 6
 - 7
 - 8
 Number of off-diagonal bands to compute self-energy matrix elements: 0


 Total number of frequencies in the dielectric matrix: 1
 Number of imag. frequencies in the dielectric matrix: 0


 Started reading eps0mat.h5 with 1 q-point(s) at 14:20:21.
 [ 14:20:21 |   0% ] q-point 1 / 1.
 Finished reading eps0mat.h5 at 14:20:21.
 Elapsed time: 0 s.


 Started reading epsmat.h5 with 2 q-point(s) at 14:20:21.
 [ 14:20:21 |   0% ] q-point 1 / 2.
 [ 14:20:21 |  50% ] q-point 2 / 2.
 Finished reading epsmat.h5 at 14:20:21.
 Elapsed time: 0 s.

 Number of k-points in WFN_inner: 3
 Number of k-points in the full BZ of WFN_inner: 8
 k+G sampling:   0.612372  0.577350  0.540062 (reciprocal lattice units)

================================================================================
 14:20:21   Dealing with k =  0.000000  0.000000  0.000000                 1 / 3
================================================================================

 Reading vxc.dat
 Number of q-points in the irreducible BZ(k) (nrq): 3

 Started calculating Sigma with 24 block(s) at 14:20:21.
 [ 14:20:22 |   0% ] block  1 / 24.
 [ 14:20:22 |   8% ] block  3 / 24, remaining: 0 s.
 [ 14:20:22 |  17% ] block  5 / 24, remaining: 0 s.
 [ 14:20:22 |  29% ] block  8 / 24, remaining: 0 s.
 [ 14:20:22 |  38% ] block 10 / 24, remaining: 0 s.
 [ 14:20:22 |  46% ] block 12 / 24, remaining: 0 s.
 [ 14:20:22 |  58% ] block 15 / 24, remaining: 0 s.
 [ 14:20:22 |  67% ] block 17 / 24, remaining: 0 s.
 [ 14:20:22 |  79% ] block 20 / 24, remaining: 0 s.
 [ 14:20:22 |  88% ] block 22 / 24, remaining: 0 s.
 [ 14:20:22 |  96% ] block 24 / 24, remaining: 0 s.
 Finished calculating Sigma at 14:20:22.
 Elapsed time: 2 s.

 Unsymmetrized values for ik =   1 spin = 1

     n      Emf       Eo      Vxc        X     SX-X       CH      Cor      Sig
     1   -7.528   -7.528  -10.743  -17.398   11.846   -5.750    6.096  -11.302
     2    5.552    5.552  -11.271  -13.999    9.044   -5.816    3.228  -10.771
     3    5.552    5.552  -11.271  -14.266    9.073   -5.720    3.354  -10.912
     4    5.552    5.552  -11.271  -13.046    8.814   -5.992    2.822  -10.224
     5    6.066    6.066  -10.174   -5.135    2.786   -5.987   -3.201   -8.335
     6    9.032    9.032   -9.377   -4.322    2.272   -5.196   -2.925   -7.247
     7    9.032    9.032   -9.377   -4.852    2.753   -5.312   -2.559   -7.411
     8    9.032    9.032   -9.377   -4.681    2.252   -5.022   -2.770   -7.451

 Symmetrized values from band-averaging:

       k =  0.000000  0.000000  0.000000 ik =   1 spin = 1

     n      Emf       Eo      Vxc        X      Cor     Eqp0     Eqp1      Znk
     1   -7.528   -7.528  -10.743  -17.398    6.096   -8.087   -7.900    0.664
     2    5.552    5.552  -11.271  -13.770    3.135    6.187    6.071    0.818
     3    5.552    5.552  -11.271  -13.770    3.135    6.187    6.071    0.818
     4    5.552    5.552  -11.271  -13.770    3.135    6.187    6.071    0.818
     5    6.066    6.066  -10.174   -5.135   -3.201    7.905    7.541    0.802
     6    9.032    9.032   -9.377   -4.619   -2.751   11.040   10.659    0.811
     7    9.032    9.032   -9.377   -4.619   -2.751   11.040   10.659    0.811
     8    9.032    9.032   -9.377   -4.619   -2.751   11.040   10.659    0.811

================================================================================
 14:20:22   Dealing with k =  0.000000  0.000000  0.500000                 2 / 3
================================================================================

 Reading vxc.dat
 Number of q-points in the irreducible BZ(k) (nrq): 4

 Started calculating Sigma with 32 block(s) at 14:20:22.
 [ 14:20:22 |   0% ] block  1 / 32.
 [ 14:20:23 |   6% ] block  3 / 32, remaining: 0 s.
 [ 14:20:23 |   9% ] block  4 / 32, remaining: 0 s.
 [ 14:20:23 |  19% ] block  7 / 32, remaining: 0 s.
 [ 14:20:23 |  28% ] block 10 / 32, remaining: 1 s.
 [ 14:20:23 |  38% ] block 13 / 32, remaining: 0 s.
 [ 14:20:23 |  50% ] block 17 / 32, remaining: 0 s.
 [ 14:20:23 |  59% ] block 20 / 32, remaining: 0 s.
 [ 14:20:23 |  69% ] block 23 / 32, remaining: 0 s.
 [ 14:20:23 |  78% ] block 26 / 32, remaining: 0 s.
 [ 14:20:23 |  88% ] block 29 / 32, remaining: 0 s.
 Finished calculating Sigma at 14:20:23.
 Elapsed time: 1 s.

 Unsymmetrized values for ik =   2 spin = 1

     n      Emf       Eo      Vxc        X     SX-X       CH      Cor      Sig
     1   -5.799   -5.799  -11.262  -17.316   11.583   -5.902    5.681  -11.636
     2   -1.478   -1.478   -9.811  -13.441    8.878   -5.463    3.415  -10.026
     3    4.145    4.145  -10.869  -13.503    8.673   -5.566    3.107  -10.396
     4    4.145    4.145  -10.869  -13.419    8.612   -5.506    3.106  -10.313
     5    6.402    6.402   -9.434   -4.785    2.476   -5.493   -3.017   -7.802
     6   10.325   10.325   -9.123   -3.971    2.176   -5.251   -3.076   -7.047
     7   10.325   10.325   -9.123   -4.573    2.391   -5.160   -2.769   -7.342
     8   13.182   13.182   -7.130   -1.940    0.919   -4.568   -3.650   -5.590

 Symmetrized values from band-averaging:

       k =  0.000000  0.000000  0.500000 ik =   2 spin = 1

     n      Emf       Eo      Vxc        X      Cor     Eqp0     Eqp1      Znk
     1   -5.799   -5.799  -11.262  -17.316    5.681   -6.173   -6.058    0.692
     2   -1.478   -1.478   -9.811  -13.441    3.415   -1.693   -1.650    0.803
     3    4.145    4.145  -10.869  -13.461    3.107    4.660    4.564    0.814
     4    4.145    4.145  -10.869  -13.461    3.107    4.660    4.564    0.814
     5    6.402    6.402   -9.434   -4.785   -3.017    8.034    7.718    0.807
     6   10.325   10.325   -9.123   -4.272   -2.923   12.253   11.888    0.811
     7   10.325   10.325   -9.123   -4.272   -2.923   12.253   11.888    0.811
     8   13.182   13.182   -7.130   -1.940   -3.650   14.723   14.416    0.801

================================================================================
 14:20:23   Dealing with k =  0.000000  0.500000  0.500000                 3 / 3
================================================================================

 Reading vxc.dat
 Number of q-points in the irreducible BZ(k) (nrq): 4

 Started calculating Sigma with 32 block(s) at 14:20:23.
 [ 14:20:23 |   0% ] block  1 / 32.
 [ 14:20:23 |   6% ] block  3 / 32, remaining: 0 s.
 [ 14:20:23 |   9% ] block  4 / 32, remaining: 0 s.
 [ 14:20:23 |  19% ] block  7 / 32, remaining: 0 s.
 [ 14:20:23 |  28% ] block 10 / 32, remaining: 1 s.
 [ 14:20:23 |  38% ] block 13 / 32, remaining: 0 s.
 [ 14:20:24 |  50% ] block 17 / 32, remaining: 0 s.
 [ 14:20:24 |  59% ] block 20 / 32, remaining: 0 s.
 [ 14:20:24 |  69% ] block 23 / 32, remaining: 0 s.
 [ 14:20:24 |  78% ] block 26 / 32, remaining: 0 s.
 [ 14:20:24 |  88% ] block 29 / 32, remaining: 0 s.
 Finished calculating Sigma at 14:20:24.
 Elapsed time: 1 s.

 Unsymmetrized values for ik =   3 spin = 1

     n      Emf       Eo      Vxc        X     SX-X       CH      Cor      Sig
     1   -4.813   -4.813  -11.478  -17.220   11.370   -6.017    5.353  -11.867
     2   -1.584   -1.584  -10.008  -13.871    9.126   -5.477    3.649  -10.222
     3    2.480    2.480  -10.353  -13.349    8.556   -5.367    3.189  -10.160
     4    2.480    2.480  -10.353  -12.904    8.543   -5.529    3.014   -9.891
     5    7.230    7.230   -8.082   -3.689    1.980   -5.159   -3.179   -6.868
     6    7.300    7.300   -8.689   -4.253    2.181   -5.224   -3.043   -7.296
     7   15.980   15.980  -10.181   -3.870    2.208   -5.935   -3.727   -7.597
     8   15.980   15.980  -10.181   -4.136    2.251   -5.867   -3.615   -7.751

 Symmetrized values from band-averaging:

       k =  0.000000  0.500000  0.500000 ik =   3 spin = 1

     n      Emf       Eo      Vxc        X      Cor     Eqp0     Eqp1      Znk
     1   -4.813   -4.813  -11.478  -17.220    5.353   -5.202   -5.108    0.758
     2   -1.584   -1.584  -10.008  -13.871    3.649   -1.799   -1.753    0.785
     3    2.480    2.480  -10.353  -13.127    3.101    2.808    2.746    0.809
     4    2.480    2.480  -10.353  -13.127    3.101    2.808    2.746    0.809
     5    7.230    7.230   -8.082   -3.689   -3.179    8.444    8.216    0.812
     6    7.300    7.300   -8.689   -4.253   -3.043    8.694    8.426    0.808
     7   15.980   15.980  -10.181   -4.003   -3.671   18.487   17.919    0.773
     8   15.980   15.980  -10.181   -4.003   -3.671   18.487   17.919    0.773

================================================================================

    n = band index.
  Emf = "inner" mean-field energy eigenvalue used to construct Sigma(E),
        read from WFN_inner.
   Eo = "outer" mean-field energy eigenvalue where we center the evaluation
        frequency grid {E} of Sigma(E). Defaults to Emf, unless
        you use WFN_outer and eqp_outer.dat / scissors_outer.
  Vxc = exchange-correlation pot., calculated from VXC or read from vxc.dat.
    X = bare exchange.
   SX = screened exchange contrib. to Sigma(E) at energy E=Eo
   CH = Coulomb hole contrib. to Sigma(E) at energy E=Eo
  Cor = SX-X + CH = correlation portion of Sigma(E) at energy E=Eo.
  Sig = X + Cor = self energy, Sigma(E), at energy E=Eo.
 Eqp0 = on-shell QP energy = Emf - Vxc + Sig(Eo)
        Eqp0 is *not* the recommended quantity to use for QP properties.
 Eqp1 = off-shell solution to the linearized  Dyson`s equation
      = Eqp0 + (dSig/dE) / (1 - dSig/dE) * (Eqp0 - Eo),
        or a full linear interpolation if more freq. points where computed.
        Eqp1 is the recommended quantity to use for QP properties.
  Znk = quasiparticle renormalization factor

 Notes on the finite_difference_form from sigma.inp file:
   none    : -2 => dSig/dE = 0 (skip the expansion)
   backward: -1 => dSig/dE = (Sig(Eo) - Sig(Eo-dE)) / dE
   central :  0 => dSig/dE = (Sig(Eo+dE) - Sig(Eo-dE)) / (2*dE)
   forward :  1 => dSig/dE = (Sig(Eo+dE) - Sig(Eo)) / dE
   default :  2 => forward for diagonal and none for off-diagonal
   dE is finite_difference_spacing from Sigma.inp file.
   We are using the form #2 with dE = 1.000 eV.

 General notes:
 - All energies are reported here in eV.
 - Both Emf and Vxc contain the average pot. Vxc0, so Vxc0 doesn`t affect Sigma.
 - Eqp1 and Eqp0 are Eqs. (36-37) from Hybertsen & Louie PRB 34 5390.
 - We recommend you use Eqp1 for QP properties of materials.

================================================================================


WARNING: |Eqp0 - Eo| > finite_difference_spacing. Linear extrapolation for eqp1
may be inaccurate. You should test the validity of eqp1 by rerunning the
calculation with the self energy evaluated at the eqp0 energies. For that,
use the eqp_outer.dat file, created with eqp.py script and point WFN_outer to
WFN_inner, if you were not already using WFN_outer.


                      CPU (s)        WALL (s)           #

FULLBZ:                 0.000           0.000           2
IRRBZ:                  0.000           0.000           3
SUBGRP:                 0.000           0.000           3
GMAP:                   0.000           0.000          11
INPUT:                  0.016           0.020           1
INPUT I/O               0.000           0.000          42
INPUT COMM              0.000           0.000          42
INPUT (READ):           0.001           0.001          40
INPUT (WRITE):          0.000           0.000          36
INPUT_OUTER:            0.000           0.000           1
GENWF:                  0.001           0.002          11
WF COMM:                0.000           0.000           3
WF_CH COMM:             0.000           0.000           0
EPSCOPY:                0.023           0.023           1
EPSCOPY IO:             0.020           0.021           3
EPSCOPY COMM:           0.000           0.000           0
READ NEPS:              0.001           0.001           1
EPSREAD:                0.001           0.002          11
MTXEL:                  0.083           0.080          88
MTXEL_CH:               0.000           0.000           0
MTXEL COMM:             0.000           0.000          11
VCOUL:                  2.267           2.280          11
VXC:                    0.000           0.000           6
BARE X:                 0.000           0.001          91
MTXEL_COR TOT:          0.575           0.578          88
M.COR INIT:             0.002           0.004          88
M.COR EPSINIT:          0.188           0.189          88
M.COR COMM:             0.005           0.006         176
M.COR PP PREP:          0.113           0.123        7128
M.COR SX+CH:            0.378           0.376         968
M.COR RA SX:            0.000           0.000           0
M.COR RA CH:            0.000           0.000           0
M.COR RA CH2:           0.000           0.000           0
M.COR RA SUM:           0.000           0.000           0
M.COR CD RES:           0.000           0.000           0
M.COR CD INT:           0.000           0.000           0
M.COR CD SUM:           0.000           0.000           0
M.COR REMAIN:           0.000           0.000           0
FFT ZERO                0.004           0.006         616
FFT PUT                 0.003           0.004         616
FFT PLAN                0.043           0.032        1144
FFT EXEC                0.022           0.024        1144
FFT MLTPLY              0.003           0.003         528

TOTAL:                  2.977           3.001

